2024-12-12 07:32:38.721 [info] [main] Log level: Info
2024-12-12 07:32:38.721 [info] [main] Validating found git in: "git"
2024-12-12 07:32:38.721 [info] [main] Using git "2.34.1" from "git"
2024-12-12 07:32:38.721 [info] [Model][doInitialScan] Initial repository scan started
2024-12-12 07:32:38.721 [info] > git rev-parse --show-toplevel [33ms]
2024-12-12 07:32:38.721 [info] fatal: not a git repository (or any of the parent directories): .git
2024-12-12 07:32:38.721 [info] > git rev-parse --show-toplevel [4ms]
2024-12-12 07:32:38.721 [info] fatal: not a git repository (or any of the parent directories): .git
2024-12-12 07:32:38.722 [info] > git rev-parse --show-toplevel [2ms]
2024-12-12 07:32:38.722 [info] fatal: not a git repository (or any of the parent directories): .git
2024-12-12 07:32:38.725 [info] > git rev-parse --show-toplevel [1ms]
2024-12-12 07:32:38.725 [info] fatal: not a git repository (or any of the parent directories): .git
2024-12-12 07:32:38.729 [info] > git rev-parse --show-toplevel [2ms]
2024-12-12 07:32:38.729 [info] fatal: not a git repository (or any of the parent directories): .git
2024-12-12 07:32:38.732 [info] [Model][doInitialScan] Initial repository scan completed - repositories (0), closed repositories (0), parent repositories (0), unsafe repositories (0)
2024-12-12 07:37:01.370 [info] > git rev-parse --show-toplevel [1ms]
2024-12-12 07:37:01.370 [info] fatal: not a git repository (or any of the parent directories): .git
2024-12-12 09:03:25.002 [info] > git rev-parse --show-toplevel [24ms]
2024-12-12 09:03:25.003 [info] fatal: not a git repository (or any of the parent directories): .git
2024-12-12 09:03:25.687 [info] > git rev-parse --show-toplevel [3ms]
2024-12-12 09:03:25.688 [info] fatal: not a git repository (or any of the parent directories): .git
2024-12-12 09:04:47.547 [info] > git rev-parse --show-toplevel [29ms]
2024-12-12 09:04:47.548 [info] fatal: not a git repository (or any of the parent directories): .git
2024-12-12 09:04:47.561 [info] > git rev-parse --show-toplevel [4ms]
2024-12-12 09:04:47.561 [info] fatal: not a git repository (or any of the parent directories): .git
2024-12-12 09:04:47.571 [info] > git rev-parse --show-toplevel [1ms]
2024-12-12 09:04:47.571 [info] fatal: not a git repository (or any of the parent directories): .git
2024-12-12 09:04:48.186 [info] > git rev-parse --show-toplevel [3ms]
2024-12-12 09:04:48.186 [info] fatal: not a git repository (or any of the parent directories): .git
2024-12-12 09:04:48.197 [info] > git rev-parse --show-toplevel [4ms]
2024-12-12 09:04:48.197 [info] fatal: not a git repository (or any of the parent directories): .git
2024-12-12 09:04:49.224 [info] > git rev-parse --show-toplevel [5ms]
2024-12-12 09:04:49.224 [info] fatal: not a git repository (or any of the parent directories): .git
2024-12-12 09:04:49.232 [info] > git rev-parse --show-toplevel [2ms]
2024-12-12 09:04:49.233 [info] fatal: not a git repository (or any of the parent directories): .git
2024-12-12 09:04:49.240 [info] > git rev-parse --show-toplevel [3ms]
2024-12-12 09:04:49.240 [info] fatal: not a git repository (or any of the parent directories): .git
2024-12-12 09:04:49.249 [info] > git rev-parse --show-toplevel [2ms]
2024-12-12 09:04:49.249 [info] fatal: not a git repository (or any of the parent directories): .git
2024-12-12 09:04:49.266 [info] > git rev-parse --show-toplevel [9ms]
2024-12-12 09:04:49.266 [info] fatal: not a git repository (or any of the parent directories): .git
2024-12-12 09:04:49.281 [info] > git rev-parse --show-toplevel [5ms]
2024-12-12 09:04:49.281 [info] fatal: not a git repository (or any of the parent directories): .git
2024-12-12 09:04:49.296 [info] > git rev-parse --show-toplevel [2ms]
2024-12-12 09:04:49.296 [info] fatal: not a git repository (or any of the parent directories): .git
2024-12-12 09:04:49.307 [info] > git rev-parse --show-toplevel [0ms]
2024-12-12 09:04:49.307 [info] fatal: not a git repository (or any of the parent directories): .git
2024-12-12 09:04:49.318 [info] > git rev-parse --show-toplevel [2ms]
2024-12-12 09:04:49.318 [info] fatal: not a git repository (or any of the parent directories): .git
2024-12-12 09:04:49.335 [info] > git rev-parse --show-toplevel [11ms]
2024-12-12 09:04:49.335 [info] fatal: not a git repository (or any of the parent directories): .git
2024-12-12 09:04:50.547 [info] > git rev-parse --show-toplevel [2ms]
2024-12-12 09:04:50.548 [info] fatal: not a git repository (or any of the parent directories): .git
2024-12-12 09:04:50.556 [info] > git rev-parse --show-toplevel [1ms]
2024-12-12 09:04:50.556 [info] fatal: not a git repository (or any of the parent directories): .git
2024-12-12 09:04:50.561 [info] > git rev-parse --show-toplevel [0ms]
2024-12-12 09:04:50.562 [info] fatal: not a git repository (or any of the parent directories): .git
2024-12-12 09:04:50.569 [info] > git rev-parse --show-toplevel [2ms]
2024-12-12 09:04:50.569 [info] fatal: not a git repository (or any of the parent directories): .git
2024-12-12 09:04:50.573 [info] > git rev-parse --show-toplevel [1ms]
2024-12-12 09:04:50.573 [info] fatal: not a git repository (or any of the parent directories): .git
2024-12-12 09:04:50.579 [info] > git rev-parse --show-toplevel [1ms]
2024-12-12 09:04:50.579 [info] fatal: not a git repository (or any of the parent directories): .git
2024-12-12 09:04:50.584 [info] > git rev-parse --show-toplevel [2ms]
2024-12-12 09:04:50.585 [info] fatal: not a git repository (or any of the parent directories): .git
2024-12-12 09:04:50.591 [info] > git rev-parse --show-toplevel [1ms]
2024-12-12 09:04:50.591 [info] fatal: not a git repository (or any of the parent directories): .git
2024-12-12 09:04:50.596 [info] > git rev-parse --show-toplevel [1ms]
2024-12-12 09:04:50.596 [info] fatal: not a git repository (or any of the parent directories): .git
2024-12-12 09:04:50.609 [info] > git rev-parse --show-toplevel [6ms]
2024-12-12 09:04:50.609 [info] fatal: not a git repository (or any of the parent directories): .git
2024-12-12 09:04:50.617 [info] > git rev-parse --show-toplevel [0ms]
2024-12-12 09:04:50.617 [info] fatal: not a git repository (or any of the parent directories): .git
2024-12-12 09:04:52.080 [info] > git rev-parse --show-toplevel [12ms]
2024-12-12 09:04:52.080 [info] fatal: not a git repository (or any of the parent directories): .git
2024-12-12 09:04:52.093 [info] > git rev-parse --show-toplevel [3ms]
2024-12-12 09:04:52.093 [info] fatal: not a git repository (or any of the parent directories): .git
2024-12-12 09:04:52.117 [info] > git rev-parse --show-toplevel [8ms]
2024-12-12 09:04:52.117 [info] fatal: not a git repository (or any of the parent directories): .git
2024-12-12 09:04:52.132 [info] > git rev-parse --show-toplevel [7ms]
2024-12-12 09:04:52.132 [info] fatal: not a git repository (or any of the parent directories): .git
2024-12-12 09:04:52.145 [info] > git rev-parse --show-toplevel [8ms]
2024-12-12 09:04:52.145 [info] fatal: not a git repository (or any of the parent directories): .git
2024-12-12 09:04:52.157 [info] > git rev-parse --show-toplevel [1ms]
2024-12-12 09:04:52.157 [info] fatal: not a git repository (or any of the parent directories): .git
2024-12-12 09:04:52.177 [info] > git rev-parse --show-toplevel [7ms]
2024-12-12 09:04:52.177 [info] fatal: not a git repository (or any of the parent directories): .git
2024-12-12 09:04:54.095 [info] > git rev-parse --show-toplevel [77ms]
2024-12-12 09:04:54.096 [info] fatal: not a git repository (or any of the parent directories): .git
2024-12-12 09:04:54.148 [info] > git rev-parse --show-toplevel [15ms]
2024-12-12 09:04:54.148 [info] fatal: not a git repository (or any of the parent directories): .git
2024-12-12 09:04:54.159 [info] > git rev-parse --show-toplevel [4ms]
2024-12-12 09:04:54.159 [info] fatal: not a git repository (or any of the parent directories): .git
2024-12-12 09:04:54.174 [info] > git rev-parse --show-toplevel [4ms]
2024-12-12 09:04:54.174 [info] fatal: not a git repository (or any of the parent directories): .git
2024-12-12 09:04:54.188 [info] > git rev-parse --show-toplevel [9ms]
2024-12-12 09:04:54.188 [info] fatal: not a git repository (or any of the parent directories): .git
2024-12-12 09:04:54.197 [info] > git rev-parse --show-toplevel [3ms]
2024-12-12 09:04:54.197 [info] fatal: not a git repository (or any of the parent directories): .git
2024-12-12 09:04:58.669 [info] > git rev-parse --show-toplevel [70ms]
2024-12-12 09:04:58.669 [info] fatal: not a git repository (or any of the parent directories): .git
2024-12-12 09:04:58.691 [info] > git rev-parse --show-toplevel [4ms]
2024-12-12 09:04:58.691 [info] fatal: not a git repository (or any of the parent directories): .git
2024-12-12 09:04:58.700 [info] > git rev-parse --show-toplevel [4ms]
2024-12-12 09:04:58.700 [info] fatal: not a git repository (or any of the parent directories): .git
2024-12-12 09:04:58.717 [info] > git rev-parse --show-toplevel [1ms]
2024-12-12 09:04:58.717 [info] fatal: not a git repository (or any of the parent directories): .git
2024-12-12 09:04:58.732 [info] > git rev-parse --show-toplevel [4ms]
2024-12-12 09:04:58.732 [info] fatal: not a git repository (or any of the parent directories): .git
2024-12-12 09:04:58.756 [info] > git rev-parse --show-toplevel [12ms]
2024-12-12 09:04:58.756 [info] fatal: not a git repository (or any of the parent directories): .git
2024-12-12 09:04:58.800 [info] > git rev-parse --show-toplevel [22ms]
2024-12-12 09:04:58.800 [info] fatal: not a git repository (or any of the parent directories): .git
2024-12-12 09:04:58.807 [info] > git rev-parse --show-toplevel [2ms]
2024-12-12 09:04:58.807 [info] fatal: not a git repository (or any of the parent directories): .git
2024-12-12 09:04:58.819 [info] > git rev-parse --show-toplevel [5ms]
2024-12-12 09:04:58.819 [info] fatal: not a git repository (or any of the parent directories): .git
2024-12-12 09:04:58.852 [info] > git rev-parse --show-toplevel [26ms]
2024-12-12 09:04:58.852 [info] fatal: not a git repository (or any of the parent directories): .git
2024-12-12 09:04:58.867 [info] > git rev-parse --show-toplevel [6ms]
2024-12-12 09:04:58.867 [info] fatal: not a git repository (or any of the parent directories): .git
2024-12-12 09:04:58.874 [info] > git rev-parse --show-toplevel [3ms]
2024-12-12 09:04:58.874 [info] fatal: not a git repository (or any of the parent directories): .git
2024-12-12 09:04:58.883 [info] > git rev-parse --show-toplevel [7ms]
2024-12-12 09:04:58.884 [info] fatal: not a git repository (or any of the parent directories): .git
2024-12-12 09:04:58.890 [info] > git rev-parse --show-toplevel [1ms]
2024-12-12 09:04:58.890 [info] fatal: not a git repository (or any of the parent directories): .git
2024-12-12 09:04:58.899 [info] > git rev-parse --show-toplevel [3ms]
2024-12-12 09:04:58.899 [info] fatal: not a git repository (or any of the parent directories): .git
2024-12-12 09:04:58.906 [info] > git rev-parse --show-toplevel [0ms]
2024-12-12 09:04:58.906 [info] fatal: not a git repository (or any of the parent directories): .git
2024-12-12 09:04:58.910 [info] > git rev-parse --show-toplevel [0ms]
2024-12-12 09:04:58.910 [info] fatal: not a git repository (or any of the parent directories): .git
2024-12-12 09:04:58.914 [info] > git rev-parse --show-toplevel [2ms]
2024-12-12 09:04:58.914 [info] fatal: not a git repository (or any of the parent directories): .git
2024-12-12 09:04:58.918 [info] > git rev-parse --show-toplevel [2ms]
2024-12-12 09:04:58.918 [info] fatal: not a git repository (or any of the parent directories): .git
2024-12-12 09:04:58.923 [info] > git rev-parse --show-toplevel [2ms]
2024-12-12 09:04:58.923 [info] fatal: not a git repository (or any of the parent directories): .git
2024-12-12 09:04:58.927 [info] > git rev-parse --show-toplevel [1ms]
2024-12-12 09:04:58.927 [info] fatal: not a git repository (or any of the parent directories): .git
2024-12-12 09:04:58.931 [info] > git rev-parse --show-toplevel [2ms]
2024-12-12 09:04:58.931 [info] fatal: not a git repository (or any of the parent directories): .git
2024-12-12 09:04:58.934 [info] > git rev-parse --show-toplevel [2ms]
2024-12-12 09:04:58.934 [info] fatal: not a git repository (or any of the parent directories): .git
2024-12-12 09:04:58.939 [info] > git rev-parse --show-toplevel [1ms]
2024-12-12 09:04:58.940 [info] fatal: not a git repository (or any of the parent directories): .git
2024-12-12 09:04:58.946 [info] > git rev-parse --show-toplevel [1ms]
2024-12-12 09:04:58.947 [info] fatal: not a git repository (or any of the parent directories): .git
2024-12-12 09:04:58.961 [info] > git rev-parse --show-toplevel [8ms]
2024-12-12 09:04:58.961 [info] fatal: not a git repository (or any of the parent directories): .git
2024-12-12 09:04:58.970 [info] > git rev-parse --show-toplevel [1ms]
2024-12-12 09:04:58.970 [info] fatal: not a git repository (or any of the parent directories): .git
2024-12-12 09:04:59.034 [info] > git rev-parse --show-toplevel [50ms]
2024-12-12 09:04:59.035 [info] fatal: not a git repository (or any of the parent directories): .git
2024-12-12 09:04:59.056 [info] > git rev-parse --show-toplevel [3ms]
2024-12-12 09:04:59.056 [info] fatal: not a git repository (or any of the parent directories): .git
2024-12-12 09:04:59.065 [info] > git rev-parse --show-toplevel [3ms]
2024-12-12 09:04:59.065 [info] fatal: not a git repository (or any of the parent directories): .git
2024-12-12 09:04:59.080 [info] > git rev-parse --show-toplevel [5ms]
2024-12-12 09:04:59.080 [info] fatal: not a git repository (or any of the parent directories): .git
2024-12-12 09:04:59.094 [info] > git rev-parse --show-toplevel [8ms]
2024-12-12 09:04:59.094 [info] fatal: not a git repository (or any of the parent directories): .git
2024-12-12 09:04:59.100 [info] > git rev-parse --show-toplevel [3ms]
2024-12-12 09:04:59.100 [info] fatal: not a git repository (or any of the parent directories): .git
2024-12-12 09:04:59.113 [info] > git rev-parse --show-toplevel [4ms]
2024-12-12 09:04:59.115 [info] fatal: not a git repository (or any of the parent directories): .git
2024-12-12 09:04:59.132 [info] > git rev-parse --show-toplevel [5ms]
2024-12-12 09:04:59.132 [info] fatal: not a git repository (or any of the parent directories): .git
2024-12-12 09:04:59.139 [info] > git rev-parse --show-toplevel [4ms]
2024-12-12 09:04:59.139 [info] fatal: not a git repository (or any of the parent directories): .git
2024-12-12 09:04:59.147 [info] > git rev-parse --show-toplevel [2ms]
2024-12-12 09:04:59.148 [info] fatal: not a git repository (or any of the parent directories): .git
2024-12-12 09:04:59.155 [info] > git rev-parse --show-toplevel [2ms]
2024-12-12 09:04:59.157 [info] fatal: not a git repository (or any of the parent directories): .git
2024-12-12 09:04:59.167 [info] > git rev-parse --show-toplevel [4ms]
2024-12-12 09:04:59.167 [info] fatal: not a git repository (or any of the parent directories): .git
2024-12-12 09:04:59.182 [info] > git rev-parse --show-toplevel [1ms]
2024-12-12 09:04:59.182 [info] fatal: not a git repository (or any of the parent directories): .git
2024-12-12 09:04:59.192 [info] > git rev-parse --show-toplevel [2ms]
2024-12-12 09:04:59.193 [info] fatal: not a git repository (or any of the parent directories): .git
2024-12-12 09:04:59.204 [info] > git rev-parse --show-toplevel [4ms]
2024-12-12 09:04:59.204 [info] fatal: not a git repository (or any of the parent directories): .git
2024-12-12 09:04:59.211 [info] > git rev-parse --show-toplevel [1ms]
2024-12-12 09:04:59.211 [info] fatal: not a git repository (or any of the parent directories): .git
2024-12-12 09:04:59.219 [info] > git rev-parse --show-toplevel [5ms]
2024-12-12 09:04:59.219 [info] fatal: not a git repository (or any of the parent directories): .git
2024-12-12 09:04:59.290 [info] > git rev-parse --show-toplevel [49ms]
2024-12-12 09:04:59.290 [info] fatal: not a git repository (or any of the parent directories): .git
2024-12-12 09:04:59.449 [info] > git rev-parse --show-toplevel [69ms]
2024-12-12 09:04:59.449 [info] fatal: not a git repository (or any of the parent directories): .git
2024-12-12 09:04:59.587 [info] > git rev-parse --show-toplevel [51ms]
2024-12-12 09:04:59.587 [info] fatal: not a git repository (or any of the parent directories): .git
2024-12-12 09:04:59.660 [info] > git rev-parse --show-toplevel [33ms]
2024-12-12 09:04:59.661 [info] fatal: not a git repository (or any of the parent directories): .git
2024-12-12 09:04:59.694 [info] > git rev-parse --show-toplevel [16ms]
2024-12-12 09:04:59.694 [info] fatal: not a git repository (or any of the parent directories): .git
2024-12-12 09:04:59.744 [info] > git rev-parse --show-toplevel [34ms]
2024-12-12 09:04:59.744 [info] fatal: not a git repository (or any of the parent directories): .git
2024-12-12 09:04:59.864 [info] > git rev-parse --show-toplevel [59ms]
2024-12-12 09:04:59.866 [info] fatal: not a git repository (or any of the parent directories): .git
2024-12-12 09:04:59.979 [info] > git rev-parse --show-toplevel [42ms]
2024-12-12 09:04:59.979 [info] fatal: not a git repository (or any of the parent directories): .git
2024-12-12 09:05:00.123 [info] > git rev-parse --show-toplevel [73ms]
2024-12-12 09:05:00.123 [info] fatal: not a git repository (or any of the parent directories): .git
2024-12-12 09:05:00.209 [info] > git rev-parse --show-toplevel [22ms]
2024-12-12 09:05:00.209 [info] fatal: not a git repository (or any of the parent directories): .git
2024-12-12 09:05:00.219 [info] > git rev-parse --show-toplevel [1ms]
2024-12-12 09:05:00.219 [info] fatal: not a git repository (or any of the parent directories): .git
2024-12-12 09:05:00.276 [info] > git rev-parse --show-toplevel [34ms]
2024-12-12 09:05:00.276 [info] fatal: not a git repository (or any of the parent directories): .git
2024-12-12 09:05:00.281 [info] > git rev-parse --show-toplevel [1ms]
2024-12-12 09:05:00.281 [info] fatal: not a git repository (or any of the parent directories): .git
2024-12-12 09:05:00.284 [info] > git rev-parse --show-toplevel [2ms]
2024-12-12 09:05:00.284 [info] fatal: not a git repository (or any of the parent directories): .git
2024-12-12 09:05:00.288 [info] > git rev-parse --show-toplevel [2ms]
2024-12-12 09:05:00.289 [info] fatal: not a git repository (or any of the parent directories): .git
2024-12-12 09:05:00.292 [info] > git rev-parse --show-toplevel [2ms]
2024-12-12 09:05:00.292 [info] fatal: not a git repository (or any of the parent directories): .git
2024-12-12 09:05:00.296 [info] > git rev-parse --show-toplevel [0ms]
2024-12-12 09:05:00.296 [info] fatal: not a git repository (or any of the parent directories): .git
2024-12-12 09:05:00.325 [info] > git rev-parse --show-toplevel [21ms]
2024-12-12 09:05:00.325 [info] fatal: not a git repository (or any of the parent directories): .git
2024-12-12 09:05:00.360 [info] > git rev-parse --show-toplevel [12ms]
2024-12-12 09:05:00.360 [info] fatal: not a git repository (or any of the parent directories): .git
2024-12-12 09:05:00.479 [info] > git rev-parse --show-toplevel [53ms]
2024-12-12 09:05:00.479 [info] fatal: not a git repository (or any of the parent directories): .git
2024-12-12 09:05:00.624 [info] > git rev-parse --show-toplevel [63ms]
2024-12-12 09:05:00.624 [info] fatal: not a git repository (or any of the parent directories): .git
2024-12-12 09:05:00.816 [info] > git rev-parse --show-toplevel [56ms]
2024-12-12 09:05:00.816 [info] fatal: not a git repository (or any of the parent directories): .git
2024-12-12 09:05:01.290 [info] > git rev-parse --show-toplevel [242ms]
2024-12-12 09:05:01.290 [info] fatal: not a git repository (or any of the parent directories): .git
2024-12-12 09:05:01.610 [info] > git rev-parse --show-toplevel [146ms]
2024-12-12 09:05:01.610 [info] fatal: not a git repository (or any of the parent directories): .git
2024-12-12 09:05:02.016 [info] > git rev-parse --show-toplevel [181ms]
2024-12-12 09:05:02.019 [info] fatal: not a git repository (or any of the parent directories): .git
2024-12-12 09:05:02.170 [info] > git rev-parse --show-toplevel [63ms]
2024-12-12 09:05:02.170 [info] fatal: not a git repository (or any of the parent directories): .git
2024-12-12 09:05:02.204 [info] > git rev-parse --show-toplevel [4ms]
2024-12-12 09:05:02.204 [info] fatal: not a git repository (or any of the parent directories): .git
2024-12-12 09:05:02.209 [info] > git rev-parse --show-toplevel [3ms]
2024-12-12 09:05:02.209 [info] fatal: not a git repository (or any of the parent directories): .git
2024-12-12 09:05:09.580 [info] > git rev-parse --show-toplevel [64ms]
2024-12-12 09:05:09.582 [info] fatal: not a git repository (or any of the parent directories): .git
2024-12-12 09:05:13.500 [info] > git rev-parse --show-toplevel [43ms]
2024-12-12 09:05:13.502 [info] fatal: not a git repository (or any of the parent directories): .git
2024-12-12 09:05:13.699 [info] > git rev-parse --show-toplevel [104ms]
2024-12-12 09:05:13.699 [info] fatal: not a git repository (or any of the parent directories): .git
2024-12-12 09:05:14.247 [info] > git rev-parse --show-toplevel [49ms]
2024-12-12 09:05:14.248 [info] fatal: not a git repository (or any of the parent directories): .git
2024-12-12 09:05:15.829 [info] > git rev-parse --show-toplevel [46ms]
2024-12-12 09:05:15.831 [info] fatal: not a git repository (or any of the parent directories): .git
2024-12-12 09:05:15.854 [info] > git rev-parse --show-toplevel [3ms]
2024-12-12 09:05:15.854 [info] fatal: not a git repository (or any of the parent directories): .git
2024-12-12 09:05:24.512 [info] > git rev-parse --show-toplevel [34ms]
2024-12-12 09:05:24.542 [info] > git rev-parse --git-dir --git-common-dir [3ms]
2024-12-12 09:05:24.593 [info] [Model][openRepository] Opened repository: /home/ubuntu/react-frontend
2024-12-12 09:05:24.620 [info] [Git][getRemotes] No remotes found in the git config file
2024-12-12 09:05:24.621 [info] > git for-each-ref --format=%(refname)%00%(upstream:short)%00%(objectname)%00%(upstream:track)%00%(upstream:remotename)%00%(upstream:remoteref) refs/heads/master refs/remotes/master [1ms]
2024-12-12 09:05:24.623 [warning] [Git][getBranch] No such branch: master
2024-12-12 09:05:24.623 [info] > git config --get commit.template [20ms]
2024-12-12 09:05:24.638 [info] > git for-each-ref --sort -committerdate --format %(refname) %(objectname) %(*objectname) [2ms]
2024-12-12 09:05:24.640 [info] > git fetch [48ms]
2024-12-12 09:05:24.655 [info] > git status -z -uall [27ms] (cancelled)
2024-12-12 09:05:24.655 [info] > git for-each-ref --format=%(refname)%00%(upstream:short)%00%(objectname)%00%(upstream:track)%00%(upstream:remotename)%00%(upstream:remoteref) refs/heads/master refs/remotes/master [10ms]
2024-12-12 09:05:24.655 [warning] [Git][getBranch] No such branch: master
2024-12-12 09:05:24.656 [error] [GitHistoryProvider][resolveHEADMergeBase] Failed to resolve merge base for master: Error: No such branch: master.
2024-12-12 09:05:24.658 [info] > git config --get commit.template [4ms]
2024-12-12 09:05:24.658 [info] > git config --get commit.template [7ms]
2024-12-12 09:05:24.662 [info] [Git][getRemotes] No remotes found in the git config file
2024-12-12 09:05:24.665 [info] [Git][getRemotes] No remotes found in the git config file
2024-12-12 09:05:24.666 [info] > git for-each-ref --format=%(refname)%00%(upstream:short)%00%(objectname)%00%(upstream:track)%00%(upstream:remotename)%00%(upstream:remoteref) refs/heads/master refs/remotes/master [1ms]
2024-12-12 09:05:24.666 [warning] [Git][getBranch] No such branch: master
2024-12-12 09:05:24.674 [info] > git for-each-ref --format=%(refname)%00%(upstream:short)%00%(objectname)%00%(upstream:track)%00%(upstream:remotename)%00%(upstream:remoteref) refs/heads/master refs/remotes/master [13ms]
2024-12-12 09:05:24.674 [warning] [Git][getBranch] No such branch: master
2024-12-12 09:05:24.684 [info] > git status -z -uall [15ms]
2024-12-12 09:05:24.684 [info] > git for-each-ref --sort -committerdate --format %(refname) %(objectname) %(*objectname) [10ms]
2024-12-12 09:05:25.192 [info] > git check-ignore -v -z --stdin [5ms]
2024-12-12 09:06:42.777 [info] [Git][getRemotes] No remotes found in the git config file
2024-12-12 09:06:42.781 [info] > git for-each-ref --format=%(refname)%00%(upstream:short)%00%(objectname)%00%(upstream:track)%00%(upstream:remotename)%00%(upstream:remoteref) refs/heads/master refs/remotes/master [4ms]
2024-12-12 09:06:42.781 [warning] [Git][getBranch] No such branch: master
2024-12-12 09:06:42.781 [info] > git config --get commit.template [9ms]
2024-12-12 09:06:42.789 [info] > git for-each-ref --sort -committerdate --format %(refname) %(objectname) %(*objectname) [2ms]
2024-12-12 09:06:42.791 [info] > git status -z -uall [6ms]
