2024-12-12 23:18:03.396 [info] Extension host with pid 1068 started
2024-12-12 23:18:03.434 [info] Lock '/home/ubuntu/.vscode-server/data/User/workspaceStorage/272786e0cb17648f458b811b7a5b57f0/vscode.lock': Lock acquired.
2024-12-12 23:18:03.601 [info] Eager extensions activated
2024-12-12 23:18:30.210 [info] ExtensionService#_doActivateExtension vscode.debug-auto-launch, startup: false, activationEvent: 'onStartupFinished'
2024-12-12 23:18:30.212 [info] ExtensionService#_doActivateExtension vscode.git-base, startup: false, activationEvent: '*', root cause: vscode.git
2024-12-12 23:18:30.212 [info] ExtensionService#_doActivateExtension vscode.merge-conflict, startup: false, activationEvent: 'onStartupFinished'
2024-12-12 23:18:30.349 [info] ExtensionService#_doActivateExtension vscode.git, startup: false, activationEvent: '*'
2024-12-12 23:18:30.349 [info] ExtensionService#_doActivateExtension vscode.github, startup: false, activationEvent: '*'
2024-12-12 23:18:30.601 [info] ExtensionService#_doActivateExtension vscode.npm, startup: false, activationEvent: 'workspaceContains:package.json'
2024-12-12 23:18:30.888 [info] ExtensionService#_doActivateExtension vscode.emmet, startup: false, activationEvent: 'onLanguage'
2024-12-12 23:18:36.229 [info] ExtensionService#_doActivateExtension vscode.configuration-editing, startup: false, activationEvent: 'onLanguage:json'
2024-12-12 23:18:36.230 [info] ExtensionService#_doActivateExtension vscode.extension-editing, startup: false, activationEvent: 'onLanguage:json'
2024-12-12 23:18:36.231 [info] ExtensionService#_doActivateExtension vscode.json-language-features, startup: false, activationEvent: 'onLanguage:json'
2024-12-12 23:30:33.976 [info] ExtensionService#_doActivateExtension vscode.tunnel-forwarding, startup: false, activationEvent: 'onTunnel'
2024-12-13 02:13:41.703 [info] Extension host terminating: renderer disconnected for too long (2)
2024-12-13 02:13:41.704 [info] Lock '/home/ubuntu/.vscode-server/data/User/workspaceStorage/272786e0cb17648f458b811b7a5b57f0/vscode.lock': Marking the lockfile as scheduled to be released in 6000 ms.
2024-12-13 02:13:41.744 [error] Canceled: Canceled
	at new IT (file:///home/ubuntu/.vscode-server/cli/servers/Stable-138f619c86f1199955d53b4166bef66ef252935c/server/out/vs/workbench/api/node/extensionHostProcess.js:32:153476)
	at Dy.U (file:///home/ubuntu/.vscode-server/cli/servers/Stable-138f619c86f1199955d53b4166bef66ef252935c/server/out/vs/workbench/api/node/extensionHostProcess.js:32:158086)
	at s.<computed>.n.charCodeAt.s.<computed> (file:///home/ubuntu/.vscode-server/cli/servers/Stable-138f619c86f1199955d53b4166bef66ef252935c/server/out/vs/workbench/api/node/extensionHostProcess.js:32:155580)
	at cw.g (file:///home/ubuntu/.vscode-server/cli/servers/Stable-138f619c86f1199955d53b4166bef66ef252935c/server/out/vs/workbench/api/node/extensionHostProcess.js:115:32313)
	at cw.executeCommand (file:///home/ubuntu/.vscode-server/cli/servers/Stable-138f619c86f1199955d53b4166bef66ef252935c/server/out/vs/workbench/api/node/extensionHostProcess.js:115:31817)
	at r.registerCommand.description (file:///home/ubuntu/.vscode-server/cli/servers/Stable-138f619c86f1199955d53b4166bef66ef252935c/server/out/vs/workbench/api/node/extensionHostProcess.js:115:31147)
	at cw.h (file:///home/ubuntu/.vscode-server/cli/servers/Stable-138f619c86f1199955d53b4166bef66ef252935c/server/out/vs/workbench/api/node/extensionHostProcess.js:115:32833)
	at cw.g (file:///home/ubuntu/.vscode-server/cli/servers/Stable-138f619c86f1199955d53b4166bef66ef252935c/server/out/vs/workbench/api/node/extensionHostProcess.js:115:31910)
	at cw.executeCommand (file:///home/ubuntu/.vscode-server/cli/servers/Stable-138f619c86f1199955d53b4166bef66ef252935c/server/out/vs/workbench/api/node/extensionHostProcess.js:115:31817)
	at Object.executeCommand (file:///home/ubuntu/.vscode-server/cli/servers/Stable-138f619c86f1199955d53b4166bef66ef252935c/server/out/vs/workbench/api/node/extensionHostProcess.js:157:37484)
	at Sh.L [as value] (/home/ubuntu/.vscode-server/cli/servers/Stable-138f619c86f1199955d53b4166bef66ef252935c/server/extensions/git/dist/main.js:2:975601)
	at P.B (file:///home/ubuntu/.vscode-server/cli/servers/Stable-138f619c86f1199955d53b4166bef66ef252935c/server/out/vs/workbench/api/node/extensionHostProcess.js:30:746)
	at P.C (file:///home/ubuntu/.vscode-server/cli/servers/Stable-138f619c86f1199955d53b4166bef66ef252935c/server/out/vs/workbench/api/node/extensionHostProcess.js:30:816)
	at P.fire (file:///home/ubuntu/.vscode-server/cli/servers/Stable-138f619c86f1199955d53b4166bef66ef252935c/server/out/vs/workbench/api/node/extensionHostProcess.js:30:1033)
	at Object.p [as dispose] (/home/ubuntu/.vscode-server/cli/servers/Stable-138f619c86f1199955d53b4166bef66ef252935c/server/extensions/git/dist/main.js:2:997158)
	at /home/ubuntu/.vscode-server/cli/servers/Stable-138f619c86f1199955d53b4166bef66ef252935c/server/extensions/git/dist/main.js:2:1003280
	at Array.forEach (<anonymous>)
	at b.dispose (/home/ubuntu/.vscode-server/cli/servers/Stable-138f619c86f1199955d53b4166bef66ef252935c/server/extensions/git/dist/main.js:2:1003266)
	at ev.<anonymous> (file:///home/ubuntu/.vscode-server/cli/servers/Stable-138f619c86f1199955d53b4166bef66ef252935c/server/out/vs/workbench/api/node/extensionHostProcess.js:109:20047)
	at ev.dispose (file:///home/ubuntu/.vscode-server/cli/servers/Stable-138f619c86f1199955d53b4166bef66ef252935c/server/out/vs/workbench/api/node/extensionHostProcess.js:109:20143)
	at ev.<anonymous> (/home/ubuntu/.vscode-server/cli/servers/Stable-138f619c86f1199955d53b4166bef66ef252935c/server/extensions/git/dist/main.js:2:978080)
	at ev.dispose (file:///home/ubuntu/.vscode-server/cli/servers/Stable-138f619c86f1199955d53b4166bef66ef252935c/server/out/vs/workbench/api/node/extensionHostProcess.js:109:20143)
	at ai (file:///home/ubuntu/.vscode-server/cli/servers/Stable-138f619c86f1199955d53b4166bef66ef252935c/server/out/vs/workbench/api/node/extensionHostProcess.js:25:699)
	at file:///home/ubuntu/.vscode-server/cli/servers/Stable-138f619c86f1199955d53b4166bef66ef252935c/server/out/vs/workbench/api/node/extensionHostProcess.js:119:14992
	at file:///home/ubuntu/.vscode-server/cli/servers/Stable-138f619c86f1199955d53b4166bef66ef252935c/server/out/vs/workbench/api/node/extensionHostProcess.js:25:1009
	at Object.dispose (file:///home/ubuntu/.vscode-server/cli/servers/Stable-138f619c86f1199955d53b4166bef66ef252935c/server/out/vs/workbench/api/node/extensionHostProcess.js:8:705)
	at zz.eb (file:///home/ubuntu/.vscode-server/cli/servers/Stable-138f619c86f1199955d53b4166bef66ef252935c/server/out/vs/workbench/api/node/extensionHostProcess.js:119:11919)
	at file:///home/ubuntu/.vscode-server/cli/servers/Stable-138f619c86f1199955d53b4166bef66ef252935c/server/out/vs/workbench/api/node/extensionHostProcess.js:119:9874
	at Array.map (<anonymous>)
	at zz.$ (file:///home/ubuntu/.vscode-server/cli/servers/Stable-138f619c86f1199955d53b4166bef66ef252935c/server/out/vs/workbench/api/node/extensionHostProcess.js:119:9862)
	at zz.terminate (file:///home/ubuntu/.vscode-server/cli/servers/Stable-138f619c86f1199955d53b4166bef66ef252935c/server/out/vs/workbench/api/node/extensionHostProcess.js:119:10105)
	at Q3.terminate (file:///home/ubuntu/.vscode-server/cli/servers/Stable-138f619c86f1199955d53b4166bef66ef252935c/server/out/vs/workbench/api/node/extensionHostProcess.js:120:1424)
	at Zi (file:///home/ubuntu/.vscode-server/cli/servers/Stable-138f619c86f1199955d53b4166bef66ef252935c/server/out/vs/workbench/api/node/extensionHostProcess.js:175:15080)
	at C5.a (file:///home/ubuntu/.vscode-server/cli/servers/Stable-138f619c86f1199955d53b4166bef66ef252935c/server/out/vs/workbench/api/node/extensionHostProcess.js:175:11993)
	at C5.h (file:///home/ubuntu/.vscode-server/cli/servers/Stable-138f619c86f1199955d53b4166bef66ef252935c/server/out/vs/workbench/api/node/extensionHostProcess.js:31:75719)
	at listOnTimeout (node:internal/timers:581:17)
	at process.processTimers (node:internal/timers:519:7) setContext undefined
2024-12-13 02:13:41.746 [error] Canceled: Canceled
	at new IT (file:///home/ubuntu/.vscode-server/cli/servers/Stable-138f619c86f1199955d53b4166bef66ef252935c/server/out/vs/workbench/api/node/extensionHostProcess.js:32:153476)
	at Dy.U (file:///home/ubuntu/.vscode-server/cli/servers/Stable-138f619c86f1199955d53b4166bef66ef252935c/server/out/vs/workbench/api/node/extensionHostProcess.js:32:158086)
	at s.<computed>.n.charCodeAt.s.<computed> (file:///home/ubuntu/.vscode-server/cli/servers/Stable-138f619c86f1199955d53b4166bef66ef252935c/server/out/vs/workbench/api/node/extensionHostProcess.js:32:155580)
	at cw.g (file:///home/ubuntu/.vscode-server/cli/servers/Stable-138f619c86f1199955d53b4166bef66ef252935c/server/out/vs/workbench/api/node/extensionHostProcess.js:115:32313)
	at cw.executeCommand (file:///home/ubuntu/.vscode-server/cli/servers/Stable-138f619c86f1199955d53b4166bef66ef252935c/server/out/vs/workbench/api/node/extensionHostProcess.js:115:31817)
	at r.registerCommand.description (file:///home/ubuntu/.vscode-server/cli/servers/Stable-138f619c86f1199955d53b4166bef66ef252935c/server/out/vs/workbench/api/node/extensionHostProcess.js:115:31147)
	at cw.h (file:///home/ubuntu/.vscode-server/cli/servers/Stable-138f619c86f1199955d53b4166bef66ef252935c/server/out/vs/workbench/api/node/extensionHostProcess.js:115:32833)
	at cw.g (file:///home/ubuntu/.vscode-server/cli/servers/Stable-138f619c86f1199955d53b4166bef66ef252935c/server/out/vs/workbench/api/node/extensionHostProcess.js:115:31910)
	at cw.executeCommand (file:///home/ubuntu/.vscode-server/cli/servers/Stable-138f619c86f1199955d53b4166bef66ef252935c/server/out/vs/workbench/api/node/extensionHostProcess.js:115:31817)
	at Object.executeCommand (file:///home/ubuntu/.vscode-server/cli/servers/Stable-138f619c86f1199955d53b4166bef66ef252935c/server/out/vs/workbench/api/node/extensionHostProcess.js:157:37484)
	at set hasGitHubRepositories [as hasGitHubRepositories] (/home/ubuntu/.vscode-server/cli/servers/Stable-138f619c86f1199955d53b4166bef66ef252935c/server/extensions/github/dist/extension.js:2:328633)
	at /home/ubuntu/.vscode-server/cli/servers/Stable-138f619c86f1199955d53b4166bef66ef252935c/server/extensions/github/dist/extension.js:2:329592
	at Sh.value (/home/ubuntu/.vscode-server/cli/servers/Stable-138f619c86f1199955d53b4166bef66ef252935c/server/extensions/git/dist/main.js:2:1088462)
	at P.B (file:///home/ubuntu/.vscode-server/cli/servers/Stable-138f619c86f1199955d53b4166bef66ef252935c/server/out/vs/workbench/api/node/extensionHostProcess.js:30:746)
	at P.C (file:///home/ubuntu/.vscode-server/cli/servers/Stable-138f619c86f1199955d53b4166bef66ef252935c/server/out/vs/workbench/api/node/extensionHostProcess.js:30:816)
	at P.fire (file:///home/ubuntu/.vscode-server/cli/servers/Stable-138f619c86f1199955d53b4166bef66ef252935c/server/out/vs/workbench/api/node/extensionHostProcess.js:30:1033)
	at Object.p [as dispose] (/home/ubuntu/.vscode-server/cli/servers/Stable-138f619c86f1199955d53b4166bef66ef252935c/server/extensions/git/dist/main.js:2:997158)
	at /home/ubuntu/.vscode-server/cli/servers/Stable-138f619c86f1199955d53b4166bef66ef252935c/server/extensions/git/dist/main.js:2:1003280
	at Array.forEach (<anonymous>)
	at b.dispose (/home/ubuntu/.vscode-server/cli/servers/Stable-138f619c86f1199955d53b4166bef66ef252935c/server/extensions/git/dist/main.js:2:1003266)
	at ev.<anonymous> (file:///home/ubuntu/.vscode-server/cli/servers/Stable-138f619c86f1199955d53b4166bef66ef252935c/server/out/vs/workbench/api/node/extensionHostProcess.js:109:20047)
	at ev.dispose (file:///home/ubuntu/.vscode-server/cli/servers/Stable-138f619c86f1199955d53b4166bef66ef252935c/server/out/vs/workbench/api/node/extensionHostProcess.js:109:20143)
	at ev.<anonymous> (/home/ubuntu/.vscode-server/cli/servers/Stable-138f619c86f1199955d53b4166bef66ef252935c/server/extensions/git/dist/main.js:2:978080)
	at ev.dispose (file:///home/ubuntu/.vscode-server/cli/servers/Stable-138f619c86f1199955d53b4166bef66ef252935c/server/out/vs/workbench/api/node/extensionHostProcess.js:109:20143)
	at ai (file:///home/ubuntu/.vscode-server/cli/servers/Stable-138f619c86f1199955d53b4166bef66ef252935c/server/out/vs/workbench/api/node/extensionHostProcess.js:25:699)
	at file:///home/ubuntu/.vscode-server/cli/servers/Stable-138f619c86f1199955d53b4166bef66ef252935c/server/out/vs/workbench/api/node/extensionHostProcess.js:119:14992
	at file:///home/ubuntu/.vscode-server/cli/servers/Stable-138f619c86f1199955d53b4166bef66ef252935c/server/out/vs/workbench/api/node/extensionHostProcess.js:25:1009
	at Object.dispose (file:///home/ubuntu/.vscode-server/cli/servers/Stable-138f619c86f1199955d53b4166bef66ef252935c/server/out/vs/workbench/api/node/extensionHostProcess.js:8:705)
	at zz.eb (file:///home/ubuntu/.vscode-server/cli/servers/Stable-138f619c86f1199955d53b4166bef66ef252935c/server/out/vs/workbench/api/node/extensionHostProcess.js:119:11919)
	at file:///home/ubuntu/.vscode-server/cli/servers/Stable-138f619c86f1199955d53b4166bef66ef252935c/server/out/vs/workbench/api/node/extensionHostProcess.js:119:9874
	at Array.map (<anonymous>)
	at zz.$ (file:///home/ubuntu/.vscode-server/cli/servers/Stable-138f619c86f1199955d53b4166bef66ef252935c/server/out/vs/workbench/api/node/extensionHostProcess.js:119:9862)
	at zz.terminate (file:///home/ubuntu/.vscode-server/cli/servers/Stable-138f619c86f1199955d53b4166bef66ef252935c/server/out/vs/workbench/api/node/extensionHostProcess.js:119:10105)
	at Q3.terminate (file:///home/ubuntu/.vscode-server/cli/servers/Stable-138f619c86f1199955d53b4166bef66ef252935c/server/out/vs/workbench/api/node/extensionHostProcess.js:120:1424)
	at Zi (file:///home/ubuntu/.vscode-server/cli/servers/Stable-138f619c86f1199955d53b4166bef66ef252935c/server/out/vs/workbench/api/node/extensionHostProcess.js:175:15080)
	at C5.a (file:///home/ubuntu/.vscode-server/cli/servers/Stable-138f619c86f1199955d53b4166bef66ef252935c/server/out/vs/workbench/api/node/extensionHostProcess.js:175:11993)
	at C5.h (file:///home/ubuntu/.vscode-server/cli/servers/Stable-138f619c86f1199955d53b4166bef66ef252935c/server/out/vs/workbench/api/node/extensionHostProcess.js:31:75719)
	at listOnTimeout (node:internal/timers:581:17)
	at process.processTimers (node:internal/timers:519:7) setContext undefined
2024-12-13 02:13:41.748 [info] Extension host with pid 1068 exiting with code 0
