2024-12-12 09:17:15.212 [info] [main] Log level: Info
2024-12-12 09:17:15.212 [info] [main] Validating found git in: "git"
2024-12-12 09:17:15.212 [info] [main] Using git "2.34.1" from "git"
2024-12-12 09:17:15.212 [info] [Model][doInitialScan] Initial repository scan started
2024-12-12 09:17:15.220 [info] > git rev-parse --show-toplevel [11ms]
2024-12-12 09:17:15.220 [info] fatal: not a git repository (or any of the parent directories): .git
2024-12-12 09:17:15.224 [info] > git rev-parse --show-toplevel [1ms]
2024-12-12 09:17:15.224 [info] fatal: not a git repository (or any of the parent directories): .git
2024-12-12 09:17:15.228 [info] > git rev-parse --show-toplevel [0ms]
2024-12-12 09:17:15.228 [info] fatal: not a git repository (or any of the parent directories): .git
2024-12-12 09:17:15.231 [info] > git rev-parse --show-toplevel [1ms]
2024-12-12 09:17:15.231 [info] fatal: not a git repository (or any of the parent directories): .git
2024-12-12 09:17:15.235 [info] > git rev-parse --show-toplevel [2ms]
2024-12-12 09:17:15.235 [info] fatal: not a git repository (or any of the parent directories): .git
2024-12-12 09:17:15.238 [info] > git rev-parse --show-toplevel [0ms]
2024-12-12 09:17:15.238 [info] fatal: not a git repository (or any of the parent directories): .git
2024-12-12 09:17:15.242 [info] > git rev-parse --show-toplevel [1ms]
2024-12-12 09:17:15.242 [info] fatal: not a git repository (or any of the parent directories): .git
2024-12-12 09:17:15.249 [info] > git rev-parse --show-toplevel [6ms]
2024-12-12 09:17:15.249 [info] fatal: not a git repository (or any of the parent directories): .git
2024-12-12 09:17:15.258 [info] > git rev-parse --show-toplevel [5ms]
2024-12-12 09:17:15.263 [info] > git rev-parse --git-dir --git-common-dir [2ms]
2024-12-12 09:17:15.283 [info] [Model][openRepository] Opened repository: /home/ubuntu/react-frontend
2024-12-12 09:17:15.289 [info] [Model][doInitialScan] Initial repository scan completed - repositories (1), closed repositories (0), parent repositories (0), unsafe repositories (0)
2024-12-12 09:17:15.342 [info] > git fetch [60ms]
2024-12-12 09:17:15.347 [info] > git config --get commit.template [7ms]
2024-12-12 09:17:15.355 [info] [Git][getRemotes] No remotes found in the git config file
2024-12-12 09:17:15.360 [info] > git for-each-ref --format=%(refname)%00%(upstream:short)%00%(objectname)%00%(upstream:track)%00%(upstream:remotename)%00%(upstream:remoteref) refs/heads/master refs/remotes/master [7ms]
2024-12-12 09:17:15.361 [warning] [Git][getBranch] No such branch: master
2024-12-12 09:17:15.368 [info] > git config --get commit.template [20ms]
2024-12-12 09:17:15.372 [info] [Git][getRemotes] No remotes found in the git config file
2024-12-12 09:17:15.379 [info] > git for-each-ref --format=%(refname)%00%(upstream:short)%00%(objectname)%00%(upstream:track)%00%(upstream:remotename)%00%(upstream:remoteref) refs/heads/master refs/remotes/master [14ms]
2024-12-12 09:17:15.379 [warning] [Git][getBranch] No such branch: master
2024-12-12 09:17:15.380 [error] [GitHistoryProvider][resolveHEADMergeBase] Failed to resolve merge base for master: Error: No such branch: master.
2024-12-12 09:17:15.381 [info] > git config --get commit.template [7ms]
2024-12-12 09:17:15.382 [info] > git for-each-ref --format=%(refname)%00%(upstream:short)%00%(objectname)%00%(upstream:track)%00%(upstream:remotename)%00%(upstream:remoteref) refs/heads/master refs/remotes/master [10ms]
2024-12-12 09:17:15.382 [warning] [Git][getBranch] No such branch: master
2024-12-12 09:17:15.386 [info] [Git][getRemotes] No remotes found in the git config file
2024-12-12 09:17:15.388 [info] > git for-each-ref --format=%(refname)%00%(upstream:short)%00%(objectname)%00%(upstream:track)%00%(upstream:remotename)%00%(upstream:remoteref) refs/heads/master refs/remotes/master [2ms]
2024-12-12 09:17:15.388 [warning] [Git][getBranch] No such branch: master
2024-12-12 09:17:15.398 [info] > git for-each-ref --sort -committerdate --format %(refname) %(objectname) %(*objectname) [3ms]
2024-12-12 09:17:15.400 [info] > git status -z -uall [9ms]
2024-12-12 09:17:15.805 [info] > git check-ignore -v -z --stdin [1ms]
2024-12-12 09:19:20.556 [info] > git rev-parse --show-toplevel [3ms]
2024-12-12 09:19:20.556 [info] fatal: not a git repository (or any of the parent directories): .git
2024-12-12 09:20:15.395 [info] > git fetch [7ms]
2024-12-12 09:20:15.404 [info] > git config --get commit.template [0ms]
2024-12-12 09:20:15.406 [info] [Git][getRemotes] No remotes found in the git config file
2024-12-12 09:20:15.407 [info] > git for-each-ref --format=%(refname)%00%(upstream:short)%00%(objectname)%00%(upstream:track)%00%(upstream:remotename)%00%(upstream:remoteref) refs/heads/master refs/remotes/master [1ms]
2024-12-12 09:20:15.407 [warning] [Git][getBranch] No such branch: master
2024-12-12 09:20:15.413 [info] > git for-each-ref --sort -committerdate --format %(refname) %(objectname) %(*objectname) [0ms]
2024-12-12 09:20:15.419 [info] > git status -z -uall [9ms]
2024-12-12 09:20:16.537 [info] [Git][getRemotes] No remotes found in the git config file
2024-12-12 09:20:16.538 [info] > git config --get commit.template [3ms]
2024-12-12 09:20:16.540 [info] > git for-each-ref --format=%(refname)%00%(upstream:short)%00%(objectname)%00%(upstream:track)%00%(upstream:remotename)%00%(upstream:remoteref) refs/heads/master refs/remotes/master [3ms]
2024-12-12 09:20:16.540 [warning] [Git][getBranch] No such branch: master
2024-12-12 09:20:16.545 [info] > git status -z -uall [3ms]
2024-12-12 09:20:16.546 [info] > git for-each-ref --sort -committerdate --format %(refname) %(objectname) %(*objectname) [2ms]
2024-12-12 09:23:10.598 [info] [Git][getRemotes] No remotes found in the git config file
2024-12-12 09:23:10.600 [info] > git for-each-ref --format=%(refname)%00%(upstream:short)%00%(objectname)%00%(upstream:track)%00%(upstream:remotename)%00%(upstream:remoteref) refs/heads/master refs/remotes/master [2ms]
2024-12-12 09:23:10.600 [warning] [Git][getBranch] No such branch: master
2024-12-12 09:23:10.600 [info] > git config --get commit.template [9ms]
2024-12-12 09:23:10.607 [info] > git for-each-ref --sort -committerdate --format %(refname) %(objectname) %(*objectname) [2ms]
2024-12-12 09:23:10.609 [info] > git status -z -uall [7ms]
2024-12-12 09:23:15.462 [info] > git fetch [38ms]
2024-12-12 09:23:15.468 [info] [Git][getRemotes] No remotes found in the git config file
2024-12-12 09:23:15.468 [info] > git config --get commit.template [2ms]
2024-12-12 09:23:15.469 [info] > git for-each-ref --format=%(refname)%00%(upstream:short)%00%(objectname)%00%(upstream:track)%00%(upstream:remotename)%00%(upstream:remoteref) refs/heads/master refs/remotes/master [1ms]
2024-12-12 09:23:15.469 [warning] [Git][getBranch] No such branch: master
2024-12-12 09:23:15.476 [info] > git status -z -uall [4ms]
2024-12-12 09:23:15.476 [info] > git for-each-ref --sort -committerdate --format %(refname) %(objectname) %(*objectname) [1ms]
2024-12-12 09:23:15.618 [info] [Git][getRemotes] No remotes found in the git config file
2024-12-12 09:23:15.619 [info] > git config --get commit.template [4ms]
2024-12-12 09:23:15.619 [info] > git for-each-ref --format=%(refname)%00%(upstream:short)%00%(objectname)%00%(upstream:track)%00%(upstream:remotename)%00%(upstream:remoteref) refs/heads/master refs/remotes/master [1ms]
2024-12-12 09:23:15.620 [warning] [Git][getBranch] No such branch: master
2024-12-12 09:23:15.625 [info] > git status -z -uall [4ms]
2024-12-12 09:23:15.627 [info] > git for-each-ref --sort -committerdate --format %(refname) %(objectname) %(*objectname) [3ms]
2024-12-12 09:23:37.556 [info] > git config --get commit.template [2ms]
2024-12-12 09:23:37.559 [info] [Git][getRemotes] No remotes found in the git config file
2024-12-12 09:23:37.559 [info] > git for-each-ref --format=%(refname)%00%(upstream:short)%00%(objectname)%00%(upstream:track)%00%(upstream:remotename)%00%(upstream:remoteref) refs/heads/master refs/remotes/master [0ms]
2024-12-12 09:23:37.560 [warning] [Git][getBranch] No such branch: master
2024-12-12 09:23:37.567 [info] > git status -z -uall [6ms]
2024-12-12 09:23:37.567 [info] > git for-each-ref --sort -committerdate --format %(refname) %(objectname) %(*objectname) [2ms]
2024-12-12 09:26:15.486 [info] > git fetch [3ms]
2024-12-12 09:26:15.491 [info] > git config --get commit.template [1ms]
2024-12-12 09:26:15.495 [info] [Git][getRemotes] No remotes found in the git config file
2024-12-12 09:26:15.495 [info] > git for-each-ref --format=%(refname)%00%(upstream:short)%00%(objectname)%00%(upstream:track)%00%(upstream:remotename)%00%(upstream:remoteref) refs/heads/master refs/remotes/master [1ms]
2024-12-12 09:26:15.495 [warning] [Git][getBranch] No such branch: master
2024-12-12 09:26:15.500 [info] > git status -z -uall [3ms]
2024-12-12 09:26:15.503 [info] > git for-each-ref --sort -committerdate --format %(refname) %(objectname) %(*objectname) [3ms]
2024-12-12 09:26:16.617 [info] [Git][getRemotes] No remotes found in the git config file
2024-12-12 09:26:16.618 [info] > git for-each-ref --format=%(refname)%00%(upstream:short)%00%(objectname)%00%(upstream:track)%00%(upstream:remotename)%00%(upstream:remoteref) refs/heads/master refs/remotes/master [1ms]
2024-12-12 09:26:16.618 [warning] [Git][getBranch] No such branch: master
2024-12-12 09:26:16.618 [info] > git config --get commit.template [5ms]
2024-12-12 09:26:16.625 [info] > git for-each-ref --sort -committerdate --format %(refname) %(objectname) %(*objectname) [1ms]
2024-12-12 09:26:16.627 [info] > git status -z -uall [7ms]
2024-12-12 09:29:15.514 [info] > git fetch [4ms]
2024-12-12 09:29:15.517 [info] > git config --get commit.template [0ms]
2024-12-12 09:29:15.520 [info] [Git][getRemotes] No remotes found in the git config file
2024-12-12 09:29:15.522 [info] > git for-each-ref --format=%(refname)%00%(upstream:short)%00%(objectname)%00%(upstream:track)%00%(upstream:remotename)%00%(upstream:remoteref) refs/heads/master refs/remotes/master [3ms]
2024-12-12 09:29:15.522 [warning] [Git][getBranch] No such branch: master
2024-12-12 09:29:15.532 [info] > git status -z -uall [8ms]
2024-12-12 09:29:15.532 [info] > git for-each-ref --sort -committerdate --format %(refname) %(objectname) %(*objectname) [1ms]
2024-12-12 09:29:16.690 [info] [Git][getRemotes] No remotes found in the git config file
2024-12-12 09:29:16.690 [info] > git config --get commit.template [4ms]
2024-12-12 09:29:16.691 [info] > git for-each-ref --format=%(refname)%00%(upstream:short)%00%(objectname)%00%(upstream:track)%00%(upstream:remotename)%00%(upstream:remoteref) refs/heads/master refs/remotes/master [1ms]
2024-12-12 09:29:16.691 [warning] [Git][getBranch] No such branch: master
2024-12-12 09:29:16.697 [info] > git status -z -uall [3ms]
2024-12-12 09:29:16.698 [info] > git for-each-ref --sort -committerdate --format %(refname) %(objectname) %(*objectname) [2ms]
2024-12-12 09:30:15.366 [info] [Git][getRemotes] No remotes found in the git config file
2024-12-12 09:30:15.366 [info] > git for-each-ref --format=%(refname)%00%(upstream:short)%00%(objectname)%00%(upstream:track)%00%(upstream:remotename)%00%(upstream:remoteref) refs/heads/master refs/remotes/master [1ms]
2024-12-12 09:30:15.366 [warning] [Git][getBranch] No such branch: master
2024-12-12 09:30:15.366 [info] > git config --get commit.template [6ms]
2024-12-12 09:30:15.372 [info] > git status -z -uall [3ms]
2024-12-12 09:30:15.373 [info] > git for-each-ref --sort -committerdate --format %(refname) %(objectname) %(*objectname) [1ms]
2024-12-12 09:31:20.829 [info] [Git][getRemotes] No remotes found in the git config file
2024-12-12 09:31:20.830 [info] > git config --get commit.template [5ms]
2024-12-12 09:31:20.830 [info] > git for-each-ref --format=%(refname)%00%(upstream:short)%00%(objectname)%00%(upstream:track)%00%(upstream:remotename)%00%(upstream:remoteref) refs/heads/master refs/remotes/master [1ms]
2024-12-12 09:31:20.830 [warning] [Git][getBranch] No such branch: master
2024-12-12 09:31:20.836 [info] > git status -z -uall [4ms]
2024-12-12 09:31:20.837 [info] > git for-each-ref --sort -committerdate --format %(refname) %(objectname) %(*objectname) [2ms]
2024-12-12 09:31:48.207 [info] > git config --get commit.template [1ms]
2024-12-12 09:31:48.210 [info] [Git][getRemotes] No remotes found in the git config file
2024-12-12 09:31:48.210 [info] > git for-each-ref --format=%(refname)%00%(upstream:short)%00%(objectname)%00%(upstream:track)%00%(upstream:remotename)%00%(upstream:remoteref) refs/heads/master refs/remotes/master [0ms]
2024-12-12 09:31:48.210 [warning] [Git][getBranch] No such branch: master
2024-12-12 09:31:48.216 [info] > git status -z -uall [4ms]
2024-12-12 09:31:48.217 [info] > git for-each-ref --sort -committerdate --format %(refname) %(objectname) %(*objectname) [2ms]
2024-12-12 09:32:13.783 [info] [Git][getRemotes] No remotes found in the git config file
2024-12-12 09:32:13.783 [info] > git config --get commit.template [4ms]
2024-12-12 09:32:13.783 [info] > git for-each-ref --format=%(refname)%00%(upstream:short)%00%(objectname)%00%(upstream:track)%00%(upstream:remotename)%00%(upstream:remoteref) refs/heads/master refs/remotes/master [0ms]
2024-12-12 09:32:13.783 [warning] [Git][getBranch] No such branch: master
2024-12-12 09:32:13.789 [info] > git status -z -uall [3ms]
2024-12-12 09:32:13.792 [info] > git for-each-ref --sort -committerdate --format %(refname) %(objectname) %(*objectname) [3ms]
2024-12-12 09:32:16.227 [info] > git fetch [3ms]
2024-12-12 09:32:16.234 [info] [Git][getRemotes] No remotes found in the git config file
2024-12-12 09:32:16.234 [info] > git for-each-ref --format=%(refname)%00%(upstream:short)%00%(objectname)%00%(upstream:track)%00%(upstream:remotename)%00%(upstream:remoteref) refs/heads/master refs/remotes/master [0ms]
2024-12-12 09:32:16.234 [warning] [Git][getBranch] No such branch: master
2024-12-12 09:32:16.234 [info] > git config --get commit.template [3ms]
2024-12-12 09:32:16.240 [info] > git status -z -uall [4ms]
2024-12-12 09:32:16.240 [info] > git for-each-ref --sort -committerdate --format %(refname) %(objectname) %(*objectname) [0ms]
2024-12-12 09:32:18.798 [info] > git config --get commit.template [3ms]
2024-12-12 09:32:18.801 [info] [Git][getRemotes] No remotes found in the git config file
2024-12-12 09:32:18.801 [info] > git for-each-ref --format=%(refname)%00%(upstream:short)%00%(objectname)%00%(upstream:track)%00%(upstream:remotename)%00%(upstream:remoteref) refs/heads/master refs/remotes/master [0ms]
2024-12-12 09:32:18.801 [warning] [Git][getBranch] No such branch: master
2024-12-12 09:32:18.808 [info] > git status -z -uall [4ms]
2024-12-12 09:32:18.809 [info] > git for-each-ref --sort -committerdate --format %(refname) %(objectname) %(*objectname) [2ms]
2024-12-12 09:32:30.681 [info] > git config --get commit.template [1ms]
2024-12-12 09:32:30.684 [info] [Git][getRemotes] No remotes found in the git config file
2024-12-12 09:32:30.686 [info] > git for-each-ref --format=%(refname)%00%(upstream:short)%00%(objectname)%00%(upstream:track)%00%(upstream:remotename)%00%(upstream:remoteref) refs/heads/master refs/remotes/master [2ms]
2024-12-12 09:32:30.686 [warning] [Git][getBranch] No such branch: master
2024-12-12 09:32:30.692 [info] > git status -z -uall [4ms]
2024-12-12 09:32:30.694 [info] > git for-each-ref --sort -committerdate --format %(refname) %(objectname) %(*objectname) [2ms]
2024-12-12 09:32:35.704 [info] [Git][getRemotes] No remotes found in the git config file
2024-12-12 09:32:35.704 [info] > git config --get commit.template [3ms]
2024-12-12 09:32:35.705 [info] > git for-each-ref --format=%(refname)%00%(upstream:short)%00%(objectname)%00%(upstream:track)%00%(upstream:remotename)%00%(upstream:remoteref) refs/heads/master refs/remotes/master [1ms]
2024-12-12 09:32:35.705 [warning] [Git][getBranch] No such branch: master
2024-12-12 09:32:35.712 [info] > git for-each-ref --sort -committerdate --format %(refname) %(objectname) %(*objectname) [2ms]
2024-12-12 09:32:35.715 [info] > git status -z -uall [7ms]
2024-12-12 09:33:25.278 [info] [Git][getRemotes] No remotes found in the git config file
2024-12-12 09:33:25.278 [info] > git for-each-ref --format=%(refname)%00%(upstream:short)%00%(objectname)%00%(upstream:track)%00%(upstream:remotename)%00%(upstream:remoteref) refs/heads/master refs/remotes/master [1ms]
2024-12-12 09:33:25.278 [warning] [Git][getBranch] No such branch: master
2024-12-12 09:33:25.278 [info] > git config --get commit.template [6ms]
2024-12-12 09:33:25.288 [info] > git status -z -uall [6ms]
2024-12-12 09:33:25.288 [info] > git for-each-ref --sort -committerdate --format %(refname) %(objectname) %(*objectname) [2ms]
2024-12-12 09:33:30.299 [info] [Git][getRemotes] No remotes found in the git config file
2024-12-12 09:33:30.299 [info] > git config --get commit.template [4ms]
2024-12-12 09:33:30.299 [info] > git for-each-ref --format=%(refname)%00%(upstream:short)%00%(objectname)%00%(upstream:track)%00%(upstream:remotename)%00%(upstream:remoteref) refs/heads/master refs/remotes/master [0ms]
2024-12-12 09:33:30.299 [warning] [Git][getBranch] No such branch: master
2024-12-12 09:33:30.305 [info] > git status -z -uall [3ms]
2024-12-12 09:33:30.307 [info] > git for-each-ref --sort -committerdate --format %(refname) %(objectname) %(*objectname) [2ms]
2024-12-12 09:34:29.672 [info] > git check-ignore -v -z --stdin [29ms]
2024-12-12 09:34:53.428 [info] [Git][getRemotes] No remotes found in the git config file
2024-12-12 09:34:53.476 [info] > git config --get commit.template [55ms]
2024-12-12 09:34:53.489 [info] > git for-each-ref --format=%(refname)%00%(upstream:short)%00%(objectname)%00%(upstream:track)%00%(upstream:remotename)%00%(upstream:remoteref) refs/heads/master refs/remotes/master [42ms]
2024-12-12 09:34:53.489 [warning] [Git][getBranch] No such branch: master
2024-12-12 09:34:53.522 [info] > git for-each-ref --sort -committerdate --format %(refname) %(objectname) %(*objectname) [4ms]
2024-12-12 09:34:53.535 [info] > git status -z -uall [26ms]
2024-12-12 09:35:08.181 [info] [Git][getRemotes] No remotes found in the git config file
2024-12-12 09:35:08.383 [info] > git config --get commit.template [227ms]
2024-12-12 09:35:08.383 [info] > git for-each-ref --format=%(refname)%00%(upstream:short)%00%(objectname)%00%(upstream:track)%00%(upstream:remotename)%00%(upstream:remoteref) refs/heads/master refs/remotes/master [209ms]
2024-12-12 09:35:08.386 [warning] [Git][getBranch] No such branch: master
2024-12-12 09:35:08.905 [info] > git status -z -uall [423ms]
2024-12-12 09:35:09.016 [info] > git for-each-ref --sort -committerdate --format %(refname) %(objectname) %(*objectname) [164ms]
2024-12-12 09:35:17.834 [info] > git fetch [1327ms]
2024-12-12 09:35:19.316 [info] > git config --get commit.template [434ms]
2024-12-12 09:35:19.561 [info] [Git][getRemotes] No remotes found in the git config file
2024-12-12 09:35:20.066 [info] > git for-each-ref --format=%(refname)%00%(upstream:short)%00%(objectname)%00%(upstream:track)%00%(upstream:remotename)%00%(upstream:remoteref) refs/heads/master refs/remotes/master [259ms]
2024-12-12 09:35:20.163 [warning] [Git][getBranch] No such branch: master
2024-12-12 09:35:20.462 [info] > git for-each-ref --sort -committerdate --format %(refname) %(objectname) %(*objectname) [112ms]
2024-12-12 09:35:20.530 [info] > git status -z -uall [251ms]
2024-12-12 09:35:21.059 [info] [Git][getRemotes] No remotes found in the git config file
2024-12-12 09:35:21.105 [info] > git for-each-ref --format=%(refname)%00%(upstream:short)%00%(objectname)%00%(upstream:track)%00%(upstream:remotename)%00%(upstream:remoteref) refs/heads/master refs/remotes/master [292ms]
2024-12-12 09:35:21.106 [warning] [Git][getBranch] No such branch: master
2024-12-12 09:35:21.106 [info] > git config --get commit.template [493ms]
2024-12-12 09:35:21.547 [info] > git status -z -uall [365ms]
2024-12-12 09:35:21.547 [info] > git for-each-ref --sort -committerdate --format %(refname) %(objectname) %(*objectname) [134ms]
2024-12-12 09:35:38.421 [info] > git config --get commit.template [443ms]
2024-12-12 09:35:38.473 [info] [Git][getRemotes] No remotes found in the git config file
2024-12-12 09:35:38.695 [info] > git for-each-ref --format=%(refname)%00%(upstream:short)%00%(objectname)%00%(upstream:track)%00%(upstream:remotename)%00%(upstream:remoteref) refs/heads/master refs/remotes/master [103ms]
2024-12-12 09:35:38.739 [warning] [Git][getBranch] No such branch: master
2024-12-12 09:35:38.975 [info] > git for-each-ref --sort -committerdate --format %(refname) %(objectname) %(*objectname) [69ms]
2024-12-12 09:35:38.982 [info] > git status -z -uall [126ms]
2024-12-12 09:35:59.363 [info] > git config --get commit.template [416ms]
2024-12-12 09:35:59.413 [info] [Git][getRemotes] No remotes found in the git config file
2024-12-12 09:36:00.152 [info] > git for-each-ref --format=%(refname)%00%(upstream:short)%00%(objectname)%00%(upstream:track)%00%(upstream:remotename)%00%(upstream:remoteref) refs/heads/master refs/remotes/master [486ms]
2024-12-12 09:36:00.232 [warning] [Git][getBranch] No such branch: master
2024-12-12 09:36:01.083 [info] > git status -z -uall [668ms]
2024-12-12 09:36:01.087 [info] > git for-each-ref --sort -committerdate --format %(refname) %(objectname) %(*objectname) [361ms]
