2024-12-13 05:25:18.956 [info] [main] Log level: Info
2024-12-13 05:25:18.956 [info] [main] Validating found git in: "git"
2024-12-13 05:25:18.956 [info] [main] Using git "2.34.1" from "git"
2024-12-13 05:25:18.956 [info] [Model][doInitialScan] Initial repository scan started
2024-12-13 05:25:18.956 [info] > git rev-parse --show-toplevel [43ms]
2024-12-13 05:25:18.956 [info] fatal: not a git repository (or any of the parent directories): .git
2024-12-13 05:25:18.956 [info] > git rev-parse --show-toplevel [262ms]
2024-12-13 05:25:19.217 [info] > git rev-parse --git-dir --git-common-dir [22ms]
2024-12-13 05:25:19.266 [info] [Model][openRepository] Opened repository: /home/ubuntu/react-frontend
2024-12-13 05:25:19.464 [info] > git rev-parse --show-toplevel [153ms]
2024-12-13 05:25:19.464 [info] fatal: not a git repository (or any of the parent directories): .git
2024-12-13 05:25:19.465 [info] > git config --get commit.template [168ms]
2024-12-13 05:25:19.508 [info] [Git][getRemotes] No remotes found in the git config file
2024-12-13 05:25:19.535 [info] > git rev-parse --show-toplevel [28ms]
2024-12-13 05:25:19.535 [info] fatal: not a git repository (or any of the parent directories): .git
2024-12-13 05:25:19.571 [info] > git rev-parse --show-toplevel [8ms]
2024-12-13 05:25:19.571 [info] fatal: not a git repository (or any of the parent directories): .git
2024-12-13 05:25:19.572 [info] > git for-each-ref --format=%(refname)%00%(upstream:short)%00%(objectname)%00%(upstream:track)%00%(upstream:remotename)%00%(upstream:remoteref) refs/heads/master refs/remotes/master [40ms]
2024-12-13 05:25:19.572 [warning] [Git][getBranch] No such branch: master
2024-12-13 05:25:19.690 [info] > git status -z -uall [70ms]
2024-12-13 05:25:19.714 [info] > git rev-parse --show-toplevel [30ms]
2024-12-13 05:25:19.714 [info] fatal: not a git repository (or any of the parent directories): .git
2024-12-13 05:25:19.719 [info] > git for-each-ref --sort -committerdate --format %(refname) %(objectname) %(*objectname) [59ms]
2024-12-13 05:25:20.175 [info] > git for-each-ref --format=%(refname)%00%(upstream:short)%00%(objectname)%00%(upstream:track)%00%(upstream:remotename)%00%(upstream:remoteref) refs/heads/master refs/remotes/master [358ms]
2024-12-13 05:25:20.175 [warning] [Git][getBranch] No such branch: master
2024-12-13 05:25:20.187 [error] [GitHistoryProvider][resolveHEADMergeBase] Failed to resolve merge base for master: Error: No such branch: master.
2024-12-13 05:25:20.239 [info] > git check-ignore -v -z --stdin [10ms]
2024-12-13 05:25:20.244 [info] > git config --get commit.template [70ms]
2024-12-13 05:25:20.244 [info] > git rev-parse --show-toplevel [104ms]
2024-12-13 05:25:20.244 [info] fatal: not a git repository (or any of the parent directories): .git
2024-12-13 05:25:20.341 [info] [Git][getRemotes] No remotes found in the git config file
2024-12-13 05:25:20.341 [info] > git rev-parse --show-toplevel [36ms]
2024-12-13 05:25:20.347 [info] fatal: not a git repository (or any of the parent directories): .git
2024-12-13 05:25:20.355 [info] [Model][doInitialScan] Initial repository scan completed - repositories (1), closed repositories (0), parent repositories (0), unsafe repositories (0)
2024-12-13 05:25:20.390 [info] > git show --textconv :src/pages/Home.js [21ms]
2024-12-13 05:25:20.393 [info] > git for-each-ref --format=%(refname)%00%(upstream:short)%00%(objectname)%00%(upstream:track)%00%(upstream:remotename)%00%(upstream:remoteref) refs/heads/master refs/remotes/master [53ms]
2024-12-13 05:25:20.393 [warning] [Git][getBranch] No such branch: master
2024-12-13 05:25:20.406 [info] > git status -z -uall [9ms]
2024-12-13 05:25:20.409 [info] > git ls-files --stage -- /home/ubuntu/react-frontend/src/pages/Home.js [20ms]
2024-12-13 05:25:20.410 [info] > git for-each-ref --sort -committerdate --format %(refname) %(objectname) %(*objectname) [7ms]
2024-12-13 05:28:41.792 [info] > git fetch [31ms]
2024-12-13 05:28:41.803 [info] [Git][getRemotes] No remotes found in the git config file
2024-12-13 05:28:41.805 [info] > git config --get commit.template [7ms]
2024-12-13 05:28:41.805 [info] > git for-each-ref --format=%(refname)%00%(upstream:short)%00%(objectname)%00%(upstream:track)%00%(upstream:remotename)%00%(upstream:remoteref) refs/heads/master refs/remotes/master [2ms]
2024-12-13 05:28:41.805 [warning] [Git][getBranch] No such branch: master
2024-12-13 05:28:41.816 [info] > git status -z -uall [5ms]
2024-12-13 05:28:41.817 [info] > git for-each-ref --sort -committerdate --format %(refname) %(objectname) %(*objectname) [2ms]
2024-12-13 05:28:42.819 [info] > git check-ignore -v -z --stdin [3ms]
2024-12-13 05:28:43.023 [info] [Git][getRemotes] No remotes found in the git config file
2024-12-13 05:28:43.026 [info] > git config --get commit.template [14ms]
2024-12-13 05:28:43.027 [info] > git for-each-ref --format=%(refname)%00%(upstream:short)%00%(objectname)%00%(upstream:track)%00%(upstream:remotename)%00%(upstream:remoteref) refs/heads/master refs/remotes/master [4ms]
2024-12-13 05:28:43.028 [warning] [Git][getBranch] No such branch: master
2024-12-13 05:28:43.048 [info] > git status -z -uall [10ms]
2024-12-13 05:28:43.057 [info] > git for-each-ref --sort -committerdate --format %(refname) %(objectname) %(*objectname) [9ms]
2024-12-13 05:28:43.175 [info] > git ls-files --stage -- /home/ubuntu/react-frontend/src/pages/Home.js [2ms]
2024-12-13 05:28:43.271 [info] > git show --textconv :src/pages/Home.js [3ms]
2024-12-13 05:48:26.810 [info] > git fetch [10ms]
2024-12-13 05:48:26.822 [info] [Git][getRemotes] No remotes found in the git config file
2024-12-13 05:48:26.826 [info] > git config --get commit.template [9ms]
2024-12-13 05:48:26.826 [info] > git for-each-ref --format=%(refname)%00%(upstream:short)%00%(objectname)%00%(upstream:track)%00%(upstream:remotename)%00%(upstream:remoteref) refs/heads/master refs/remotes/master [4ms]
2024-12-13 05:48:26.827 [warning] [Git][getBranch] No such branch: master
2024-12-13 05:48:26.838 [info] > git status -z -uall [6ms]
2024-12-13 05:48:26.840 [info] > git for-each-ref --sort -committerdate --format %(refname) %(objectname) %(*objectname) [3ms]
2024-12-13 05:48:27.484 [info] > git check-ignore -v -z --stdin [2ms]
2024-12-13 05:48:27.986 [info] [Git][getRemotes] No remotes found in the git config file
2024-12-13 05:48:27.986 [info] > git config --get commit.template [5ms]
2024-12-13 05:48:27.987 [info] > git for-each-ref --format=%(refname)%00%(upstream:short)%00%(objectname)%00%(upstream:track)%00%(upstream:remotename)%00%(upstream:remoteref) refs/heads/master refs/remotes/master [2ms]
2024-12-13 05:48:27.987 [warning] [Git][getBranch] No such branch: master
2024-12-13 05:48:28.010 [info] > git status -z -uall [19ms]
2024-12-13 05:48:28.015 [info] > git for-each-ref --sort -committerdate --format %(refname) %(objectname) %(*objectname) [19ms]
2024-12-13 05:48:28.156 [info] > git ls-files --stage -- /home/ubuntu/react-frontend/src/pages/Home.js [3ms]
2024-12-13 05:48:28.254 [info] > git show --textconv :src/pages/Home.js [4ms]
2024-12-13 05:48:38.400 [info] > git check-ignore -v -z --stdin [5ms]
2024-12-13 05:48:49.359 [info] > git check-ignore -v -z --stdin [2ms]
2024-12-13 05:49:40.908 [info] > git rev-parse --show-toplevel [2ms]
2024-12-13 05:49:40.908 [info] fatal: not a git repository (or any of the parent directories): .git
2024-12-13 05:50:35.624 [info] > git show --textconv :src/pages/ViewExpenses.js [4ms]
2024-12-13 05:50:35.625 [info] > git ls-files --stage -- /home/ubuntu/react-frontend/src/pages/ViewExpenses.js [2ms]
2024-12-13 05:50:35.734 [info] > git check-ignore -v -z --stdin [6ms]
2024-12-13 05:50:36.263 [info] > git config --get commit.template [3ms]
2024-12-13 05:50:36.267 [info] [Git][getRemotes] No remotes found in the git config file
2024-12-13 05:50:36.268 [info] > git for-each-ref --format=%(refname)%00%(upstream:short)%00%(objectname)%00%(upstream:track)%00%(upstream:remotename)%00%(upstream:remoteref) refs/heads/master refs/remotes/master [2ms]
2024-12-13 05:50:36.269 [warning] [Git][getBranch] No such branch: master
2024-12-13 05:50:36.277 [info] > git status -z -uall [4ms]
2024-12-13 05:50:36.278 [info] > git for-each-ref --sort -committerdate --format %(refname) %(objectname) %(*objectname) [2ms]
2024-12-13 05:50:42.004 [info] [Git][getRemotes] No remotes found in the git config file
2024-12-13 05:50:42.005 [info] > git config --get commit.template [5ms]
2024-12-13 05:50:42.005 [info] > git for-each-ref --format=%(refname)%00%(upstream:short)%00%(objectname)%00%(upstream:track)%00%(upstream:remotename)%00%(upstream:remoteref) refs/heads/master refs/remotes/master [1ms]
2024-12-13 05:50:42.006 [warning] [Git][getBranch] No such branch: master
2024-12-13 05:50:42.013 [info] > git status -z -uall [4ms]
2024-12-13 05:50:42.014 [info] > git for-each-ref --sort -committerdate --format %(refname) %(objectname) %(*objectname) [2ms]
2024-12-13 05:50:49.903 [info] [Git][getRemotes] No remotes found in the git config file
2024-12-13 05:50:49.904 [info] > git config --get commit.template [16ms]
2024-12-13 05:50:49.906 [info] > git for-each-ref --format=%(refname)%00%(upstream:short)%00%(objectname)%00%(upstream:track)%00%(upstream:remotename)%00%(upstream:remoteref) refs/heads/master refs/remotes/master [3ms]
2024-12-13 05:50:49.906 [warning] [Git][getBranch] No such branch: master
2024-12-13 05:50:49.930 [info] > git status -z -uall [14ms]
2024-12-13 05:50:49.933 [info] > git for-each-ref --sort -committerdate --format %(refname) %(objectname) %(*objectname) [4ms]
2024-12-13 05:51:04.899 [info] [Git][getRemotes] No remotes found in the git config file
2024-12-13 05:51:04.900 [info] > git config --get commit.template [4ms]
2024-12-13 05:51:04.900 [info] > git for-each-ref --format=%(refname)%00%(upstream:short)%00%(objectname)%00%(upstream:track)%00%(upstream:remotename)%00%(upstream:remoteref) refs/heads/master refs/remotes/master [1ms]
2024-12-13 05:51:04.901 [warning] [Git][getBranch] No such branch: master
2024-12-13 05:51:04.909 [info] > git status -z -uall [6ms]
2024-12-13 05:51:04.910 [info] > git for-each-ref --sort -committerdate --format %(refname) %(objectname) %(*objectname) [3ms]
2024-12-13 05:51:09.922 [info] [Git][getRemotes] No remotes found in the git config file
2024-12-13 05:51:09.923 [info] > git config --get commit.template [5ms]
2024-12-13 05:51:09.924 [info] > git for-each-ref --format=%(refname)%00%(upstream:short)%00%(objectname)%00%(upstream:track)%00%(upstream:remotename)%00%(upstream:remoteref) refs/heads/master refs/remotes/master [2ms]
2024-12-13 05:51:09.924 [warning] [Git][getBranch] No such branch: master
2024-12-13 05:51:09.940 [info] > git status -z -uall [12ms]
2024-12-13 05:51:09.947 [info] > git for-each-ref --sort -committerdate --format %(refname) %(objectname) %(*objectname) [8ms]
2024-12-13 05:51:17.571 [info] [Git][getRemotes] No remotes found in the git config file
2024-12-13 05:51:17.576 [info] > git config --get commit.template [6ms]
2024-12-13 05:51:17.577 [info] > git for-each-ref --format=%(refname)%00%(upstream:short)%00%(objectname)%00%(upstream:track)%00%(upstream:remotename)%00%(upstream:remoteref) refs/heads/master refs/remotes/master [2ms]
2024-12-13 05:51:17.577 [warning] [Git][getBranch] No such branch: master
2024-12-13 05:51:17.586 [info] > git status -z -uall [6ms]
2024-12-13 05:51:17.587 [info] > git for-each-ref --sort -committerdate --format %(refname) %(objectname) %(*objectname) [2ms]
2024-12-13 05:51:22.607 [info] [Git][getRemotes] No remotes found in the git config file
2024-12-13 05:51:22.608 [info] > git config --get commit.template [8ms]
2024-12-13 05:51:22.609 [info] > git for-each-ref --format=%(refname)%00%(upstream:short)%00%(objectname)%00%(upstream:track)%00%(upstream:remotename)%00%(upstream:remoteref) refs/heads/master refs/remotes/master [2ms]
2024-12-13 05:51:22.609 [warning] [Git][getBranch] No such branch: master
2024-12-13 05:51:22.621 [info] > git status -z -uall [6ms]
2024-12-13 05:51:22.623 [info] > git for-each-ref --sort -committerdate --format %(refname) %(objectname) %(*objectname) [4ms]
2024-12-13 05:51:25.931 [info] > git show --textconv :src/App.js [29ms]
2024-12-13 05:51:25.931 [info] > git ls-files --stage -- /home/ubuntu/react-frontend/src/App.js [15ms]
2024-12-13 05:51:26.850 [info] > git fetch [4ms]
2024-12-13 05:51:26.858 [info] [Git][getRemotes] No remotes found in the git config file
2024-12-13 05:51:26.859 [info] > git config --get commit.template [4ms]
2024-12-13 05:51:26.859 [info] > git for-each-ref --format=%(refname)%00%(upstream:short)%00%(objectname)%00%(upstream:track)%00%(upstream:remotename)%00%(upstream:remoteref) refs/heads/master refs/remotes/master [1ms]
2024-12-13 05:51:26.860 [warning] [Git][getBranch] No such branch: master
2024-12-13 05:51:26.868 [info] > git status -z -uall [6ms]
2024-12-13 05:51:26.868 [info] > git for-each-ref --sort -committerdate --format %(refname) %(objectname) %(*objectname) [1ms]
2024-12-13 05:51:38.942 [info] [Git][getRemotes] No remotes found in the git config file
2024-12-13 05:51:38.943 [info] > git config --get commit.template [4ms]
2024-12-13 05:51:38.944 [info] > git for-each-ref --format=%(refname)%00%(upstream:short)%00%(objectname)%00%(upstream:track)%00%(upstream:remotename)%00%(upstream:remoteref) refs/heads/master refs/remotes/master [1ms]
2024-12-13 05:51:38.944 [warning] [Git][getBranch] No such branch: master
2024-12-13 05:51:38.951 [info] > git status -z -uall [5ms]
2024-12-13 05:51:38.952 [info] > git for-each-ref --sort -committerdate --format %(refname) %(objectname) %(*objectname) [2ms]
2024-12-13 05:51:39.005 [info] > git ls-files --stage -- /home/ubuntu/react-frontend/src/App.js [5ms]
2024-12-13 05:51:39.093 [info] > git show --textconv :src/App.js [2ms]
2024-12-13 05:51:43.961 [info] > git config --get commit.template [2ms]
2024-12-13 05:51:43.964 [info] [Git][getRemotes] No remotes found in the git config file
2024-12-13 05:51:43.965 [info] > git for-each-ref --format=%(refname)%00%(upstream:short)%00%(objectname)%00%(upstream:track)%00%(upstream:remotename)%00%(upstream:remoteref) refs/heads/master refs/remotes/master [1ms]
2024-12-13 05:51:43.966 [warning] [Git][getBranch] No such branch: master
2024-12-13 05:51:43.973 [info] > git status -z -uall [4ms]
2024-12-13 05:51:43.974 [info] > git for-each-ref --sort -committerdate --format %(refname) %(objectname) %(*objectname) [2ms]
2024-12-13 05:51:52.714 [info] [Git][getRemotes] No remotes found in the git config file
2024-12-13 05:51:52.715 [info] > git config --get commit.template [4ms]
2024-12-13 05:51:52.715 [info] > git for-each-ref --format=%(refname)%00%(upstream:short)%00%(objectname)%00%(upstream:track)%00%(upstream:remotename)%00%(upstream:remoteref) refs/heads/master refs/remotes/master [1ms]
2024-12-13 05:51:52.715 [warning] [Git][getBranch] No such branch: master
2024-12-13 05:51:52.724 [info] > git status -z -uall [5ms]
2024-12-13 05:51:52.725 [info] > git for-each-ref --sort -committerdate --format %(refname) %(objectname) %(*objectname) [2ms]
2024-12-13 05:51:57.736 [info] [Git][getRemotes] No remotes found in the git config file
2024-12-13 05:51:57.737 [info] > git config --get commit.template [5ms]
2024-12-13 05:51:57.738 [info] > git for-each-ref --format=%(refname)%00%(upstream:short)%00%(objectname)%00%(upstream:track)%00%(upstream:remotename)%00%(upstream:remoteref) refs/heads/master refs/remotes/master [2ms]
2024-12-13 05:51:57.738 [warning] [Git][getBranch] No such branch: master
2024-12-13 05:51:57.746 [info] > git status -z -uall [4ms]
2024-12-13 05:51:57.747 [info] > git for-each-ref --sort -committerdate --format %(refname) %(objectname) %(*objectname) [2ms]
2024-12-13 05:52:55.992 [info] [Git][getRemotes] No remotes found in the git config file
2024-12-13 05:52:55.992 [info] > git config --get commit.template [4ms]
2024-12-13 05:52:55.993 [info] > git for-each-ref --format=%(refname)%00%(upstream:short)%00%(objectname)%00%(upstream:track)%00%(upstream:remotename)%00%(upstream:remoteref) refs/heads/master refs/remotes/master [2ms]
2024-12-13 05:52:55.993 [warning] [Git][getBranch] No such branch: master
2024-12-13 05:52:56.000 [info] > git status -z -uall [4ms]
2024-12-13 05:52:56.001 [info] > git for-each-ref --sort -committerdate --format %(refname) %(objectname) %(*objectname) [1ms]
2024-12-13 05:53:02.555 [info] [Git][getRemotes] No remotes found in the git config file
2024-12-13 05:53:02.558 [info] > git config --get commit.template [13ms]
2024-12-13 05:53:02.559 [info] > git for-each-ref --format=%(refname)%00%(upstream:short)%00%(objectname)%00%(upstream:track)%00%(upstream:remotename)%00%(upstream:remoteref) refs/heads/master refs/remotes/master [5ms]
2024-12-13 05:53:02.562 [warning] [Git][getBranch] No such branch: master
2024-12-13 05:53:02.580 [info] > git status -z -uall [10ms]
2024-12-13 05:53:02.587 [info] > git for-each-ref --sort -committerdate --format %(refname) %(objectname) %(*objectname) [8ms]
2024-12-13 05:53:19.872 [info] > git config --get commit.template [3ms]
2024-12-13 05:53:19.876 [info] [Git][getRemotes] No remotes found in the git config file
2024-12-13 05:53:19.878 [info] > git for-each-ref --format=%(refname)%00%(upstream:short)%00%(objectname)%00%(upstream:track)%00%(upstream:remotename)%00%(upstream:remoteref) refs/heads/master refs/remotes/master [2ms]
2024-12-13 05:53:19.879 [warning] [Git][getBranch] No such branch: master
2024-12-13 05:53:19.893 [info] > git status -z -uall [7ms]
2024-12-13 05:53:19.899 [info] > git for-each-ref --sort -committerdate --format %(refname) %(objectname) %(*objectname) [6ms]
2024-12-13 05:53:24.927 [info] [Git][getRemotes] No remotes found in the git config file
2024-12-13 05:53:24.928 [info] > git config --get commit.template [7ms]
2024-12-13 05:53:24.930 [info] > git for-each-ref --format=%(refname)%00%(upstream:short)%00%(objectname)%00%(upstream:track)%00%(upstream:remotename)%00%(upstream:remoteref) refs/heads/master refs/remotes/master [3ms]
2024-12-13 05:53:24.930 [warning] [Git][getBranch] No such branch: master
2024-12-13 05:53:24.947 [info] > git status -z -uall [11ms]
2024-12-13 05:53:24.948 [info] > git for-each-ref --sort -committerdate --format %(refname) %(objectname) %(*objectname) [5ms]
2024-12-13 05:53:29.969 [info] [Git][getRemotes] No remotes found in the git config file
2024-12-13 05:53:29.971 [info] > git for-each-ref --format=%(refname)%00%(upstream:short)%00%(objectname)%00%(upstream:track)%00%(upstream:remotename)%00%(upstream:remoteref) refs/heads/master refs/remotes/master [3ms]
2024-12-13 05:53:29.971 [warning] [Git][getBranch] No such branch: master
2024-12-13 05:53:29.972 [info] > git config --get commit.template [11ms]
2024-12-13 05:53:29.987 [info] > git status -z -uall [10ms]
2024-12-13 05:53:29.988 [info] > git for-each-ref --sort -committerdate --format %(refname) %(objectname) %(*objectname) [4ms]
2024-12-13 05:53:37.677 [info] [Git][getRemotes] No remotes found in the git config file
2024-12-13 05:53:37.677 [info] > git config --get commit.template [10ms]
2024-12-13 05:53:37.681 [info] > git for-each-ref --format=%(refname)%00%(upstream:short)%00%(objectname)%00%(upstream:track)%00%(upstream:remotename)%00%(upstream:remoteref) refs/heads/master refs/remotes/master [5ms]
2024-12-13 05:53:37.681 [warning] [Git][getBranch] No such branch: master
2024-12-13 05:53:37.692 [info] > git status -z -uall [7ms]
2024-12-13 05:53:37.697 [info] > git for-each-ref --sort -committerdate --format %(refname) %(objectname) %(*objectname) [5ms]
2024-12-13 05:54:28.800 [info] > git fetch [14ms]
2024-12-13 05:54:28.807 [info] [Git][getRemotes] No remotes found in the git config file
2024-12-13 05:54:28.823 [info] > git config --get commit.template [27ms]
2024-12-13 05:54:28.824 [info] > git for-each-ref --format=%(refname)%00%(upstream:short)%00%(objectname)%00%(upstream:track)%00%(upstream:remotename)%00%(upstream:remoteref) refs/heads/master refs/remotes/master [11ms]
2024-12-13 05:54:28.824 [warning] [Git][getBranch] No such branch: master
2024-12-13 05:54:28.830 [info] > git config --get commit.template [9ms]
2024-12-13 05:54:28.840 [info] [Git][getRemotes] No remotes found in the git config file
2024-12-13 05:54:28.842 [info] > git for-each-ref --format=%(refname)%00%(upstream:short)%00%(objectname)%00%(upstream:track)%00%(upstream:remotename)%00%(upstream:remoteref) refs/heads/master refs/remotes/master [2ms]
2024-12-13 05:54:28.843 [warning] [Git][getBranch] No such branch: master
2024-12-13 05:54:28.858 [info] > git status -z -uall [8ms]
2024-12-13 05:54:28.859 [info] > git for-each-ref --sort -committerdate --format %(refname) %(objectname) %(*objectname) [2ms]
2024-12-13 05:54:30.320 [info] > git ls-files --stage -- /home/ubuntu/react-frontend/src/App.js [6ms]
2024-12-13 05:54:30.378 [info] > git show --textconv :src/App.js [2ms]
2024-12-13 05:54:33.838 [info] [Git][getRemotes] No remotes found in the git config file
2024-12-13 05:54:33.839 [info] > git config --get commit.template [5ms]
2024-12-13 05:54:33.840 [info] > git for-each-ref --format=%(refname)%00%(upstream:short)%00%(objectname)%00%(upstream:track)%00%(upstream:remotename)%00%(upstream:remoteref) refs/heads/master refs/remotes/master [2ms]
2024-12-13 05:54:33.840 [warning] [Git][getBranch] No such branch: master
2024-12-13 05:54:33.853 [info] > git status -z -uall [8ms]
2024-12-13 05:54:33.854 [info] > git for-each-ref --sort -committerdate --format %(refname) %(objectname) %(*objectname) [6ms]
2024-12-13 05:55:58.129 [info] > git show --textconv :public/index.html [12ms]
2024-12-13 05:55:58.138 [info] > git ls-files --stage -- /home/ubuntu/react-frontend/public/index.html [10ms]
2024-12-13 05:56:05.433 [info] > git show --textconv :src/pages/Home.js [6ms]
2024-12-13 05:56:05.434 [info] > git ls-files --stage -- /home/ubuntu/react-frontend/src/pages/Home.js [3ms]
2024-12-13 05:56:10.702 [info] > git show --textconv :src/pages/ViewExpenses.js [7ms]
2024-12-13 05:56:10.709 [info] > git ls-files --stage -- /home/ubuntu/react-frontend/src/pages/ViewExpenses.js [7ms]
2024-12-13 05:56:17.673 [info] > git show --textconv :src/App.css [8ms]
2024-12-13 05:56:17.675 [info] > git ls-files --stage -- /home/ubuntu/react-frontend/src/App.css [3ms]
2024-12-13 05:56:22.233 [info] > git show --textconv :src/pages/Home.js [5ms]
2024-12-13 05:56:22.234 [info] > git ls-files --stage -- /home/ubuntu/react-frontend/src/pages/Home.js [2ms]
2024-12-13 05:56:31.528 [info] > git show --textconv :src/App.js [8ms]
2024-12-13 05:56:31.528 [info] > git ls-files --stage -- /home/ubuntu/react-frontend/src/App.js [2ms]
2024-12-13 05:57:33.011 [info] > git fetch [5ms]
2024-12-13 05:57:33.019 [info] [Git][getRemotes] No remotes found in the git config file
2024-12-13 05:57:33.020 [info] > git config --get commit.template [5ms]
2024-12-13 05:57:33.021 [info] > git for-each-ref --format=%(refname)%00%(upstream:short)%00%(objectname)%00%(upstream:track)%00%(upstream:remotename)%00%(upstream:remoteref) refs/heads/master refs/remotes/master [2ms]
2024-12-13 05:57:33.021 [warning] [Git][getBranch] No such branch: master
2024-12-13 05:57:33.031 [info] > git status -z -uall [4ms]
2024-12-13 05:57:33.032 [info] > git for-each-ref --sort -committerdate --format %(refname) %(objectname) %(*objectname) [2ms]
2024-12-13 05:57:34.162 [info] [Git][getRemotes] No remotes found in the git config file
2024-12-13 05:57:34.163 [info] > git config --get commit.template [5ms]
2024-12-13 05:57:34.164 [info] > git for-each-ref --format=%(refname)%00%(upstream:short)%00%(objectname)%00%(upstream:track)%00%(upstream:remotename)%00%(upstream:remoteref) refs/heads/master refs/remotes/master [2ms]
2024-12-13 05:57:34.164 [warning] [Git][getBranch] No such branch: master
2024-12-13 05:57:34.188 [info] > git status -z -uall [12ms]
2024-12-13 05:57:34.191 [info] > git for-each-ref --sort -committerdate --format %(refname) %(objectname) %(*objectname) [6ms]
2024-12-13 05:57:34.344 [info] > git ls-files --stage -- /home/ubuntu/react-frontend/src/App.js [1ms]
2024-12-13 05:57:34.435 [info] > git show --textconv :src/App.js [2ms]
2024-12-13 05:57:50.094 [info] [Git][getRemotes] No remotes found in the git config file
2024-12-13 05:57:50.095 [info] > git config --get commit.template [9ms]
2024-12-13 05:57:50.097 [info] > git for-each-ref --format=%(refname)%00%(upstream:short)%00%(objectname)%00%(upstream:track)%00%(upstream:remotename)%00%(upstream:remoteref) refs/heads/master refs/remotes/master [4ms]
2024-12-13 05:57:50.097 [warning] [Git][getBranch] No such branch: master
2024-12-13 05:57:50.107 [info] > git status -z -uall [4ms]
2024-12-13 05:57:50.108 [info] > git for-each-ref --sort -committerdate --format %(refname) %(objectname) %(*objectname) [2ms]
2024-12-13 05:57:56.766 [info] [Git][getRemotes] No remotes found in the git config file
2024-12-13 05:57:56.767 [info] > git config --get commit.template [5ms]
2024-12-13 05:57:56.768 [info] > git for-each-ref --format=%(refname)%00%(upstream:short)%00%(objectname)%00%(upstream:track)%00%(upstream:remotename)%00%(upstream:remoteref) refs/heads/master refs/remotes/master [2ms]
2024-12-13 05:57:56.768 [warning] [Git][getBranch] No such branch: master
2024-12-13 05:57:56.776 [info] > git status -z -uall [4ms]
2024-12-13 05:57:56.777 [info] > git for-each-ref --sort -committerdate --format %(refname) %(objectname) %(*objectname) [2ms]
2024-12-13 05:58:01.813 [info] [Git][getRemotes] No remotes found in the git config file
2024-12-13 05:58:01.819 [info] > git config --get commit.template [36ms]
2024-12-13 05:58:01.822 [info] > git for-each-ref --format=%(refname)%00%(upstream:short)%00%(objectname)%00%(upstream:track)%00%(upstream:remotename)%00%(upstream:remoteref) refs/heads/master refs/remotes/master [10ms]
2024-12-13 05:58:01.822 [warning] [Git][getBranch] No such branch: master
2024-12-13 05:58:01.840 [info] > git status -z -uall [11ms]
2024-12-13 05:58:01.841 [info] > git for-each-ref --sort -committerdate --format %(refname) %(objectname) %(*objectname) [3ms]
2024-12-13 05:58:06.852 [info] [Git][getRemotes] No remotes found in the git config file
2024-12-13 05:58:06.853 [info] > git config --get commit.template [4ms]
2024-12-13 05:58:06.853 [info] > git for-each-ref --format=%(refname)%00%(upstream:short)%00%(objectname)%00%(upstream:track)%00%(upstream:remotename)%00%(upstream:remoteref) refs/heads/master refs/remotes/master [1ms]
2024-12-13 05:58:06.853 [warning] [Git][getBranch] No such branch: master
2024-12-13 05:58:06.864 [info] > git status -z -uall [7ms]
2024-12-13 05:58:06.865 [info] > git for-each-ref --sort -committerdate --format %(refname) %(objectname) %(*objectname) [3ms]
2024-12-13 05:58:16.194 [info] > git config --get commit.template [2ms]
2024-12-13 05:58:16.199 [info] [Git][getRemotes] No remotes found in the git config file
2024-12-13 05:58:16.203 [info] > git for-each-ref --format=%(refname)%00%(upstream:short)%00%(objectname)%00%(upstream:track)%00%(upstream:remotename)%00%(upstream:remoteref) refs/heads/master refs/remotes/master [3ms]
2024-12-13 05:58:16.203 [warning] [Git][getBranch] No such branch: master
2024-12-13 05:58:16.217 [info] > git status -z -uall [9ms]
2024-12-13 05:58:16.219 [info] > git for-each-ref --sort -committerdate --format %(refname) %(objectname) %(*objectname) [3ms]
2024-12-13 05:58:21.262 [info] [Git][getRemotes] No remotes found in the git config file
2024-12-13 05:58:21.262 [info] > git config --get commit.template [12ms]
2024-12-13 05:58:21.269 [info] > git for-each-ref --format=%(refname)%00%(upstream:short)%00%(objectname)%00%(upstream:track)%00%(upstream:remotename)%00%(upstream:remoteref) refs/heads/master refs/remotes/master [7ms]
2024-12-13 05:58:21.269 [warning] [Git][getBranch] No such branch: master
2024-12-13 05:58:21.287 [info] > git status -z -uall [9ms]
2024-12-13 05:58:21.288 [info] > git for-each-ref --sort -committerdate --format %(refname) %(objectname) %(*objectname) [4ms]
2024-12-13 05:58:26.319 [info] [Git][getRemotes] No remotes found in the git config file
2024-12-13 05:58:26.320 [info] > git config --get commit.template [18ms]
2024-12-13 05:58:26.324 [info] > git for-each-ref --format=%(refname)%00%(upstream:short)%00%(objectname)%00%(upstream:track)%00%(upstream:remotename)%00%(upstream:remoteref) refs/heads/master refs/remotes/master [5ms]
2024-12-13 05:58:26.325 [warning] [Git][getBranch] No such branch: master
2024-12-13 05:58:26.350 [info] > git status -z -uall [14ms]
2024-12-13 05:58:26.352 [info] > git for-each-ref --sort -committerdate --format %(refname) %(objectname) %(*objectname) [4ms]
2024-12-13 05:58:31.362 [info] [Git][getRemotes] No remotes found in the git config file
2024-12-13 05:58:31.363 [info] > git config --get commit.template [5ms]
2024-12-13 05:58:31.364 [info] > git for-each-ref --format=%(refname)%00%(upstream:short)%00%(objectname)%00%(upstream:track)%00%(upstream:remotename)%00%(upstream:remoteref) refs/heads/master refs/remotes/master [2ms]
2024-12-13 05:58:31.364 [warning] [Git][getBranch] No such branch: master
2024-12-13 05:58:31.371 [info] > git status -z -uall [4ms]
2024-12-13 05:58:31.372 [info] > git for-each-ref --sort -committerdate --format %(refname) %(objectname) %(*objectname) [2ms]
2024-12-13 05:58:46.698 [info] > git show --textconv :src/pages/ViewExpenses.js [5ms]
2024-12-13 05:58:46.699 [info] > git ls-files --stage -- /home/ubuntu/react-frontend/src/pages/ViewExpenses.js [2ms]
2024-12-13 05:58:47.346 [info] > git rev-parse --show-toplevel [3ms]
2024-12-13 05:58:47.346 [info] fatal: not a git repository (or any of the parent directories): .git
2024-12-13 05:59:16.422 [info] > git show --textconv :src/App.js [5ms]
2024-12-13 05:59:16.424 [info] > git ls-files --stage -- /home/ubuntu/react-frontend/src/App.js [3ms]
2024-12-13 05:59:20.147 [info] > git rev-parse --show-toplevel [4ms]
2024-12-13 05:59:20.147 [info] fatal: not a git repository (or any of the parent directories): .git
2024-12-13 05:59:34.556 [info] > git show --textconv :src/pages/AddExpense.js [6ms]
2024-12-13 05:59:34.557 [info] > git ls-files --stage -- /home/ubuntu/react-frontend/src/pages/AddExpense.js [2ms]
2024-12-13 05:59:50.768 [info] > git show --textconv :src/pages/ViewExpenses.js [9ms]
2024-12-13 05:59:50.771 [info] > git ls-files --stage -- /home/ubuntu/react-frontend/src/pages/ViewExpenses.js [4ms]
2024-12-13 06:00:01.458 [info] [Git][getRemotes] No remotes found in the git config file
2024-12-13 06:00:01.468 [info] > git config --get commit.template [11ms]
2024-12-13 06:00:01.474 [info] > git for-each-ref --format=%(refname)%00%(upstream:short)%00%(objectname)%00%(upstream:track)%00%(upstream:remotename)%00%(upstream:remoteref) refs/heads/master refs/remotes/master [2ms]
2024-12-13 06:00:01.476 [warning] [Git][getBranch] No such branch: master
2024-12-13 06:00:01.544 [info] > git status -z -uall [50ms]
2024-12-13 06:00:01.548 [info] > git for-each-ref --sort -committerdate --format %(refname) %(objectname) %(*objectname) [34ms]
2024-12-13 06:00:02.259 [info] > git rev-parse --show-toplevel [8ms]
2024-12-13 06:00:02.259 [info] fatal: not a git repository (or any of the parent directories): .git
2024-12-13 06:00:11.502 [info] > git show --textconv :src/pages/AddExpense.js [6ms]
2024-12-13 06:00:11.503 [info] > git ls-files --stage -- /home/ubuntu/react-frontend/src/pages/AddExpense.js [3ms]
2024-12-13 06:00:12.166 [info] > git show --textconv :src/pages/ViewExpenses.js [13ms]
2024-12-13 06:00:12.167 [info] > git ls-files --stage -- /home/ubuntu/react-frontend/src/pages/ViewExpenses.js [2ms]
2024-12-13 06:00:15.034 [info] > git show --textconv :src/App.js [9ms]
2024-12-13 06:00:15.036 [info] > git ls-files --stage -- /home/ubuntu/react-frontend/src/App.js [3ms]
2024-12-13 06:00:15.115 [info] [Git][getRemotes] No remotes found in the git config file
2024-12-13 06:00:15.120 [info] > git config --get commit.template [8ms]
2024-12-13 06:00:15.121 [info] > git for-each-ref --format=%(refname)%00%(upstream:short)%00%(objectname)%00%(upstream:track)%00%(upstream:remotename)%00%(upstream:remoteref) refs/heads/master refs/remotes/master [7ms]
2024-12-13 06:00:15.122 [warning] [Git][getBranch] No such branch: master
2024-12-13 06:00:15.134 [info] > git status -z -uall [6ms]
2024-12-13 06:00:15.137 [info] > git for-each-ref --sort -committerdate --format %(refname) %(objectname) %(*objectname) [5ms]
2024-12-13 06:00:43.221 [info] > git fetch [14ms]
2024-12-13 06:00:43.235 [info] [Git][getRemotes] No remotes found in the git config file
2024-12-13 06:00:43.246 [info] > git config --get commit.template [11ms]
2024-12-13 06:00:43.247 [info] > git for-each-ref --format=%(refname)%00%(upstream:short)%00%(objectname)%00%(upstream:track)%00%(upstream:remotename)%00%(upstream:remoteref) refs/heads/master refs/remotes/master [2ms]
2024-12-13 06:00:43.247 [warning] [Git][getBranch] No such branch: master
2024-12-13 06:00:43.259 [info] > git status -z -uall [8ms]
2024-12-13 06:00:43.261 [info] > git for-each-ref --sort -committerdate --format %(refname) %(objectname) %(*objectname) [4ms]
2024-12-13 06:00:44.535 [info] > git ls-files --stage -- /home/ubuntu/react-frontend/src/App.js [2ms]
2024-12-13 06:00:44.649 [info] > git show --textconv :src/App.js [7ms]
2024-12-13 06:00:45.146 [info] [Git][getRemotes] No remotes found in the git config file
2024-12-13 06:00:45.147 [info] > git config --get commit.template [5ms]
2024-12-13 06:00:45.148 [info] > git for-each-ref --format=%(refname)%00%(upstream:short)%00%(objectname)%00%(upstream:track)%00%(upstream:remotename)%00%(upstream:remoteref) refs/heads/master refs/remotes/master [2ms]
2024-12-13 06:00:45.149 [warning] [Git][getBranch] No such branch: master
2024-12-13 06:00:45.159 [info] > git status -z -uall [7ms]
2024-12-13 06:00:45.159 [info] > git for-each-ref --sort -committerdate --format %(refname) %(objectname) %(*objectname) [3ms]
2024-12-13 06:01:19.073 [info] > git show --textconv :src/pages/ViewExpenses.js [12ms]
2024-12-13 06:01:19.075 [info] > git ls-files --stage -- /home/ubuntu/react-frontend/src/pages/ViewExpenses.js [6ms]
2024-12-13 06:03:08.766 [info] [Git][getRemotes] No remotes found in the git config file
2024-12-13 06:03:08.768 [info] > git config --get commit.template [17ms]
2024-12-13 06:03:08.769 [info] > git for-each-ref --format=%(refname)%00%(upstream:short)%00%(objectname)%00%(upstream:track)%00%(upstream:remotename)%00%(upstream:remoteref) refs/heads/master refs/remotes/master [2ms]
2024-12-13 06:03:08.769 [warning] [Git][getBranch] No such branch: master
2024-12-13 06:03:08.780 [info] > git status -z -uall [5ms]
2024-12-13 06:03:08.782 [info] > git for-each-ref --sort -committerdate --format %(refname) %(objectname) %(*objectname) [3ms]
2024-12-13 06:03:13.793 [info] [Git][getRemotes] No remotes found in the git config file
2024-12-13 06:03:13.794 [info] > git config --get commit.template [5ms]
2024-12-13 06:03:13.794 [info] > git for-each-ref --format=%(refname)%00%(upstream:short)%00%(objectname)%00%(upstream:track)%00%(upstream:remotename)%00%(upstream:remoteref) refs/heads/master refs/remotes/master [1ms]
2024-12-13 06:03:13.794 [warning] [Git][getBranch] No such branch: master
2024-12-13 06:03:13.802 [info] > git status -z -uall [5ms]
2024-12-13 06:03:13.803 [info] > git for-each-ref --sort -committerdate --format %(refname) %(objectname) %(*objectname) [2ms]
2024-12-13 06:03:18.817 [info] [Git][getRemotes] No remotes found in the git config file
2024-12-13 06:03:18.817 [info] > git config --get commit.template [7ms]
2024-12-13 06:03:18.818 [info] > git for-each-ref --format=%(refname)%00%(upstream:short)%00%(objectname)%00%(upstream:track)%00%(upstream:remotename)%00%(upstream:remoteref) refs/heads/master refs/remotes/master [2ms]
2024-12-13 06:03:18.818 [warning] [Git][getBranch] No such branch: master
2024-12-13 06:03:18.832 [info] > git status -z -uall [9ms]
2024-12-13 06:03:18.834 [info] > git for-each-ref --sort -committerdate --format %(refname) %(objectname) %(*objectname) [3ms]
2024-12-13 06:03:30.166 [info] > git config --get commit.template [7ms]
2024-12-13 06:03:30.173 [info] [Git][getRemotes] No remotes found in the git config file
2024-12-13 06:03:30.179 [info] > git for-each-ref --format=%(refname)%00%(upstream:short)%00%(objectname)%00%(upstream:track)%00%(upstream:remotename)%00%(upstream:remoteref) refs/heads/master refs/remotes/master [6ms]
2024-12-13 06:03:30.180 [warning] [Git][getBranch] No such branch: master
2024-12-13 06:03:30.215 [info] > git status -z -uall [13ms]
2024-12-13 06:03:30.217 [info] > git for-each-ref --sort -committerdate --format %(refname) %(objectname) %(*objectname) [2ms]
2024-12-13 06:03:35.241 [info] > git config --get commit.template [3ms]
2024-12-13 06:03:35.249 [info] [Git][getRemotes] No remotes found in the git config file
2024-12-13 06:03:35.250 [info] > git for-each-ref --format=%(refname)%00%(upstream:short)%00%(objectname)%00%(upstream:track)%00%(upstream:remotename)%00%(upstream:remoteref) refs/heads/master refs/remotes/master [1ms]
2024-12-13 06:03:35.250 [warning] [Git][getBranch] No such branch: master
2024-12-13 06:03:35.265 [info] > git status -z -uall [6ms]
2024-12-13 06:03:35.268 [info] > git for-each-ref --sort -committerdate --format %(refname) %(objectname) %(*objectname) [4ms]
2024-12-13 06:03:40.319 [info] [Git][getRemotes] No remotes found in the git config file
2024-12-13 06:03:40.320 [info] > git config --get commit.template [21ms]
2024-12-13 06:03:40.325 [info] > git for-each-ref --format=%(refname)%00%(upstream:short)%00%(objectname)%00%(upstream:track)%00%(upstream:remotename)%00%(upstream:remoteref) refs/heads/master refs/remotes/master [6ms]
2024-12-13 06:03:40.326 [warning] [Git][getBranch] No such branch: master
2024-12-13 06:03:40.381 [info] > git status -z -uall [29ms]
2024-12-13 06:03:40.384 [info] > git for-each-ref --sort -committerdate --format %(refname) %(objectname) %(*objectname) [4ms]
2024-12-13 06:03:43.283 [info] > git fetch [6ms]
2024-12-13 06:03:43.292 [info] > git config --get commit.template [2ms]
2024-12-13 06:03:43.297 [info] [Git][getRemotes] No remotes found in the git config file
2024-12-13 06:03:43.299 [info] > git for-each-ref --format=%(refname)%00%(upstream:short)%00%(objectname)%00%(upstream:track)%00%(upstream:remotename)%00%(upstream:remoteref) refs/heads/master refs/remotes/master [2ms]
2024-12-13 06:03:43.300 [warning] [Git][getBranch] No such branch: master
2024-12-13 06:03:43.329 [info] > git status -z -uall [15ms]
2024-12-13 06:03:43.333 [info] > git for-each-ref --sort -committerdate --format %(refname) %(objectname) %(*objectname) [5ms]
2024-12-13 06:03:44.662 [info] > git ls-files --stage -- /home/ubuntu/react-frontend/src/pages/ViewExpenses.js [1ms]
2024-12-13 06:03:44.735 [info] > git show --textconv :src/pages/ViewExpenses.js [3ms]
2024-12-13 06:03:45.404 [info] [Git][getRemotes] No remotes found in the git config file
2024-12-13 06:03:45.405 [info] > git config --get commit.template [4ms]
2024-12-13 06:03:45.406 [info] > git for-each-ref --format=%(refname)%00%(upstream:short)%00%(objectname)%00%(upstream:track)%00%(upstream:remotename)%00%(upstream:remoteref) refs/heads/master refs/remotes/master [2ms]
2024-12-13 06:03:45.407 [warning] [Git][getBranch] No such branch: master
2024-12-13 06:03:45.417 [info] > git status -z -uall [4ms]
2024-12-13 06:03:45.417 [info] > git for-each-ref --sort -committerdate --format %(refname) %(objectname) %(*objectname) [2ms]
2024-12-13 06:04:04.161 [info] [Git][getRemotes] No remotes found in the git config file
2024-12-13 06:04:04.163 [info] > git config --get commit.template [10ms]
2024-12-13 06:04:04.163 [info] > git for-each-ref --format=%(refname)%00%(upstream:short)%00%(objectname)%00%(upstream:track)%00%(upstream:remotename)%00%(upstream:remoteref) refs/heads/master refs/remotes/master [2ms]
2024-12-13 06:04:04.163 [warning] [Git][getBranch] No such branch: master
2024-12-13 06:04:04.190 [info] > git status -z -uall [18ms]
2024-12-13 06:04:04.191 [info] > git for-each-ref --sort -committerdate --format %(refname) %(objectname) %(*objectname) [4ms]
2024-12-13 06:04:09.221 [info] [Git][getRemotes] No remotes found in the git config file
2024-12-13 06:04:09.222 [info] > git config --get commit.template [6ms]
2024-12-13 06:04:09.223 [info] > git for-each-ref --format=%(refname)%00%(upstream:short)%00%(objectname)%00%(upstream:track)%00%(upstream:remotename)%00%(upstream:remoteref) refs/heads/master refs/remotes/master [2ms]
2024-12-13 06:04:09.223 [warning] [Git][getBranch] No such branch: master
2024-12-13 06:04:09.242 [info] > git status -z -uall [12ms]
2024-12-13 06:04:09.243 [info] > git for-each-ref --sort -committerdate --format %(refname) %(objectname) %(*objectname) [3ms]
2024-12-13 06:05:48.033 [info] > git show --textconv :src/App.js [4ms]
2024-12-13 06:05:48.034 [info] > git ls-files --stage -- /home/ubuntu/react-frontend/src/App.js [2ms]
2024-12-13 06:05:48.789 [info] > git show --textconv :src/pages/Home.js [4ms]
2024-12-13 06:05:48.791 [info] > git ls-files --stage -- /home/ubuntu/react-frontend/src/pages/Home.js [2ms]
2024-12-13 06:05:51.858 [info] > git show --textconv :src/App.js [4ms]
2024-12-13 06:05:51.860 [info] > git ls-files --stage -- /home/ubuntu/react-frontend/src/App.js [3ms]
2024-12-13 06:06:02.428 [info] > git show --textconv :src/App.test.js [11ms]
2024-12-13 06:06:02.436 [info] > git ls-files --stage -- /home/ubuntu/react-frontend/src/App.test.js [9ms]
2024-12-13 06:06:06.351 [info] > git show --textconv :src/index.js [4ms]
2024-12-13 06:06:06.352 [info] > git ls-files --stage -- /home/ubuntu/react-frontend/src/index.js [2ms]
2024-12-13 06:06:11.809 [info] > git show --textconv :src/reportWebVitals.js [16ms]
2024-12-13 06:06:11.816 [info] > git ls-files --stage -- /home/ubuntu/react-frontend/src/reportWebVitals.js [8ms]
2024-12-13 06:06:14.574 [info] > git show --textconv :src/setupTests.js [7ms]
2024-12-13 06:06:14.579 [info] > git ls-files --stage -- /home/ubuntu/react-frontend/src/setupTests.js [6ms]
2024-12-13 06:06:16.689 [info] > git show --textconv :package-lock.json [15ms]
2024-12-13 06:06:16.690 [info] > git ls-files --stage -- /home/ubuntu/react-frontend/package-lock.json [2ms]
2024-12-13 06:06:21.168 [info] > git show --textconv :README.md [6ms]
2024-12-13 06:06:21.169 [info] > git ls-files --stage -- /home/ubuntu/react-frontend/README.md [2ms]
2024-12-13 06:06:21.774 [info] > git show --textconv :package.json [10ms]
2024-12-13 06:06:21.776 [info] > git ls-files --stage -- /home/ubuntu/react-frontend/package.json [3ms]
2024-12-13 06:06:23.900 [info] > git show --textconv :tailwind.config.js [5ms]
2024-12-13 06:06:23.901 [info] > git ls-files --stage -- /home/ubuntu/react-frontend/tailwind.config.js [2ms]
2024-12-13 06:06:25.947 [info] > git check-ignore -v -z --stdin [11ms]
2024-12-13 06:06:27.559 [info] > git show --textconv :src/components/Footer.js [26ms]
2024-12-13 06:06:27.562 [info] > git ls-files --stage -- /home/ubuntu/react-frontend/src/components/Footer.js [6ms]
2024-12-13 06:06:29.491 [info] > git show --textconv :src/components/Header.js [7ms]
2024-12-13 06:06:29.493 [info] > git ls-files --stage -- /home/ubuntu/react-frontend/src/components/Header.js [3ms]
2024-12-13 06:06:39.624 [info] > git config --get commit.template [8ms]
2024-12-13 06:06:39.631 [info] [Git][getRemotes] No remotes found in the git config file
2024-12-13 06:06:39.636 [info] > git for-each-ref --format=%(refname)%00%(upstream:short)%00%(objectname)%00%(upstream:track)%00%(upstream:remotename)%00%(upstream:remoteref) refs/heads/master refs/remotes/master [5ms]
2024-12-13 06:06:39.636 [warning] [Git][getBranch] No such branch: master
2024-12-13 06:06:39.657 [info] > git status -z -uall [12ms]
2024-12-13 06:06:39.668 [info] > git for-each-ref --sort -committerdate --format %(refname) %(objectname) %(*objectname) [12ms]
2024-12-13 06:06:43.344 [info] > git fetch [5ms]
2024-12-13 06:06:43.355 [info] [Git][getRemotes] No remotes found in the git config file
2024-12-13 06:06:43.356 [info] > git config --get commit.template [7ms]
2024-12-13 06:06:43.358 [info] > git for-each-ref --format=%(refname)%00%(upstream:short)%00%(objectname)%00%(upstream:track)%00%(upstream:remotename)%00%(upstream:remoteref) refs/heads/master refs/remotes/master [4ms]
2024-12-13 06:06:43.358 [warning] [Git][getBranch] No such branch: master
2024-12-13 06:06:43.387 [info] > git status -z -uall [13ms]
2024-12-13 06:06:43.398 [info] > git for-each-ref --sort -committerdate --format %(refname) %(objectname) %(*objectname) [11ms]
2024-12-13 06:06:44.679 [info] [Git][getRemotes] No remotes found in the git config file
2024-12-13 06:06:44.684 [info] > git config --get commit.template [5ms]
2024-12-13 06:06:44.685 [info] > git for-each-ref --format=%(refname)%00%(upstream:short)%00%(objectname)%00%(upstream:track)%00%(upstream:remotename)%00%(upstream:remoteref) refs/heads/master refs/remotes/master [2ms]
2024-12-13 06:06:44.685 [warning] [Git][getBranch] No such branch: master
2024-12-13 06:06:44.693 [info] > git status -z -uall [5ms]
2024-12-13 06:06:44.694 [info] > git for-each-ref --sort -committerdate --format %(refname) %(objectname) %(*objectname) [2ms]
2024-12-13 06:06:44.757 [info] > git ls-files --stage -- /home/ubuntu/react-frontend/src/components/Header.js [2ms]
2024-12-13 06:06:44.867 [info] > git show --textconv :src/components/Header.js [2ms]
2024-12-13 06:06:45.502 [info] > git show --textconv :src/pages/ViewExpenses.js [4ms]
2024-12-13 06:06:45.503 [info] > git ls-files --stage -- /home/ubuntu/react-frontend/src/pages/ViewExpenses.js [2ms]
2024-12-13 06:06:49.051 [info] > git show --textconv :src/App.js [5ms]
2024-12-13 06:06:49.052 [info] > git ls-files --stage -- /home/ubuntu/react-frontend/src/App.js [2ms]
2024-12-13 06:06:49.707 [info] > git config --get commit.template [3ms]
2024-12-13 06:06:49.716 [info] [Git][getRemotes] No remotes found in the git config file
2024-12-13 06:06:49.719 [info] > git for-each-ref --format=%(refname)%00%(upstream:short)%00%(objectname)%00%(upstream:track)%00%(upstream:remotename)%00%(upstream:remoteref) refs/heads/master refs/remotes/master [2ms]
2024-12-13 06:06:49.719 [warning] [Git][getBranch] No such branch: master
2024-12-13 06:06:49.727 [info] > git status -z -uall [5ms]
2024-12-13 06:06:49.728 [info] > git for-each-ref --sort -committerdate --format %(refname) %(objectname) %(*objectname) [1ms]
2024-12-13 06:06:53.070 [info] > git show --textconv :src/components/Header.js [4ms]
2024-12-13 06:06:53.072 [info] > git ls-files --stage -- /home/ubuntu/react-frontend/src/components/Header.js [3ms]
2024-12-13 06:07:00.161 [info] > git show --textconv :src/components/Footer.js [16ms]
2024-12-13 06:07:00.162 [info] > git ls-files --stage -- /home/ubuntu/react-frontend/src/components/Footer.js [3ms]
2024-12-13 06:07:02.498 [info] > git show --textconv :src/components/ExpenseList.js [16ms]
2024-12-13 06:07:02.499 [info] > git ls-files --stage -- /home/ubuntu/react-frontend/src/components/ExpenseList.js [7ms]
2024-12-13 06:07:21.736 [info] > git show --textconv :src/pages/AddExpense.js [5ms]
2024-12-13 06:07:21.737 [info] > git ls-files --stage -- /home/ubuntu/react-frontend/src/pages/AddExpense.js [3ms]
2024-12-13 06:07:22.337 [info] [Git][getRemotes] No remotes found in the git config file
2024-12-13 06:07:22.343 [info] > git config --get commit.template [21ms]
2024-12-13 06:07:22.343 [info] > git for-each-ref --format=%(refname)%00%(upstream:short)%00%(objectname)%00%(upstream:track)%00%(upstream:remotename)%00%(upstream:remoteref) refs/heads/master refs/remotes/master [6ms]
2024-12-13 06:07:22.345 [warning] [Git][getBranch] No such branch: master
2024-12-13 06:07:22.373 [info] > git status -z -uall [19ms]
2024-12-13 06:07:22.374 [info] > git for-each-ref --sort -committerdate --format %(refname) %(objectname) %(*objectname) [3ms]
2024-12-13 06:07:26.131 [info] > git show --textconv :src/App.js [8ms]
2024-12-13 06:07:26.132 [info] > git ls-files --stage -- /home/ubuntu/react-frontend/src/App.js [4ms]
2024-12-13 06:07:27.384 [info] [Git][getRemotes] No remotes found in the git config file
2024-12-13 06:07:27.385 [info] > git config --get commit.template [5ms]
2024-12-13 06:07:27.385 [info] > git for-each-ref --format=%(refname)%00%(upstream:short)%00%(objectname)%00%(upstream:track)%00%(upstream:remotename)%00%(upstream:remoteref) refs/heads/master refs/remotes/master [1ms]
2024-12-13 06:07:27.385 [warning] [Git][getBranch] No such branch: master
2024-12-13 06:07:27.396 [info] > git status -z -uall [8ms]
2024-12-13 06:07:27.397 [info] > git for-each-ref --sort -committerdate --format %(refname) %(objectname) %(*objectname) [3ms]
2024-12-13 06:07:27.696 [info] > git show --textconv :src/pages/ViewExpenses.js [5ms]
2024-12-13 06:07:27.697 [info] > git ls-files --stage -- /home/ubuntu/react-frontend/src/pages/ViewExpenses.js [2ms]
2024-12-13 06:07:32.407 [info] [Git][getRemotes] No remotes found in the git config file
2024-12-13 06:07:32.421 [info] > git for-each-ref --format=%(refname)%00%(upstream:short)%00%(objectname)%00%(upstream:track)%00%(upstream:remotename)%00%(upstream:remoteref) refs/heads/master refs/remotes/master [3ms]
2024-12-13 06:07:32.421 [warning] [Git][getBranch] No such branch: master
2024-12-13 06:07:32.421 [info] > git config --get commit.template [16ms]
2024-12-13 06:07:32.428 [info] > git status -z -uall [4ms]
2024-12-13 06:07:32.430 [info] > git for-each-ref --sort -committerdate --format %(refname) %(objectname) %(*objectname) [2ms]
2024-12-13 06:07:52.643 [info] > git config --get commit.template [3ms]
2024-12-13 06:07:52.650 [info] [Git][getRemotes] No remotes found in the git config file
2024-12-13 06:07:52.651 [info] > git for-each-ref --format=%(refname)%00%(upstream:short)%00%(objectname)%00%(upstream:track)%00%(upstream:remotename)%00%(upstream:remoteref) refs/heads/master refs/remotes/master [1ms]
2024-12-13 06:07:52.651 [warning] [Git][getBranch] No such branch: master
2024-12-13 06:07:52.672 [info] > git status -z -uall [14ms]
2024-12-13 06:07:52.673 [info] > git for-each-ref --sort -committerdate --format %(refname) %(objectname) %(*objectname) [2ms]
2024-12-13 06:08:09.277 [info] [Git][getRemotes] No remotes found in the git config file
2024-12-13 06:08:09.278 [info] > git config --get commit.template [4ms]
2024-12-13 06:08:09.278 [info] > git for-each-ref --format=%(refname)%00%(upstream:short)%00%(objectname)%00%(upstream:track)%00%(upstream:remotename)%00%(upstream:remoteref) refs/heads/master refs/remotes/master [1ms]
2024-12-13 06:08:09.278 [warning] [Git][getBranch] No such branch: master
2024-12-13 06:08:09.288 [info] > git status -z -uall [6ms]
2024-12-13 06:08:09.289 [info] > git for-each-ref --sort -committerdate --format %(refname) %(objectname) %(*objectname) [1ms]
2024-12-13 06:08:14.302 [info] [Git][getRemotes] No remotes found in the git config file
2024-12-13 06:08:14.307 [info] > git config --get commit.template [9ms]
2024-12-13 06:08:14.312 [info] > git for-each-ref --format=%(refname)%00%(upstream:short)%00%(objectname)%00%(upstream:track)%00%(upstream:remotename)%00%(upstream:remoteref) refs/heads/master refs/remotes/master [10ms]
2024-12-13 06:08:14.312 [warning] [Git][getBranch] No such branch: master
2024-12-13 06:08:14.325 [info] > git status -z -uall [8ms]
2024-12-13 06:08:14.333 [info] > git for-each-ref --sort -committerdate --format %(refname) %(objectname) %(*objectname) [9ms]
2024-12-13 06:09:43.412 [info] > git fetch [4ms]
2024-12-13 06:09:43.423 [info] [Git][getRemotes] No remotes found in the git config file
2024-12-13 06:09:43.424 [info] > git config --get commit.template [6ms]
2024-12-13 06:09:43.428 [info] > git for-each-ref --format=%(refname)%00%(upstream:short)%00%(objectname)%00%(upstream:track)%00%(upstream:remotename)%00%(upstream:remoteref) refs/heads/master refs/remotes/master [5ms]
2024-12-13 06:09:43.428 [warning] [Git][getBranch] No such branch: master
2024-12-13 06:09:43.438 [info] > git status -z -uall [7ms]
2024-12-13 06:09:43.439 [info] > git for-each-ref --sort -committerdate --format %(refname) %(objectname) %(*objectname) [2ms]
2024-12-13 06:09:44.637 [info] [Git][getRemotes] No remotes found in the git config file
2024-12-13 06:09:44.638 [info] > git config --get commit.template [5ms]
2024-12-13 06:09:44.638 [info] > git for-each-ref --format=%(refname)%00%(upstream:short)%00%(objectname)%00%(upstream:track)%00%(upstream:remotename)%00%(upstream:remoteref) refs/heads/master refs/remotes/master [1ms]
2024-12-13 06:09:44.639 [warning] [Git][getBranch] No such branch: master
2024-12-13 06:09:44.648 [info] > git status -z -uall [6ms]
2024-12-13 06:09:44.649 [info] > git for-each-ref --sort -committerdate --format %(refname) %(objectname) %(*objectname) [3ms]
2024-12-13 06:09:44.846 [info] > git ls-files --stage -- /home/ubuntu/react-frontend/src/pages/ViewExpenses.js [3ms]
2024-12-13 06:09:44.909 [info] > git show --textconv :src/pages/ViewExpenses.js [2ms]
2024-12-13 06:13:20.142 [info] > git fetch [21ms]
2024-12-13 06:13:20.168 [info] [Git][getRemotes] No remotes found in the git config file
2024-12-13 06:13:20.170 [info] > git for-each-ref --format=%(refname)%00%(upstream:short)%00%(objectname)%00%(upstream:track)%00%(upstream:remotename)%00%(upstream:remoteref) refs/heads/master refs/remotes/master [3ms]
2024-12-13 06:13:20.171 [warning] [Git][getBranch] No such branch: master
2024-12-13 06:13:20.171 [info] > git config --get commit.template [9ms]
2024-12-13 06:13:20.181 [info] > git status -z -uall [7ms]
2024-12-13 06:13:20.182 [info] > git for-each-ref --sort -committerdate --format %(refname) %(objectname) %(*objectname) [4ms]
2024-12-13 06:13:21.266 [info] [Git][getRemotes] No remotes found in the git config file
2024-12-13 06:13:21.267 [info] > git config --get commit.template [5ms]
2024-12-13 06:13:21.267 [info] > git for-each-ref --format=%(refname)%00%(upstream:short)%00%(objectname)%00%(upstream:track)%00%(upstream:remotename)%00%(upstream:remoteref) refs/heads/master refs/remotes/master [1ms]
2024-12-13 06:13:21.268 [warning] [Git][getBranch] No such branch: master
2024-12-13 06:13:21.276 [info] > git status -z -uall [6ms]
2024-12-13 06:13:21.276 [info] > git for-each-ref --sort -committerdate --format %(refname) %(objectname) %(*objectname) [2ms]
2024-12-13 06:13:21.452 [info] > git ls-files --stage -- /home/ubuntu/react-frontend/src/pages/ViewExpenses.js [8ms]
2024-12-13 06:13:21.537 [info] > git show --textconv :src/pages/ViewExpenses.js [2ms]
2024-12-13 06:13:37.218 [info] > git rev-parse --show-toplevel [2ms]
2024-12-13 06:13:37.218 [info] fatal: not a git repository (or any of the parent directories): .git
2024-12-13 06:18:59.972 [info] > git fetch [6ms]
2024-12-13 06:18:59.985 [info] > git config --get commit.template [6ms]
2024-12-13 06:18:59.985 [info] [Git][getRemotes] No remotes found in the git config file
2024-12-13 06:18:59.986 [info] > git for-each-ref --format=%(refname)%00%(upstream:short)%00%(objectname)%00%(upstream:track)%00%(upstream:remotename)%00%(upstream:remoteref) refs/heads/master refs/remotes/master [1ms]
2024-12-13 06:18:59.986 [warning] [Git][getBranch] No such branch: master
2024-12-13 06:18:59.996 [info] > git status -z -uall [7ms]
2024-12-13 06:18:59.997 [info] > git for-each-ref --sort -committerdate --format %(refname) %(objectname) %(*objectname) [2ms]
2024-12-13 06:19:01.194 [info] [Git][getRemotes] No remotes found in the git config file
2024-12-13 06:19:01.195 [info] > git config --get commit.template [5ms]
2024-12-13 06:19:01.195 [info] > git for-each-ref --format=%(refname)%00%(upstream:short)%00%(objectname)%00%(upstream:track)%00%(upstream:remotename)%00%(upstream:remoteref) refs/heads/master refs/remotes/master [1ms]
2024-12-13 06:19:01.195 [warning] [Git][getBranch] No such branch: master
2024-12-13 06:19:01.202 [info] > git status -z -uall [4ms]
2024-12-13 06:19:01.203 [info] > git for-each-ref --sort -committerdate --format %(refname) %(objectname) %(*objectname) [1ms]
2024-12-13 06:20:53.074 [info] > git show --textconv :src/pages/UploadReceipt.js [8ms]
2024-12-13 06:20:53.075 [info] > git ls-files --stage -- /home/ubuntu/react-frontend/src/pages/UploadReceipt.js [2ms]
2024-12-13 06:20:53.154 [info] > git check-ignore -v -z --stdin [1ms]
2024-12-13 06:20:53.664 [info] [Git][getRemotes] No remotes found in the git config file
2024-12-13 06:20:53.664 [info] > git config --get commit.template [5ms]
2024-12-13 06:20:53.665 [info] > git for-each-ref --format=%(refname)%00%(upstream:short)%00%(objectname)%00%(upstream:track)%00%(upstream:remotename)%00%(upstream:remoteref) refs/heads/master refs/remotes/master [2ms]
2024-12-13 06:20:53.665 [warning] [Git][getBranch] No such branch: master
2024-12-13 06:20:53.672 [info] > git status -z -uall [4ms]
2024-12-13 06:20:53.673 [info] > git for-each-ref --sort -committerdate --format %(refname) %(objectname) %(*objectname) [2ms]
2024-12-13 06:20:58.682 [info] > git config --get commit.template [2ms]
2024-12-13 06:20:58.686 [info] [Git][getRemotes] No remotes found in the git config file
2024-12-13 06:20:58.687 [info] > git for-each-ref --format=%(refname)%00%(upstream:short)%00%(objectname)%00%(upstream:track)%00%(upstream:remotename)%00%(upstream:remoteref) refs/heads/master refs/remotes/master [2ms]
2024-12-13 06:20:58.687 [warning] [Git][getBranch] No such branch: master
2024-12-13 06:20:58.695 [info] > git status -z -uall [5ms]
2024-12-13 06:20:58.696 [info] > git for-each-ref --sort -committerdate --format %(refname) %(objectname) %(*objectname) [2ms]
2024-12-13 06:21:09.878 [info] > git show --textconv :src/App.js [6ms]
2024-12-13 06:21:09.879 [info] > git ls-files --stage -- /home/ubuntu/react-frontend/src/App.js [3ms]
2024-12-13 06:21:34.349 [info] > git config --get commit.template [2ms]
2024-12-13 06:21:34.353 [info] [Git][getRemotes] No remotes found in the git config file
2024-12-13 06:21:34.355 [info] > git for-each-ref --format=%(refname)%00%(upstream:short)%00%(objectname)%00%(upstream:track)%00%(upstream:remotename)%00%(upstream:remoteref) refs/heads/master refs/remotes/master [2ms]
2024-12-13 06:21:34.355 [warning] [Git][getBranch] No such branch: master
2024-12-13 06:21:34.365 [info] > git status -z -uall [6ms]
2024-12-13 06:21:34.367 [info] > git for-each-ref --sort -committerdate --format %(refname) %(objectname) %(*objectname) [3ms]
2024-12-13 06:22:00.082 [info] > git fetch [54ms]
2024-12-13 06:22:00.149 [info] [Git][getRemotes] No remotes found in the git config file
2024-12-13 06:22:00.152 [info] > git config --get commit.template [23ms]
2024-12-13 06:22:00.158 [info] > git for-each-ref --format=%(refname)%00%(upstream:short)%00%(objectname)%00%(upstream:track)%00%(upstream:remotename)%00%(upstream:remoteref) refs/heads/master refs/remotes/master [3ms]
2024-12-13 06:22:00.158 [warning] [Git][getBranch] No such branch: master
2024-12-13 06:22:00.195 [info] > git status -z -uall [27ms]
2024-12-13 06:22:00.198 [info] > git for-each-ref --sort -committerdate --format %(refname) %(objectname) %(*objectname) [14ms]
2024-12-13 06:22:01.335 [info] [Git][getRemotes] No remotes found in the git config file
2024-12-13 06:22:01.337 [info] > git config --get commit.template [10ms]
2024-12-13 06:22:01.338 [info] > git for-each-ref --format=%(refname)%00%(upstream:short)%00%(objectname)%00%(upstream:track)%00%(upstream:remotename)%00%(upstream:remoteref) refs/heads/master refs/remotes/master [3ms]
2024-12-13 06:22:01.338 [warning] [Git][getBranch] No such branch: master
2024-12-13 06:22:01.356 [info] > git status -z -uall [10ms]
2024-12-13 06:22:01.360 [info] > git for-each-ref --sort -committerdate --format %(refname) %(objectname) %(*objectname) [5ms]
2024-12-13 06:22:01.487 [info] > git ls-files --stage -- /home/ubuntu/react-frontend/src/App.js [2ms]
2024-12-13 06:22:01.556 [info] > git show --textconv :src/App.js [3ms]
2024-12-13 06:22:06.379 [info] [Git][getRemotes] No remotes found in the git config file
2024-12-13 06:22:06.381 [info] > git for-each-ref --format=%(refname)%00%(upstream:short)%00%(objectname)%00%(upstream:track)%00%(upstream:remotename)%00%(upstream:remoteref) refs/heads/master refs/remotes/master [3ms]
2024-12-13 06:22:06.381 [warning] [Git][getBranch] No such branch: master
2024-12-13 06:22:06.381 [info] > git config --get commit.template [10ms]
2024-12-13 06:22:06.390 [info] > git status -z -uall [4ms]
2024-12-13 06:22:06.391 [info] > git for-each-ref --sort -committerdate --format %(refname) %(objectname) %(*objectname) [2ms]
2024-12-13 06:22:22.843 [info] [Git][getRemotes] No remotes found in the git config file
2024-12-13 06:22:22.844 [info] > git config --get commit.template [4ms]
2024-12-13 06:22:22.844 [info] > git for-each-ref --format=%(refname)%00%(upstream:short)%00%(objectname)%00%(upstream:track)%00%(upstream:remotename)%00%(upstream:remoteref) refs/heads/master refs/remotes/master [1ms]
2024-12-13 06:22:22.845 [warning] [Git][getBranch] No such branch: master
2024-12-13 06:22:22.853 [info] > git status -z -uall [5ms]
2024-12-13 06:22:22.856 [info] > git for-each-ref --sort -committerdate --format %(refname) %(objectname) %(*objectname) [3ms]
2024-12-13 06:22:30.297 [info] [Git][getRemotes] No remotes found in the git config file
2024-12-13 06:22:30.297 [info] > git config --get commit.template [5ms]
2024-12-13 06:22:30.298 [info] > git for-each-ref --format=%(refname)%00%(upstream:short)%00%(objectname)%00%(upstream:track)%00%(upstream:remotename)%00%(upstream:remoteref) refs/heads/master refs/remotes/master [1ms]
2024-12-13 06:22:30.299 [warning] [Git][getBranch] No such branch: master
2024-12-13 06:22:30.308 [info] > git status -z -uall [6ms]
2024-12-13 06:22:30.308 [info] > git for-each-ref --sort -committerdate --format %(refname) %(objectname) %(*objectname) [1ms]
2024-12-13 06:22:35.329 [info] [Git][getRemotes] No remotes found in the git config file
2024-12-13 06:22:35.329 [info] > git config --get commit.template [6ms]
2024-12-13 06:22:35.336 [info] > git for-each-ref --format=%(refname)%00%(upstream:short)%00%(objectname)%00%(upstream:track)%00%(upstream:remotename)%00%(upstream:remoteref) refs/heads/master refs/remotes/master [2ms]
2024-12-13 06:22:35.336 [warning] [Git][getBranch] No such branch: master
2024-12-13 06:22:35.348 [info] > git status -z -uall [8ms]
2024-12-13 06:22:35.348 [info] > git for-each-ref --sort -committerdate --format %(refname) %(objectname) %(*objectname) [3ms]
2024-12-13 06:22:40.359 [info] [Git][getRemotes] No remotes found in the git config file
2024-12-13 06:22:40.360 [info] > git config --get commit.template [5ms]
2024-12-13 06:22:40.361 [info] > git for-each-ref --format=%(refname)%00%(upstream:short)%00%(objectname)%00%(upstream:track)%00%(upstream:remotename)%00%(upstream:remoteref) refs/heads/master refs/remotes/master [2ms]
2024-12-13 06:22:40.361 [warning] [Git][getBranch] No such branch: master
2024-12-13 06:22:40.369 [info] > git status -z -uall [5ms]
2024-12-13 06:22:40.370 [info] > git for-each-ref --sort -committerdate --format %(refname) %(objectname) %(*objectname) [2ms]
2024-12-13 06:22:45.386 [info] [Git][getRemotes] No remotes found in the git config file
2024-12-13 06:22:45.387 [info] > git config --get commit.template [9ms]
2024-12-13 06:22:45.390 [info] > git for-each-ref --format=%(refname)%00%(upstream:short)%00%(objectname)%00%(upstream:track)%00%(upstream:remotename)%00%(upstream:remoteref) refs/heads/master refs/remotes/master [6ms]
2024-12-13 06:22:45.390 [warning] [Git][getBranch] No such branch: master
2024-12-13 06:22:45.411 [info] > git status -z -uall [12ms]
2024-12-13 06:22:45.416 [info] > git for-each-ref --sort -committerdate --format %(refname) %(objectname) %(*objectname) [6ms]
2024-12-13 06:22:50.427 [info] > git config --get commit.template [3ms]
2024-12-13 06:22:50.430 [info] [Git][getRemotes] No remotes found in the git config file
2024-12-13 06:22:50.431 [info] > git for-each-ref --format=%(refname)%00%(upstream:short)%00%(objectname)%00%(upstream:track)%00%(upstream:remotename)%00%(upstream:remoteref) refs/heads/master refs/remotes/master [1ms]
2024-12-13 06:22:50.432 [warning] [Git][getBranch] No such branch: master
2024-12-13 06:22:50.439 [info] > git status -z -uall [4ms]
2024-12-13 06:22:50.440 [info] > git for-each-ref --sort -committerdate --format %(refname) %(objectname) %(*objectname) [2ms]
2024-12-13 06:22:55.448 [info] > git config --get commit.template [3ms]
2024-12-13 06:22:55.451 [info] [Git][getRemotes] No remotes found in the git config file
2024-12-13 06:22:55.452 [info] > git for-each-ref --format=%(refname)%00%(upstream:short)%00%(objectname)%00%(upstream:track)%00%(upstream:remotename)%00%(upstream:remoteref) refs/heads/master refs/remotes/master [2ms]
2024-12-13 06:22:55.452 [warning] [Git][getBranch] No such branch: master
2024-12-13 06:22:55.458 [info] > git status -z -uall [4ms]
2024-12-13 06:22:55.459 [info] > git for-each-ref --sort -committerdate --format %(refname) %(objectname) %(*objectname) [2ms]
2024-12-13 06:23:00.469 [info] [Git][getRemotes] No remotes found in the git config file
2024-12-13 06:23:00.470 [info] > git config --get commit.template [4ms]
2024-12-13 06:23:00.470 [info] > git for-each-ref --format=%(refname)%00%(upstream:short)%00%(objectname)%00%(upstream:track)%00%(upstream:remotename)%00%(upstream:remoteref) refs/heads/master refs/remotes/master [1ms]
2024-12-13 06:23:00.470 [warning] [Git][getBranch] No such branch: master
2024-12-13 06:23:00.478 [info] > git status -z -uall [4ms]
2024-12-13 06:23:00.479 [info] > git for-each-ref --sort -committerdate --format %(refname) %(objectname) %(*objectname) [1ms]
2024-12-13 06:23:05.490 [info] [Git][getRemotes] No remotes found in the git config file
2024-12-13 06:23:05.494 [info] > git config --get commit.template [5ms]
2024-12-13 06:23:05.495 [info] > git for-each-ref --format=%(refname)%00%(upstream:short)%00%(objectname)%00%(upstream:track)%00%(upstream:remotename)%00%(upstream:remoteref) refs/heads/master refs/remotes/master [2ms]
2024-12-13 06:23:05.495 [warning] [Git][getBranch] No such branch: master
2024-12-13 06:23:05.505 [info] > git status -z -uall [5ms]
2024-12-13 06:23:05.506 [info] > git for-each-ref --sort -committerdate --format %(refname) %(objectname) %(*objectname) [2ms]
2024-12-13 06:23:10.520 [info] [Git][getRemotes] No remotes found in the git config file
2024-12-13 06:23:10.522 [info] > git config --get commit.template [6ms]
2024-12-13 06:23:10.523 [info] > git for-each-ref --format=%(refname)%00%(upstream:short)%00%(objectname)%00%(upstream:track)%00%(upstream:remotename)%00%(upstream:remoteref) refs/heads/master refs/remotes/master [3ms]
2024-12-13 06:23:10.524 [warning] [Git][getBranch] No such branch: master
2024-12-13 06:23:10.532 [info] > git status -z -uall [5ms]
2024-12-13 06:23:10.533 [info] > git for-each-ref --sort -committerdate --format %(refname) %(objectname) %(*objectname) [2ms]
2024-12-13 06:23:15.544 [info] [Git][getRemotes] No remotes found in the git config file
2024-12-13 06:23:15.545 [info] > git config --get commit.template [6ms]
2024-12-13 06:23:15.545 [info] > git for-each-ref --format=%(refname)%00%(upstream:short)%00%(objectname)%00%(upstream:track)%00%(upstream:remotename)%00%(upstream:remoteref) refs/heads/master refs/remotes/master [1ms]
2024-12-13 06:23:15.546 [warning] [Git][getBranch] No such branch: master
2024-12-13 06:23:15.555 [info] > git status -z -uall [5ms]
2024-12-13 06:23:15.556 [info] > git for-each-ref --sort -committerdate --format %(refname) %(objectname) %(*objectname) [3ms]
2024-12-13 06:23:16.218 [info] > git show --textconv :src/components/Header.js [4ms]
2024-12-13 06:23:16.220 [info] > git ls-files --stage -- /home/ubuntu/react-frontend/src/components/Header.js [3ms]
2024-12-13 06:24:45.661 [info] [Git][getRemotes] No remotes found in the git config file
2024-12-13 06:24:45.661 [info] > git config --get commit.template [6ms]
2024-12-13 06:24:45.667 [info] > git for-each-ref --format=%(refname)%00%(upstream:short)%00%(objectname)%00%(upstream:track)%00%(upstream:remotename)%00%(upstream:remoteref) refs/heads/master refs/remotes/master [7ms]
2024-12-13 06:24:45.667 [warning] [Git][getBranch] No such branch: master
2024-12-13 06:24:45.698 [info] > git status -z -uall [25ms]
2024-12-13 06:24:45.709 [info] > git for-each-ref --sort -committerdate --format %(refname) %(objectname) %(*objectname) [20ms]
2024-12-13 06:24:55.075 [info] > git config --get commit.template [6ms]
2024-12-13 06:24:55.079 [info] [Git][getRemotes] No remotes found in the git config file
2024-12-13 06:24:55.081 [info] > git for-each-ref --format=%(refname)%00%(upstream:short)%00%(objectname)%00%(upstream:track)%00%(upstream:remotename)%00%(upstream:remoteref) refs/heads/master refs/remotes/master [2ms]
2024-12-13 06:24:55.082 [warning] [Git][getBranch] No such branch: master
2024-12-13 06:24:55.117 [info] > git status -z -uall [22ms]
2024-12-13 06:24:55.118 [info] > git for-each-ref --sort -committerdate --format %(refname) %(objectname) %(*objectname) [6ms]
2024-12-13 06:25:00.217 [info] > git fetch [11ms]
2024-12-13 06:25:00.230 [info] [Git][getRemotes] No remotes found in the git config file
2024-12-13 06:25:00.230 [info] > git config --get commit.template [8ms]
2024-12-13 06:25:00.235 [info] > git for-each-ref --format=%(refname)%00%(upstream:short)%00%(objectname)%00%(upstream:track)%00%(upstream:remotename)%00%(upstream:remoteref) refs/heads/master refs/remotes/master [6ms]
2024-12-13 06:25:00.236 [warning] [Git][getBranch] No such branch: master
2024-12-13 06:25:00.252 [info] > git status -z -uall [12ms]
2024-12-13 06:25:00.254 [info] > git for-each-ref --sort -committerdate --format %(refname) %(objectname) %(*objectname) [2ms]
2024-12-13 06:25:01.481 [info] [Git][getRemotes] No remotes found in the git config file
2024-12-13 06:25:01.482 [info] > git config --get commit.template [20ms]
2024-12-13 06:25:01.488 [info] > git for-each-ref --format=%(refname)%00%(upstream:short)%00%(objectname)%00%(upstream:track)%00%(upstream:remotename)%00%(upstream:remoteref) refs/heads/master refs/remotes/master [8ms]
2024-12-13 06:25:01.488 [warning] [Git][getBranch] No such branch: master
2024-12-13 06:25:01.508 [info] > git status -z -uall [15ms]
2024-12-13 06:25:01.514 [info] > git for-each-ref --sort -committerdate --format %(refname) %(objectname) %(*objectname) [6ms]
2024-12-13 06:25:01.659 [info] > git ls-files --stage -- /home/ubuntu/react-frontend/src/components/Header.js [10ms]
2024-12-13 06:25:01.746 [info] > git show --textconv :src/components/Header.js [6ms]
2024-12-13 06:25:09.022 [info] > git config --get commit.template [3ms]
2024-12-13 06:25:09.029 [info] [Git][getRemotes] No remotes found in the git config file
2024-12-13 06:25:09.031 [info] > git for-each-ref --format=%(refname)%00%(upstream:short)%00%(objectname)%00%(upstream:track)%00%(upstream:remotename)%00%(upstream:remoteref) refs/heads/master refs/remotes/master [1ms]
2024-12-13 06:25:09.031 [warning] [Git][getBranch] No such branch: master
2024-12-13 06:25:09.052 [info] > git status -z -uall [11ms]
2024-12-13 06:25:09.054 [info] > git for-each-ref --sort -committerdate --format %(refname) %(objectname) %(*objectname) [6ms]
2024-12-13 06:25:14.068 [info] > git config --get commit.template [3ms]
2024-12-13 06:25:14.074 [info] [Git][getRemotes] No remotes found in the git config file
2024-12-13 06:25:14.075 [info] > git for-each-ref --format=%(refname)%00%(upstream:short)%00%(objectname)%00%(upstream:track)%00%(upstream:remotename)%00%(upstream:remoteref) refs/heads/master refs/remotes/master [1ms]
2024-12-13 06:25:14.075 [warning] [Git][getBranch] No such branch: master
2024-12-13 06:25:14.115 [info] > git status -z -uall [21ms]
2024-12-13 06:25:14.125 [info] > git for-each-ref --sort -committerdate --format %(refname) %(objectname) %(*objectname) [26ms]
2024-12-13 06:25:19.176 [info] [Git][getRemotes] No remotes found in the git config file
2024-12-13 06:25:19.183 [info] > git for-each-ref --format=%(refname)%00%(upstream:short)%00%(objectname)%00%(upstream:track)%00%(upstream:remotename)%00%(upstream:remoteref) refs/heads/master refs/remotes/master [15ms]
2024-12-13 06:25:19.183 [warning] [Git][getBranch] No such branch: master
2024-12-13 06:25:19.184 [info] > git config --get commit.template [26ms]
2024-12-13 06:25:19.213 [info] > git status -z -uall [15ms]
2024-12-13 06:25:19.214 [info] > git for-each-ref --sort -committerdate --format %(refname) %(objectname) %(*objectname) [8ms]
2024-12-13 06:25:24.225 [info] [Git][getRemotes] No remotes found in the git config file
2024-12-13 06:25:24.227 [info] > git config --get commit.template [6ms]
2024-12-13 06:25:24.228 [info] > git for-each-ref --format=%(refname)%00%(upstream:short)%00%(objectname)%00%(upstream:track)%00%(upstream:remotename)%00%(upstream:remoteref) refs/heads/master refs/remotes/master [3ms]
2024-12-13 06:25:24.228 [warning] [Git][getBranch] No such branch: master
2024-12-13 06:25:24.235 [info] > git status -z -uall [4ms]
2024-12-13 06:25:24.236 [info] > git for-each-ref --sort -committerdate --format %(refname) %(objectname) %(*objectname) [2ms]
2024-12-13 06:33:40.952 [info] > git fetch [3ms]
2024-12-13 06:33:40.959 [info] [Git][getRemotes] No remotes found in the git config file
2024-12-13 06:33:40.960 [info] > git config --get commit.template [4ms]
2024-12-13 06:33:40.961 [info] > git for-each-ref --format=%(refname)%00%(upstream:short)%00%(objectname)%00%(upstream:track)%00%(upstream:remotename)%00%(upstream:remoteref) refs/heads/master refs/remotes/master [2ms]
2024-12-13 06:33:40.961 [warning] [Git][getBranch] No such branch: master
2024-12-13 06:33:40.967 [info] > git status -z -uall [4ms]
2024-12-13 06:33:40.968 [info] > git for-each-ref --sort -committerdate --format %(refname) %(objectname) %(*objectname) [1ms]
2024-12-13 06:33:42.181 [info] > git config --get commit.template [2ms]
2024-12-13 06:33:42.184 [info] [Git][getRemotes] No remotes found in the git config file
2024-12-13 06:33:42.186 [info] > git for-each-ref --format=%(refname)%00%(upstream:short)%00%(objectname)%00%(upstream:track)%00%(upstream:remotename)%00%(upstream:remoteref) refs/heads/master refs/remotes/master [1ms]
2024-12-13 06:33:42.186 [warning] [Git][getBranch] No such branch: master
2024-12-13 06:33:42.193 [info] > git status -z -uall [3ms]
2024-12-13 06:33:42.194 [info] > git for-each-ref --sort -committerdate --format %(refname) %(objectname) %(*objectname) [1ms]
2024-12-13 06:33:42.371 [info] > git ls-files --stage -- /home/ubuntu/react-frontend/src/components/Header.js [1ms]
2024-12-13 06:33:42.443 [info] > git show --textconv :src/components/Header.js [3ms]
2024-12-13 06:36:40.986 [info] > git fetch [11ms]
2024-12-13 06:36:40.995 [info] [Git][getRemotes] No remotes found in the git config file
2024-12-13 06:36:40.996 [info] > git config --get commit.template [5ms]
2024-12-13 06:36:40.998 [info] > git for-each-ref --format=%(refname)%00%(upstream:short)%00%(objectname)%00%(upstream:track)%00%(upstream:remotename)%00%(upstream:remoteref) refs/heads/master refs/remotes/master [2ms]
2024-12-13 06:36:40.998 [warning] [Git][getBranch] No such branch: master
2024-12-13 06:36:41.012 [info] > git status -z -uall [9ms]
2024-12-13 06:36:41.013 [info] > git for-each-ref --sort -committerdate --format %(refname) %(objectname) %(*objectname) [3ms]
2024-12-13 06:36:42.204 [info] [Git][getRemotes] No remotes found in the git config file
2024-12-13 06:36:42.205 [info] > git config --get commit.template [12ms]
2024-12-13 06:36:42.206 [info] > git for-each-ref --format=%(refname)%00%(upstream:short)%00%(objectname)%00%(upstream:track)%00%(upstream:remotename)%00%(upstream:remoteref) refs/heads/master refs/remotes/master [1ms]
2024-12-13 06:36:42.206 [warning] [Git][getBranch] No such branch: master
2024-12-13 06:36:42.232 [info] > git status -z -uall [16ms]
2024-12-13 06:36:42.236 [info] > git for-each-ref --sort -committerdate --format %(refname) %(objectname) %(*objectname) [4ms]
2024-12-13 06:36:42.388 [info] > git ls-files --stage -- /home/ubuntu/react-frontend/src/components/Header.js [2ms]
2024-12-13 06:36:42.474 [info] > git show --textconv :src/components/Header.js [5ms]
2024-12-13 06:40:48.413 [info] > git fetch [3ms]
2024-12-13 06:40:48.425 [info] [Git][getRemotes] No remotes found in the git config file
2024-12-13 06:40:48.425 [info] > git config --get commit.template [4ms]
2024-12-13 06:40:48.426 [info] > git for-each-ref --format=%(refname)%00%(upstream:short)%00%(objectname)%00%(upstream:track)%00%(upstream:remotename)%00%(upstream:remoteref) refs/heads/master refs/remotes/master [1ms]
2024-12-13 06:40:48.426 [warning] [Git][getBranch] No such branch: master
2024-12-13 06:40:48.437 [info] > git status -z -uall [8ms]
2024-12-13 06:40:48.438 [info] > git for-each-ref --sort -committerdate --format %(refname) %(objectname) %(*objectname) [4ms]
2024-12-13 06:40:49.641 [info] [Git][getRemotes] No remotes found in the git config file
2024-12-13 06:40:49.641 [info] > git config --get commit.template [4ms]
2024-12-13 06:40:49.642 [info] > git for-each-ref --format=%(refname)%00%(upstream:short)%00%(objectname)%00%(upstream:track)%00%(upstream:remotename)%00%(upstream:remoteref) refs/heads/master refs/remotes/master [2ms]
2024-12-13 06:40:49.642 [warning] [Git][getBranch] No such branch: master
2024-12-13 06:40:49.650 [info] > git status -z -uall [5ms]
2024-12-13 06:40:49.651 [info] > git for-each-ref --sort -committerdate --format %(refname) %(objectname) %(*objectname) [2ms]
2024-12-13 06:40:49.850 [info] > git ls-files --stage -- /home/ubuntu/react-frontend/src/components/Header.js [2ms]
2024-12-13 06:40:49.964 [info] > git show --textconv :src/components/Header.js [2ms]
2024-12-13 06:40:55.229 [info] > git rev-parse --show-toplevel [2ms]
2024-12-13 06:40:55.229 [info] fatal: not a git repository (or any of the parent directories): .git
2024-12-13 06:42:51.405 [info] > git show --textconv :src/App.js [4ms]
2024-12-13 06:42:51.406 [info] > git ls-files --stage -- /home/ubuntu/react-frontend/src/App.js [2ms]
2024-12-13 06:43:03.478 [info] > git show --textconv :src/pages/UploadReceipt.js [7ms]
2024-12-13 06:43:03.481 [info] > git ls-files --stage -- /home/ubuntu/react-frontend/src/pages/UploadReceipt.js [4ms]
2024-12-13 06:43:05.256 [info] > git rev-parse --show-toplevel [2ms]
2024-12-13 06:43:05.256 [info] fatal: not a git repository (or any of the parent directories): .git
2024-12-13 06:44:30.953 [info] > git fetch [4ms]
2024-12-13 06:44:30.959 [info] [Git][getRemotes] No remotes found in the git config file
2024-12-13 06:44:30.960 [info] > git config --get commit.template [4ms]
2024-12-13 06:44:30.961 [info] > git for-each-ref --format=%(refname)%00%(upstream:short)%00%(objectname)%00%(upstream:track)%00%(upstream:remotename)%00%(upstream:remoteref) refs/heads/master refs/remotes/master [2ms]
2024-12-13 06:44:30.961 [warning] [Git][getBranch] No such branch: master
2024-12-13 06:44:30.967 [info] > git status -z -uall [4ms]
2024-12-13 06:44:30.968 [info] > git for-each-ref --sort -committerdate --format %(refname) %(objectname) %(*objectname) [2ms]
2024-12-13 06:44:32.106 [info] [Git][getRemotes] No remotes found in the git config file
2024-12-13 06:44:32.107 [info] > git config --get commit.template [4ms]
2024-12-13 06:44:32.108 [info] > git for-each-ref --format=%(refname)%00%(upstream:short)%00%(objectname)%00%(upstream:track)%00%(upstream:remotename)%00%(upstream:remoteref) refs/heads/master refs/remotes/master [2ms]
2024-12-13 06:44:32.108 [warning] [Git][getBranch] No such branch: master
2024-12-13 06:44:32.114 [info] > git status -z -uall [4ms]
2024-12-13 06:44:32.115 [info] > git for-each-ref --sort -committerdate --format %(refname) %(objectname) %(*objectname) [1ms]
2024-12-13 06:47:30.989 [info] > git fetch [15ms]
2024-12-13 06:47:30.999 [info] [Git][getRemotes] No remotes found in the git config file
2024-12-13 06:47:31.005 [info] > git config --get commit.template [5ms]
2024-12-13 06:47:31.006 [info] > git for-each-ref --format=%(refname)%00%(upstream:short)%00%(objectname)%00%(upstream:track)%00%(upstream:remotename)%00%(upstream:remoteref) refs/heads/master refs/remotes/master [7ms]
2024-12-13 06:47:31.006 [warning] [Git][getBranch] No such branch: master
2024-12-13 06:47:31.017 [info] > git status -z -uall [8ms]
2024-12-13 06:47:31.018 [info] > git for-each-ref --sort -committerdate --format %(refname) %(objectname) %(*objectname) [2ms]
2024-12-13 06:47:32.146 [info] [Git][getRemotes] No remotes found in the git config file
2024-12-13 06:47:32.150 [info] > git config --get commit.template [5ms]
2024-12-13 06:47:32.152 [info] > git for-each-ref --format=%(refname)%00%(upstream:short)%00%(objectname)%00%(upstream:track)%00%(upstream:remotename)%00%(upstream:remoteref) refs/heads/master refs/remotes/master [2ms]
2024-12-13 06:47:32.152 [warning] [Git][getBranch] No such branch: master
2024-12-13 06:47:32.161 [info] > git status -z -uall [5ms]
2024-12-13 06:47:32.162 [info] > git for-each-ref --sort -committerdate --format %(refname) %(objectname) %(*objectname) [2ms]
2024-12-13 06:52:11.916 [info] > git fetch [9ms]
2024-12-13 06:52:11.927 [info] [Git][getRemotes] No remotes found in the git config file
2024-12-13 06:52:11.929 [info] > git config --get commit.template [5ms]
2024-12-13 06:52:11.929 [info] > git for-each-ref --format=%(refname)%00%(upstream:short)%00%(objectname)%00%(upstream:track)%00%(upstream:remotename)%00%(upstream:remoteref) refs/heads/master refs/remotes/master [2ms]
2024-12-13 06:52:11.929 [warning] [Git][getBranch] No such branch: master
2024-12-13 06:52:11.949 [info] > git status -z -uall [6ms]
2024-12-13 06:52:11.950 [info] > git for-each-ref --sort -committerdate --format %(refname) %(objectname) %(*objectname) [2ms]
2024-12-13 06:52:13.156 [info] [Git][getRemotes] No remotes found in the git config file
2024-12-13 06:52:13.156 [info] > git config --get commit.template [7ms]
2024-12-13 06:52:13.157 [info] > git for-each-ref --format=%(refname)%00%(upstream:short)%00%(objectname)%00%(upstream:track)%00%(upstream:remotename)%00%(upstream:remoteref) refs/heads/master refs/remotes/master [2ms]
2024-12-13 06:52:13.157 [warning] [Git][getBranch] No such branch: master
2024-12-13 06:52:13.165 [info] > git status -z -uall [5ms]
2024-12-13 06:52:13.166 [info] > git for-each-ref --sort -committerdate --format %(refname) %(objectname) %(*objectname) [2ms]
2024-12-13 06:55:11.984 [info] > git fetch [18ms]
2024-12-13 06:55:12.001 [info] [Git][getRemotes] No remotes found in the git config file
2024-12-13 06:55:12.008 [info] > git config --get commit.template [8ms]
2024-12-13 06:55:12.009 [info] > git for-each-ref --format=%(refname)%00%(upstream:short)%00%(objectname)%00%(upstream:track)%00%(upstream:remotename)%00%(upstream:remoteref) refs/heads/master refs/remotes/master [2ms]
2024-12-13 06:55:12.009 [warning] [Git][getBranch] No such branch: master
2024-12-13 06:55:12.017 [info] > git status -z -uall [5ms]
2024-12-13 06:55:12.019 [info] > git for-each-ref --sort -committerdate --format %(refname) %(objectname) %(*objectname) [2ms]
2024-12-13 06:55:13.213 [info] [Git][getRemotes] No remotes found in the git config file
2024-12-13 06:55:13.215 [info] > git for-each-ref --format=%(refname)%00%(upstream:short)%00%(objectname)%00%(upstream:track)%00%(upstream:remotename)%00%(upstream:remoteref) refs/heads/master refs/remotes/master [2ms]
2024-12-13 06:55:13.215 [warning] [Git][getBranch] No such branch: master
2024-12-13 06:55:13.215 [info] > git config --get commit.template [6ms]
2024-12-13 06:55:13.224 [info] > git status -z -uall [4ms]
2024-12-13 06:55:13.225 [info] > git for-each-ref --sort -committerdate --format %(refname) %(objectname) %(*objectname) [2ms]
2024-12-13 06:58:12.029 [info] > git fetch [4ms]
2024-12-13 06:58:12.037 [info] [Git][getRemotes] No remotes found in the git config file
2024-12-13 06:58:12.037 [info] > git config --get commit.template [4ms]
2024-12-13 06:58:12.038 [info] > git for-each-ref --format=%(refname)%00%(upstream:short)%00%(objectname)%00%(upstream:track)%00%(upstream:remotename)%00%(upstream:remoteref) refs/heads/master refs/remotes/master [1ms]
2024-12-13 06:58:12.038 [warning] [Git][getBranch] No such branch: master
2024-12-13 06:58:12.046 [info] > git status -z -uall [5ms]
2024-12-13 06:58:12.047 [info] > git for-each-ref --sort -committerdate --format %(refname) %(objectname) %(*objectname) [2ms]
2024-12-13 06:58:13.239 [info] [Git][getRemotes] No remotes found in the git config file
2024-12-13 06:58:13.240 [info] > git config --get commit.template [6ms]
2024-12-13 06:58:13.242 [info] > git for-each-ref --format=%(refname)%00%(upstream:short)%00%(objectname)%00%(upstream:track)%00%(upstream:remotename)%00%(upstream:remoteref) refs/heads/master refs/remotes/master [3ms]
2024-12-13 06:58:13.242 [warning] [Git][getBranch] No such branch: master
2024-12-13 06:58:13.252 [info] > git status -z -uall [4ms]
2024-12-13 06:58:13.253 [info] > git for-each-ref --sort -committerdate --format %(refname) %(objectname) %(*objectname) [2ms]
2024-12-13 07:01:12.057 [info] > git fetch [4ms]
2024-12-13 07:01:12.064 [info] > git config --get commit.template [1ms]
2024-12-13 07:01:12.069 [info] [Git][getRemotes] No remotes found in the git config file
2024-12-13 07:01:12.070 [info] > git for-each-ref --format=%(refname)%00%(upstream:short)%00%(objectname)%00%(upstream:track)%00%(upstream:remotename)%00%(upstream:remoteref) refs/heads/master refs/remotes/master [2ms]
2024-12-13 07:01:12.070 [warning] [Git][getBranch] No such branch: master
2024-12-13 07:01:12.077 [info] > git status -z -uall [4ms]
2024-12-13 07:01:12.078 [info] > git for-each-ref --sort -committerdate --format %(refname) %(objectname) %(*objectname) [2ms]
2024-12-13 07:01:13.191 [info] > git config --get commit.template [2ms]
2024-12-13 07:01:13.194 [info] [Git][getRemotes] No remotes found in the git config file
2024-12-13 07:01:13.196 [info] > git for-each-ref --format=%(refname)%00%(upstream:short)%00%(objectname)%00%(upstream:track)%00%(upstream:remotename)%00%(upstream:remoteref) refs/heads/master refs/remotes/master [2ms]
2024-12-13 07:01:13.196 [warning] [Git][getBranch] No such branch: master
2024-12-13 07:01:13.203 [info] > git status -z -uall [5ms]
2024-12-13 07:01:13.205 [info] > git for-each-ref --sort -committerdate --format %(refname) %(objectname) %(*objectname) [2ms]
2024-12-13 07:04:21.310 [info] > git fetch [13ms]
2024-12-13 07:04:21.322 [info] > git config --get commit.template [6ms]
2024-12-13 07:04:21.329 [info] [Git][getRemotes] No remotes found in the git config file
2024-12-13 07:04:21.330 [info] > git for-each-ref --format=%(refname)%00%(upstream:short)%00%(objectname)%00%(upstream:track)%00%(upstream:remotename)%00%(upstream:remoteref) refs/heads/master refs/remotes/master [1ms]
2024-12-13 07:04:21.331 [warning] [Git][getBranch] No such branch: master
2024-12-13 07:04:21.349 [info] > git status -z -uall [8ms]
2024-12-13 07:04:21.350 [info] > git for-each-ref --sort -committerdate --format %(refname) %(objectname) %(*objectname) [2ms]
2024-12-13 07:11:35.764 [info] > git fetch [14ms]
2024-12-13 07:11:35.775 [info] > git config --get commit.template [11ms]
2024-12-13 07:11:35.793 [info] [Git][getRemotes] No remotes found in the git config file
2024-12-13 07:11:35.795 [info] > git config --get commit.template [22ms]
2024-12-13 07:11:35.797 [info] > git for-each-ref --format=%(refname)%00%(upstream:short)%00%(objectname)%00%(upstream:track)%00%(upstream:remotename)%00%(upstream:remoteref) refs/heads/master refs/remotes/master [5ms]
2024-12-13 07:11:35.797 [warning] [Git][getBranch] No such branch: master
2024-12-13 07:11:35.809 [info] [Git][getRemotes] No remotes found in the git config file
2024-12-13 07:11:35.811 [info] > git for-each-ref --format=%(refname)%00%(upstream:short)%00%(objectname)%00%(upstream:track)%00%(upstream:remotename)%00%(upstream:remoteref) refs/heads/master refs/remotes/master [3ms]
2024-12-13 07:11:35.811 [warning] [Git][getBranch] No such branch: master
2024-12-13 07:11:35.822 [info] > git status -z -uall [7ms]
2024-12-13 07:11:35.823 [info] > git for-each-ref --sort -committerdate --format %(refname) %(objectname) %(*objectname) [4ms]
2024-12-13 07:11:40.807 [info] > git config --get commit.template [1ms]
2024-12-13 07:11:40.810 [info] [Git][getRemotes] No remotes found in the git config file
2024-12-13 07:11:40.811 [info] > git for-each-ref --format=%(refname)%00%(upstream:short)%00%(objectname)%00%(upstream:track)%00%(upstream:remotename)%00%(upstream:remoteref) refs/heads/master refs/remotes/master [1ms]
2024-12-13 07:11:40.811 [warning] [Git][getBranch] No such branch: master
2024-12-13 07:11:40.818 [info] > git status -z -uall [4ms]
2024-12-13 07:11:40.820 [info] > git for-each-ref --sort -committerdate --format %(refname) %(objectname) %(*objectname) [2ms]
