2024-12-12 23:37:10.996 [info] [main] Log level: Info
2024-12-12 23:37:10.996 [info] [main] Validating found git in: "git"
2024-12-12 23:37:10.997 [info] [main] Using git "2.34.1" from "git"
2024-12-12 23:37:10.997 [info] [Model][doInitialScan] Initial repository scan started
2024-12-12 23:37:10.997 [info] > git rev-parse --show-toplevel [10ms]
2024-12-12 23:37:10.997 [info] fatal: not a git repository (or any of the parent directories): .git
2024-12-12 23:37:10.998 [info] > git rev-parse --show-toplevel [4ms]
2024-12-12 23:37:10.998 [info] fatal: not a git repository (or any of the parent directories): .git
2024-12-12 23:37:11.005 [info] > git rev-parse --show-toplevel [2ms]
2024-12-12 23:37:11.006 [info] fatal: not a git repository (or any of the parent directories): .git
2024-12-12 23:37:11.012 [info] > git rev-parse --show-toplevel [2ms]
2024-12-12 23:37:11.012 [info] fatal: not a git repository (or any of the parent directories): .git
2024-12-12 23:37:11.019 [info] > git rev-parse --show-toplevel [1ms]
2024-12-12 23:37:11.019 [info] fatal: not a git repository (or any of the parent directories): .git
2024-12-12 23:37:11.025 [info] > git rev-parse --show-toplevel [2ms]
2024-12-12 23:37:11.025 [info] fatal: not a git repository (or any of the parent directories): .git
2024-12-12 23:37:11.032 [info] > git rev-parse --show-toplevel [3ms]
2024-12-12 23:37:11.033 [info] fatal: not a git repository (or any of the parent directories): .git
2024-12-12 23:37:11.040 [info] > git rev-parse --show-toplevel [1ms]
2024-12-12 23:37:11.048 [info] > git rev-parse --git-dir --git-common-dir [2ms]
2024-12-12 23:37:11.072 [info] [Model][openRepository] Opened repository: /home/ubuntu/react-frontend
2024-12-12 23:37:11.083 [info] [Model][doInitialScan] Initial repository scan completed - repositories (1), closed repositories (0), parent repositories (0), unsafe repositories (0)
2024-12-12 23:37:11.090 [info] > git fetch [19ms]
2024-12-12 23:37:11.098 [info] > git config --get commit.template [8ms]
2024-12-12 23:37:11.100 [info] > git config --get commit.template [3ms]
2024-12-12 23:37:11.107 [info] [Git][getRemotes] No remotes found in the git config file
2024-12-12 23:37:11.114 [info] [Git][getRemotes] No remotes found in the git config file
2024-12-12 23:37:11.115 [info] > git for-each-ref --format=%(refname)%00%(upstream:short)%00%(objectname)%00%(upstream:track)%00%(upstream:remotename)%00%(upstream:remoteref) refs/heads/master refs/remotes/master [10ms]
2024-12-12 23:37:11.116 [warning] [Git][getBranch] No such branch: master
2024-12-12 23:37:11.134 [info] > git for-each-ref --format=%(refname)%00%(upstream:short)%00%(objectname)%00%(upstream:track)%00%(upstream:remotename)%00%(upstream:remoteref) refs/heads/master refs/remotes/master [10ms]
2024-12-12 23:37:11.135 [warning] [Git][getBranch] No such branch: master
2024-12-12 23:37:11.136 [error] [GitHistoryProvider][resolveHEADMergeBase] Failed to resolve merge base for master: Error: No such branch: master.
2024-12-12 23:37:11.137 [info] > git for-each-ref --format=%(refname)%00%(upstream:short)%00%(objectname)%00%(upstream:track)%00%(upstream:remotename)%00%(upstream:remoteref) refs/heads/master refs/remotes/master [25ms]
2024-12-12 23:37:11.137 [warning] [Git][getBranch] No such branch: master
2024-12-12 23:37:11.141 [info] > git config --get commit.template [8ms]
2024-12-12 23:37:11.146 [info] [Git][getRemotes] No remotes found in the git config file
2024-12-12 23:37:11.212 [info] > git for-each-ref --format=%(refname)%00%(upstream:short)%00%(objectname)%00%(upstream:track)%00%(upstream:remotename)%00%(upstream:remoteref) refs/heads/master refs/remotes/master [65ms]
2024-12-12 23:37:11.212 [warning] [Git][getBranch] No such branch: master
2024-12-12 23:37:11.227 [info] > git status -z -uall [9ms]
2024-12-12 23:37:11.234 [info] > git for-each-ref --sort -committerdate --format %(refname) %(objectname) %(*objectname) [9ms]
2024-12-12 23:37:11.610 [info] > git rev-parse --show-toplevel [2ms]
2024-12-12 23:37:11.610 [info] fatal: not a git repository (or any of the parent directories): .git
2024-12-12 23:37:11.665 [info] > git check-ignore -v -z --stdin [2ms]
2024-12-12 23:41:03.336 [info] > git fetch [7ms]
2024-12-12 23:41:03.355 [info] [Git][getRemotes] No remotes found in the git config file
2024-12-12 23:41:03.361 [info] > git config --get commit.template [15ms]
2024-12-12 23:41:03.362 [info] > git for-each-ref --format=%(refname)%00%(upstream:short)%00%(objectname)%00%(upstream:track)%00%(upstream:remotename)%00%(upstream:remoteref) refs/heads/master refs/remotes/master [7ms]
2024-12-12 23:41:03.363 [warning] [Git][getBranch] No such branch: master
2024-12-12 23:41:03.380 [info] > git status -z -uall [7ms]
2024-12-12 23:41:03.381 [info] > git for-each-ref --sort -committerdate --format %(refname) %(objectname) %(*objectname) [2ms]
2024-12-12 23:41:04.491 [info] > git config --get commit.template [7ms]
2024-12-12 23:41:04.495 [info] [Git][getRemotes] No remotes found in the git config file
2024-12-12 23:41:04.496 [info] > git for-each-ref --format=%(refname)%00%(upstream:short)%00%(objectname)%00%(upstream:track)%00%(upstream:remotename)%00%(upstream:remoteref) refs/heads/master refs/remotes/master [1ms]
2024-12-12 23:41:04.496 [warning] [Git][getBranch] No such branch: master
2024-12-12 23:41:04.505 [info] > git status -z -uall [5ms]
2024-12-12 23:41:04.506 [info] > git for-each-ref --sort -committerdate --format %(refname) %(objectname) %(*objectname) [2ms]
2024-12-12 23:42:30.348 [info] > git config --get commit.template [2ms]
2024-12-12 23:42:30.360 [info] [Git][getRemotes] No remotes found in the git config file
2024-12-12 23:42:30.368 [info] > git for-each-ref --format=%(refname)%00%(upstream:short)%00%(objectname)%00%(upstream:track)%00%(upstream:remotename)%00%(upstream:remoteref) refs/heads/master refs/remotes/master [8ms]
2024-12-12 23:42:30.369 [warning] [Git][getBranch] No such branch: master
2024-12-12 23:42:30.391 [info] > git status -z -uall [8ms]
2024-12-12 23:42:30.391 [info] > git for-each-ref --sort -committerdate --format %(refname) %(objectname) %(*objectname) [2ms]
2024-12-12 23:42:52.160 [info] [Git][getRemotes] No remotes found in the git config file
2024-12-12 23:42:52.161 [info] > git config --get commit.template [4ms]
2024-12-12 23:42:52.161 [info] > git for-each-ref --format=%(refname)%00%(upstream:short)%00%(objectname)%00%(upstream:track)%00%(upstream:remotename)%00%(upstream:remoteref) refs/heads/master refs/remotes/master [1ms]
2024-12-12 23:42:52.161 [warning] [Git][getBranch] No such branch: master
2024-12-12 23:42:52.169 [info] > git status -z -uall [5ms]
2024-12-12 23:42:52.170 [info] > git for-each-ref --sort -committerdate --format %(refname) %(objectname) %(*objectname) [2ms]
2024-12-12 23:42:57.181 [info] [Git][getRemotes] No remotes found in the git config file
2024-12-12 23:42:57.182 [info] > git config --get commit.template [5ms]
2024-12-12 23:42:57.183 [info] > git for-each-ref --format=%(refname)%00%(upstream:short)%00%(objectname)%00%(upstream:track)%00%(upstream:remotename)%00%(upstream:remoteref) refs/heads/master refs/remotes/master [2ms]
2024-12-12 23:42:57.183 [warning] [Git][getBranch] No such branch: master
2024-12-12 23:42:57.191 [info] > git status -z -uall [5ms]
2024-12-12 23:42:57.192 [info] > git for-each-ref --sort -committerdate --format %(refname) %(objectname) %(*objectname) [2ms]
2024-12-12 23:52:58.485 [info] > git fetch [3ms]
2024-12-12 23:52:58.494 [info] [Git][getRemotes] No remotes found in the git config file
2024-12-12 23:52:58.494 [info] > git config --get commit.template [4ms]
2024-12-12 23:52:58.495 [info] > git for-each-ref --format=%(refname)%00%(upstream:short)%00%(objectname)%00%(upstream:track)%00%(upstream:remotename)%00%(upstream:remoteref) refs/heads/master refs/remotes/master [1ms]
2024-12-12 23:52:58.495 [warning] [Git][getBranch] No such branch: master
2024-12-12 23:52:58.502 [info] > git status -z -uall [4ms]
2024-12-12 23:52:58.503 [info] > git for-each-ref --sort -committerdate --format %(refname) %(objectname) %(*objectname) [2ms]
2024-12-12 23:52:59.698 [info] [Git][getRemotes] No remotes found in the git config file
2024-12-12 23:52:59.699 [info] > git config --get commit.template [5ms]
2024-12-12 23:52:59.699 [info] > git for-each-ref --format=%(refname)%00%(upstream:short)%00%(objectname)%00%(upstream:track)%00%(upstream:remotename)%00%(upstream:remoteref) refs/heads/master refs/remotes/master [1ms]
2024-12-12 23:52:59.699 [warning] [Git][getBranch] No such branch: master
2024-12-12 23:52:59.710 [info] > git status -z -uall [7ms]
2024-12-12 23:52:59.711 [info] > git for-each-ref --sort -committerdate --format %(refname) %(objectname) %(*objectname) [3ms]
2024-12-12 23:52:59.837 [info] > git rev-parse --show-toplevel [1ms]
2024-12-12 23:52:59.837 [info] fatal: not a git repository (or any of the parent directories): .git
2024-12-12 23:55:58.520 [info] > git fetch [8ms]
2024-12-12 23:55:58.530 [info] [Git][getRemotes] No remotes found in the git config file
2024-12-12 23:55:58.532 [info] > git for-each-ref --format=%(refname)%00%(upstream:short)%00%(objectname)%00%(upstream:track)%00%(upstream:remotename)%00%(upstream:remoteref) refs/heads/master refs/remotes/master [3ms]
2024-12-12 23:55:58.532 [warning] [Git][getBranch] No such branch: master
2024-12-12 23:55:58.532 [info] > git config --get commit.template [7ms]
2024-12-12 23:55:58.540 [info] > git status -z -uall [5ms]
2024-12-12 23:55:58.541 [info] > git for-each-ref --sort -committerdate --format %(refname) %(objectname) %(*objectname) [2ms]
2024-12-12 23:55:59.737 [info] [Git][getRemotes] No remotes found in the git config file
2024-12-12 23:55:59.738 [info] > git config --get commit.template [5ms]
2024-12-12 23:55:59.739 [info] > git for-each-ref --format=%(refname)%00%(upstream:short)%00%(objectname)%00%(upstream:track)%00%(upstream:remotename)%00%(upstream:remoteref) refs/heads/master refs/remotes/master [2ms]
2024-12-12 23:55:59.740 [warning] [Git][getBranch] No such branch: master
2024-12-12 23:55:59.747 [info] > git status -z -uall [4ms]
2024-12-12 23:55:59.748 [info] > git for-each-ref --sort -committerdate --format %(refname) %(objectname) %(*objectname) [2ms]
2024-12-12 23:58:58.554 [info] > git fetch [6ms]
2024-12-12 23:58:58.577 [info] [Git][getRemotes] No remotes found in the git config file
2024-12-12 23:58:58.582 [info] > git config --get commit.template [11ms]
2024-12-12 23:58:58.583 [info] > git for-each-ref --format=%(refname)%00%(upstream:short)%00%(objectname)%00%(upstream:track)%00%(upstream:remotename)%00%(upstream:remoteref) refs/heads/master refs/remotes/master [7ms]
2024-12-12 23:58:58.583 [warning] [Git][getBranch] No such branch: master
2024-12-12 23:58:58.601 [info] > git status -z -uall [14ms]
2024-12-12 23:58:58.602 [info] > git for-each-ref --sort -committerdate --format %(refname) %(objectname) %(*objectname) [4ms]
2024-12-12 23:58:59.795 [info] [Git][getRemotes] No remotes found in the git config file
2024-12-12 23:58:59.796 [info] > git config --get commit.template [8ms]
2024-12-12 23:58:59.797 [info] > git for-each-ref --format=%(refname)%00%(upstream:short)%00%(objectname)%00%(upstream:track)%00%(upstream:remotename)%00%(upstream:remoteref) refs/heads/master refs/remotes/master [1ms]
2024-12-12 23:58:59.797 [warning] [Git][getBranch] No such branch: master
2024-12-12 23:58:59.810 [info] > git status -z -uall [7ms]
2024-12-12 23:58:59.812 [info] > git for-each-ref --sort -committerdate --format %(refname) %(objectname) %(*objectname) [4ms]
2024-12-13 00:14:48.234 [info] > git fetch [9ms]
2024-12-13 00:14:48.242 [info] > git config --get commit.template [3ms]
2024-12-13 00:14:48.245 [info] [Git][getRemotes] No remotes found in the git config file
2024-12-13 00:14:48.247 [info] > git for-each-ref --format=%(refname)%00%(upstream:short)%00%(objectname)%00%(upstream:track)%00%(upstream:remotename)%00%(upstream:remoteref) refs/heads/master refs/remotes/master [2ms]
2024-12-13 00:14:48.247 [warning] [Git][getBranch] No such branch: master
2024-12-13 00:14:48.286 [info] > git status -z -uall [30ms]
2024-12-13 00:14:48.288 [info] > git for-each-ref --sort -committerdate --format %(refname) %(objectname) %(*objectname) [2ms]
2024-12-13 00:14:49.470 [info] > git config --get commit.template [1ms]
2024-12-13 00:14:49.473 [info] [Git][getRemotes] No remotes found in the git config file
2024-12-13 00:14:49.475 [info] > git for-each-ref --format=%(refname)%00%(upstream:short)%00%(objectname)%00%(upstream:track)%00%(upstream:remotename)%00%(upstream:remoteref) refs/heads/master refs/remotes/master [2ms]
2024-12-13 00:14:49.475 [warning] [Git][getBranch] No such branch: master
2024-12-13 00:14:49.481 [info] > git status -z -uall [4ms]
2024-12-13 00:14:49.482 [info] > git for-each-ref --sort -committerdate --format %(refname) %(objectname) %(*objectname) [1ms]
2024-12-13 00:46:29.018 [info] > git fetch [5ms]
2024-12-13 00:46:29.026 [info] [Git][getRemotes] No remotes found in the git config file
2024-12-13 00:46:29.027 [info] > git config --get commit.template [4ms]
2024-12-13 00:46:29.027 [info] > git for-each-ref --format=%(refname)%00%(upstream:short)%00%(objectname)%00%(upstream:track)%00%(upstream:remotename)%00%(upstream:remoteref) refs/heads/master refs/remotes/master [1ms]
2024-12-13 00:46:29.027 [warning] [Git][getBranch] No such branch: master
2024-12-13 00:46:29.034 [info] > git status -z -uall [4ms]
2024-12-13 00:46:29.036 [info] > git for-each-ref --sort -committerdate --format %(refname) %(objectname) %(*objectname) [2ms]
2024-12-13 00:46:30.161 [info] [Git][getRemotes] No remotes found in the git config file
2024-12-13 00:46:30.162 [info] > git config --get commit.template [8ms]
2024-12-13 00:46:30.163 [info] > git for-each-ref --format=%(refname)%00%(upstream:short)%00%(objectname)%00%(upstream:track)%00%(upstream:remotename)%00%(upstream:remoteref) refs/heads/master refs/remotes/master [2ms]
2024-12-13 00:46:30.163 [warning] [Git][getBranch] No such branch: master
2024-12-13 00:46:30.186 [info] > git status -z -uall [20ms]
2024-12-13 00:46:30.187 [info] > git for-each-ref --sort -committerdate --format %(refname) %(objectname) %(*objectname) [5ms]
2024-12-13 00:49:29.047 [info] > git fetch [4ms]
2024-12-13 00:49:29.055 [info] [Git][getRemotes] No remotes found in the git config file
2024-12-13 00:49:29.055 [info] > git config --get commit.template [4ms]
2024-12-13 00:49:29.056 [info] > git for-each-ref --format=%(refname)%00%(upstream:short)%00%(objectname)%00%(upstream:track)%00%(upstream:remotename)%00%(upstream:remoteref) refs/heads/master refs/remotes/master [2ms]
2024-12-13 00:49:29.057 [warning] [Git][getBranch] No such branch: master
2024-12-13 00:49:29.065 [info] > git status -z -uall [6ms]
2024-12-13 00:49:29.066 [info] > git for-each-ref --sort -committerdate --format %(refname) %(objectname) %(*objectname) [2ms]
2024-12-13 00:49:30.215 [info] [Git][getRemotes] No remotes found in the git config file
2024-12-13 00:49:30.216 [info] > git config --get commit.template [5ms]
2024-12-13 00:49:30.217 [info] > git for-each-ref --format=%(refname)%00%(upstream:short)%00%(objectname)%00%(upstream:track)%00%(upstream:remotename)%00%(upstream:remoteref) refs/heads/master refs/remotes/master [2ms]
2024-12-13 00:49:30.217 [warning] [Git][getBranch] No such branch: master
2024-12-13 00:49:30.230 [info] > git status -z -uall [7ms]
2024-12-13 00:49:30.231 [info] > git for-each-ref --sort -committerdate --format %(refname) %(objectname) %(*objectname) [3ms]
2024-12-13 00:52:29.075 [info] > git fetch [4ms]
2024-12-13 00:52:29.083 [info] [Git][getRemotes] No remotes found in the git config file
2024-12-13 00:52:29.083 [info] > git config --get commit.template [4ms]
2024-12-13 00:52:29.084 [info] > git for-each-ref --format=%(refname)%00%(upstream:short)%00%(objectname)%00%(upstream:track)%00%(upstream:remotename)%00%(upstream:remoteref) refs/heads/master refs/remotes/master [2ms]
2024-12-13 00:52:29.084 [warning] [Git][getBranch] No such branch: master
2024-12-13 00:52:29.094 [info] > git status -z -uall [6ms]
2024-12-13 00:52:29.094 [info] > git for-each-ref --sort -committerdate --format %(refname) %(objectname) %(*objectname) [1ms]
2024-12-13 00:52:30.287 [info] [Git][getRemotes] No remotes found in the git config file
2024-12-13 00:52:30.287 [info] > git config --get commit.template [4ms]
2024-12-13 00:52:30.288 [info] > git for-each-ref --format=%(refname)%00%(upstream:short)%00%(objectname)%00%(upstream:track)%00%(upstream:remotename)%00%(upstream:remoteref) refs/heads/master refs/remotes/master [2ms]
2024-12-13 00:52:30.289 [warning] [Git][getBranch] No such branch: master
2024-12-13 00:52:30.299 [info] > git status -z -uall [8ms]
2024-12-13 00:52:30.300 [info] > git for-each-ref --sort -committerdate --format %(refname) %(objectname) %(*objectname) [3ms]
2024-12-13 00:55:29.104 [info] > git fetch [5ms]
2024-12-13 00:55:29.116 [info] [Git][getRemotes] No remotes found in the git config file
2024-12-13 00:55:29.116 [info] > git config --get commit.template [4ms]
2024-12-13 00:55:29.117 [info] > git for-each-ref --format=%(refname)%00%(upstream:short)%00%(objectname)%00%(upstream:track)%00%(upstream:remotename)%00%(upstream:remoteref) refs/heads/master refs/remotes/master [2ms]
2024-12-13 00:55:29.117 [warning] [Git][getBranch] No such branch: master
2024-12-13 00:55:29.125 [info] > git status -z -uall [5ms]
2024-12-13 00:55:29.126 [info] > git for-each-ref --sort -committerdate --format %(refname) %(objectname) %(*objectname) [1ms]
2024-12-13 00:55:30.319 [info] [Git][getRemotes] No remotes found in the git config file
2024-12-13 00:55:30.323 [info] > git config --get commit.template [9ms]
2024-12-13 00:55:30.324 [info] > git for-each-ref --format=%(refname)%00%(upstream:short)%00%(objectname)%00%(upstream:track)%00%(upstream:remotename)%00%(upstream:remoteref) refs/heads/master refs/remotes/master [5ms]
2024-12-13 00:55:30.325 [warning] [Git][getBranch] No such branch: master
2024-12-13 00:55:30.340 [info] > git status -z -uall [10ms]
2024-12-13 00:55:30.344 [info] > git for-each-ref --sort -committerdate --format %(refname) %(objectname) %(*objectname) [5ms]
2024-12-13 00:58:29.138 [info] > git fetch [6ms]
2024-12-13 00:58:29.151 [info] [Git][getRemotes] No remotes found in the git config file
2024-12-13 00:58:29.155 [info] > git for-each-ref --format=%(refname)%00%(upstream:short)%00%(objectname)%00%(upstream:track)%00%(upstream:remotename)%00%(upstream:remoteref) refs/heads/master refs/remotes/master [3ms]
2024-12-13 00:58:29.155 [warning] [Git][getBranch] No such branch: master
2024-12-13 00:58:29.155 [info] > git config --get commit.template [11ms]
2024-12-13 00:58:29.168 [info] > git status -z -uall [9ms]
2024-12-13 00:58:29.168 [info] > git for-each-ref --sort -committerdate --format %(refname) %(objectname) %(*objectname) [1ms]
2024-12-13 00:58:30.362 [info] [Git][getRemotes] No remotes found in the git config file
2024-12-13 00:58:30.365 [info] > git for-each-ref --format=%(refname)%00%(upstream:short)%00%(objectname)%00%(upstream:track)%00%(upstream:remotename)%00%(upstream:remoteref) refs/heads/master refs/remotes/master [3ms]
2024-12-13 00:58:30.365 [warning] [Git][getBranch] No such branch: master
2024-12-13 00:58:30.365 [info] > git config --get commit.template [10ms]
2024-12-13 00:58:30.391 [info] > git status -z -uall [19ms]
2024-12-13 00:58:30.393 [info] > git for-each-ref --sort -committerdate --format %(refname) %(objectname) %(*objectname) [6ms]
2024-12-13 01:04:21.094 [info] > git fetch [4ms]
2024-12-13 01:04:21.099 [info] > git config --get commit.template [2ms]
2024-12-13 01:04:21.102 [info] [Git][getRemotes] No remotes found in the git config file
2024-12-13 01:04:21.104 [info] > git for-each-ref --format=%(refname)%00%(upstream:short)%00%(objectname)%00%(upstream:track)%00%(upstream:remotename)%00%(upstream:remoteref) refs/heads/master refs/remotes/master [2ms]
2024-12-13 01:04:21.104 [warning] [Git][getBranch] No such branch: master
2024-12-13 01:04:21.111 [info] > git status -z -uall [4ms]
2024-12-13 01:04:21.112 [info] > git for-each-ref --sort -committerdate --format %(refname) %(objectname) %(*objectname) [2ms]
2024-12-13 01:04:24.301 [info] [Git][getRemotes] No remotes found in the git config file
2024-12-13 01:04:24.302 [info] > git config --get commit.template [5ms]
2024-12-13 01:04:24.303 [info] > git for-each-ref --format=%(refname)%00%(upstream:short)%00%(objectname)%00%(upstream:track)%00%(upstream:remotename)%00%(upstream:remoteref) refs/heads/master refs/remotes/master [1ms]
2024-12-13 01:04:24.303 [warning] [Git][getBranch] No such branch: master
2024-12-13 01:04:24.310 [info] > git status -z -uall [5ms]
2024-12-13 01:04:24.311 [info] > git for-each-ref --sort -committerdate --format %(refname) %(objectname) %(*objectname) [1ms]
2024-12-13 01:10:15.257 [info] > git fetch [5ms]
2024-12-13 01:10:15.269 [info] [Git][getRemotes] No remotes found in the git config file
2024-12-13 01:10:15.270 [info] > git for-each-ref --format=%(refname)%00%(upstream:short)%00%(objectname)%00%(upstream:track)%00%(upstream:remotename)%00%(upstream:remoteref) refs/heads/master refs/remotes/master [1ms]
2024-12-13 01:10:15.270 [warning] [Git][getBranch] No such branch: master
2024-12-13 01:10:15.270 [info] > git config --get commit.template [7ms]
2024-12-13 01:10:15.286 [info] > git status -z -uall [10ms]
2024-12-13 01:10:15.286 [info] > git for-each-ref --sort -committerdate --format %(refname) %(objectname) %(*objectname) [1ms]
2024-12-13 01:10:16.503 [info] > git config --get commit.template [1ms]
2024-12-13 01:10:16.506 [info] [Git][getRemotes] No remotes found in the git config file
2024-12-13 01:10:16.507 [info] > git for-each-ref --format=%(refname)%00%(upstream:short)%00%(objectname)%00%(upstream:track)%00%(upstream:remotename)%00%(upstream:remoteref) refs/heads/master refs/remotes/master [1ms]
2024-12-13 01:10:16.507 [warning] [Git][getBranch] No such branch: master
2024-12-13 01:10:16.514 [info] > git status -z -uall [4ms]
2024-12-13 01:10:16.515 [info] > git for-each-ref --sort -committerdate --format %(refname) %(objectname) %(*objectname) [1ms]
2024-12-13 01:23:39.520 [info] > git fetch [12ms]
2024-12-13 01:23:39.534 [info] [Git][getRemotes] No remotes found in the git config file
2024-12-13 01:23:39.534 [info] > git config --get commit.template [5ms]
2024-12-13 01:23:39.537 [info] > git for-each-ref --format=%(refname)%00%(upstream:short)%00%(objectname)%00%(upstream:track)%00%(upstream:remotename)%00%(upstream:remoteref) refs/heads/master refs/remotes/master [2ms]
2024-12-13 01:23:39.537 [warning] [Git][getBranch] No such branch: master
2024-12-13 01:23:39.550 [info] > git status -z -uall [6ms]
2024-12-13 01:23:39.550 [info] > git for-each-ref --sort -committerdate --format %(refname) %(objectname) %(*objectname) [2ms]
2024-12-13 01:23:40.742 [info] [Git][getRemotes] No remotes found in the git config file
2024-12-13 01:23:40.743 [info] > git config --get commit.template [4ms]
2024-12-13 01:23:40.743 [info] > git for-each-ref --format=%(refname)%00%(upstream:short)%00%(objectname)%00%(upstream:track)%00%(upstream:remotename)%00%(upstream:remoteref) refs/heads/master refs/remotes/master [1ms]
2024-12-13 01:23:40.744 [warning] [Git][getBranch] No such branch: master
2024-12-13 01:23:40.750 [info] > git status -z -uall [4ms]
2024-12-13 01:23:40.752 [info] > git for-each-ref --sort -committerdate --format %(refname) %(objectname) %(*objectname) [3ms]
2024-12-13 01:35:28.847 [info] > git fetch [8ms]
2024-12-13 01:35:28.856 [info] [Git][getRemotes] No remotes found in the git config file
2024-12-13 01:35:28.858 [info] > git for-each-ref --format=%(refname)%00%(upstream:short)%00%(objectname)%00%(upstream:track)%00%(upstream:remotename)%00%(upstream:remoteref) refs/heads/master refs/remotes/master [3ms]
2024-12-13 01:35:28.858 [warning] [Git][getBranch] No such branch: master
2024-12-13 01:35:28.858 [info] > git config --get commit.template [7ms]
2024-12-13 01:35:28.870 [info] > git status -z -uall [7ms]
2024-12-13 01:35:28.871 [info] > git for-each-ref --sort -committerdate --format %(refname) %(objectname) %(*objectname) [4ms]
2024-12-13 01:35:30.132 [info] [Git][getRemotes] No remotes found in the git config file
2024-12-13 01:35:30.133 [info] > git config --get commit.template [11ms]
2024-12-13 01:35:30.135 [info] > git for-each-ref --format=%(refname)%00%(upstream:short)%00%(objectname)%00%(upstream:track)%00%(upstream:remotename)%00%(upstream:remoteref) refs/heads/master refs/remotes/master [7ms]
2024-12-13 01:35:30.136 [warning] [Git][getBranch] No such branch: master
2024-12-13 01:35:30.157 [info] > git status -z -uall [14ms]
2024-12-13 01:35:30.160 [info] > git for-each-ref --sort -committerdate --format %(refname) %(objectname) %(*objectname) [6ms]
2024-12-13 01:44:46.304 [info] > git fetch [8ms]
2024-12-13 01:44:46.315 [info] [Git][getRemotes] No remotes found in the git config file
2024-12-13 01:44:46.324 [info] > git config --get commit.template [10ms]
2024-12-13 01:44:46.325 [info] > git for-each-ref --format=%(refname)%00%(upstream:short)%00%(objectname)%00%(upstream:track)%00%(upstream:remotename)%00%(upstream:remoteref) refs/heads/master refs/remotes/master [2ms]
2024-12-13 01:44:46.328 [warning] [Git][getBranch] No such branch: master
2024-12-13 01:44:46.335 [info] > git status -z -uall [4ms]
2024-12-13 01:44:46.337 [info] > git for-each-ref --sort -committerdate --format %(refname) %(objectname) %(*objectname) [2ms]
2024-12-13 01:44:47.541 [info] [Git][getRemotes] No remotes found in the git config file
2024-12-13 01:44:47.541 [info] > git config --get commit.template [4ms]
2024-12-13 01:44:47.542 [info] > git for-each-ref --format=%(refname)%00%(upstream:short)%00%(objectname)%00%(upstream:track)%00%(upstream:remotename)%00%(upstream:remoteref) refs/heads/master refs/remotes/master [1ms]
2024-12-13 01:44:47.543 [warning] [Git][getBranch] No such branch: master
2024-12-13 01:44:47.549 [info] > git status -z -uall [4ms]
2024-12-13 01:44:47.550 [info] > git for-each-ref --sort -committerdate --format %(refname) %(objectname) %(*objectname) [2ms]
2024-12-13 01:47:46.346 [info] > git fetch [4ms]
2024-12-13 01:47:46.355 [info] [Git][getRemotes] No remotes found in the git config file
2024-12-13 01:47:46.355 [info] > git config --get commit.template [5ms]
2024-12-13 01:47:46.356 [info] > git for-each-ref --format=%(refname)%00%(upstream:short)%00%(objectname)%00%(upstream:track)%00%(upstream:remotename)%00%(upstream:remoteref) refs/heads/master refs/remotes/master [1ms]
2024-12-13 01:47:46.356 [warning] [Git][getBranch] No such branch: master
2024-12-13 01:47:46.364 [info] > git status -z -uall [5ms]
2024-12-13 01:47:46.367 [info] > git for-each-ref --sort -committerdate --format %(refname) %(objectname) %(*objectname) [4ms]
2024-12-13 01:47:47.562 [info] [Git][getRemotes] No remotes found in the git config file
2024-12-13 01:47:47.564 [info] > git config --get commit.template [7ms]
2024-12-13 01:47:47.564 [info] > git for-each-ref --format=%(refname)%00%(upstream:short)%00%(objectname)%00%(upstream:track)%00%(upstream:remotename)%00%(upstream:remoteref) refs/heads/master refs/remotes/master [3ms]
2024-12-13 01:47:47.565 [warning] [Git][getBranch] No such branch: master
2024-12-13 01:47:47.577 [info] > git status -z -uall [8ms]
2024-12-13 01:47:47.581 [info] > git for-each-ref --sort -committerdate --format %(refname) %(objectname) %(*objectname) [5ms]
2024-12-13 01:50:46.376 [info] > git fetch [3ms]
2024-12-13 01:50:46.383 [info] [Git][getRemotes] No remotes found in the git config file
2024-12-13 01:50:46.384 [info] > git config --get commit.template [4ms]
2024-12-13 01:50:46.384 [info] > git for-each-ref --format=%(refname)%00%(upstream:short)%00%(objectname)%00%(upstream:track)%00%(upstream:remotename)%00%(upstream:remoteref) refs/heads/master refs/remotes/master [1ms]
2024-12-13 01:50:46.385 [warning] [Git][getBranch] No such branch: master
2024-12-13 01:50:46.392 [info] > git status -z -uall [5ms]
2024-12-13 01:50:46.393 [info] > git for-each-ref --sort -committerdate --format %(refname) %(objectname) %(*objectname) [2ms]
2024-12-13 01:50:47.633 [info] [Git][getRemotes] No remotes found in the git config file
2024-12-13 01:50:47.634 [info] > git config --get commit.template [10ms]
2024-12-13 01:50:47.635 [info] > git for-each-ref --format=%(refname)%00%(upstream:short)%00%(objectname)%00%(upstream:track)%00%(upstream:remotename)%00%(upstream:remoteref) refs/heads/master refs/remotes/master [3ms]
2024-12-13 01:50:47.643 [warning] [Git][getBranch] No such branch: master
2024-12-13 01:50:47.668 [info] > git status -z -uall [16ms]
2024-12-13 01:50:47.674 [info] > git for-each-ref --sort -committerdate --format %(refname) %(objectname) %(*objectname) [10ms]
2024-12-13 01:54:43.889 [info] > git fetch [5ms]
2024-12-13 01:54:43.895 [info] > git config --get commit.template [2ms]
2024-12-13 01:54:43.898 [info] [Git][getRemotes] No remotes found in the git config file
2024-12-13 01:54:43.901 [info] > git for-each-ref --format=%(refname)%00%(upstream:short)%00%(objectname)%00%(upstream:track)%00%(upstream:remotename)%00%(upstream:remoteref) refs/heads/master refs/remotes/master [3ms]
2024-12-13 01:54:43.901 [warning] [Git][getBranch] No such branch: master
2024-12-13 01:54:43.909 [info] > git status -z -uall [5ms]
2024-12-13 01:54:43.910 [info] > git for-each-ref --sort -committerdate --format %(refname) %(objectname) %(*objectname) [2ms]
2024-12-13 01:54:45.136 [info] [Git][getRemotes] No remotes found in the git config file
2024-12-13 01:54:45.144 [info] > git config --get commit.template [19ms]
2024-12-13 01:54:45.147 [info] > git for-each-ref --format=%(refname)%00%(upstream:short)%00%(objectname)%00%(upstream:track)%00%(upstream:remotename)%00%(upstream:remoteref) refs/heads/master refs/remotes/master [12ms]
2024-12-13 01:54:45.147 [warning] [Git][getBranch] No such branch: master
2024-12-13 01:54:45.169 [info] > git status -z -uall [17ms]
2024-12-13 01:54:45.173 [info] > git for-each-ref --sort -committerdate --format %(refname) %(objectname) %(*objectname) [9ms]
2024-12-13 01:57:43.921 [info] > git fetch [5ms]
2024-12-13 01:57:43.928 [info] [Git][getRemotes] No remotes found in the git config file
2024-12-13 01:57:43.928 [info] > git config --get commit.template [4ms]
2024-12-13 01:57:43.929 [info] > git for-each-ref --format=%(refname)%00%(upstream:short)%00%(objectname)%00%(upstream:track)%00%(upstream:remotename)%00%(upstream:remoteref) refs/heads/master refs/remotes/master [1ms]
2024-12-13 01:57:43.929 [warning] [Git][getBranch] No such branch: master
2024-12-13 01:57:43.937 [info] > git status -z -uall [5ms]
2024-12-13 01:57:43.939 [info] > git for-each-ref --sort -committerdate --format %(refname) %(objectname) %(*objectname) [3ms]
2024-12-13 01:57:45.130 [info] [Git][getRemotes] No remotes found in the git config file
2024-12-13 01:57:45.131 [info] > git config --get commit.template [7ms]
2024-12-13 01:57:45.131 [info] > git for-each-ref --format=%(refname)%00%(upstream:short)%00%(objectname)%00%(upstream:track)%00%(upstream:remotename)%00%(upstream:remoteref) refs/heads/master refs/remotes/master [2ms]
2024-12-13 01:57:45.131 [warning] [Git][getBranch] No such branch: master
2024-12-13 01:57:45.139 [info] > git status -z -uall [5ms]
2024-12-13 01:57:45.141 [info] > git for-each-ref --sort -committerdate --format %(refname) %(objectname) %(*objectname) [3ms]
2024-12-13 02:08:33.636 [info] > git fetch [3ms]
2024-12-13 02:08:33.644 [info] [Git][getRemotes] No remotes found in the git config file
2024-12-13 02:08:33.645 [info] > git config --get commit.template [5ms]
2024-12-13 02:08:33.645 [info] > git for-each-ref --format=%(refname)%00%(upstream:short)%00%(objectname)%00%(upstream:track)%00%(upstream:remotename)%00%(upstream:remoteref) refs/heads/master refs/remotes/master [2ms]
2024-12-13 02:08:33.645 [warning] [Git][getBranch] No such branch: master
2024-12-13 02:08:33.653 [info] > git status -z -uall [5ms]
2024-12-13 02:08:33.654 [info] > git for-each-ref --sort -committerdate --format %(refname) %(objectname) %(*objectname) [3ms]
2024-12-13 02:09:10.892 [info] > git rev-parse --show-toplevel [3ms]
2024-12-13 02:09:10.892 [info] fatal: not a git repository (or any of the parent directories): .git
2024-12-13 02:10:13.127 [info] [Git][getRemotes] No remotes found in the git config file
2024-12-13 02:10:13.132 [info] > git config --get commit.template [9ms]
2024-12-13 02:10:13.135 [info] > git for-each-ref --format=%(refname)%00%(upstream:short)%00%(objectname)%00%(upstream:track)%00%(upstream:remotename)%00%(upstream:remoteref) refs/heads/master refs/remotes/master [8ms]
2024-12-13 02:10:13.135 [warning] [Git][getBranch] No such branch: master
2024-12-13 02:10:13.146 [info] > git status -z -uall [6ms]
2024-12-13 02:10:13.148 [info] > git for-each-ref --sort -committerdate --format %(refname) %(objectname) %(*objectname) [3ms]
2024-12-13 02:12:18.960 [info] > git fetch [3ms]
2024-12-13 02:12:18.966 [info] > git config --get commit.template [2ms]
2024-12-13 02:12:18.970 [info] [Git][getRemotes] No remotes found in the git config file
2024-12-13 02:12:18.971 [info] > git for-each-ref --format=%(refname)%00%(upstream:short)%00%(objectname)%00%(upstream:track)%00%(upstream:remotename)%00%(upstream:remoteref) refs/heads/master refs/remotes/master [1ms]
2024-12-13 02:12:18.971 [warning] [Git][getBranch] No such branch: master
2024-12-13 02:12:18.980 [info] > git status -z -uall [4ms]
2024-12-13 02:12:18.981 [info] > git for-each-ref --sort -committerdate --format %(refname) %(objectname) %(*objectname) [2ms]
2024-12-13 02:12:20.180 [info] [Git][getRemotes] No remotes found in the git config file
2024-12-13 02:12:20.180 [info] > git config --get commit.template [4ms]
2024-12-13 02:12:20.181 [info] > git for-each-ref --format=%(refname)%00%(upstream:short)%00%(objectname)%00%(upstream:track)%00%(upstream:remotename)%00%(upstream:remoteref) refs/heads/master refs/remotes/master [1ms]
2024-12-13 02:12:20.181 [warning] [Git][getBranch] No such branch: master
2024-12-13 02:12:20.200 [info] > git status -z -uall [16ms]
2024-12-13 02:12:20.204 [info] > git for-each-ref --sort -committerdate --format %(refname) %(objectname) %(*objectname) [5ms]
2024-12-13 02:56:47.179 [info] > git fetch [4ms]
2024-12-13 02:56:47.186 [info] [Git][getRemotes] No remotes found in the git config file
2024-12-13 02:56:47.186 [info] > git config --get commit.template [3ms]
2024-12-13 02:56:47.187 [info] > git for-each-ref --format=%(refname)%00%(upstream:short)%00%(objectname)%00%(upstream:track)%00%(upstream:remotename)%00%(upstream:remoteref) refs/heads/master refs/remotes/master [1ms]
2024-12-13 02:56:47.187 [warning] [Git][getBranch] No such branch: master
2024-12-13 02:56:47.193 [info] > git status -z -uall [4ms]
2024-12-13 02:56:47.194 [info] > git for-each-ref --sort -committerdate --format %(refname) %(objectname) %(*objectname) [1ms]
2024-12-13 02:56:48.330 [info] [Git][getRemotes] No remotes found in the git config file
2024-12-13 02:56:48.334 [info] > git config --get commit.template [17ms]
2024-12-13 02:56:48.341 [info] > git for-each-ref --format=%(refname)%00%(upstream:short)%00%(objectname)%00%(upstream:track)%00%(upstream:remotename)%00%(upstream:remoteref) refs/heads/master refs/remotes/master [10ms]
2024-12-13 02:56:48.341 [warning] [Git][getBranch] No such branch: master
2024-12-13 02:56:48.361 [info] > git status -z -uall [11ms]
2024-12-13 02:56:48.362 [info] > git for-each-ref --sort -committerdate --format %(refname) %(objectname) %(*objectname) [2ms]
2024-12-13 03:00:46.277 [info] > git fetch [7ms]
2024-12-13 03:00:46.293 [info] [Git][getRemotes] No remotes found in the git config file
2024-12-13 03:00:46.294 [info] > git config --get commit.template [10ms]
2024-12-13 03:00:46.297 [info] > git for-each-ref --format=%(refname)%00%(upstream:short)%00%(objectname)%00%(upstream:track)%00%(upstream:remotename)%00%(upstream:remoteref) refs/heads/master refs/remotes/master [3ms]
2024-12-13 03:00:46.297 [warning] [Git][getBranch] No such branch: master
2024-12-13 03:00:46.317 [info] > git status -z -uall [12ms]
2024-12-13 03:00:46.321 [info] > git for-each-ref --sort -committerdate --format %(refname) %(objectname) %(*objectname) [6ms]
2024-12-13 03:00:47.429 [info] [Git][getRemotes] No remotes found in the git config file
2024-12-13 03:00:47.430 [info] > git config --get commit.template [12ms]
2024-12-13 03:00:47.435 [info] > git for-each-ref --format=%(refname)%00%(upstream:short)%00%(objectname)%00%(upstream:track)%00%(upstream:remotename)%00%(upstream:remoteref) refs/heads/master refs/remotes/master [6ms]
2024-12-13 03:00:47.435 [warning] [Git][getBranch] No such branch: master
2024-12-13 03:00:47.453 [info] > git status -z -uall [14ms]
2024-12-13 03:00:47.456 [info] > git for-each-ref --sort -committerdate --format %(refname) %(objectname) %(*objectname) [7ms]
2024-12-13 03:05:03.956 [info] > git fetch [9ms]
2024-12-13 03:05:03.967 [info] [Git][getRemotes] No remotes found in the git config file
2024-12-13 03:05:03.969 [info] > git config --get commit.template [7ms]
2024-12-13 03:05:03.970 [info] > git for-each-ref --format=%(refname)%00%(upstream:short)%00%(objectname)%00%(upstream:track)%00%(upstream:remotename)%00%(upstream:remoteref) refs/heads/master refs/remotes/master [3ms]
2024-12-13 03:05:03.971 [warning] [Git][getBranch] No such branch: master
2024-12-13 03:05:03.981 [info] > git status -z -uall [7ms]
2024-12-13 03:05:03.982 [info] > git for-each-ref --sort -committerdate --format %(refname) %(objectname) %(*objectname) [2ms]
2024-12-13 03:05:05.106 [info] [Git][getRemotes] No remotes found in the git config file
2024-12-13 03:05:05.107 [info] > git config --get commit.template [5ms]
2024-12-13 03:05:05.108 [info] > git for-each-ref --format=%(refname)%00%(upstream:short)%00%(objectname)%00%(upstream:track)%00%(upstream:remotename)%00%(upstream:remoteref) refs/heads/master refs/remotes/master [2ms]
2024-12-13 03:05:05.108 [warning] [Git][getBranch] No such branch: master
2024-12-13 03:05:05.115 [info] > git status -z -uall [4ms]
2024-12-13 03:05:05.116 [info] > git for-each-ref --sort -committerdate --format %(refname) %(objectname) %(*objectname) [2ms]
2024-12-13 03:09:59.253 [info] > git fetch [15ms]
2024-12-13 03:09:59.267 [info] [Git][getRemotes] No remotes found in the git config file
2024-12-13 03:09:59.268 [info] > git config --get commit.template [8ms]
2024-12-13 03:09:59.271 [info] > git for-each-ref --format=%(refname)%00%(upstream:short)%00%(objectname)%00%(upstream:track)%00%(upstream:remotename)%00%(upstream:remoteref) refs/heads/master refs/remotes/master [4ms]
2024-12-13 03:09:59.271 [warning] [Git][getBranch] No such branch: master
2024-12-13 03:09:59.293 [info] > git status -z -uall [14ms]
2024-12-13 03:09:59.296 [info] > git for-each-ref --sort -committerdate --format %(refname) %(objectname) %(*objectname) [4ms]
2024-12-13 03:10:00.404 [info] [Git][getRemotes] No remotes found in the git config file
2024-12-13 03:10:00.406 [info] > git config --get commit.template [11ms]
2024-12-13 03:10:00.408 [info] > git for-each-ref --format=%(refname)%00%(upstream:short)%00%(objectname)%00%(upstream:track)%00%(upstream:remotename)%00%(upstream:remoteref) refs/heads/master refs/remotes/master [4ms]
2024-12-13 03:10:00.412 [warning] [Git][getBranch] No such branch: master
2024-12-13 03:10:00.433 [info] > git status -z -uall [15ms]
2024-12-13 03:10:00.442 [info] > git for-each-ref --sort -committerdate --format %(refname) %(objectname) %(*objectname) [8ms]
2024-12-13 03:16:41.636 [info] > git fetch [4ms]
2024-12-13 03:16:41.643 [info] [Git][getRemotes] No remotes found in the git config file
2024-12-13 03:16:41.643 [info] > git config --get commit.template [4ms]
2024-12-13 03:16:41.644 [info] > git for-each-ref --format=%(refname)%00%(upstream:short)%00%(objectname)%00%(upstream:track)%00%(upstream:remotename)%00%(upstream:remoteref) refs/heads/master refs/remotes/master [1ms]
2024-12-13 03:16:41.644 [warning] [Git][getBranch] No such branch: master
2024-12-13 03:16:41.652 [info] > git status -z -uall [5ms]
2024-12-13 03:16:41.652 [info] > git for-each-ref --sort -committerdate --format %(refname) %(objectname) %(*objectname) [2ms]
2024-12-13 03:16:42.772 [info] [Git][getRemotes] No remotes found in the git config file
2024-12-13 03:16:42.773 [info] > git config --get commit.template [6ms]
2024-12-13 03:16:42.774 [info] > git for-each-ref --format=%(refname)%00%(upstream:short)%00%(objectname)%00%(upstream:track)%00%(upstream:remotename)%00%(upstream:remoteref) refs/heads/master refs/remotes/master [2ms]
2024-12-13 03:16:42.774 [warning] [Git][getBranch] No such branch: master
2024-12-13 03:16:42.793 [info] > git status -z -uall [16ms]
2024-12-13 03:16:42.795 [info] > git for-each-ref --sort -committerdate --format %(refname) %(objectname) %(*objectname) [3ms]
2024-12-13 03:21:05.302 [info] > git fetch [6ms]
2024-12-13 03:21:05.310 [info] [Git][getRemotes] No remotes found in the git config file
2024-12-13 03:21:05.311 [info] > git config --get commit.template [4ms]
2024-12-13 03:21:05.311 [info] > git for-each-ref --format=%(refname)%00%(upstream:short)%00%(objectname)%00%(upstream:track)%00%(upstream:remotename)%00%(upstream:remoteref) refs/heads/master refs/remotes/master [1ms]
2024-12-13 03:21:05.311 [warning] [Git][getBranch] No such branch: master
2024-12-13 03:21:05.319 [info] > git status -z -uall [5ms]
2024-12-13 03:21:05.326 [info] > git for-each-ref --sort -committerdate --format %(refname) %(objectname) %(*objectname) [8ms]
2024-12-13 03:21:06.599 [info] > git config --get commit.template [2ms]
2024-12-13 03:21:06.602 [info] [Git][getRemotes] No remotes found in the git config file
2024-12-13 03:21:06.603 [info] > git for-each-ref --format=%(refname)%00%(upstream:short)%00%(objectname)%00%(upstream:track)%00%(upstream:remotename)%00%(upstream:remoteref) refs/heads/master refs/remotes/master [2ms]
2024-12-13 03:21:06.603 [warning] [Git][getBranch] No such branch: master
2024-12-13 03:21:06.611 [info] > git status -z -uall [4ms]
2024-12-13 03:21:06.613 [info] > git for-each-ref --sort -committerdate --format %(refname) %(objectname) %(*objectname) [3ms]
2024-12-13 03:24:07.267 [info] > git fetch [6ms]
2024-12-13 03:24:07.288 [info] [Git][getRemotes] No remotes found in the git config file
2024-12-13 03:24:07.289 [info] > git config --get commit.template [10ms]
2024-12-13 03:24:07.291 [info] > git for-each-ref --format=%(refname)%00%(upstream:short)%00%(objectname)%00%(upstream:track)%00%(upstream:remotename)%00%(upstream:remoteref) refs/heads/master refs/remotes/master [4ms]
2024-12-13 03:24:07.291 [warning] [Git][getBranch] No such branch: master
2024-12-13 03:24:07.307 [info] > git status -z -uall [9ms]
2024-12-13 03:24:07.310 [info] > git for-each-ref --sort -committerdate --format %(refname) %(objectname) %(*objectname) [6ms]
2024-12-13 03:25:08.056 [info] > git config --get commit.template [4ms]
2024-12-13 03:25:08.066 [info] [Git][getRemotes] No remotes found in the git config file
2024-12-13 03:25:08.069 [info] > git for-each-ref --format=%(refname)%00%(upstream:short)%00%(objectname)%00%(upstream:track)%00%(upstream:remotename)%00%(upstream:remoteref) refs/heads/master refs/remotes/master [2ms]
2024-12-13 03:25:08.069 [warning] [Git][getBranch] No such branch: master
2024-12-13 03:25:08.087 [info] > git status -z -uall [10ms]
2024-12-13 03:25:08.089 [info] > git for-each-ref --sort -committerdate --format %(refname) %(objectname) %(*objectname) [2ms]
2024-12-13 03:28:49.222 [info] > git fetch [3ms]
2024-12-13 03:28:49.226 [info] [Git][getRemotes] No remotes found in the git config file
2024-12-13 03:28:49.230 [info] > git config --get commit.template [4ms]
2024-12-13 03:28:49.231 [info] > git for-each-ref --format=%(refname)%00%(upstream:short)%00%(objectname)%00%(upstream:track)%00%(upstream:remotename)%00%(upstream:remoteref) refs/heads/master refs/remotes/master [2ms]
2024-12-13 03:28:49.231 [warning] [Git][getBranch] No such branch: master
2024-12-13 03:28:49.239 [info] > git status -z -uall [5ms]
2024-12-13 03:28:49.241 [info] > git for-each-ref --sort -committerdate --format %(refname) %(objectname) %(*objectname) [2ms]
2024-12-13 03:28:50.376 [info] [Git][getRemotes] No remotes found in the git config file
2024-12-13 03:28:50.378 [info] > git config --get commit.template [7ms]
2024-12-13 03:28:50.383 [info] > git for-each-ref --format=%(refname)%00%(upstream:short)%00%(objectname)%00%(upstream:track)%00%(upstream:remotename)%00%(upstream:remoteref) refs/heads/master refs/remotes/master [8ms]
2024-12-13 03:28:50.383 [warning] [Git][getBranch] No such branch: master
2024-12-13 03:28:50.392 [info] > git status -z -uall [4ms]
2024-12-13 03:28:50.393 [info] > git for-each-ref --sort -committerdate --format %(refname) %(objectname) %(*objectname) [1ms]
2024-12-13 03:34:29.099 [info] > git fetch [4ms]
2024-12-13 03:34:29.106 [info] [Git][getRemotes] No remotes found in the git config file
2024-12-13 03:34:29.107 [info] > git config --get commit.template [5ms]
2024-12-13 03:34:29.108 [info] > git for-each-ref --format=%(refname)%00%(upstream:short)%00%(objectname)%00%(upstream:track)%00%(upstream:remotename)%00%(upstream:remoteref) refs/heads/master refs/remotes/master [2ms]
2024-12-13 03:34:29.108 [warning] [Git][getBranch] No such branch: master
2024-12-13 03:34:29.116 [info] > git status -z -uall [5ms]
2024-12-13 03:34:29.117 [info] > git for-each-ref --sort -committerdate --format %(refname) %(objectname) %(*objectname) [2ms]
2024-12-13 03:34:30.341 [info] [Git][getRemotes] No remotes found in the git config file
2024-12-13 03:34:30.342 [info] > git config --get commit.template [4ms]
2024-12-13 03:34:30.342 [info] > git for-each-ref --format=%(refname)%00%(upstream:short)%00%(objectname)%00%(upstream:track)%00%(upstream:remotename)%00%(upstream:remoteref) refs/heads/master refs/remotes/master [1ms]
2024-12-13 03:34:30.343 [warning] [Git][getBranch] No such branch: master
2024-12-13 03:34:30.349 [info] > git status -z -uall [4ms]
2024-12-13 03:34:30.350 [info] > git for-each-ref --sort -committerdate --format %(refname) %(objectname) %(*objectname) [1ms]
2024-12-13 03:38:30.787 [info] > git fetch [10ms]
2024-12-13 03:38:30.802 [info] > git config --get commit.template [6ms]
2024-12-13 03:38:30.813 [info] [Git][getRemotes] No remotes found in the git config file
2024-12-13 03:38:30.815 [info] > git for-each-ref --format=%(refname)%00%(upstream:short)%00%(objectname)%00%(upstream:track)%00%(upstream:remotename)%00%(upstream:remoteref) refs/heads/master refs/remotes/master [2ms]
2024-12-13 03:38:30.816 [warning] [Git][getBranch] No such branch: master
2024-12-13 03:38:30.824 [info] > git status -z -uall [4ms]
2024-12-13 03:38:30.825 [info] > git for-each-ref --sort -committerdate --format %(refname) %(objectname) %(*objectname) [2ms]
2024-12-13 03:38:31.990 [info] [Git][getRemotes] No remotes found in the git config file
2024-12-13 03:38:31.991 [info] > git config --get commit.template [14ms]
2024-12-13 03:38:31.993 [info] > git for-each-ref --format=%(refname)%00%(upstream:short)%00%(objectname)%00%(upstream:track)%00%(upstream:remotename)%00%(upstream:remoteref) refs/heads/master refs/remotes/master [3ms]
2024-12-13 03:38:31.993 [warning] [Git][getBranch] No such branch: master
2024-12-13 03:38:32.006 [info] > git status -z -uall [10ms]
2024-12-13 03:38:32.009 [info] > git for-each-ref --sort -committerdate --format %(refname) %(objectname) %(*objectname) [3ms]
2024-12-13 03:41:30.843 [info] > git fetch [12ms]
2024-12-13 03:41:30.866 [info] [Git][getRemotes] No remotes found in the git config file
2024-12-13 03:41:30.866 [info] > git config --get commit.template [4ms]
2024-12-13 03:41:30.877 [info] > git for-each-ref --format=%(refname)%00%(upstream:short)%00%(objectname)%00%(upstream:track)%00%(upstream:remotename)%00%(upstream:remoteref) refs/heads/master refs/remotes/master [12ms]
2024-12-13 03:41:30.877 [warning] [Git][getBranch] No such branch: master
2024-12-13 03:41:30.893 [info] > git status -z -uall [12ms]
2024-12-13 03:41:30.895 [info] > git for-each-ref --sort -committerdate --format %(refname) %(objectname) %(*objectname) [6ms]
2024-12-13 03:41:38.296 [info] > git config --get commit.template [2ms]
2024-12-13 03:41:38.300 [info] [Git][getRemotes] No remotes found in the git config file
2024-12-13 03:41:38.301 [info] > git for-each-ref --format=%(refname)%00%(upstream:short)%00%(objectname)%00%(upstream:track)%00%(upstream:remotename)%00%(upstream:remoteref) refs/heads/master refs/remotes/master [2ms]
2024-12-13 03:41:38.301 [warning] [Git][getBranch] No such branch: master
2024-12-13 03:41:38.308 [info] > git status -z -uall [4ms]
2024-12-13 03:41:38.309 [info] > git for-each-ref --sort -committerdate --format %(refname) %(objectname) %(*objectname) [2ms]
2024-12-13 03:44:30.907 [info] > git fetch [4ms]
2024-12-13 03:44:30.911 [info] [Git][getRemotes] No remotes found in the git config file
2024-12-13 03:44:30.915 [info] > git config --get commit.template [4ms]
2024-12-13 03:44:30.916 [info] > git for-each-ref --format=%(refname)%00%(upstream:short)%00%(objectname)%00%(upstream:track)%00%(upstream:remotename)%00%(upstream:remoteref) refs/heads/master refs/remotes/master [2ms]
2024-12-13 03:44:30.916 [warning] [Git][getBranch] No such branch: master
2024-12-13 03:44:30.925 [info] > git status -z -uall [5ms]
2024-12-13 03:44:30.926 [info] > git for-each-ref --sort -committerdate --format %(refname) %(objectname) %(*objectname) [2ms]
2024-12-13 03:44:32.045 [info] > git config --get commit.template [4ms]
2024-12-13 03:44:32.051 [info] [Git][getRemotes] No remotes found in the git config file
2024-12-13 03:44:32.054 [info] > git for-each-ref --format=%(refname)%00%(upstream:short)%00%(objectname)%00%(upstream:track)%00%(upstream:remotename)%00%(upstream:remoteref) refs/heads/master refs/remotes/master [2ms]
2024-12-13 03:44:32.054 [warning] [Git][getBranch] No such branch: master
2024-12-13 03:44:32.075 [info] > git status -z -uall [15ms]
2024-12-13 03:44:32.076 [info] > git for-each-ref --sort -committerdate --format %(refname) %(objectname) %(*objectname) [1ms]
2024-12-13 03:47:45.396 [info] > git fetch [6ms]
2024-12-13 03:47:45.406 [info] > git config --get commit.template [4ms]
2024-12-13 03:47:45.413 [info] [Git][getRemotes] No remotes found in the git config file
2024-12-13 03:47:45.417 [info] > git for-each-ref --format=%(refname)%00%(upstream:short)%00%(objectname)%00%(upstream:track)%00%(upstream:remotename)%00%(upstream:remoteref) refs/heads/master refs/remotes/master [4ms]
2024-12-13 03:47:45.417 [warning] [Git][getBranch] No such branch: master
2024-12-13 03:47:45.436 [info] > git status -z -uall [9ms]
2024-12-13 03:47:45.440 [info] > git for-each-ref --sort -committerdate --format %(refname) %(objectname) %(*objectname) [5ms]
2024-12-13 03:47:46.546 [info] [Git][getRemotes] No remotes found in the git config file
2024-12-13 03:47:46.547 [info] > git for-each-ref --format=%(refname)%00%(upstream:short)%00%(objectname)%00%(upstream:track)%00%(upstream:remotename)%00%(upstream:remoteref) refs/heads/master refs/remotes/master [1ms]
2024-12-13 03:47:46.548 [warning] [Git][getBranch] No such branch: master
2024-12-13 03:47:46.548 [info] > git config --get commit.template [6ms]
2024-12-13 03:47:46.554 [info] > git status -z -uall [4ms]
2024-12-13 03:47:46.555 [info] > git for-each-ref --sort -committerdate --format %(refname) %(objectname) %(*objectname) [2ms]
2024-12-13 04:03:48.207 [info] > git fetch [5ms]
2024-12-13 04:03:48.215 [info] [Git][getRemotes] No remotes found in the git config file
2024-12-13 04:03:48.216 [info] > git config --get commit.template [4ms]
2024-12-13 04:03:48.216 [info] > git for-each-ref --format=%(refname)%00%(upstream:short)%00%(objectname)%00%(upstream:track)%00%(upstream:remotename)%00%(upstream:remoteref) refs/heads/master refs/remotes/master [2ms]
2024-12-13 04:03:48.216 [warning] [Git][getBranch] No such branch: master
2024-12-13 04:03:48.223 [info] > git status -z -uall [4ms]
2024-12-13 04:03:48.225 [info] > git for-each-ref --sort -committerdate --format %(refname) %(objectname) %(*objectname) [2ms]
2024-12-13 04:03:49.452 [info] > git config --get commit.template [2ms]
2024-12-13 04:03:49.455 [info] [Git][getRemotes] No remotes found in the git config file
2024-12-13 04:03:49.456 [info] > git for-each-ref --format=%(refname)%00%(upstream:short)%00%(objectname)%00%(upstream:track)%00%(upstream:remotename)%00%(upstream:remoteref) refs/heads/master refs/remotes/master [1ms]
2024-12-13 04:03:49.456 [warning] [Git][getBranch] No such branch: master
2024-12-13 04:03:49.462 [info] > git status -z -uall [3ms]
2024-12-13 04:03:49.463 [info] > git for-each-ref --sort -committerdate --format %(refname) %(objectname) %(*objectname) [1ms]
2024-12-13 04:06:55.015 [info] > git fetch [7ms]
2024-12-13 04:06:55.027 [info] [Git][getRemotes] No remotes found in the git config file
2024-12-13 04:06:55.039 [info] > git for-each-ref --format=%(refname)%00%(upstream:short)%00%(objectname)%00%(upstream:track)%00%(upstream:remotename)%00%(upstream:remoteref) refs/heads/master refs/remotes/master [6ms]
2024-12-13 04:06:55.040 [warning] [Git][getBranch] No such branch: master
2024-12-13 04:06:55.040 [info] > git config --get commit.template [13ms]
2024-12-13 04:06:55.051 [info] > git status -z -uall [5ms]
2024-12-13 04:06:55.053 [info] > git for-each-ref --sort -committerdate --format %(refname) %(objectname) %(*objectname) [3ms]
2024-12-13 04:08:50.173 [info] [Git][getRemotes] No remotes found in the git config file
2024-12-13 04:08:50.174 [info] > git config --get commit.template [4ms]
2024-12-13 04:08:50.175 [info] > git for-each-ref --format=%(refname)%00%(upstream:short)%00%(objectname)%00%(upstream:track)%00%(upstream:remotename)%00%(upstream:remoteref) refs/heads/master refs/remotes/master [2ms]
2024-12-13 04:08:50.175 [warning] [Git][getBranch] No such branch: master
2024-12-13 04:08:50.181 [info] > git status -z -uall [3ms]
2024-12-13 04:08:50.183 [info] > git for-each-ref --sort -committerdate --format %(refname) %(objectname) %(*objectname) [2ms]
2024-12-13 04:09:55.066 [info] > git fetch [7ms]
2024-12-13 04:09:55.072 [info] [Git][getRemotes] No remotes found in the git config file
2024-12-13 04:09:55.076 [info] > git config --get commit.template [5ms]
2024-12-13 04:09:55.077 [info] > git for-each-ref --format=%(refname)%00%(upstream:short)%00%(objectname)%00%(upstream:track)%00%(upstream:remotename)%00%(upstream:remoteref) refs/heads/master refs/remotes/master [2ms]
2024-12-13 04:09:55.077 [warning] [Git][getBranch] No such branch: master
2024-12-13 04:09:55.112 [info] > git status -z -uall [21ms]
2024-12-13 04:09:55.114 [info] > git for-each-ref --sort -committerdate --format %(refname) %(objectname) %(*objectname) [8ms]
2024-12-13 04:09:56.203 [info] [Git][getRemotes] No remotes found in the git config file
2024-12-13 04:09:56.204 [info] > git config --get commit.template [4ms]
2024-12-13 04:09:56.205 [info] > git for-each-ref --format=%(refname)%00%(upstream:short)%00%(objectname)%00%(upstream:track)%00%(upstream:remotename)%00%(upstream:remoteref) refs/heads/master refs/remotes/master [2ms]
2024-12-13 04:09:56.205 [warning] [Git][getBranch] No such branch: master
2024-12-13 04:09:56.226 [info] > git status -z -uall [11ms]
2024-12-13 04:09:56.232 [info] > git for-each-ref --sort -committerdate --format %(refname) %(objectname) %(*objectname) [9ms]
2024-12-13 04:12:58.185 [info] > git fetch [11ms]
2024-12-13 04:12:58.201 [info] [Git][getRemotes] No remotes found in the git config file
2024-12-13 04:12:58.205 [info] > git config --get commit.template [13ms]
2024-12-13 04:12:58.205 [info] > git for-each-ref --format=%(refname)%00%(upstream:short)%00%(objectname)%00%(upstream:track)%00%(upstream:remotename)%00%(upstream:remoteref) refs/heads/master refs/remotes/master [4ms]
2024-12-13 04:12:58.206 [warning] [Git][getBranch] No such branch: master
2024-12-13 04:12:58.220 [info] > git status -z -uall [9ms]
2024-12-13 04:12:58.225 [info] > git for-each-ref --sort -committerdate --format %(refname) %(objectname) %(*objectname) [5ms]
2024-12-13 04:12:59.336 [info] [Git][getRemotes] No remotes found in the git config file
2024-12-13 04:12:59.337 [info] > git config --get commit.template [4ms]
2024-12-13 04:12:59.337 [info] > git for-each-ref --format=%(refname)%00%(upstream:short)%00%(objectname)%00%(upstream:track)%00%(upstream:remotename)%00%(upstream:remoteref) refs/heads/master refs/remotes/master [1ms]
2024-12-13 04:12:59.337 [warning] [Git][getBranch] No such branch: master
2024-12-13 04:12:59.344 [info] > git status -z -uall [4ms]
2024-12-13 04:12:59.345 [info] > git for-each-ref --sort -committerdate --format %(refname) %(objectname) %(*objectname) [2ms]
2024-12-13 04:15:58.240 [info] > git fetch [4ms]
2024-12-13 04:15:58.249 [info] [Git][getRemotes] No remotes found in the git config file
2024-12-13 04:15:58.250 [info] > git config --get commit.template [4ms]
2024-12-13 04:15:58.251 [info] > git for-each-ref --format=%(refname)%00%(upstream:short)%00%(objectname)%00%(upstream:track)%00%(upstream:remotename)%00%(upstream:remoteref) refs/heads/master refs/remotes/master [2ms]
2024-12-13 04:15:58.251 [warning] [Git][getBranch] No such branch: master
2024-12-13 04:15:58.260 [info] > git status -z -uall [6ms]
2024-12-13 04:15:58.262 [info] > git for-each-ref --sort -committerdate --format %(refname) %(objectname) %(*objectname) [3ms]
2024-12-13 04:15:59.376 [info] [Git][getRemotes] No remotes found in the git config file
2024-12-13 04:15:59.376 [info] > git config --get commit.template [4ms]
2024-12-13 04:15:59.377 [info] > git for-each-ref --format=%(refname)%00%(upstream:short)%00%(objectname)%00%(upstream:track)%00%(upstream:remotename)%00%(upstream:remoteref) refs/heads/master refs/remotes/master [1ms]
2024-12-13 04:15:59.377 [warning] [Git][getBranch] No such branch: master
2024-12-13 04:15:59.385 [info] > git status -z -uall [5ms]
2024-12-13 04:15:59.386 [info] > git for-each-ref --sort -committerdate --format %(refname) %(objectname) %(*objectname) [1ms]
2024-12-13 04:18:58.270 [info] > git fetch [3ms]
2024-12-13 04:18:58.277 [info] [Git][getRemotes] No remotes found in the git config file
2024-12-13 04:18:58.278 [info] > git config --get commit.template [4ms]
2024-12-13 04:18:58.279 [info] > git for-each-ref --format=%(refname)%00%(upstream:short)%00%(objectname)%00%(upstream:track)%00%(upstream:remotename)%00%(upstream:remoteref) refs/heads/master refs/remotes/master [2ms]
2024-12-13 04:18:58.279 [warning] [Git][getBranch] No such branch: master
2024-12-13 04:18:58.287 [info] > git status -z -uall [6ms]
2024-12-13 04:18:58.288 [info] > git for-each-ref --sort -committerdate --format %(refname) %(objectname) %(*objectname) [3ms]
2024-12-13 04:18:59.415 [info] [Git][getRemotes] No remotes found in the git config file
2024-12-13 04:18:59.415 [info] > git config --get commit.template [4ms]
2024-12-13 04:18:59.416 [info] > git for-each-ref --format=%(refname)%00%(upstream:short)%00%(objectname)%00%(upstream:track)%00%(upstream:remotename)%00%(upstream:remoteref) refs/heads/master refs/remotes/master [1ms]
2024-12-13 04:18:59.416 [warning] [Git][getBranch] No such branch: master
2024-12-13 04:18:59.423 [info] > git status -z -uall [4ms]
2024-12-13 04:18:59.425 [info] > git for-each-ref --sort -committerdate --format %(refname) %(objectname) %(*objectname) [2ms]
2024-12-13 04:21:58.302 [info] > git fetch [8ms]
2024-12-13 04:21:58.313 [info] [Git][getRemotes] No remotes found in the git config file
2024-12-13 04:21:58.313 [info] > git config --get commit.template [6ms]
2024-12-13 04:21:58.314 [info] > git for-each-ref --format=%(refname)%00%(upstream:short)%00%(objectname)%00%(upstream:track)%00%(upstream:remotename)%00%(upstream:remoteref) refs/heads/master refs/remotes/master [2ms]
2024-12-13 04:21:58.314 [warning] [Git][getBranch] No such branch: master
2024-12-13 04:21:58.322 [info] > git status -z -uall [5ms]
2024-12-13 04:21:58.323 [info] > git for-each-ref --sort -committerdate --format %(refname) %(objectname) %(*objectname) [2ms]
2024-12-13 04:21:59.521 [info] [Git][getRemotes] No remotes found in the git config file
2024-12-13 04:21:59.522 [info] > git config --get commit.template [8ms]
2024-12-13 04:21:59.523 [info] > git for-each-ref --format=%(refname)%00%(upstream:short)%00%(objectname)%00%(upstream:track)%00%(upstream:remotename)%00%(upstream:remoteref) refs/heads/master refs/remotes/master [3ms]
2024-12-13 04:21:59.523 [warning] [Git][getBranch] No such branch: master
2024-12-13 04:21:59.533 [info] > git status -z -uall [5ms]
2024-12-13 04:21:59.534 [info] > git for-each-ref --sort -committerdate --format %(refname) %(objectname) %(*objectname) [3ms]
2024-12-13 04:24:58.339 [info] > git fetch [10ms]
2024-12-13 04:24:58.350 [info] [Git][getRemotes] No remotes found in the git config file
2024-12-13 04:24:58.359 [info] > git config --get commit.template [10ms]
2024-12-13 04:24:58.361 [info] > git for-each-ref --format=%(refname)%00%(upstream:short)%00%(objectname)%00%(upstream:track)%00%(upstream:remotename)%00%(upstream:remoteref) refs/heads/master refs/remotes/master [3ms]
2024-12-13 04:24:58.361 [warning] [Git][getBranch] No such branch: master
2024-12-13 04:24:58.370 [info] > git status -z -uall [5ms]
2024-12-13 04:24:58.371 [info] > git for-each-ref --sort -committerdate --format %(refname) %(objectname) %(*objectname) [2ms]
2024-12-13 04:24:59.568 [info] [Git][getRemotes] No remotes found in the git config file
2024-12-13 04:24:59.569 [info] > git config --get commit.template [16ms]
2024-12-13 04:24:59.576 [info] > git for-each-ref --format=%(refname)%00%(upstream:short)%00%(objectname)%00%(upstream:track)%00%(upstream:remotename)%00%(upstream:remoteref) refs/heads/master refs/remotes/master [8ms]
2024-12-13 04:24:59.577 [warning] [Git][getBranch] No such branch: master
2024-12-13 04:24:59.599 [info] > git status -z -uall [16ms]
2024-12-13 04:24:59.602 [info] > git for-each-ref --sort -committerdate --format %(refname) %(objectname) %(*objectname) [6ms]
2024-12-13 04:27:58.382 [info] > git fetch [4ms]
2024-12-13 04:27:58.390 [info] [Git][getRemotes] No remotes found in the git config file
2024-12-13 04:27:58.391 [info] > git config --get commit.template [4ms]
2024-12-13 04:27:58.392 [info] > git for-each-ref --format=%(refname)%00%(upstream:short)%00%(objectname)%00%(upstream:track)%00%(upstream:remotename)%00%(upstream:remoteref) refs/heads/master refs/remotes/master [1ms]
2024-12-13 04:27:58.392 [warning] [Git][getBranch] No such branch: master
2024-12-13 04:27:58.400 [info] > git status -z -uall [4ms]
2024-12-13 04:27:58.402 [info] > git for-each-ref --sort -committerdate --format %(refname) %(objectname) %(*objectname) [3ms]
2024-12-13 04:27:59.600 [info] [Git][getRemotes] No remotes found in the git config file
2024-12-13 04:27:59.601 [info] > git config --get commit.template [11ms]
2024-12-13 04:27:59.604 [info] > git for-each-ref --format=%(refname)%00%(upstream:short)%00%(objectname)%00%(upstream:track)%00%(upstream:remotename)%00%(upstream:remoteref) refs/heads/master refs/remotes/master [4ms]
2024-12-13 04:27:59.604 [warning] [Git][getBranch] No such branch: master
2024-12-13 04:27:59.620 [info] > git status -z -uall [10ms]
2024-12-13 04:27:59.623 [info] > git for-each-ref --sort -committerdate --format %(refname) %(objectname) %(*objectname) [4ms]
2024-12-13 04:32:50.064 [info] > git fetch [3ms]
2024-12-13 04:32:50.070 [info] [Git][getRemotes] No remotes found in the git config file
2024-12-13 04:32:50.071 [info] > git config --get commit.template [4ms]
2024-12-13 04:32:50.072 [info] > git for-each-ref --format=%(refname)%00%(upstream:short)%00%(objectname)%00%(upstream:track)%00%(upstream:remotename)%00%(upstream:remoteref) refs/heads/master refs/remotes/master [1ms]
2024-12-13 04:32:50.072 [warning] [Git][getBranch] No such branch: master
2024-12-13 04:32:50.078 [info] > git status -z -uall [4ms]
2024-12-13 04:32:50.079 [info] > git for-each-ref --sort -committerdate --format %(refname) %(objectname) %(*objectname) [2ms]
2024-12-13 04:32:51.217 [info] [Git][getRemotes] No remotes found in the git config file
2024-12-13 04:32:51.218 [info] > git config --get commit.template [4ms]
2024-12-13 04:32:51.219 [info] > git for-each-ref --format=%(refname)%00%(upstream:short)%00%(objectname)%00%(upstream:track)%00%(upstream:remotename)%00%(upstream:remoteref) refs/heads/master refs/remotes/master [2ms]
2024-12-13 04:32:51.219 [warning] [Git][getBranch] No such branch: master
2024-12-13 04:32:51.225 [info] > git status -z -uall [4ms]
2024-12-13 04:32:51.226 [info] > git for-each-ref --sort -committerdate --format %(refname) %(objectname) %(*objectname) [2ms]
2024-12-13 04:44:21.584 [info] > git fetch [4ms]
2024-12-13 04:44:21.590 [info] > git config --get commit.template [2ms]
2024-12-13 04:44:21.593 [info] [Git][getRemotes] No remotes found in the git config file
2024-12-13 04:44:21.594 [info] > git for-each-ref --format=%(refname)%00%(upstream:short)%00%(objectname)%00%(upstream:track)%00%(upstream:remotename)%00%(upstream:remoteref) refs/heads/master refs/remotes/master [1ms]
2024-12-13 04:44:21.594 [warning] [Git][getBranch] No such branch: master
2024-12-13 04:44:21.601 [info] > git status -z -uall [4ms]
2024-12-13 04:44:21.602 [info] > git for-each-ref --sort -committerdate --format %(refname) %(objectname) %(*objectname) [1ms]
2024-12-13 04:44:22.782 [info] [Git][getRemotes] No remotes found in the git config file
2024-12-13 04:44:22.787 [info] > git for-each-ref --format=%(refname)%00%(upstream:short)%00%(objectname)%00%(upstream:track)%00%(upstream:remotename)%00%(upstream:remoteref) refs/heads/master refs/remotes/master [3ms]
2024-12-13 04:44:22.788 [warning] [Git][getBranch] No such branch: master
2024-12-13 04:44:22.788 [info] > git config --get commit.template [7ms]
2024-12-13 04:44:22.794 [info] > git status -z -uall [3ms]
2024-12-13 04:44:22.796 [info] > git for-each-ref --sort -committerdate --format %(refname) %(objectname) %(*objectname) [1ms]
2024-12-13 04:45:21.026 [info] > git check-ignore -v -z --stdin [2ms]
2024-12-13 04:45:25.039 [info] > git check-ignore -v -z --stdin [1ms]
2024-12-13 04:45:31.198 [info] > git check-ignore -v -z --stdin [2ms]
2024-12-13 04:45:33.018 [info] > git check-ignore -v -z --stdin [2ms]
2024-12-13 04:45:34.473 [info] > git check-ignore -v -z --stdin [4ms]
2024-12-13 04:45:36.830 [info] > git show --textconv :src/pages/AddExpense.js [94ms]
2024-12-13 04:45:36.840 [info] > git ls-files --stage -- /home/ubuntu/react-frontend/src/pages/AddExpense.js [95ms]
2024-12-13 04:47:21.612 [info] > git fetch [4ms]
2024-12-13 04:47:21.621 [info] [Git][getRemotes] No remotes found in the git config file
2024-12-13 04:47:21.622 [info] > git config --get commit.template [6ms]
2024-12-13 04:47:21.622 [info] > git for-each-ref --format=%(refname)%00%(upstream:short)%00%(objectname)%00%(upstream:track)%00%(upstream:remotename)%00%(upstream:remoteref) refs/heads/master refs/remotes/master [1ms]
2024-12-13 04:47:21.623 [warning] [Git][getBranch] No such branch: master
2024-12-13 04:47:21.633 [info] > git status -z -uall [7ms]
2024-12-13 04:47:21.634 [info] > git for-each-ref --sort -committerdate --format %(refname) %(objectname) %(*objectname) [3ms]
2024-12-13 04:47:22.743 [info] [Git][getRemotes] No remotes found in the git config file
2024-12-13 04:47:22.743 [info] > git config --get commit.template [4ms]
2024-12-13 04:47:22.744 [info] > git for-each-ref --format=%(refname)%00%(upstream:short)%00%(objectname)%00%(upstream:track)%00%(upstream:remotename)%00%(upstream:remoteref) refs/heads/master refs/remotes/master [1ms]
2024-12-13 04:47:22.744 [warning] [Git][getBranch] No such branch: master
2024-12-13 04:47:22.755 [info] > git status -z -uall [8ms]
2024-12-13 04:47:22.757 [info] > git for-each-ref --sort -committerdate --format %(refname) %(objectname) %(*objectname) [3ms]
2024-12-13 04:47:22.914 [info] > git ls-files --stage -- /home/ubuntu/react-frontend/src/pages/AddExpense.js [1ms]
2024-12-13 04:47:22.978 [info] > git show --textconv :src/pages/AddExpense.js [6ms]
2024-12-13 04:50:21.650 [info] > git fetch [10ms]
2024-12-13 04:50:21.681 [info] [Git][getRemotes] No remotes found in the git config file
2024-12-13 04:50:21.682 [info] > git config --get commit.template [12ms]
2024-12-13 04:50:21.693 [info] > git for-each-ref --format=%(refname)%00%(upstream:short)%00%(objectname)%00%(upstream:track)%00%(upstream:remotename)%00%(upstream:remoteref) refs/heads/master refs/remotes/master [6ms]
2024-12-13 04:50:21.693 [warning] [Git][getBranch] No such branch: master
2024-12-13 04:50:21.726 [info] > git status -z -uall [20ms]
2024-12-13 04:50:21.727 [info] > git for-each-ref --sort -committerdate --format %(refname) %(objectname) %(*objectname) [4ms]
2024-12-13 04:50:22.918 [info] [Git][getRemotes] No remotes found in the git config file
2024-12-13 04:50:22.919 [info] > git config --get commit.template [12ms]
2024-12-13 04:50:22.921 [info] > git for-each-ref --format=%(refname)%00%(upstream:short)%00%(objectname)%00%(upstream:track)%00%(upstream:remotename)%00%(upstream:remoteref) refs/heads/master refs/remotes/master [3ms]
2024-12-13 04:50:22.922 [warning] [Git][getBranch] No such branch: master
2024-12-13 04:50:22.947 [info] > git status -z -uall [14ms]
2024-12-13 04:50:22.950 [info] > git for-each-ref --sort -committerdate --format %(refname) %(objectname) %(*objectname) [3ms]
2024-12-13 04:50:23.083 [info] > git ls-files --stage -- /home/ubuntu/react-frontend/src/pages/AddExpense.js [5ms]
2024-12-13 04:50:23.180 [info] > git show --textconv :src/pages/AddExpense.js [5ms]
2024-12-13 05:14:19.236 [info] > git fetch [6ms]
2024-12-13 05:14:19.245 [info] [Git][getRemotes] No remotes found in the git config file
2024-12-13 05:14:19.246 [info] > git config --get commit.template [5ms]
2024-12-13 05:14:19.246 [info] > git for-each-ref --format=%(refname)%00%(upstream:short)%00%(objectname)%00%(upstream:track)%00%(upstream:remotename)%00%(upstream:remoteref) refs/heads/master refs/remotes/master [1ms]
2024-12-13 05:14:19.247 [warning] [Git][getBranch] No such branch: master
2024-12-13 05:14:19.254 [info] > git status -z -uall [4ms]
2024-12-13 05:14:19.255 [info] > git for-each-ref --sort -committerdate --format %(refname) %(objectname) %(*objectname) [2ms]
2024-12-13 05:14:20.446 [info] [Git][getRemotes] No remotes found in the git config file
2024-12-13 05:14:20.447 [info] > git config --get commit.template [4ms]
2024-12-13 05:14:20.448 [info] > git for-each-ref --format=%(refname)%00%(upstream:short)%00%(objectname)%00%(upstream:track)%00%(upstream:remotename)%00%(upstream:remoteref) refs/heads/master refs/remotes/master [2ms]
2024-12-13 05:14:20.448 [warning] [Git][getBranch] No such branch: master
2024-12-13 05:14:20.454 [info] > git status -z -uall [3ms]
2024-12-13 05:14:20.455 [info] > git for-each-ref --sort -committerdate --format %(refname) %(objectname) %(*objectname) [1ms]
2024-12-13 05:14:20.633 [info] > git ls-files --stage -- /home/ubuntu/react-frontend/src/pages/AddExpense.js [6ms]
2024-12-13 05:14:20.746 [info] > git show --textconv :src/pages/AddExpense.js [4ms]
2024-12-13 05:14:25.477 [info] > git config --get commit.template [1ms]
2024-12-13 05:14:25.488 [info] [Git][getRemotes] No remotes found in the git config file
2024-12-13 05:14:25.489 [info] > git for-each-ref --format=%(refname)%00%(upstream:short)%00%(objectname)%00%(upstream:track)%00%(upstream:remotename)%00%(upstream:remoteref) refs/heads/master refs/remotes/master [3ms]
2024-12-13 05:14:25.489 [warning] [Git][getBranch] No such branch: master
2024-12-13 05:14:25.503 [info] > git status -z -uall [9ms]
2024-12-13 05:14:25.504 [info] > git for-each-ref --sort -committerdate --format %(refname) %(objectname) %(*objectname) [2ms]
2024-12-13 05:16:01.924 [info] > git config --get commit.template [7ms]
2024-12-13 05:16:01.957 [info] [Git][getRemotes] No remotes found in the git config file
2024-12-13 05:16:01.972 [info] > git for-each-ref --format=%(refname)%00%(upstream:short)%00%(objectname)%00%(upstream:track)%00%(upstream:remotename)%00%(upstream:remoteref) refs/heads/master refs/remotes/master [15ms]
2024-12-13 05:16:01.973 [warning] [Git][getBranch] No such branch: master
2024-12-13 05:16:02.014 [info] > git status -z -uall [23ms]
2024-12-13 05:16:02.021 [info] > git for-each-ref --sort -committerdate --format %(refname) %(objectname) %(*objectname) [15ms]
2024-12-13 05:16:07.049 [info] [Git][getRemotes] No remotes found in the git config file
2024-12-13 05:16:07.062 [info] > git for-each-ref --format=%(refname)%00%(upstream:short)%00%(objectname)%00%(upstream:track)%00%(upstream:remotename)%00%(upstream:remoteref) refs/heads/master refs/remotes/master [5ms]
2024-12-13 05:16:07.063 [warning] [Git][getBranch] No such branch: master
2024-12-13 05:16:07.065 [info] > git config --get commit.template [16ms]
2024-12-13 05:16:07.093 [info] > git status -z -uall [20ms]
2024-12-13 05:16:07.099 [info] > git for-each-ref --sort -committerdate --format %(refname) %(objectname) %(*objectname) [10ms]
2024-12-13 05:17:18.106 [info] > git rev-parse --show-toplevel [8ms]
2024-12-13 05:17:18.106 [info] fatal: not a git repository (or any of the parent directories): .git
2024-12-13 05:17:19.265 [info] > git fetch [5ms]
2024-12-13 05:17:19.279 [info] [Git][getRemotes] No remotes found in the git config file
2024-12-13 05:17:19.280 [info] > git config --get commit.template [8ms]
2024-12-13 05:17:19.283 [info] > git for-each-ref --format=%(refname)%00%(upstream:short)%00%(objectname)%00%(upstream:track)%00%(upstream:remotename)%00%(upstream:remoteref) refs/heads/master refs/remotes/master [4ms]
2024-12-13 05:17:19.283 [warning] [Git][getBranch] No such branch: master
2024-12-13 05:17:19.290 [info] > git status -z -uall [4ms]
2024-12-13 05:17:19.291 [info] > git for-each-ref --sort -committerdate --format %(refname) %(objectname) %(*objectname) [2ms]
2024-12-13 05:17:20.476 [info] [Git][getRemotes] No remotes found in the git config file
2024-12-13 05:17:20.480 [info] > git config --get commit.template [4ms]
2024-12-13 05:17:20.481 [info] > git for-each-ref --format=%(refname)%00%(upstream:short)%00%(objectname)%00%(upstream:track)%00%(upstream:remotename)%00%(upstream:remoteref) refs/heads/master refs/remotes/master [2ms]
2024-12-13 05:17:20.481 [warning] [Git][getBranch] No such branch: master
2024-12-13 05:17:20.489 [info] > git status -z -uall [4ms]
2024-12-13 05:17:20.489 [info] > git for-each-ref --sort -committerdate --format %(refname) %(objectname) %(*objectname) [1ms]
2024-12-13 05:18:34.154 [info] > git show --textconv :src/App.js [10ms]
2024-12-13 05:18:34.159 [info] > git ls-files --stage -- /home/ubuntu/react-frontend/src/App.js [6ms]
2024-12-13 05:18:47.768 [info] > git config --get commit.template [3ms]
2024-12-13 05:18:47.773 [info] [Git][getRemotes] No remotes found in the git config file
2024-12-13 05:18:47.774 [info] > git for-each-ref --format=%(refname)%00%(upstream:short)%00%(objectname)%00%(upstream:track)%00%(upstream:remotename)%00%(upstream:remoteref) refs/heads/master refs/remotes/master [2ms]
2024-12-13 05:18:47.774 [warning] [Git][getBranch] No such branch: master
2024-12-13 05:18:47.782 [info] > git status -z -uall [5ms]
2024-12-13 05:18:47.785 [info] > git for-each-ref --sort -committerdate --format %(refname) %(objectname) %(*objectname) [4ms]
2024-12-13 05:18:55.943 [info] > git config --get commit.template [2ms]
2024-12-13 05:18:55.947 [info] [Git][getRemotes] No remotes found in the git config file
2024-12-13 05:18:55.948 [info] > git for-each-ref --format=%(refname)%00%(upstream:short)%00%(objectname)%00%(upstream:track)%00%(upstream:remotename)%00%(upstream:remoteref) refs/heads/master refs/remotes/master [2ms]
2024-12-13 05:18:55.948 [warning] [Git][getBranch] No such branch: master
2024-12-13 05:18:55.955 [info] > git status -z -uall [4ms]
2024-12-13 05:18:55.956 [info] > git for-each-ref --sort -committerdate --format %(refname) %(objectname) %(*objectname) [2ms]
2024-12-13 05:19:00.967 [info] [Git][getRemotes] No remotes found in the git config file
2024-12-13 05:19:00.967 [info] > git config --get commit.template [4ms]
2024-12-13 05:19:00.968 [info] > git for-each-ref --format=%(refname)%00%(upstream:short)%00%(objectname)%00%(upstream:track)%00%(upstream:remotename)%00%(upstream:remoteref) refs/heads/master refs/remotes/master [2ms]
2024-12-13 05:19:00.968 [warning] [Git][getBranch] No such branch: master
2024-12-13 05:19:00.982 [info] > git status -z -uall [11ms]
2024-12-13 05:19:00.985 [info] > git for-each-ref --sort -committerdate --format %(refname) %(objectname) %(*objectname) [5ms]
2024-12-13 05:19:05.997 [info] [Git][getRemotes] No remotes found in the git config file
2024-12-13 05:19:06.007 [info] > git config --get commit.template [14ms]
2024-12-13 05:19:06.008 [info] > git for-each-ref --format=%(refname)%00%(upstream:short)%00%(objectname)%00%(upstream:track)%00%(upstream:remotename)%00%(upstream:remoteref) refs/heads/master refs/remotes/master [2ms]
2024-12-13 05:19:06.008 [warning] [Git][getBranch] No such branch: master
2024-12-13 05:19:06.019 [info] > git status -z -uall [6ms]
2024-12-13 05:19:06.032 [info] > git for-each-ref --sort -committerdate --format %(refname) %(objectname) %(*objectname) [14ms]
2024-12-13 05:20:58.865 [info] > git fetch [4ms]
2024-12-13 05:20:58.874 [info] [Git][getRemotes] No remotes found in the git config file
2024-12-13 05:20:58.875 [info] > git config --get commit.template [5ms]
2024-12-13 05:20:58.875 [info] > git for-each-ref --format=%(refname)%00%(upstream:short)%00%(objectname)%00%(upstream:track)%00%(upstream:remotename)%00%(upstream:remoteref) refs/heads/master refs/remotes/master [1ms]
2024-12-13 05:20:58.875 [warning] [Git][getBranch] No such branch: master
2024-12-13 05:20:58.883 [info] > git status -z -uall [5ms]
2024-12-13 05:20:58.884 [info] > git for-each-ref --sort -committerdate --format %(refname) %(objectname) %(*objectname) [1ms]
2024-12-13 05:21:00.155 [info] [Git][getRemotes] No remotes found in the git config file
2024-12-13 05:21:00.182 [info] > git config --get commit.template [126ms]
2024-12-13 05:21:00.183 [info] > git for-each-ref --format=%(refname)%00%(upstream:short)%00%(objectname)%00%(upstream:track)%00%(upstream:remotename)%00%(upstream:remoteref) refs/heads/master refs/remotes/master [28ms]
2024-12-13 05:21:00.184 [warning] [Git][getBranch] No such branch: master
2024-12-13 05:21:00.232 [info] > git status -z -uall [24ms]
2024-12-13 05:21:00.233 [info] > git for-each-ref --sort -committerdate --format %(refname) %(objectname) %(*objectname) [3ms]
2024-12-13 05:21:00.257 [info] > git ls-files --stage -- /home/ubuntu/react-frontend/src/App.js [4ms]
2024-12-13 05:21:00.365 [info] > git show --textconv :src/App.js [5ms]
2024-12-13 05:21:31.702 [info] > git show --textconv :src/index.js [21ms]
2024-12-13 05:21:31.705 [info] > git ls-files --stage -- /home/ubuntu/react-frontend/src/index.js [4ms]
2024-12-13 05:21:53.736 [info] > git check-ignore -v -z --stdin [4ms]
2024-12-13 05:21:55.423 [info] > git show --textconv :public/index.html [19ms]
2024-12-13 05:21:55.431 [info] > git ls-files --stage -- /home/ubuntu/react-frontend/public/index.html [8ms]
2024-12-13 05:22:32.963 [info] > git check-ignore -v -z --stdin [1ms]
2024-12-13 05:22:45.647 [info] > git show --textconv :package-lock.json [13ms]
2024-12-13 05:22:45.649 [info] > git ls-files --stage -- /home/ubuntu/react-frontend/package-lock.json [5ms]
2024-12-13 05:22:49.398 [info] > git show --textconv :src/App.js [6ms]
2024-12-13 05:22:49.400 [info] > git ls-files --stage -- /home/ubuntu/react-frontend/src/App.js [4ms]
2024-12-13 05:22:55.758 [info] > git show --textconv :src/pages/Home.js [4ms]
2024-12-13 05:22:55.759 [info] > git ls-files --stage -- /home/ubuntu/react-frontend/src/pages/Home.js [2ms]
2024-12-13 05:23:58.901 [info] > git fetch [11ms]
2024-12-13 05:23:58.912 [info] > git config --get commit.template [2ms]
2024-12-13 05:23:58.918 [info] [Git][getRemotes] No remotes found in the git config file
2024-12-13 05:23:58.919 [info] > git for-each-ref --format=%(refname)%00%(upstream:short)%00%(objectname)%00%(upstream:track)%00%(upstream:remotename)%00%(upstream:remoteref) refs/heads/master refs/remotes/master [1ms]
2024-12-13 05:23:58.919 [warning] [Git][getBranch] No such branch: master
2024-12-13 05:23:58.929 [info] > git status -z -uall [6ms]
2024-12-13 05:23:58.930 [info] > git for-each-ref --sort -committerdate --format %(refname) %(objectname) %(*objectname) [2ms]
2024-12-13 05:24:00.144 [info] [Git][getRemotes] No remotes found in the git config file
2024-12-13 05:24:00.159 [info] > git config --get commit.template [24ms]
2024-12-13 05:24:00.161 [info] > git for-each-ref --format=%(refname)%00%(upstream:short)%00%(objectname)%00%(upstream:track)%00%(upstream:remotename)%00%(upstream:remoteref) refs/heads/master refs/remotes/master [17ms]
2024-12-13 05:24:00.164 [warning] [Git][getBranch] No such branch: master
2024-12-13 05:24:00.200 [info] > git status -z -uall [19ms]
2024-12-13 05:24:00.204 [info] > git for-each-ref --sort -committerdate --format %(refname) %(objectname) %(*objectname) [6ms]
2024-12-13 05:24:00.295 [info] > git ls-files --stage -- /home/ubuntu/react-frontend/src/pages/Home.js [3ms]
2024-12-13 05:24:00.422 [info] > git show --textconv :src/pages/Home.js [4ms]
