0 verbose cli /usr/bin/node /usr/bin/npm
1 info using npm@10.9.2
2 info using node@v18.20.5
3 silly config load:file:/usr/lib/node_modules/npm/npmrc
4 silly config load:file:/home/ubuntu/.cache/typescript/5.7/.npmrc
5 silly config load:file:/home/ubuntu/.npmrc
6 silly config load:file:/usr/etc/npmrc
7 verbose title npm install types-registry@latest
8 verbose argv "install" "--ignore-scripts" "types-registry@latest"
9 verbose logfile logs-max:10 dir:/home/ubuntu/.npm/_logs/2024-12-13T22_02_36_107Z-
10 verbose logfile /home/ubuntu/.npm/_logs/2024-12-13T22_02_36_107Z-debug-0.log
11 silly logfile start cleaning logs, removing 1 files
12 silly logfile done cleaning log files
13 silly packumentCache heap:2062024704 maxSize:515506176 maxEntrySize:257753088
14 silly packumentCache corgi:https://registry.npmjs.org/types-registry cache-miss
15 http fetch GET 200 https://registry.npmjs.org/types-registry 229ms (cache revalidated)
16 silly packumentCache corgi:https://registry.npmjs.org/types-registry set size:586602 disposed:false
17 silly idealTree buildDeps
18 silly fetch manifest types-registry@0.1.698
19 silly packumentCache full:https://registry.npmjs.org/types-registry cache-miss
20 http fetch GET 200 https://registry.npmjs.org/types-registry 53ms (cache revalidated)
21 silly packumentCache full:https://registry.npmjs.org/types-registry set size:1226354 disposed:false
22 silly placeDep ROOT types-registry@0.1.698 REPLACE for:  want: 0.1.698
23 silly reify moves {}
24 silly audit bulk request {
24 silly audit   '@types/react': [ '19.0.1' ],
24 silly audit   '@types/react-dom': [ '19.0.2' ],
24 silly audit   '@types/scheduler': [ '0.23.0' ],
24 silly audit   csstype: [ '3.1.3' ],
24 silly audit   'types-registry': [ '0.1.698' ]
24 silly audit }
25 http fetch POST 200 https://registry.npmjs.org/-/npm/v1/security/advisories/bulk 109ms
26 silly audit report {}
27 verbose cwd /home/ubuntu/.cache/typescript/5.7
28 verbose os Linux 6.8.0-1020-aws
29 verbose node v18.20.5
30 verbose npm  v10.9.2
31 verbose exit 0
32 info ok
