2024-12-13 08:28:17.429 [info] [main] Log level: Info
2024-12-13 08:28:17.429 [info] [main] Validating found git in: "git"
2024-12-13 08:28:17.429 [info] [main] Using git "2.34.1" from "git"
2024-12-13 08:28:17.429 [info] [Model][doInitialScan] Initial repository scan started
2024-12-13 08:28:17.429 [info] > git rev-parse --show-toplevel [386ms]
2024-12-13 08:28:17.429 [info] fatal: not a git repository (or any of the parent directories): .git
2024-12-13 08:28:17.429 [info] > git rev-parse --show-toplevel [62ms]
2024-12-13 08:28:17.429 [info] fatal: not a git repository (or any of the parent directories): .git
2024-12-13 08:28:17.594 [info] > git rev-parse --show-toplevel [146ms]
2024-12-13 08:28:17.594 [info] fatal: not a git repository (or any of the parent directories): .git
2024-12-13 08:28:17.608 [info] > git rev-parse --show-toplevel [6ms]
2024-12-13 08:28:17.609 [info] fatal: not a git repository (or any of the parent directories): .git
2024-12-13 08:28:17.647 [info] > git rev-parse --show-toplevel [33ms]
2024-12-13 08:28:17.647 [info] fatal: not a git repository (or any of the parent directories): .git
2024-12-13 08:28:17.655 [info] > git rev-parse --show-toplevel [3ms]
2024-12-13 08:28:17.656 [info] fatal: not a git repository (or any of the parent directories): .git
2024-12-13 08:28:17.722 [info] > git rev-parse --show-toplevel [59ms]
2024-12-13 08:28:17.722 [info] fatal: not a git repository (or any of the parent directories): .git
2024-12-13 08:28:17.734 [info] > git rev-parse --show-toplevel [5ms]
2024-12-13 08:28:17.734 [info] fatal: not a git repository (or any of the parent directories): .git
2024-12-13 08:28:17.753 [info] > git rev-parse --show-toplevel [10ms]
2024-12-13 08:28:17.769 [info] > git rev-parse --git-dir --git-common-dir [4ms]
2024-12-13 08:28:17.811 [info] [Model][openRepository] Opened repository: /home/ubuntu/react-frontend
2024-12-13 08:28:17.819 [info] [Model][doInitialScan] Initial repository scan completed - repositories (1), closed repositories (0), parent repositories (0), unsafe repositories (0)
2024-12-13 08:28:17.834 [info] [Git][getRemotes] No remotes found in the git config file
2024-12-13 08:28:17.836 [info] > git for-each-ref --format=%(refname)%00%(upstream:short)%00%(objectname)%00%(upstream:track)%00%(upstream:remotename)%00%(upstream:remoteref) refs/heads/master refs/remotes/master [4ms]
2024-12-13 08:28:17.837 [warning] [Git][getBranch] No such branch: master
2024-12-13 08:28:17.837 [info] > git config --get commit.template [11ms]
2024-12-13 08:28:17.854 [info] > git for-each-ref --sort -committerdate --format %(refname) %(objectname) %(*objectname) [2ms]
2024-12-13 08:28:17.866 [info] > git status -z -uall [21ms]
2024-12-13 08:28:18.001 [info] > git for-each-ref --format=%(refname)%00%(upstream:short)%00%(objectname)%00%(upstream:track)%00%(upstream:remotename)%00%(upstream:remoteref) refs/heads/master refs/remotes/master [113ms]
2024-12-13 08:28:18.002 [warning] [Git][getBranch] No such branch: master
2024-12-13 08:28:18.002 [error] [GitHistoryProvider][resolveHEADMergeBase] Failed to resolve merge base for master: Error: No such branch: master.
2024-12-13 08:28:18.006 [info] > git fetch [195ms]
2024-12-13 08:28:18.014 [info] > git config --get commit.template [32ms]
2024-12-13 08:28:18.021 [info] [Git][getRemotes] No remotes found in the git config file
2024-12-13 08:28:18.022 [info] > git config --get commit.template [9ms]
2024-12-13 08:28:18.029 [info] [Git][getRemotes] No remotes found in the git config file
2024-12-13 08:28:18.030 [info] > git for-each-ref --format=%(refname)%00%(upstream:short)%00%(objectname)%00%(upstream:track)%00%(upstream:remotename)%00%(upstream:remoteref) refs/heads/master refs/remotes/master [9ms]
2024-12-13 08:28:18.030 [warning] [Git][getBranch] No such branch: master
2024-12-13 08:28:18.034 [info] > git for-each-ref --format=%(refname)%00%(upstream:short)%00%(objectname)%00%(upstream:track)%00%(upstream:remotename)%00%(upstream:remoteref) refs/heads/master refs/remotes/master [5ms]
2024-12-13 08:28:18.034 [warning] [Git][getBranch] No such branch: master
2024-12-13 08:28:18.045 [info] > git status -z -uall [5ms]
2024-12-13 08:28:18.047 [info] > git for-each-ref --sort -committerdate --format %(refname) %(objectname) %(*objectname) [3ms]
2024-12-13 08:28:18.504 [info] > git check-ignore -v -z --stdin [2ms]
2024-12-13 08:31:18.057 [info] > git fetch [3ms]
2024-12-13 08:31:18.064 [info] [Git][getRemotes] No remotes found in the git config file
2024-12-13 08:31:18.065 [info] > git config --get commit.template [4ms]
2024-12-13 08:31:18.066 [info] > git for-each-ref --format=%(refname)%00%(upstream:short)%00%(objectname)%00%(upstream:track)%00%(upstream:remotename)%00%(upstream:remoteref) refs/heads/master refs/remotes/master [2ms]
2024-12-13 08:31:18.066 [warning] [Git][getBranch] No such branch: master
2024-12-13 08:31:18.074 [info] > git status -z -uall [6ms]
2024-12-13 08:31:18.075 [info] > git for-each-ref --sort -committerdate --format %(refname) %(objectname) %(*objectname) [3ms]
2024-12-13 08:31:19.266 [info] [Git][getRemotes] No remotes found in the git config file
2024-12-13 08:31:19.267 [info] > git config --get commit.template [4ms]
2024-12-13 08:31:19.267 [info] > git for-each-ref --format=%(refname)%00%(upstream:short)%00%(objectname)%00%(upstream:track)%00%(upstream:remotename)%00%(upstream:remoteref) refs/heads/master refs/remotes/master [1ms]
2024-12-13 08:31:19.268 [warning] [Git][getBranch] No such branch: master
2024-12-13 08:31:19.276 [info] > git status -z -uall [6ms]
2024-12-13 08:31:19.277 [info] > git for-each-ref --sort -committerdate --format %(refname) %(objectname) %(*objectname) [3ms]
2024-12-13 08:34:49.028 [info] > git fetch [5ms]
2024-12-13 08:34:49.035 [info] [Git][getRemotes] No remotes found in the git config file
2024-12-13 08:34:49.035 [info] > git config --get commit.template [4ms]
2024-12-13 08:34:49.036 [info] > git for-each-ref --format=%(refname)%00%(upstream:short)%00%(objectname)%00%(upstream:track)%00%(upstream:remotename)%00%(upstream:remoteref) refs/heads/master refs/remotes/master [1ms]
2024-12-13 08:34:49.036 [warning] [Git][getBranch] No such branch: master
2024-12-13 08:34:49.057 [info] > git status -z -uall [11ms]
2024-12-13 08:34:49.064 [info] > git for-each-ref --sort -committerdate --format %(refname) %(objectname) %(*objectname) [9ms]
2024-12-13 08:34:50.252 [info] [Git][getRemotes] No remotes found in the git config file
2024-12-13 08:34:50.253 [info] > git config --get commit.template [4ms]
2024-12-13 08:34:50.254 [info] > git for-each-ref --format=%(refname)%00%(upstream:short)%00%(objectname)%00%(upstream:track)%00%(upstream:remotename)%00%(upstream:remoteref) refs/heads/master refs/remotes/master [2ms]
2024-12-13 08:34:50.254 [warning] [Git][getBranch] No such branch: master
2024-12-13 08:34:50.262 [info] > git status -z -uall [6ms]
2024-12-13 08:34:50.262 [info] > git for-each-ref --sort -committerdate --format %(refname) %(objectname) %(*objectname) [2ms]
2024-12-13 08:38:12.143 [info] > git fetch [7ms]
2024-12-13 08:38:12.154 [info] [Git][getRemotes] No remotes found in the git config file
2024-12-13 08:38:12.157 [info] > git for-each-ref --format=%(refname)%00%(upstream:short)%00%(objectname)%00%(upstream:track)%00%(upstream:remotename)%00%(upstream:remoteref) refs/heads/master refs/remotes/master [4ms]
2024-12-13 08:38:12.157 [warning] [Git][getBranch] No such branch: master
2024-12-13 08:38:12.157 [info] > git config --get commit.template [8ms]
2024-12-13 08:38:12.167 [info] > git status -z -uall [6ms]
2024-12-13 08:38:12.168 [info] > git for-each-ref --sort -committerdate --format %(refname) %(objectname) %(*objectname) [2ms]
2024-12-13 08:38:13.367 [info] > git config --get commit.template [2ms]
2024-12-13 08:38:13.370 [info] [Git][getRemotes] No remotes found in the git config file
2024-12-13 08:38:13.371 [info] > git for-each-ref --format=%(refname)%00%(upstream:short)%00%(objectname)%00%(upstream:track)%00%(upstream:remotename)%00%(upstream:remoteref) refs/heads/master refs/remotes/master [1ms]
2024-12-13 08:38:13.371 [warning] [Git][getBranch] No such branch: master
2024-12-13 08:38:13.378 [info] > git status -z -uall [4ms]
2024-12-13 08:38:13.379 [info] > git for-each-ref --sort -committerdate --format %(refname) %(objectname) %(*objectname) [2ms]
2024-12-13 08:41:41.788 [info] > git fetch [3ms]
2024-12-13 08:41:41.795 [info] [Git][getRemotes] No remotes found in the git config file
2024-12-13 08:41:41.796 [info] > git config --get commit.template [4ms]
2024-12-13 08:41:41.796 [info] > git for-each-ref --format=%(refname)%00%(upstream:short)%00%(objectname)%00%(upstream:track)%00%(upstream:remotename)%00%(upstream:remoteref) refs/heads/master refs/remotes/master [1ms]
2024-12-13 08:41:41.797 [warning] [Git][getBranch] No such branch: master
2024-12-13 08:41:41.804 [info] > git status -z -uall [5ms]
2024-12-13 08:41:41.805 [info] > git for-each-ref --sort -committerdate --format %(refname) %(objectname) %(*objectname) [2ms]
2024-12-13 08:41:42.928 [info] [Git][getRemotes] No remotes found in the git config file
2024-12-13 08:41:42.928 [info] > git config --get commit.template [4ms]
2024-12-13 08:41:42.929 [info] > git for-each-ref --format=%(refname)%00%(upstream:short)%00%(objectname)%00%(upstream:track)%00%(upstream:remotename)%00%(upstream:remoteref) refs/heads/master refs/remotes/master [2ms]
2024-12-13 08:41:42.929 [warning] [Git][getBranch] No such branch: master
2024-12-13 08:41:42.942 [info] > git status -z -uall [10ms]
2024-12-13 08:41:42.943 [info] > git for-each-ref --sort -committerdate --format %(refname) %(objectname) %(*objectname) [2ms]
2024-12-13 08:44:41.820 [info] > git fetch [9ms]
2024-12-13 08:44:41.832 [info] [Git][getRemotes] No remotes found in the git config file
2024-12-13 08:44:41.833 [info] > git config --get commit.template [6ms]
2024-12-13 08:44:41.834 [info] > git for-each-ref --format=%(refname)%00%(upstream:short)%00%(objectname)%00%(upstream:track)%00%(upstream:remotename)%00%(upstream:remoteref) refs/heads/master refs/remotes/master [2ms]
2024-12-13 08:44:41.834 [warning] [Git][getBranch] No such branch: master
2024-12-13 08:44:41.847 [info] > git status -z -uall [7ms]
2024-12-13 08:44:41.848 [info] > git for-each-ref --sort -committerdate --format %(refname) %(objectname) %(*objectname) [4ms]
2024-12-13 08:44:42.945 [info] [Git][getRemotes] No remotes found in the git config file
2024-12-13 08:44:42.949 [info] > git config --get commit.template [4ms]
2024-12-13 08:44:42.952 [info] > git for-each-ref --format=%(refname)%00%(upstream:short)%00%(objectname)%00%(upstream:track)%00%(upstream:remotename)%00%(upstream:remoteref) refs/heads/master refs/remotes/master [4ms]
2024-12-13 08:44:42.952 [warning] [Git][getBranch] No such branch: master
2024-12-13 08:44:42.963 [info] > git status -z -uall [7ms]
2024-12-13 08:44:42.964 [info] > git for-each-ref --sort -committerdate --format %(refname) %(objectname) %(*objectname) [3ms]
2024-12-13 08:47:42.937 [info] > git fetch [4ms]
2024-12-13 08:47:42.946 [info] [Git][getRemotes] No remotes found in the git config file
2024-12-13 08:47:42.948 [info] > git config --get commit.template [5ms]
2024-12-13 08:47:42.949 [info] > git for-each-ref --format=%(refname)%00%(upstream:short)%00%(objectname)%00%(upstream:track)%00%(upstream:remotename)%00%(upstream:remoteref) refs/heads/master refs/remotes/master [3ms]
2024-12-13 08:47:42.949 [warning] [Git][getBranch] No such branch: master
2024-12-13 08:47:42.959 [info] > git status -z -uall [5ms]
2024-12-13 08:47:42.962 [info] > git for-each-ref --sort -committerdate --format %(refname) %(objectname) %(*objectname) [4ms]
2024-12-13 08:47:44.072 [info] [Git][getRemotes] No remotes found in the git config file
2024-12-13 08:47:44.074 [info] > git for-each-ref --format=%(refname)%00%(upstream:short)%00%(objectname)%00%(upstream:track)%00%(upstream:remotename)%00%(upstream:remoteref) refs/heads/master refs/remotes/master [3ms]
2024-12-13 08:47:44.074 [warning] [Git][getBranch] No such branch: master
2024-12-13 08:47:44.075 [info] > git config --get commit.template [6ms]
2024-12-13 08:47:44.084 [info] > git status -z -uall [6ms]
2024-12-13 08:47:44.085 [info] > git for-each-ref --sort -committerdate --format %(refname) %(objectname) %(*objectname) [2ms]
2024-12-13 08:50:49.679 [info] > git fetch [3ms]
2024-12-13 08:50:49.684 [info] [Git][getRemotes] No remotes found in the git config file
2024-12-13 08:50:49.688 [info] > git config --get commit.template [3ms]
2024-12-13 08:50:49.688 [info] > git for-each-ref --format=%(refname)%00%(upstream:short)%00%(objectname)%00%(upstream:track)%00%(upstream:remotename)%00%(upstream:remoteref) refs/heads/master refs/remotes/master [1ms]
2024-12-13 08:50:49.688 [warning] [Git][getBranch] No such branch: master
2024-12-13 08:50:49.695 [info] > git status -z -uall [3ms]
2024-12-13 08:50:49.696 [info] > git for-each-ref --sort -committerdate --format %(refname) %(objectname) %(*objectname) [2ms]
2024-12-13 08:50:50.890 [info] [Git][getRemotes] No remotes found in the git config file
2024-12-13 08:50:50.890 [info] > git config --get commit.template [6ms]
2024-12-13 08:50:50.894 [info] > git for-each-ref --format=%(refname)%00%(upstream:short)%00%(objectname)%00%(upstream:track)%00%(upstream:remotename)%00%(upstream:remoteref) refs/heads/master refs/remotes/master [5ms]
2024-12-13 08:50:50.894 [warning] [Git][getBranch] No such branch: master
2024-12-13 08:50:50.910 [info] > git status -z -uall [12ms]
2024-12-13 08:50:50.915 [info] > git for-each-ref --sort -committerdate --format %(refname) %(objectname) %(*objectname) [6ms]
2024-12-13 08:54:04.420 [info] > git fetch [3ms]
2024-12-13 08:54:04.426 [info] [Git][getRemotes] No remotes found in the git config file
2024-12-13 08:54:04.427 [info] > git config --get commit.template [4ms]
2024-12-13 08:54:04.427 [info] > git for-each-ref --format=%(refname)%00%(upstream:short)%00%(objectname)%00%(upstream:track)%00%(upstream:remotename)%00%(upstream:remoteref) refs/heads/master refs/remotes/master [1ms]
2024-12-13 08:54:04.428 [warning] [Git][getBranch] No such branch: master
2024-12-13 08:54:04.437 [info] > git status -z -uall [6ms]
2024-12-13 08:54:04.438 [info] > git for-each-ref --sort -committerdate --format %(refname) %(objectname) %(*objectname) [1ms]
2024-12-13 08:54:57.033 [info] > git config --get commit.template [2ms]
2024-12-13 08:54:57.035 [info] [Git][getRemotes] No remotes found in the git config file
2024-12-13 08:54:57.037 [info] > git for-each-ref --format=%(refname)%00%(upstream:short)%00%(objectname)%00%(upstream:track)%00%(upstream:remotename)%00%(upstream:remoteref) refs/heads/master refs/remotes/master [2ms]
2024-12-13 08:54:57.037 [warning] [Git][getBranch] No such branch: master
2024-12-13 08:54:57.043 [info] > git status -z -uall [4ms]
2024-12-13 08:54:57.045 [info] > git for-each-ref --sort -committerdate --format %(refname) %(objectname) %(*objectname) [1ms]
2024-12-13 08:57:07.520 [info] > git fetch [5ms]
2024-12-13 08:57:07.528 [info] [Git][getRemotes] No remotes found in the git config file
2024-12-13 08:57:07.528 [info] > git config --get commit.template [4ms]
2024-12-13 08:57:07.529 [info] > git for-each-ref --format=%(refname)%00%(upstream:short)%00%(objectname)%00%(upstream:track)%00%(upstream:remotename)%00%(upstream:remoteref) refs/heads/master refs/remotes/master [2ms]
2024-12-13 08:57:07.531 [warning] [Git][getBranch] No such branch: master
2024-12-13 08:57:07.541 [info] > git status -z -uall [5ms]
2024-12-13 08:57:07.542 [info] > git for-each-ref --sort -committerdate --format %(refname) %(objectname) %(*objectname) [2ms]
2024-12-13 08:57:08.671 [info] [Git][getRemotes] No remotes found in the git config file
2024-12-13 08:57:08.672 [info] > git config --get commit.template [4ms]
2024-12-13 08:57:08.672 [info] > git for-each-ref --format=%(refname)%00%(upstream:short)%00%(objectname)%00%(upstream:track)%00%(upstream:remotename)%00%(upstream:remoteref) refs/heads/master refs/remotes/master [1ms]
2024-12-13 08:57:08.673 [warning] [Git][getBranch] No such branch: master
2024-12-13 08:57:08.679 [info] > git status -z -uall [4ms]
2024-12-13 08:57:08.680 [info] > git for-each-ref --sort -committerdate --format %(refname) %(objectname) %(*objectname) [2ms]
2024-12-13 09:01:31.186 [info] > git fetch [16ms]
2024-12-13 09:01:31.203 [info] [Git][getRemotes] No remotes found in the git config file
2024-12-13 09:01:31.204 [info] > git config --get commit.template [5ms]
2024-12-13 09:01:31.206 [info] > git for-each-ref --format=%(refname)%00%(upstream:short)%00%(objectname)%00%(upstream:track)%00%(upstream:remotename)%00%(upstream:remoteref) refs/heads/master refs/remotes/master [3ms]
2024-12-13 09:01:31.206 [warning] [Git][getBranch] No such branch: master
2024-12-13 09:01:31.222 [info] > git status -z -uall [8ms]
2024-12-13 09:01:31.223 [info] > git for-each-ref --sort -committerdate --format %(refname) %(objectname) %(*objectname) [4ms]
2024-12-13 09:01:32.455 [info] [Git][getRemotes] No remotes found in the git config file
2024-12-13 09:01:32.457 [info] > git config --get commit.template [6ms]
2024-12-13 09:01:32.457 [info] > git for-each-ref --format=%(refname)%00%(upstream:short)%00%(objectname)%00%(upstream:track)%00%(upstream:remotename)%00%(upstream:remoteref) refs/heads/master refs/remotes/master [2ms]
2024-12-13 09:01:32.457 [warning] [Git][getBranch] No such branch: master
2024-12-13 09:01:32.475 [info] > git status -z -uall [14ms]
2024-12-13 09:01:32.476 [info] > git for-each-ref --sort -committerdate --format %(refname) %(objectname) %(*objectname) [6ms]
2024-12-13 09:01:36.288 [info] > git check-ignore -v -z --stdin [3ms]
2024-12-13 09:04:56.103 [info] > git fetch [4ms]
2024-12-13 09:04:56.109 [info] [Git][getRemotes] No remotes found in the git config file
2024-12-13 09:04:56.109 [info] > git config --get commit.template [3ms]
2024-12-13 09:04:56.110 [info] > git for-each-ref --format=%(refname)%00%(upstream:short)%00%(objectname)%00%(upstream:track)%00%(upstream:remotename)%00%(upstream:remoteref) refs/heads/master refs/remotes/master [2ms]
2024-12-13 09:04:56.110 [warning] [Git][getBranch] No such branch: master
2024-12-13 09:04:56.117 [info] > git status -z -uall [5ms]
2024-12-13 09:04:56.118 [info] > git for-each-ref --sort -committerdate --format %(refname) %(objectname) %(*objectname) [2ms]
2024-12-13 09:04:57.280 [info] [Git][getRemotes] No remotes found in the git config file
2024-12-13 09:04:57.280 [info] > git config --get commit.template [5ms]
2024-12-13 09:04:57.281 [info] > git for-each-ref --format=%(refname)%00%(upstream:short)%00%(objectname)%00%(upstream:track)%00%(upstream:remotename)%00%(upstream:remoteref) refs/heads/master refs/remotes/master [2ms]
2024-12-13 09:04:57.281 [warning] [Git][getBranch] No such branch: master
2024-12-13 09:04:57.293 [info] > git status -z -uall [7ms]
2024-12-13 09:04:57.294 [info] > git for-each-ref --sort -committerdate --format %(refname) %(objectname) %(*objectname) [4ms]
2024-12-13 09:05:22.482 [info] > git config --get commit.template [7ms]
2024-12-13 09:05:22.488 [info] [Git][getRemotes] No remotes found in the git config file
2024-12-13 09:05:22.489 [info] > git for-each-ref --format=%(refname)%00%(upstream:short)%00%(objectname)%00%(upstream:track)%00%(upstream:remotename)%00%(upstream:remoteref) refs/heads/master refs/remotes/master [2ms]
2024-12-13 09:05:22.489 [warning] [Git][getBranch] No such branch: master
2024-12-13 09:05:22.499 [info] > git status -z -uall [6ms]
2024-12-13 09:05:22.500 [info] > git for-each-ref --sort -committerdate --format %(refname) %(objectname) %(*objectname) [2ms]
2024-12-13 09:05:40.383 [info] > git config --get commit.template [2ms]
2024-12-13 09:05:40.387 [info] [Git][getRemotes] No remotes found in the git config file
2024-12-13 09:05:40.389 [info] > git for-each-ref --format=%(refname)%00%(upstream:short)%00%(objectname)%00%(upstream:track)%00%(upstream:remotename)%00%(upstream:remoteref) refs/heads/master refs/remotes/master [2ms]
2024-12-13 09:05:40.389 [warning] [Git][getBranch] No such branch: master
2024-12-13 09:05:40.399 [info] > git status -z -uall [5ms]
2024-12-13 09:05:40.400 [info] > git for-each-ref --sort -committerdate --format %(refname) %(objectname) %(*objectname) [1ms]
2024-12-13 09:05:45.415 [info] [Git][getRemotes] No remotes found in the git config file
2024-12-13 09:05:45.415 [info] > git config --get commit.template [10ms]
2024-12-13 09:05:45.420 [info] > git for-each-ref --format=%(refname)%00%(upstream:short)%00%(objectname)%00%(upstream:track)%00%(upstream:remotename)%00%(upstream:remoteref) refs/heads/master refs/remotes/master [6ms]
2024-12-13 09:05:45.420 [warning] [Git][getBranch] No such branch: master
2024-12-13 09:05:45.453 [info] > git status -z -uall [28ms]
2024-12-13 09:05:45.457 [info] > git for-each-ref --sort -committerdate --format %(refname) %(objectname) %(*objectname) [6ms]
2024-12-13 09:07:56.161 [info] > git fetch [24ms]
2024-12-13 09:07:56.180 [info] [Git][getRemotes] No remotes found in the git config file
2024-12-13 09:07:56.181 [info] > git config --get commit.template [11ms]
2024-12-13 09:07:56.183 [info] > git for-each-ref --format=%(refname)%00%(upstream:short)%00%(objectname)%00%(upstream:track)%00%(upstream:remotename)%00%(upstream:remoteref) refs/heads/master refs/remotes/master [3ms]
2024-12-13 09:07:56.183 [warning] [Git][getBranch] No such branch: master
2024-12-13 09:07:56.196 [info] > git for-each-ref --sort -committerdate --format %(refname) %(objectname) %(*objectname) [2ms]
2024-12-13 09:07:56.201 [info] > git status -z -uall [13ms]
