2024-12-12 10:44:34.566 [info] [main] Log level: Info
2024-12-12 10:44:34.567 [info] [main] Validating found git in: "git"
2024-12-12 10:44:34.567 [info] [main] Using git "2.34.1" from "git"
2024-12-12 10:44:34.567 [info] [Model][doInitialScan] Initial repository scan started
2024-12-12 10:44:34.567 [info] > git rev-parse --show-toplevel [19ms]
2024-12-12 10:44:34.567 [info] fatal: not a git repository (or any of the parent directories): .git
2024-12-12 10:44:34.567 [info] > git rev-parse --show-toplevel [30ms]
2024-12-12 10:44:34.567 [info] fatal: not a git repository (or any of the parent directories): .git
2024-12-12 10:44:34.589 [info] > git rev-parse --show-toplevel [23ms]
2024-12-12 10:44:34.589 [info] fatal: not a git repository (or any of the parent directories): .git
2024-12-12 10:44:34.595 [info] > git rev-parse --show-toplevel [1ms]
2024-12-12 10:44:34.595 [info] fatal: not a git repository (or any of the parent directories): .git
2024-12-12 10:44:34.600 [info] > git rev-parse --show-toplevel [1ms]
2024-12-12 10:44:34.600 [info] fatal: not a git repository (or any of the parent directories): .git
2024-12-12 10:44:34.605 [info] > git rev-parse --show-toplevel [1ms]
2024-12-12 10:44:34.605 [info] fatal: not a git repository (or any of the parent directories): .git
2024-12-12 10:44:34.611 [info] > git rev-parse --show-toplevel [2ms]
2024-12-12 10:44:34.611 [info] fatal: not a git repository (or any of the parent directories): .git
2024-12-12 10:44:34.623 [info] > git rev-parse --show-toplevel [5ms]
2024-12-12 10:44:34.642 [info] > git rev-parse --git-dir --git-common-dir [3ms]
2024-12-12 10:44:34.666 [info] [Model][openRepository] Opened repository: /home/ubuntu/react-frontend
2024-12-12 10:44:34.673 [info] [Model][doInitialScan] Initial repository scan completed - repositories (1), closed repositories (0), parent repositories (0), unsafe repositories (0)
2024-12-12 10:44:34.684 [info] > git config --get commit.template [5ms]
2024-12-12 10:44:34.685 [info] > git rev-parse --show-toplevel [4ms]
2024-12-12 10:44:34.685 [info] fatal: not a git repository (or any of the parent directories): .git
2024-12-12 10:44:34.689 [info] [Git][getRemotes] No remotes found in the git config file
2024-12-12 10:44:34.690 [info] > git for-each-ref --format=%(refname)%00%(upstream:short)%00%(objectname)%00%(upstream:track)%00%(upstream:remotename)%00%(upstream:remoteref) refs/heads/master refs/remotes/master [2ms]
2024-12-12 10:44:34.690 [warning] [Git][getBranch] No such branch: master
2024-12-12 10:44:34.703 [info] > git for-each-ref --sort -committerdate --format %(refname) %(objectname) %(*objectname) [2ms]
2024-12-12 10:44:34.705 [info] > git status -z -uall [10ms]
2024-12-12 10:44:34.737 [info] > git for-each-ref --format=%(refname)%00%(upstream:short)%00%(objectname)%00%(upstream:track)%00%(upstream:remotename)%00%(upstream:remoteref) refs/heads/master refs/remotes/master [17ms]
2024-12-12 10:44:34.737 [warning] [Git][getBranch] No such branch: master
2024-12-12 10:44:34.739 [error] [GitHistoryProvider][resolveHEADMergeBase] Failed to resolve merge base for master: Error: No such branch: master.
2024-12-12 10:44:34.740 [info] > git fetch [76ms]
2024-12-12 10:44:34.783 [info] > git config --get commit.template [47ms]
2024-12-12 10:44:34.838 [info] > git config --get commit.template [93ms]
2024-12-12 10:44:34.842 [info] [Git][getRemotes] No remotes found in the git config file
2024-12-12 10:44:34.886 [info] [Git][getRemotes] No remotes found in the git config file
2024-12-12 10:44:34.890 [info] > git for-each-ref --format=%(refname)%00%(upstream:short)%00%(objectname)%00%(upstream:track)%00%(upstream:remotename)%00%(upstream:remoteref) refs/heads/master refs/remotes/master [48ms]
2024-12-12 10:44:34.891 [warning] [Git][getBranch] No such branch: master
2024-12-12 10:44:34.893 [info] > git for-each-ref --format=%(refname)%00%(upstream:short)%00%(objectname)%00%(upstream:track)%00%(upstream:remotename)%00%(upstream:remoteref) refs/heads/master refs/remotes/master [14ms]
2024-12-12 10:44:34.893 [warning] [Git][getBranch] No such branch: master
2024-12-12 10:44:34.924 [info] > git status -z -uall [25ms]
2024-12-12 10:44:34.927 [info] > git for-each-ref --sort -committerdate --format %(refname) %(objectname) %(*objectname) [4ms]
2024-12-12 10:44:35.258 [info] > git check-ignore -v -z --stdin [2ms]
2024-12-12 10:47:34.944 [info] > git fetch [4ms]
2024-12-12 10:47:34.953 [info] [Git][getRemotes] No remotes found in the git config file
2024-12-12 10:47:34.954 [info] > git config --get commit.template [5ms]
2024-12-12 10:47:34.954 [info] > git for-each-ref --format=%(refname)%00%(upstream:short)%00%(objectname)%00%(upstream:track)%00%(upstream:remotename)%00%(upstream:remoteref) refs/heads/master refs/remotes/master [2ms]
2024-12-12 10:47:34.954 [warning] [Git][getBranch] No such branch: master
2024-12-12 10:47:34.964 [info] > git status -z -uall [7ms]
2024-12-12 10:47:34.965 [info] > git for-each-ref --sort -committerdate --format %(refname) %(objectname) %(*objectname) [2ms]
2024-12-12 10:47:36.091 [info] [Git][getRemotes] No remotes found in the git config file
2024-12-12 10:47:36.093 [info] > git config --get commit.template [6ms]
2024-12-12 10:47:36.093 [info] > git for-each-ref --format=%(refname)%00%(upstream:short)%00%(objectname)%00%(upstream:track)%00%(upstream:remotename)%00%(upstream:remoteref) refs/heads/master refs/remotes/master [3ms]
2024-12-12 10:47:36.093 [warning] [Git][getBranch] No such branch: master
2024-12-12 10:47:36.103 [info] > git status -z -uall [6ms]
2024-12-12 10:47:36.104 [info] > git for-each-ref --sort -committerdate --format %(refname) %(objectname) %(*objectname) [2ms]
2024-12-12 10:48:01.911 [info] > git rev-parse --show-toplevel [3ms]
2024-12-12 10:48:01.911 [info] fatal: not a git repository (or any of the parent directories): .git
2024-12-12 10:50:34.976 [info] > git fetch [5ms]
2024-12-12 10:50:34.988 [info] [Git][getRemotes] No remotes found in the git config file
2024-12-12 10:50:34.988 [info] > git config --get commit.template [6ms]
2024-12-12 10:50:34.991 [info] > git for-each-ref --format=%(refname)%00%(upstream:short)%00%(objectname)%00%(upstream:track)%00%(upstream:remotename)%00%(upstream:remoteref) refs/heads/master refs/remotes/master [4ms]
2024-12-12 10:50:34.991 [warning] [Git][getBranch] No such branch: master
2024-12-12 10:50:35.000 [info] > git status -z -uall [5ms]
2024-12-12 10:50:35.001 [info] > git for-each-ref --sort -committerdate --format %(refname) %(objectname) %(*objectname) [2ms]
2024-12-12 10:50:36.119 [info] [Git][getRemotes] No remotes found in the git config file
2024-12-12 10:50:36.123 [info] > git config --get commit.template [9ms]
2024-12-12 10:50:36.125 [info] > git for-each-ref --format=%(refname)%00%(upstream:short)%00%(objectname)%00%(upstream:track)%00%(upstream:remotename)%00%(upstream:remoteref) refs/heads/master refs/remotes/master [6ms]
2024-12-12 10:50:36.125 [warning] [Git][getBranch] No such branch: master
2024-12-12 10:50:36.141 [info] > git status -z -uall [10ms]
2024-12-12 10:50:36.143 [info] > git for-each-ref --sort -committerdate --format %(refname) %(objectname) %(*objectname) [3ms]
2024-12-12 10:52:10.649 [info] [Git][getRemotes] No remotes found in the git config file
2024-12-12 10:52:10.652 [info] > git config --get commit.template [8ms]
2024-12-12 10:52:10.653 [info] > git for-each-ref --format=%(refname)%00%(upstream:short)%00%(objectname)%00%(upstream:track)%00%(upstream:remotename)%00%(upstream:remoteref) refs/heads/master refs/remotes/master [4ms]
2024-12-12 10:52:10.653 [warning] [Git][getBranch] No such branch: master
2024-12-12 10:52:10.665 [info] > git status -z -uall [8ms]
2024-12-12 10:52:10.667 [info] > git for-each-ref --sort -committerdate --format %(refname) %(objectname) %(*objectname) [3ms]
2024-12-12 10:52:16.022 [info] [Git][getRemotes] No remotes found in the git config file
2024-12-12 10:52:16.023 [info] > git config --get commit.template [4ms]
2024-12-12 10:52:16.023 [info] > git for-each-ref --format=%(refname)%00%(upstream:short)%00%(objectname)%00%(upstream:track)%00%(upstream:remotename)%00%(upstream:remoteref) refs/heads/master refs/remotes/master [1ms]
2024-12-12 10:52:16.024 [warning] [Git][getBranch] No such branch: master
2024-12-12 10:52:16.035 [info] > git status -z -uall [7ms]
2024-12-12 10:52:16.035 [info] > git for-each-ref --sort -committerdate --format %(refname) %(objectname) %(*objectname) [2ms]
2024-12-12 10:52:55.842 [info] [Git][getRemotes] No remotes found in the git config file
2024-12-12 10:52:55.842 [info] > git config --get commit.template [11ms]
2024-12-12 10:52:55.844 [info] > git for-each-ref --format=%(refname)%00%(upstream:short)%00%(objectname)%00%(upstream:track)%00%(upstream:remotename)%00%(upstream:remoteref) refs/heads/master refs/remotes/master [2ms]
2024-12-12 10:52:55.844 [warning] [Git][getBranch] No such branch: master
2024-12-12 10:52:55.859 [info] > git status -z -uall [9ms]
2024-12-12 10:52:55.861 [info] > git for-each-ref --sort -committerdate --format %(refname) %(objectname) %(*objectname) [2ms]
2024-12-12 10:53:35.011 [info] > git fetch [5ms]
2024-12-12 10:53:35.016 [info] > git config --get commit.template [2ms]
2024-12-12 10:53:35.019 [info] [Git][getRemotes] No remotes found in the git config file
2024-12-12 10:53:35.021 [info] > git for-each-ref --format=%(refname)%00%(upstream:short)%00%(objectname)%00%(upstream:track)%00%(upstream:remotename)%00%(upstream:remoteref) refs/heads/master refs/remotes/master [2ms]
2024-12-12 10:53:35.021 [warning] [Git][getBranch] No such branch: master
2024-12-12 10:53:35.028 [info] > git status -z -uall [4ms]
2024-12-12 10:53:35.029 [info] > git for-each-ref --sort -committerdate --format %(refname) %(objectname) %(*objectname) [1ms]
2024-12-12 10:53:36.283 [info] [Git][getRemotes] No remotes found in the git config file
2024-12-12 10:53:36.284 [info] > git config --get commit.template [5ms]
2024-12-12 10:53:36.284 [info] > git for-each-ref --format=%(refname)%00%(upstream:short)%00%(objectname)%00%(upstream:track)%00%(upstream:remotename)%00%(upstream:remoteref) refs/heads/master refs/remotes/master [1ms]
2024-12-12 10:53:36.284 [warning] [Git][getBranch] No such branch: master
2024-12-12 10:53:36.293 [info] > git status -z -uall [6ms]
2024-12-12 10:53:36.294 [info] > git for-each-ref --sort -committerdate --format %(refname) %(objectname) %(*objectname) [3ms]
2024-12-12 10:54:24.342 [info] > git config --get commit.template [0ms]
2024-12-12 10:54:24.347 [info] [Git][getRemotes] No remotes found in the git config file
2024-12-12 10:54:24.348 [info] > git for-each-ref --format=%(refname)%00%(upstream:short)%00%(objectname)%00%(upstream:track)%00%(upstream:remotename)%00%(upstream:remoteref) refs/heads/master refs/remotes/master [1ms]
2024-12-12 10:54:24.349 [warning] [Git][getBranch] No such branch: master
2024-12-12 10:54:24.359 [info] > git status -z -uall [6ms]
2024-12-12 10:54:24.362 [info] > git for-each-ref --sort -committerdate --format %(refname) %(objectname) %(*objectname) [3ms]
2024-12-12 10:54:54.144 [info] [Git][getRemotes] No remotes found in the git config file
2024-12-12 10:54:54.144 [info] > git config --get commit.template [11ms]
2024-12-12 10:54:54.145 [info] > git for-each-ref --format=%(refname)%00%(upstream:short)%00%(objectname)%00%(upstream:track)%00%(upstream:remotename)%00%(upstream:remoteref) refs/heads/master refs/remotes/master [2ms]
2024-12-12 10:54:54.146 [warning] [Git][getBranch] No such branch: master
2024-12-12 10:54:54.163 [info] > git status -z -uall [8ms]
2024-12-12 10:54:54.166 [info] > git for-each-ref --sort -committerdate --format %(refname) %(objectname) %(*objectname) [5ms]
2024-12-12 10:55:51.188 [info] > git config --get commit.template [1ms]
2024-12-12 10:55:51.200 [info] [Git][getRemotes] No remotes found in the git config file
2024-12-12 10:55:51.205 [info] > git for-each-ref --format=%(refname)%00%(upstream:short)%00%(objectname)%00%(upstream:track)%00%(upstream:remotename)%00%(upstream:remoteref) refs/heads/master refs/remotes/master [5ms]
2024-12-12 10:55:51.205 [warning] [Git][getBranch] No such branch: master
2024-12-12 10:55:51.229 [info] > git status -z -uall [14ms]
2024-12-12 10:55:51.232 [info] > git for-each-ref --sort -committerdate --format %(refname) %(objectname) %(*objectname) [5ms]
2024-12-12 10:56:12.080 [info] > git config --get commit.template [6ms]
2024-12-12 10:56:12.085 [info] [Git][getRemotes] No remotes found in the git config file
2024-12-12 10:56:12.087 [info] > git for-each-ref --format=%(refname)%00%(upstream:short)%00%(objectname)%00%(upstream:track)%00%(upstream:remotename)%00%(upstream:remoteref) refs/heads/master refs/remotes/master [3ms]
2024-12-12 10:56:12.088 [warning] [Git][getBranch] No such branch: master
2024-12-12 10:56:12.101 [info] > git status -z -uall [8ms]
2024-12-12 10:56:12.104 [info] > git for-each-ref --sort -committerdate --format %(refname) %(objectname) %(*objectname) [4ms]
2024-12-12 10:56:35.042 [info] > git fetch [5ms]
2024-12-12 10:56:35.052 [info] [Git][getRemotes] No remotes found in the git config file
2024-12-12 10:56:35.053 [info] > git config --get commit.template [6ms]
2024-12-12 10:56:35.055 [info] > git for-each-ref --format=%(refname)%00%(upstream:short)%00%(objectname)%00%(upstream:track)%00%(upstream:remotename)%00%(upstream:remoteref) refs/heads/master refs/remotes/master [3ms]
2024-12-12 10:56:35.055 [warning] [Git][getBranch] No such branch: master
2024-12-12 10:56:35.071 [info] > git status -z -uall [11ms]
2024-12-12 10:56:35.072 [info] > git for-each-ref --sort -committerdate --format %(refname) %(objectname) %(*objectname) [7ms]
2024-12-12 10:56:36.232 [info] [Git][getRemotes] No remotes found in the git config file
2024-12-12 10:56:36.233 [info] > git config --get commit.template [7ms]
2024-12-12 10:56:36.234 [info] > git for-each-ref --format=%(refname)%00%(upstream:short)%00%(objectname)%00%(upstream:track)%00%(upstream:remotename)%00%(upstream:remoteref) refs/heads/master refs/remotes/master [2ms]
2024-12-12 10:56:36.234 [warning] [Git][getBranch] No such branch: master
2024-12-12 10:56:36.245 [info] > git status -z -uall [7ms]
2024-12-12 10:56:36.246 [info] > git for-each-ref --sort -committerdate --format %(refname) %(objectname) %(*objectname) [2ms]
2024-12-12 10:56:44.371 [info] [Git][getRemotes] No remotes found in the git config file
2024-12-12 10:56:44.372 [info] > git config --get commit.template [13ms]
2024-12-12 10:56:44.375 [info] > git for-each-ref --format=%(refname)%00%(upstream:short)%00%(objectname)%00%(upstream:track)%00%(upstream:remotename)%00%(upstream:remoteref) refs/heads/master refs/remotes/master [4ms]
2024-12-12 10:56:44.375 [warning] [Git][getBranch] No such branch: master
2024-12-12 10:56:44.405 [info] > git status -z -uall [15ms]
2024-12-12 10:56:44.408 [info] > git for-each-ref --sort -committerdate --format %(refname) %(objectname) %(*objectname) [4ms]
2024-12-12 10:57:09.985 [info] [Git][getRemotes] No remotes found in the git config file
2024-12-12 10:57:09.986 [info] > git config --get commit.template [10ms]
2024-12-12 10:57:09.987 [info] > git for-each-ref --format=%(refname)%00%(upstream:short)%00%(objectname)%00%(upstream:track)%00%(upstream:remotename)%00%(upstream:remoteref) refs/heads/master refs/remotes/master [2ms]
2024-12-12 10:57:09.988 [warning] [Git][getBranch] No such branch: master
2024-12-12 10:57:09.998 [info] > git status -z -uall [7ms]
2024-12-12 10:57:09.999 [info] > git for-each-ref --sort -committerdate --format %(refname) %(objectname) %(*objectname) [2ms]
2024-12-12 10:57:43.673 [info] [Git][getRemotes] No remotes found in the git config file
2024-12-12 10:57:43.678 [info] > git config --get commit.template [12ms]
2024-12-12 10:57:43.679 [info] > git for-each-ref --format=%(refname)%00%(upstream:short)%00%(objectname)%00%(upstream:track)%00%(upstream:remotename)%00%(upstream:remoteref) refs/heads/master refs/remotes/master [6ms]
2024-12-12 10:57:43.679 [warning] [Git][getBranch] No such branch: master
2024-12-12 10:57:43.697 [info] > git status -z -uall [12ms]
2024-12-12 10:57:43.701 [info] > git for-each-ref --sort -committerdate --format %(refname) %(objectname) %(*objectname) [6ms]
2024-12-12 10:57:53.935 [info] [Git][getRemotes] No remotes found in the git config file
2024-12-12 10:57:53.935 [info] > git config --get commit.template [7ms]
2024-12-12 10:57:53.941 [info] > git for-each-ref --format=%(refname)%00%(upstream:short)%00%(objectname)%00%(upstream:track)%00%(upstream:remotename)%00%(upstream:remoteref) refs/heads/master refs/remotes/master [6ms]
2024-12-12 10:57:53.941 [warning] [Git][getBranch] No such branch: master
2024-12-12 10:57:53.961 [info] > git status -z -uall [13ms]
2024-12-12 10:57:53.964 [info] > git for-each-ref --sort -committerdate --format %(refname) %(objectname) %(*objectname) [5ms]
2024-12-12 10:58:05.028 [info] [Git][getRemotes] No remotes found in the git config file
2024-12-12 10:58:05.029 [info] > git config --get commit.template [16ms]
2024-12-12 10:58:05.037 [info] > git for-each-ref --format=%(refname)%00%(upstream:short)%00%(objectname)%00%(upstream:track)%00%(upstream:remotename)%00%(upstream:remoteref) refs/heads/master refs/remotes/master [7ms]
2024-12-12 10:58:05.038 [warning] [Git][getBranch] No such branch: master
2024-12-12 10:58:05.049 [info] > git status -z -uall [4ms]
2024-12-12 10:58:05.050 [info] > git for-each-ref --sort -committerdate --format %(refname) %(objectname) %(*objectname) [2ms]
2024-12-12 10:58:35.223 [info] [Git][getRemotes] No remotes found in the git config file
2024-12-12 10:58:35.232 [info] > git config --get commit.template [25ms]
2024-12-12 10:58:35.232 [info] > git for-each-ref --format=%(refname)%00%(upstream:short)%00%(objectname)%00%(upstream:track)%00%(upstream:remotename)%00%(upstream:remoteref) refs/heads/master refs/remotes/master [9ms]
2024-12-12 10:58:35.233 [warning] [Git][getBranch] No such branch: master
2024-12-12 10:58:35.265 [info] > git status -z -uall [20ms]
2024-12-12 10:58:35.274 [info] > git for-each-ref --sort -committerdate --format %(refname) %(objectname) %(*objectname) [9ms]
2024-12-12 10:58:48.547 [info] [Git][getRemotes] No remotes found in the git config file
2024-12-12 10:58:48.547 [info] > git config --get commit.template [17ms]
2024-12-12 10:58:48.548 [info] > git for-each-ref --format=%(refname)%00%(upstream:short)%00%(objectname)%00%(upstream:track)%00%(upstream:remotename)%00%(upstream:remoteref) refs/heads/master refs/remotes/master [2ms]
2024-12-12 10:58:48.550 [warning] [Git][getBranch] No such branch: master
2024-12-12 10:58:48.567 [info] > git status -z -uall [10ms]
2024-12-12 10:58:48.570 [info] > git for-each-ref --sort -committerdate --format %(refname) %(objectname) %(*objectname) [4ms]
2024-12-12 10:58:55.887 [info] [Git][getRemotes] No remotes found in the git config file
2024-12-12 10:58:55.888 [info] > git config --get commit.template [4ms]
2024-12-12 10:58:55.889 [info] > git for-each-ref --format=%(refname)%00%(upstream:short)%00%(objectname)%00%(upstream:track)%00%(upstream:remotename)%00%(upstream:remoteref) refs/heads/master refs/remotes/master [1ms]
2024-12-12 10:58:55.889 [warning] [Git][getBranch] No such branch: master
2024-12-12 10:58:55.896 [info] > git status -z -uall [3ms]
2024-12-12 10:58:55.896 [info] > git for-each-ref --sort -committerdate --format %(refname) %(objectname) %(*objectname) [1ms]
2024-12-12 10:59:35.082 [info] > git fetch [3ms]
2024-12-12 10:59:35.089 [info] [Git][getRemotes] No remotes found in the git config file
2024-12-12 10:59:35.090 [info] > git config --get commit.template [4ms]
2024-12-12 10:59:35.091 [info] > git for-each-ref --format=%(refname)%00%(upstream:short)%00%(objectname)%00%(upstream:track)%00%(upstream:remotename)%00%(upstream:remoteref) refs/heads/master refs/remotes/master [2ms]
2024-12-12 10:59:35.091 [warning] [Git][getBranch] No such branch: master
2024-12-12 10:59:35.098 [info] > git status -z -uall [5ms]
2024-12-12 10:59:35.099 [info] > git for-each-ref --sort -committerdate --format %(refname) %(objectname) %(*objectname) [2ms]
2024-12-12 10:59:36.276 [info] > git config --get commit.template [6ms]
2024-12-12 10:59:36.285 [info] [Git][getRemotes] No remotes found in the git config file
2024-12-12 10:59:36.287 [info] > git for-each-ref --format=%(refname)%00%(upstream:short)%00%(objectname)%00%(upstream:track)%00%(upstream:remotename)%00%(upstream:remoteref) refs/heads/master refs/remotes/master [2ms]
2024-12-12 10:59:36.287 [warning] [Git][getBranch] No such branch: master
2024-12-12 10:59:36.299 [info] > git status -z -uall [7ms]
2024-12-12 10:59:36.302 [info] > git for-each-ref --sort -committerdate --format %(refname) %(objectname) %(*objectname) [3ms]
2024-12-12 11:00:00.939 [info] [Git][getRemotes] No remotes found in the git config file
2024-12-12 11:00:00.940 [info] > git config --get commit.template [20ms]
2024-12-12 11:00:00.944 [info] > git for-each-ref --format=%(refname)%00%(upstream:short)%00%(objectname)%00%(upstream:track)%00%(upstream:remotename)%00%(upstream:remoteref) refs/heads/master refs/remotes/master [4ms]
2024-12-12 11:00:00.944 [warning] [Git][getBranch] No such branch: master
2024-12-12 11:00:00.971 [info] > git status -z -uall [13ms]
2024-12-12 11:00:00.972 [info] > git for-each-ref --sort -committerdate --format %(refname) %(objectname) %(*objectname) [1ms]
2024-12-12 11:00:05.994 [info] [Git][getRemotes] No remotes found in the git config file
2024-12-12 11:00:05.994 [info] > git config --get commit.template [11ms]
2024-12-12 11:00:05.995 [info] > git for-each-ref --format=%(refname)%00%(upstream:short)%00%(objectname)%00%(upstream:track)%00%(upstream:remotename)%00%(upstream:remoteref) refs/heads/master refs/remotes/master [2ms]
2024-12-12 11:00:05.995 [warning] [Git][getBranch] No such branch: master
2024-12-12 11:00:06.002 [info] > git status -z -uall [4ms]
2024-12-12 11:00:06.003 [info] > git for-each-ref --sort -committerdate --format %(refname) %(objectname) %(*objectname) [2ms]
2024-12-12 11:03:45.476 [info] > git fetch [5ms]
2024-12-12 11:03:45.480 [info] > git config --get commit.template [4ms]
2024-12-12 11:03:45.483 [info] [Git][getRemotes] No remotes found in the git config file
2024-12-12 11:03:45.484 [info] > git config --get commit.template [4ms]
2024-12-12 11:03:45.486 [info] [Git][getRemotes] No remotes found in the git config file
2024-12-12 11:03:45.487 [info] > git for-each-ref --format=%(refname)%00%(upstream:short)%00%(objectname)%00%(upstream:track)%00%(upstream:remotename)%00%(upstream:remoteref) refs/heads/master refs/remotes/master [3ms]
2024-12-12 11:03:45.487 [warning] [Git][getBranch] No such branch: master
2024-12-12 11:03:45.488 [info] > git for-each-ref --format=%(refname)%00%(upstream:short)%00%(objectname)%00%(upstream:track)%00%(upstream:remotename)%00%(upstream:remoteref) refs/heads/master refs/remotes/master [2ms]
2024-12-12 11:03:45.488 [warning] [Git][getBranch] No such branch: master
2024-12-12 11:03:45.493 [info] > git status -z -uall [3ms]
2024-12-12 11:03:45.494 [info] > git for-each-ref --sort -committerdate --format %(refname) %(objectname) %(*objectname) [1ms]
2024-12-12 11:03:50.496 [info] > git config --get commit.template [2ms]
2024-12-12 11:03:50.500 [info] [Git][getRemotes] No remotes found in the git config file
2024-12-12 11:03:50.502 [info] > git for-each-ref --format=%(refname)%00%(upstream:short)%00%(objectname)%00%(upstream:track)%00%(upstream:remotename)%00%(upstream:remoteref) refs/heads/master refs/remotes/master [2ms]
2024-12-12 11:03:50.502 [warning] [Git][getBranch] No such branch: master
2024-12-12 11:03:50.519 [info] > git status -z -uall [12ms]
2024-12-12 11:03:50.523 [info] > git for-each-ref --sort -committerdate --format %(refname) %(objectname) %(*objectname) [4ms]
2024-12-12 11:03:55.537 [info] > git config --get commit.template [3ms]
2024-12-12 11:03:55.541 [info] [Git][getRemotes] No remotes found in the git config file
2024-12-12 11:03:55.543 [info] > git for-each-ref --format=%(refname)%00%(upstream:short)%00%(objectname)%00%(upstream:track)%00%(upstream:remotename)%00%(upstream:remoteref) refs/heads/master refs/remotes/master [2ms]
2024-12-12 11:03:55.543 [warning] [Git][getBranch] No such branch: master
2024-12-12 11:03:55.556 [info] > git status -z -uall [8ms]
2024-12-12 11:03:55.556 [info] > git for-each-ref --sort -committerdate --format %(refname) %(objectname) %(*objectname) [1ms]
2024-12-12 11:04:00.587 [info] > git config --get commit.template [4ms]
2024-12-12 11:04:00.606 [info] [Git][getRemotes] No remotes found in the git config file
2024-12-12 11:04:00.607 [info] > git for-each-ref --format=%(refname)%00%(upstream:short)%00%(objectname)%00%(upstream:track)%00%(upstream:remotename)%00%(upstream:remoteref) refs/heads/master refs/remotes/master [9ms]
2024-12-12 11:04:00.607 [warning] [Git][getBranch] No such branch: master
2024-12-12 11:04:00.623 [info] > git status -z -uall [9ms]
2024-12-12 11:04:00.624 [info] > git for-each-ref --sort -committerdate --format %(refname) %(objectname) %(*objectname) [4ms]
2024-12-12 11:04:05.640 [info] [Git][getRemotes] No remotes found in the git config file
2024-12-12 11:04:05.640 [info] > git config --get commit.template [5ms]
2024-12-12 11:04:05.641 [info] > git for-each-ref --format=%(refname)%00%(upstream:short)%00%(objectname)%00%(upstream:track)%00%(upstream:remotename)%00%(upstream:remoteref) refs/heads/master refs/remotes/master [2ms]
2024-12-12 11:04:05.641 [warning] [Git][getBranch] No such branch: master
2024-12-12 11:04:05.655 [info] > git status -z -uall [10ms]
2024-12-12 11:04:05.657 [info] > git for-each-ref --sort -committerdate --format %(refname) %(objectname) %(*objectname) [5ms]
2024-12-12 11:07:55.938 [info] > git fetch [4ms]
2024-12-12 11:07:55.945 [info] [Git][getRemotes] No remotes found in the git config file
2024-12-12 11:07:55.946 [info] > git config --get commit.template [4ms]
2024-12-12 11:07:55.946 [info] > git for-each-ref --format=%(refname)%00%(upstream:short)%00%(objectname)%00%(upstream:track)%00%(upstream:remotename)%00%(upstream:remoteref) refs/heads/master refs/remotes/master [2ms]
2024-12-12 11:07:55.946 [warning] [Git][getBranch] No such branch: master
2024-12-12 11:07:55.953 [info] > git status -z -uall [4ms]
2024-12-12 11:07:55.954 [info] > git for-each-ref --sort -committerdate --format %(refname) %(objectname) %(*objectname) [2ms]
2024-12-12 11:07:57.154 [info] > git config --get commit.template [4ms]
2024-12-12 11:07:57.158 [info] [Git][getRemotes] No remotes found in the git config file
2024-12-12 11:07:57.159 [info] > git for-each-ref --format=%(refname)%00%(upstream:short)%00%(objectname)%00%(upstream:track)%00%(upstream:remotename)%00%(upstream:remoteref) refs/heads/master refs/remotes/master [2ms]
2024-12-12 11:07:57.159 [warning] [Git][getBranch] No such branch: master
2024-12-12 11:07:57.167 [info] > git status -z -uall [5ms]
2024-12-12 11:07:57.168 [info] > git for-each-ref --sort -committerdate --format %(refname) %(objectname) %(*objectname) [2ms]
2024-12-12 11:11:06.221 [info] > git fetch [9ms]
2024-12-12 11:11:06.243 [info] [Git][getRemotes] No remotes found in the git config file
2024-12-12 11:11:06.244 [info] > git config --get commit.template [10ms]
2024-12-12 11:11:06.246 [info] > git for-each-ref --format=%(refname)%00%(upstream:short)%00%(objectname)%00%(upstream:track)%00%(upstream:remotename)%00%(upstream:remoteref) refs/heads/master refs/remotes/master [3ms]
2024-12-12 11:11:06.247 [warning] [Git][getBranch] No such branch: master
2024-12-12 11:11:06.279 [info] > git status -z -uall [25ms]
2024-12-12 11:11:06.281 [info] > git for-each-ref --sort -committerdate --format %(refname) %(objectname) %(*objectname) [10ms]
2024-12-12 11:11:06.951 [info] > git check-ignore -v -z --stdin [1ms]
2024-12-12 11:11:07.469 [info] [Git][getRemotes] No remotes found in the git config file
2024-12-12 11:11:07.471 [info] > git config --get commit.template [9ms]
2024-12-12 11:11:07.474 [info] > git for-each-ref --format=%(refname)%00%(upstream:short)%00%(objectname)%00%(upstream:track)%00%(upstream:remotename)%00%(upstream:remoteref) refs/heads/master refs/remotes/master [7ms]
2024-12-12 11:11:07.474 [warning] [Git][getBranch] No such branch: master
2024-12-12 11:11:07.492 [info] > git status -z -uall [9ms]
2024-12-12 11:11:07.495 [info] > git for-each-ref --sort -committerdate --format %(refname) %(objectname) %(*objectname) [5ms]
2024-12-12 11:11:09.936 [info] > git check-ignore -v -z --stdin [5ms]
2024-12-12 11:12:21.762 [info] > git check-ignore -v -z --stdin [2ms]
2024-12-12 11:13:53.849 [info] > git config --get commit.template [2ms]
2024-12-12 11:13:53.856 [info] [Git][getRemotes] No remotes found in the git config file
2024-12-12 11:13:53.859 [info] > git for-each-ref --format=%(refname)%00%(upstream:short)%00%(objectname)%00%(upstream:track)%00%(upstream:remotename)%00%(upstream:remoteref) refs/heads/master refs/remotes/master [3ms]
2024-12-12 11:13:53.859 [warning] [Git][getBranch] No such branch: master
2024-12-12 11:13:53.886 [info] > git status -z -uall [18ms]
2024-12-12 11:13:53.889 [info] > git for-each-ref --sort -committerdate --format %(refname) %(objectname) %(*objectname) [7ms]
2024-12-12 11:13:55.074 [info] > git show --textconv :src/App.js [43ms]
2024-12-12 11:13:55.079 [info] > git ls-files --stage -- /home/ubuntu/react-frontend/src/App.js [40ms]
2024-12-12 11:13:58.909 [info] > git config --get commit.template [1ms]
2024-12-12 11:13:58.917 [info] [Git][getRemotes] No remotes found in the git config file
2024-12-12 11:13:58.918 [info] > git for-each-ref --format=%(refname)%00%(upstream:short)%00%(objectname)%00%(upstream:track)%00%(upstream:remotename)%00%(upstream:remoteref) refs/heads/master refs/remotes/master [2ms]
2024-12-12 11:13:58.919 [warning] [Git][getBranch] No such branch: master
2024-12-12 11:13:58.940 [info] > git status -z -uall [16ms]
2024-12-12 11:13:58.941 [info] > git for-each-ref --sort -committerdate --format %(refname) %(objectname) %(*objectname) [5ms]
2024-12-12 11:14:04.862 [info] [Git][getRemotes] No remotes found in the git config file
2024-12-12 11:14:04.863 [info] > git for-each-ref --format=%(refname)%00%(upstream:short)%00%(objectname)%00%(upstream:track)%00%(upstream:remotename)%00%(upstream:remoteref) refs/heads/master refs/remotes/master [1ms]
2024-12-12 11:14:04.869 [warning] [Git][getBranch] No such branch: master
2024-12-12 11:14:04.872 [info] > git config --get commit.template [27ms]
2024-12-12 11:14:04.900 [info] > git status -z -uall [17ms]
2024-12-12 11:14:04.902 [info] > git for-each-ref --sort -committerdate --format %(refname) %(objectname) %(*objectname) [8ms]
2024-12-12 11:14:06.409 [info] > git fetch [12ms]
2024-12-12 11:14:06.418 [info] [Git][getRemotes] No remotes found in the git config file
2024-12-12 11:14:06.419 [info] > git config --get commit.template [4ms]
2024-12-12 11:14:06.420 [info] > git for-each-ref --format=%(refname)%00%(upstream:short)%00%(objectname)%00%(upstream:track)%00%(upstream:remotename)%00%(upstream:remoteref) refs/heads/master refs/remotes/master [2ms]
2024-12-12 11:14:06.420 [warning] [Git][getBranch] No such branch: master
2024-12-12 11:14:06.427 [info] > git status -z -uall [4ms]
2024-12-12 11:14:06.427 [info] > git for-each-ref --sort -committerdate --format %(refname) %(objectname) %(*objectname) [1ms]
2024-12-12 11:14:07.811 [info] > git ls-files --stage -- /home/ubuntu/react-frontend/src/App.js [12ms]
2024-12-12 11:14:07.871 [info] > git show --textconv :src/App.js [1ms]
2024-12-12 11:14:09.932 [info] [Git][getRemotes] No remotes found in the git config file
2024-12-12 11:14:09.933 [info] > git config --get commit.template [14ms]
2024-12-12 11:14:09.935 [info] > git for-each-ref --format=%(refname)%00%(upstream:short)%00%(objectname)%00%(upstream:track)%00%(upstream:remotename)%00%(upstream:remoteref) refs/heads/master refs/remotes/master [3ms]
2024-12-12 11:14:09.935 [warning] [Git][getBranch] No such branch: master
2024-12-12 11:14:09.968 [info] > git status -z -uall [25ms]
2024-12-12 11:14:09.969 [info] > git for-each-ref --sort -committerdate --format %(refname) %(objectname) %(*objectname) [1ms]
2024-12-12 11:14:45.767 [info] > git check-ignore -v -z --stdin [1ms]
2024-12-12 11:14:46.237 [info] [Git][getRemotes] No remotes found in the git config file
2024-12-12 11:14:46.239 [info] > git config --get commit.template [8ms]
2024-12-12 11:14:46.242 [info] > git for-each-ref --format=%(refname)%00%(upstream:short)%00%(objectname)%00%(upstream:track)%00%(upstream:remotename)%00%(upstream:remoteref) refs/heads/master refs/remotes/master [5ms]
2024-12-12 11:14:46.242 [warning] [Git][getBranch] No such branch: master
2024-12-12 11:14:46.258 [info] > git status -z -uall [9ms]
2024-12-12 11:14:46.263 [info] > git for-each-ref --sort -committerdate --format %(refname) %(objectname) %(*objectname) [6ms]
2024-12-12 11:14:51.275 [info] [Git][getRemotes] No remotes found in the git config file
2024-12-12 11:14:51.276 [info] > git config --get commit.template [6ms]
2024-12-12 11:14:51.277 [info] > git for-each-ref --format=%(refname)%00%(upstream:short)%00%(objectname)%00%(upstream:track)%00%(upstream:remotename)%00%(upstream:remoteref) refs/heads/master refs/remotes/master [2ms]
2024-12-12 11:14:51.277 [warning] [Git][getBranch] No such branch: master
2024-12-12 11:14:51.284 [info] > git status -z -uall [4ms]
2024-12-12 11:14:51.285 [info] > git for-each-ref --sort -committerdate --format %(refname) %(objectname) %(*objectname) [2ms]
2024-12-12 11:14:52.727 [info] > git show --textconv :src/components/Header.js [4ms]
2024-12-12 11:14:52.728 [info] > git ls-files --stage -- /home/ubuntu/react-frontend/src/components/Header.js [2ms]
2024-12-12 11:14:52.837 [info] > git check-ignore -v -z --stdin [2ms]
2024-12-12 11:14:56.302 [info] [Git][getRemotes] No remotes found in the git config file
2024-12-12 11:14:56.303 [info] > git config --get commit.template [12ms]
2024-12-12 11:14:56.304 [info] > git for-each-ref --format=%(refname)%00%(upstream:short)%00%(objectname)%00%(upstream:track)%00%(upstream:remotename)%00%(upstream:remoteref) refs/heads/master refs/remotes/master [2ms]
2024-12-12 11:14:56.304 [warning] [Git][getBranch] No such branch: master
2024-12-12 11:14:56.319 [info] > git status -z -uall [8ms]
2024-12-12 11:14:56.320 [info] > git for-each-ref --sort -committerdate --format %(refname) %(objectname) %(*objectname) [2ms]
2024-12-12 11:15:01.191 [info] > git show --textconv :src/components/Footer.js [13ms]
2024-12-12 11:15:01.196 [info] > git ls-files --stage -- /home/ubuntu/react-frontend/src/components/Footer.js [8ms]
2024-12-12 11:15:01.286 [info] > git check-ignore -v -z --stdin [19ms]
2024-12-12 11:15:01.820 [info] [Git][getRemotes] No remotes found in the git config file
2024-12-12 11:15:01.821 [info] > git config --get commit.template [14ms]
2024-12-12 11:15:01.827 [info] > git for-each-ref --format=%(refname)%00%(upstream:short)%00%(objectname)%00%(upstream:track)%00%(upstream:remotename)%00%(upstream:remoteref) refs/heads/master refs/remotes/master [8ms]
2024-12-12 11:15:01.827 [warning] [Git][getBranch] No such branch: master
2024-12-12 11:15:01.856 [info] > git status -z -uall [23ms]
2024-12-12 11:15:01.860 [info] > git for-each-ref --sort -committerdate --format %(refname) %(objectname) %(*objectname) [4ms]
2024-12-12 11:15:10.576 [info] > git show --textconv :src/components/ExpenseList.js [14ms]
2024-12-12 11:15:10.579 [info] > git ls-files --stage -- /home/ubuntu/react-frontend/src/components/ExpenseList.js [7ms]
2024-12-12 11:15:10.689 [info] > git check-ignore -v -z --stdin [5ms]
2024-12-12 11:15:11.193 [info] [Git][getRemotes] No remotes found in the git config file
2024-12-12 11:15:11.194 [info] > git config --get commit.template [5ms]
2024-12-12 11:15:11.194 [info] > git for-each-ref --format=%(refname)%00%(upstream:short)%00%(objectname)%00%(upstream:track)%00%(upstream:remotename)%00%(upstream:remoteref) refs/heads/master refs/remotes/master [1ms]
2024-12-12 11:15:11.195 [warning] [Git][getBranch] No such branch: master
2024-12-12 11:15:11.209 [info] > git status -z -uall [10ms]
2024-12-12 11:15:11.210 [info] > git for-each-ref --sort -committerdate --format %(refname) %(objectname) %(*objectname) [2ms]
2024-12-12 11:15:19.966 [info] > git check-ignore -v -z --stdin [2ms]
2024-12-12 11:15:20.490 [info] [Git][getRemotes] No remotes found in the git config file
2024-12-12 11:15:20.490 [info] > git config --get commit.template [4ms]
2024-12-12 11:15:20.491 [info] > git for-each-ref --format=%(refname)%00%(upstream:short)%00%(objectname)%00%(upstream:track)%00%(upstream:remotename)%00%(upstream:remoteref) refs/heads/master refs/remotes/master [2ms]
2024-12-12 11:15:20.491 [warning] [Git][getBranch] No such branch: master
2024-12-12 11:15:20.499 [info] > git status -z -uall [5ms]
2024-12-12 11:15:20.502 [info] > git for-each-ref --sort -committerdate --format %(refname) %(objectname) %(*objectname) [4ms]
2024-12-12 11:15:25.516 [info] > git config --get commit.template [4ms]
2024-12-12 11:15:25.523 [info] [Git][getRemotes] No remotes found in the git config file
2024-12-12 11:15:25.527 [info] > git for-each-ref --format=%(refname)%00%(upstream:short)%00%(objectname)%00%(upstream:track)%00%(upstream:remotename)%00%(upstream:remoteref) refs/heads/master refs/remotes/master [4ms]
2024-12-12 11:15:25.527 [warning] [Git][getBranch] No such branch: master
2024-12-12 11:15:25.538 [info] > git status -z -uall [6ms]
2024-12-12 11:15:25.542 [info] > git for-each-ref --sort -committerdate --format %(refname) %(objectname) %(*objectname) [4ms]
2024-12-12 11:15:25.919 [info] > git check-ignore -v -z --stdin [2ms]
2024-12-12 11:15:25.978 [info] > git show --textconv :src/pages/Home.js [5ms]
2024-12-12 11:15:25.979 [info] > git ls-files --stage -- /home/ubuntu/react-frontend/src/pages/Home.js [2ms]
2024-12-12 11:15:30.573 [info] [Git][getRemotes] No remotes found in the git config file
2024-12-12 11:15:30.577 [info] > git for-each-ref --format=%(refname)%00%(upstream:short)%00%(objectname)%00%(upstream:track)%00%(upstream:remotename)%00%(upstream:remoteref) refs/heads/master refs/remotes/master [7ms]
2024-12-12 11:15:30.577 [warning] [Git][getBranch] No such branch: master
2024-12-12 11:15:30.578 [info] > git config --get commit.template [19ms]
2024-12-12 11:15:30.600 [info] > git status -z -uall [15ms]
2024-12-12 11:15:30.604 [info] > git for-each-ref --sort -committerdate --format %(refname) %(objectname) %(*objectname) [5ms]
2024-12-12 11:15:33.653 [info] > git show --textconv :src/pages/AddExpense.js [13ms]
2024-12-12 11:15:33.655 [info] > git ls-files --stage -- /home/ubuntu/react-frontend/src/pages/AddExpense.js [5ms]
2024-12-12 11:15:33.778 [info] > git check-ignore -v -z --stdin [12ms]
2024-12-12 11:15:35.626 [info] [Git][getRemotes] No remotes found in the git config file
2024-12-12 11:15:35.630 [info] > git config --get commit.template [14ms]
2024-12-12 11:15:35.631 [info] > git for-each-ref --format=%(refname)%00%(upstream:short)%00%(objectname)%00%(upstream:track)%00%(upstream:remotename)%00%(upstream:remoteref) refs/heads/master refs/remotes/master [5ms]
2024-12-12 11:15:35.631 [warning] [Git][getBranch] No such branch: master
2024-12-12 11:15:35.654 [info] > git status -z -uall [14ms]
2024-12-12 11:15:35.655 [info] > git for-each-ref --sort -committerdate --format %(refname) %(objectname) %(*objectname) [7ms]
2024-12-12 11:15:44.848 [info] > git check-ignore -v -z --stdin [3ms]
2024-12-12 11:15:48.924 [info] > git show --textconv :public/index.html [15ms]
2024-12-12 11:15:48.926 [info] > git ls-files --stage -- /home/ubuntu/react-frontend/public/index.html [9ms]
2024-12-12 11:15:56.051 [info] > git show --textconv :package.json [11ms]
2024-12-12 11:15:56.052 [info] > git ls-files --stage -- /home/ubuntu/react-frontend/package.json [4ms]
2024-12-12 11:16:02.768 [info] > git show --textconv :src/components/Header.js [11ms]
2024-12-12 11:16:02.770 [info] > git ls-files --stage -- /home/ubuntu/react-frontend/src/components/Header.js [3ms]
2024-12-12 11:16:06.732 [info] [Git][getRemotes] No remotes found in the git config file
2024-12-12 11:16:06.733 [info] > git config --get commit.template [9ms]
2024-12-12 11:16:06.734 [info] > git for-each-ref --format=%(refname)%00%(upstream:short)%00%(objectname)%00%(upstream:track)%00%(upstream:remotename)%00%(upstream:remoteref) refs/heads/master refs/remotes/master [2ms]
2024-12-12 11:16:06.734 [warning] [Git][getBranch] No such branch: master
2024-12-12 11:16:06.751 [info] > git status -z -uall [8ms]
2024-12-12 11:16:06.752 [info] > git for-each-ref --sort -committerdate --format %(refname) %(objectname) %(*objectname) [2ms]
2024-12-12 11:16:07.811 [info] > git show --textconv :src/components/Footer.js [8ms]
2024-12-12 11:16:07.813 [info] > git ls-files --stage -- /home/ubuntu/react-frontend/src/components/Footer.js [2ms]
2024-12-12 11:16:14.471 [info] [Git][getRemotes] No remotes found in the git config file
2024-12-12 11:16:14.472 [info] > git config --get commit.template [5ms]
2024-12-12 11:16:14.472 [info] > git for-each-ref --format=%(refname)%00%(upstream:short)%00%(objectname)%00%(upstream:track)%00%(upstream:remotename)%00%(upstream:remoteref) refs/heads/master refs/remotes/master [1ms]
2024-12-12 11:16:14.473 [warning] [Git][getBranch] No such branch: master
2024-12-12 11:16:14.480 [info] > git status -z -uall [5ms]
2024-12-12 11:16:14.481 [info] > git for-each-ref --sort -committerdate --format %(refname) %(objectname) %(*objectname) [2ms]
2024-12-12 11:16:16.922 [info] > git show --textconv :src/pages/Home.js [13ms]
2024-12-12 11:16:16.925 [info] > git ls-files --stage -- /home/ubuntu/react-frontend/src/pages/Home.js [1ms]
2024-12-12 11:16:20.012 [info] > git config --get commit.template [2ms]
2024-12-12 11:16:20.012 [info] [Git][getRemotes] No remotes found in the git config file
2024-12-12 11:16:20.017 [info] > git for-each-ref --format=%(refname)%00%(upstream:short)%00%(objectname)%00%(upstream:track)%00%(upstream:remotename)%00%(upstream:remoteref) refs/heads/master refs/remotes/master [2ms]
2024-12-12 11:16:20.017 [warning] [Git][getBranch] No such branch: master
2024-12-12 11:16:20.024 [info] > git status -z -uall [4ms]
2024-12-12 11:16:20.025 [info] > git for-each-ref --sort -committerdate --format %(refname) %(objectname) %(*objectname) [2ms]
2024-12-12 11:16:23.088 [info] > git show --textconv :src/components/ExpenseList.js [5ms]
2024-12-12 11:16:23.090 [info] > git ls-files --stage -- /home/ubuntu/react-frontend/src/components/ExpenseList.js [3ms]
2024-12-12 11:16:24.159 [info] > git show --textconv :src/components/Footer.js [7ms]
2024-12-12 11:16:24.163 [info] > git ls-files --stage -- /home/ubuntu/react-frontend/src/components/Footer.js [5ms]
2024-12-12 11:16:25.051 [info] [Git][getRemotes] No remotes found in the git config file
2024-12-12 11:16:25.053 [info] > git config --get commit.template [20ms]
2024-12-12 11:16:25.053 [info] > git for-each-ref --format=%(refname)%00%(upstream:short)%00%(objectname)%00%(upstream:track)%00%(upstream:remotename)%00%(upstream:remoteref) refs/heads/master refs/remotes/master [2ms]
2024-12-12 11:16:25.053 [warning] [Git][getBranch] No such branch: master
2024-12-12 11:16:25.063 [info] > git status -z -uall [4ms]
2024-12-12 11:16:25.064 [info] > git for-each-ref --sort -committerdate --format %(refname) %(objectname) %(*objectname) [2ms]
2024-12-12 11:16:25.712 [info] > git show --textconv :src/components/Header.js [12ms]
2024-12-12 11:16:25.722 [info] > git ls-files --stage -- /home/ubuntu/react-frontend/src/components/Header.js [10ms]
2024-12-12 11:16:26.944 [info] > git show --textconv :src/pages/Home.js [5ms]
2024-12-12 11:16:26.945 [info] > git ls-files --stage -- /home/ubuntu/react-frontend/src/pages/Home.js [2ms]
2024-12-12 11:16:30.078 [info] [Git][getRemotes] No remotes found in the git config file
2024-12-12 11:16:30.079 [info] > git config --get commit.template [7ms]
2024-12-12 11:16:30.079 [info] > git for-each-ref --format=%(refname)%00%(upstream:short)%00%(objectname)%00%(upstream:track)%00%(upstream:remotename)%00%(upstream:remoteref) refs/heads/master refs/remotes/master [1ms]
2024-12-12 11:16:30.079 [warning] [Git][getBranch] No such branch: master
2024-12-12 11:16:30.089 [info] > git status -z -uall [7ms]
2024-12-12 11:16:30.090 [info] > git for-each-ref --sort -committerdate --format %(refname) %(objectname) %(*objectname) [3ms]
2024-12-12 11:16:32.038 [info] > git show --textconv :src/components/ExpenseList.js [5ms]
2024-12-12 11:16:32.039 [info] > git ls-files --stage -- /home/ubuntu/react-frontend/src/components/ExpenseList.js [2ms]
2024-12-12 11:16:35.096 [info] [Git][getRemotes] No remotes found in the git config file
2024-12-12 11:16:35.102 [info] > git config --get commit.template [7ms]
2024-12-12 11:16:35.104 [info] > git for-each-ref --format=%(refname)%00%(upstream:short)%00%(objectname)%00%(upstream:track)%00%(upstream:remotename)%00%(upstream:remoteref) refs/heads/master refs/remotes/master [3ms]
2024-12-12 11:16:35.105 [warning] [Git][getBranch] No such branch: master
2024-12-12 11:16:35.116 [info] > git status -z -uall [5ms]
2024-12-12 11:16:35.117 [info] > git for-each-ref --sort -committerdate --format %(refname) %(objectname) %(*objectname) [2ms]
2024-12-12 11:16:37.036 [info] > git show --textconv :src/pages/AddExpense.js [7ms]
2024-12-12 11:16:37.040 [info] > git ls-files --stage -- /home/ubuntu/react-frontend/src/pages/AddExpense.js [3ms]
2024-12-12 11:16:40.131 [info] [Git][getRemotes] No remotes found in the git config file
2024-12-12 11:16:40.131 [info] > git config --get commit.template [4ms]
2024-12-12 11:16:40.132 [info] > git for-each-ref --format=%(refname)%00%(upstream:short)%00%(objectname)%00%(upstream:track)%00%(upstream:remotename)%00%(upstream:remoteref) refs/heads/master refs/remotes/master [2ms]
2024-12-12 11:16:40.132 [warning] [Git][getBranch] No such branch: master
2024-12-12 11:16:40.141 [info] > git status -z -uall [5ms]
2024-12-12 11:16:40.142 [info] > git for-each-ref --sort -committerdate --format %(refname) %(objectname) %(*objectname) [2ms]
2024-12-12 11:17:07.805 [info] > git fetch [6ms]
2024-12-12 11:17:07.815 [info] [Git][getRemotes] No remotes found in the git config file
2024-12-12 11:17:07.816 [info] > git config --get commit.template [6ms]
2024-12-12 11:17:07.817 [info] > git for-each-ref --format=%(refname)%00%(upstream:short)%00%(objectname)%00%(upstream:track)%00%(upstream:remotename)%00%(upstream:remoteref) refs/heads/master refs/remotes/master [2ms]
2024-12-12 11:17:07.818 [warning] [Git][getBranch] No such branch: master
2024-12-12 11:17:07.830 [info] > git status -z -uall [8ms]
2024-12-12 11:17:07.832 [info] > git for-each-ref --sort -committerdate --format %(refname) %(objectname) %(*objectname) [3ms]
2024-12-12 11:17:08.962 [info] [Git][getRemotes] No remotes found in the git config file
2024-12-12 11:17:08.967 [info] > git config --get commit.template [12ms]
2024-12-12 11:17:08.969 [info] > git for-each-ref --format=%(refname)%00%(upstream:short)%00%(objectname)%00%(upstream:track)%00%(upstream:remotename)%00%(upstream:remoteref) refs/heads/master refs/remotes/master [7ms]
2024-12-12 11:17:08.969 [warning] [Git][getBranch] No such branch: master
2024-12-12 11:17:08.989 [info] > git status -z -uall [10ms]
2024-12-12 11:17:08.993 [info] > git for-each-ref --sort -committerdate --format %(refname) %(objectname) %(*objectname) [6ms]
2024-12-12 11:17:09.122 [info] > git ls-files --stage -- /home/ubuntu/react-frontend/src/pages/AddExpense.js [3ms]
2024-12-12 11:17:09.233 [info] > git show --textconv :src/pages/AddExpense.js [7ms]
2024-12-12 11:17:11.912 [info] > git show --textconv :src/index.css [8ms]
2024-12-12 11:17:11.918 [info] > git ls-files --stage -- /home/ubuntu/react-frontend/src/index.css [9ms]
2024-12-12 11:17:15.877 [info] [Git][getRemotes] No remotes found in the git config file
2024-12-12 11:17:15.881 [info] > git config --get commit.template [5ms]
2024-12-12 11:17:15.881 [info] > git for-each-ref --format=%(refname)%00%(upstream:short)%00%(objectname)%00%(upstream:track)%00%(upstream:remotename)%00%(upstream:remoteref) refs/heads/master refs/remotes/master [1ms]
2024-12-12 11:17:15.882 [warning] [Git][getBranch] No such branch: master
2024-12-12 11:17:15.892 [info] > git status -z -uall [6ms]
2024-12-12 11:17:15.893 [info] > git for-each-ref --sort -committerdate --format %(refname) %(objectname) %(*objectname) [2ms]
2024-12-12 11:17:20.912 [info] [Git][getRemotes] No remotes found in the git config file
2024-12-12 11:17:20.913 [info] > git config --get commit.template [8ms]
2024-12-12 11:17:20.914 [info] > git for-each-ref --format=%(refname)%00%(upstream:short)%00%(objectname)%00%(upstream:track)%00%(upstream:remotename)%00%(upstream:remoteref) refs/heads/master refs/remotes/master [2ms]
2024-12-12 11:17:20.914 [warning] [Git][getBranch] No such branch: master
2024-12-12 11:17:20.938 [info] > git status -z -uall [12ms]
2024-12-12 11:17:20.940 [info] > git for-each-ref --sort -committerdate --format %(refname) %(objectname) %(*objectname) [4ms]
2024-12-12 11:17:30.995 [info] > git config --get commit.template [2ms]
2024-12-12 11:17:31.004 [info] [Git][getRemotes] No remotes found in the git config file
2024-12-12 11:17:31.007 [info] > git for-each-ref --format=%(refname)%00%(upstream:short)%00%(objectname)%00%(upstream:track)%00%(upstream:remotename)%00%(upstream:remoteref) refs/heads/master refs/remotes/master [3ms]
2024-12-12 11:17:31.007 [warning] [Git][getBranch] No such branch: master
2024-12-12 11:17:31.028 [info] > git status -z -uall [14ms]
2024-12-12 11:17:31.028 [info] > git for-each-ref --sort -committerdate --format %(refname) %(objectname) %(*objectname) [4ms]
2024-12-12 11:17:36.043 [info] [Git][getRemotes] No remotes found in the git config file
2024-12-12 11:17:36.046 [info] > git config --get commit.template [9ms]
2024-12-12 11:17:36.050 [info] > git for-each-ref --format=%(refname)%00%(upstream:short)%00%(objectname)%00%(upstream:track)%00%(upstream:remotename)%00%(upstream:remoteref) refs/heads/master refs/remotes/master [7ms]
2024-12-12 11:17:36.050 [warning] [Git][getBranch] No such branch: master
2024-12-12 11:17:36.069 [info] > git status -z -uall [12ms]
2024-12-12 11:17:36.074 [info] > git for-each-ref --sort -committerdate --format %(refname) %(objectname) %(*objectname) [6ms]
2024-12-12 11:18:09.526 [info] [Git][getRemotes] No remotes found in the git config file
2024-12-12 11:18:09.531 [info] > git for-each-ref --format=%(refname)%00%(upstream:short)%00%(objectname)%00%(upstream:track)%00%(upstream:remotename)%00%(upstream:remoteref) refs/heads/master refs/remotes/master [4ms]
2024-12-12 11:18:09.531 [warning] [Git][getBranch] No such branch: master
2024-12-12 11:18:09.531 [info] > git config --get commit.template [17ms]
2024-12-12 11:18:09.552 [info] > git status -z -uall [5ms]
2024-12-12 11:18:09.553 [info] > git for-each-ref --sort -committerdate --format %(refname) %(objectname) %(*objectname) [6ms]
2024-12-12 11:18:22.188 [info] [Git][getRemotes] No remotes found in the git config file
2024-12-12 11:18:22.189 [info] > git config --get commit.template [7ms]
2024-12-12 11:18:22.190 [info] > git for-each-ref --format=%(refname)%00%(upstream:short)%00%(objectname)%00%(upstream:track)%00%(upstream:remotename)%00%(upstream:remoteref) refs/heads/master refs/remotes/master [1ms]
2024-12-12 11:18:22.190 [warning] [Git][getBranch] No such branch: master
2024-12-12 11:18:22.199 [info] > git status -z -uall [6ms]
2024-12-12 11:18:22.200 [info] > git for-each-ref --sort -committerdate --format %(refname) %(objectname) %(*objectname) [1ms]
2024-12-12 11:18:27.212 [info] > git config --get commit.template [1ms]
2024-12-12 11:18:27.219 [info] [Git][getRemotes] No remotes found in the git config file
2024-12-12 11:18:27.220 [info] > git for-each-ref --format=%(refname)%00%(upstream:short)%00%(objectname)%00%(upstream:track)%00%(upstream:remotename)%00%(upstream:remoteref) refs/heads/master refs/remotes/master [1ms]
2024-12-12 11:18:27.221 [warning] [Git][getBranch] No such branch: master
2024-12-12 11:18:27.246 [info] > git status -z -uall [18ms]
2024-12-12 11:18:27.255 [info] > git for-each-ref --sort -committerdate --format %(refname) %(objectname) %(*objectname) [13ms]
2024-12-12 11:18:32.267 [info] > git config --get commit.template [3ms]
2024-12-12 11:18:32.272 [info] [Git][getRemotes] No remotes found in the git config file
2024-12-12 11:18:32.280 [info] > git for-each-ref --format=%(refname)%00%(upstream:short)%00%(objectname)%00%(upstream:track)%00%(upstream:remotename)%00%(upstream:remoteref) refs/heads/master refs/remotes/master [8ms]
2024-12-12 11:18:32.281 [warning] [Git][getBranch] No such branch: master
2024-12-12 11:18:32.307 [info] > git status -z -uall [16ms]
2024-12-12 11:18:32.310 [info] > git for-each-ref --sort -committerdate --format %(refname) %(objectname) %(*objectname) [4ms]
2024-12-12 11:18:40.044 [info] [Git][getRemotes] No remotes found in the git config file
2024-12-12 11:18:40.045 [info] > git config --get commit.template [6ms]
2024-12-12 11:18:40.045 [info] > git for-each-ref --format=%(refname)%00%(upstream:short)%00%(objectname)%00%(upstream:track)%00%(upstream:remotename)%00%(upstream:remoteref) refs/heads/master refs/remotes/master [2ms]
2024-12-12 11:18:40.046 [warning] [Git][getBranch] No such branch: master
2024-12-12 11:18:40.066 [info] > git status -z -uall [15ms]
2024-12-12 11:18:40.071 [info] > git for-each-ref --sort -committerdate --format %(refname) %(objectname) %(*objectname) [7ms]
