2024-12-13 22:02:32.995 [info] [main] Log level: Info
2024-12-13 22:02:32.995 [info] [main] Validating found git in: "git"
2024-12-13 22:02:32.995 [info] [main] Using git "2.34.1" from "git"
2024-12-13 22:02:32.995 [info] [Model][doInitialScan] Initial repository scan started
2024-12-13 22:02:32.995 [info] > git rev-parse --show-toplevel [50ms]
2024-12-13 22:02:32.995 [info] fatal: not a git repository (or any of the parent directories): .git
2024-12-13 22:02:32.995 [info] > git rev-parse --show-toplevel [170ms]
2024-12-13 22:02:33.037 [info] > git rev-parse --git-dir --git-common-dir [43ms]
2024-12-13 22:02:33.140 [info] [Model][openRepository] Opened repository: /home/ubuntu/react-frontend
2024-12-13 22:02:33.517 [info] > git fetch [378ms]
2024-12-13 22:02:33.594 [info] > git rev-parse --show-toplevel [340ms]
2024-12-13 22:02:33.594 [info] fatal: not a git repository (or any of the parent directories): .git
2024-12-13 22:02:33.604 [info] > git config --get commit.template [373ms]
2024-12-13 22:02:33.712 [info] [Git][getRemotes] No remotes found in the git config file
2024-12-13 22:02:33.723 [info] > git config --get commit.template [98ms]
2024-12-13 22:02:33.826 [info] > git for-each-ref --format=%(refname)%00%(upstream:short)%00%(objectname)%00%(upstream:track)%00%(upstream:remotename)%00%(upstream:remoteref) refs/heads/master refs/remotes/master [97ms]
2024-12-13 22:02:33.827 [warning] [Git][getBranch] No such branch: master
2024-12-13 22:02:33.893 [info] > git rev-parse --show-toplevel [237ms]
2024-12-13 22:02:33.893 [info] fatal: not a git repository (or any of the parent directories): .git
2024-12-13 22:02:33.894 [info] [Git][getRemotes] No remotes found in the git config file
2024-12-13 22:02:33.916 [info] > git for-each-ref --format=%(refname)%00%(upstream:short)%00%(objectname)%00%(upstream:track)%00%(upstream:remotename)%00%(upstream:remoteref) refs/heads/master refs/remotes/master [45ms]
2024-12-13 22:02:33.916 [warning] [Git][getBranch] No such branch: master
2024-12-13 22:02:33.917 [error] [GitHistoryProvider][resolveHEADMergeBase] Failed to resolve merge base for master: Error: No such branch: master.
2024-12-13 22:02:33.926 [info] > git for-each-ref --format=%(refname)%00%(upstream:short)%00%(objectname)%00%(upstream:track)%00%(upstream:remotename)%00%(upstream:remoteref) refs/heads/master refs/remotes/master [125ms]
2024-12-13 22:02:33.926 [warning] [Git][getBranch] No such branch: master
2024-12-13 22:02:34.048 [info] > git config --get commit.template [25ms]
2024-12-13 22:02:34.063 [info] > git rev-parse --show-toplevel [23ms]
2024-12-13 22:02:34.063 [info] fatal: not a git repository (or any of the parent directories): .git
2024-12-13 22:02:34.066 [info] [Git][getRemotes] No remotes found in the git config file
2024-12-13 22:02:34.110 [info] > git check-ignore -v -z --stdin [8ms]
2024-12-13 22:02:34.118 [info] > git rev-parse --show-toplevel [37ms]
2024-12-13 22:02:34.118 [info] fatal: not a git repository (or any of the parent directories): .git
2024-12-13 22:02:34.121 [info] > git for-each-ref --format=%(refname)%00%(upstream:short)%00%(objectname)%00%(upstream:track)%00%(upstream:remotename)%00%(upstream:remoteref) refs/heads/master refs/remotes/master [61ms]
2024-12-13 22:02:34.121 [warning] [Git][getBranch] No such branch: master
2024-12-13 22:02:34.202 [info] > git status -z -uall [61ms]
2024-12-13 22:02:34.221 [info] > git rev-parse --show-toplevel [22ms]
2024-12-13 22:02:34.221 [info] fatal: not a git repository (or any of the parent directories): .git
2024-12-13 22:02:34.225 [info] > git for-each-ref --sort -committerdate --format %(refname) %(objectname) %(*objectname) [62ms]
2024-12-13 22:02:34.309 [info] > git rev-parse --show-toplevel [9ms]
2024-12-13 22:02:34.309 [info] fatal: not a git repository (or any of the parent directories): .git
2024-12-13 22:02:34.323 [info] [Model][doInitialScan] Initial repository scan completed - repositories (1), closed repositories (0), parent repositories (0), unsafe repositories (0)
2024-12-13 22:02:34.488 [info] > git show --textconv :src/pages/UploadReceipt.js [149ms]
2024-12-13 22:02:34.489 [info] > git ls-files --stage -- /home/ubuntu/react-frontend/src/pages/UploadReceipt.js [137ms]
2024-12-13 22:05:15.104 [info] > git config --get commit.template [1ms]
2024-12-13 22:05:15.111 [info] [Git][getRemotes] No remotes found in the git config file
2024-12-13 22:05:15.114 [info] > git for-each-ref --format=%(refname)%00%(upstream:short)%00%(objectname)%00%(upstream:track)%00%(upstream:remotename)%00%(upstream:remoteref) refs/heads/master refs/remotes/master [3ms]
2024-12-13 22:05:15.115 [warning] [Git][getBranch] No such branch: master
2024-12-13 22:05:15.136 [info] > git status -z -uall [11ms]
2024-12-13 22:05:15.136 [info] > git for-each-ref --sort -committerdate --format %(refname) %(objectname) %(*objectname) [5ms]
2024-12-13 22:05:33.346 [info] > git config --get commit.template [2ms]
2024-12-13 22:05:33.347 [info] [Git][getRemotes] No remotes found in the git config file
2024-12-13 22:05:33.363 [info] > git for-each-ref --format=%(refname)%00%(upstream:short)%00%(objectname)%00%(upstream:track)%00%(upstream:remotename)%00%(upstream:remoteref) refs/heads/master refs/remotes/master [5ms]
2024-12-13 22:05:33.364 [warning] [Git][getBranch] No such branch: master
2024-12-13 22:05:33.383 [info] > git status -z -uall [12ms]
2024-12-13 22:05:33.388 [info] > git for-each-ref --sort -committerdate --format %(refname) %(objectname) %(*objectname) [8ms]
2024-12-13 22:05:33.964 [info] > git fetch [11ms]
2024-12-13 22:05:33.979 [info] [Git][getRemotes] No remotes found in the git config file
2024-12-13 22:05:33.980 [info] > git config --get commit.template [9ms]
2024-12-13 22:05:33.981 [info] > git for-each-ref --format=%(refname)%00%(upstream:short)%00%(objectname)%00%(upstream:track)%00%(upstream:remotename)%00%(upstream:remoteref) refs/heads/master refs/remotes/master [2ms]
2024-12-13 22:05:33.982 [warning] [Git][getBranch] No such branch: master
2024-12-13 22:05:34.009 [info] > git status -z -uall [18ms]
2024-12-13 22:05:34.012 [info] > git for-each-ref --sort -committerdate --format %(refname) %(objectname) %(*objectname) [5ms]
2024-12-13 22:05:35.255 [info] > git ls-files --stage -- /home/ubuntu/react-frontend/src/pages/UploadReceipt.js [4ms]
2024-12-13 22:05:35.323 [info] > git show --textconv :src/pages/UploadReceipt.js [5ms]
2024-12-13 22:05:40.400 [info] > git config --get commit.template [1ms]
2024-12-13 22:05:40.404 [info] [Git][getRemotes] No remotes found in the git config file
2024-12-13 22:05:40.405 [info] > git for-each-ref --format=%(refname)%00%(upstream:short)%00%(objectname)%00%(upstream:track)%00%(upstream:remotename)%00%(upstream:remoteref) refs/heads/master refs/remotes/master [2ms]
2024-12-13 22:05:40.405 [warning] [Git][getBranch] No such branch: master
2024-12-13 22:05:40.414 [info] > git status -z -uall [6ms]
2024-12-13 22:05:40.415 [info] > git for-each-ref --sort -committerdate --format %(refname) %(objectname) %(*objectname) [2ms]
2024-12-13 22:09:31.053 [info] > git fetch [12ms]
2024-12-13 22:09:31.064 [info] [Git][getRemotes] No remotes found in the git config file
2024-12-13 22:09:31.065 [info] > git config --get commit.template [5ms]
2024-12-13 22:09:31.065 [info] > git for-each-ref --format=%(refname)%00%(upstream:short)%00%(objectname)%00%(upstream:track)%00%(upstream:remotename)%00%(upstream:remoteref) refs/heads/master refs/remotes/master [2ms]
2024-12-13 22:09:31.065 [warning] [Git][getBranch] No such branch: master
2024-12-13 22:09:31.074 [info] > git status -z -uall [4ms]
2024-12-13 22:09:31.075 [info] > git for-each-ref --sort -committerdate --format %(refname) %(objectname) %(*objectname) [2ms]
2024-12-13 22:09:32.192 [info] [Git][getRemotes] No remotes found in the git config file
2024-12-13 22:09:32.194 [info] > git config --get commit.template [8ms]
2024-12-13 22:09:32.196 [info] > git for-each-ref --format=%(refname)%00%(upstream:short)%00%(objectname)%00%(upstream:track)%00%(upstream:remotename)%00%(upstream:remoteref) refs/heads/master refs/remotes/master [5ms]
2024-12-13 22:09:32.197 [warning] [Git][getBranch] No such branch: master
2024-12-13 22:09:32.209 [info] > git status -z -uall [8ms]
2024-12-13 22:09:32.215 [info] > git for-each-ref --sort -committerdate --format %(refname) %(objectname) %(*objectname) [4ms]
2024-12-13 22:09:32.374 [info] > git ls-files --stage -- /home/ubuntu/react-frontend/src/pages/UploadReceipt.js [3ms]
2024-12-13 22:09:32.452 [info] > git show --textconv :src/pages/UploadReceipt.js [8ms]
2024-12-13 22:16:20.614 [info] > git fetch [4ms]
2024-12-13 22:16:20.624 [info] [Git][getRemotes] No remotes found in the git config file
2024-12-13 22:16:20.625 [info] > git config --get commit.template [6ms]
2024-12-13 22:16:20.626 [info] > git for-each-ref --format=%(refname)%00%(upstream:short)%00%(objectname)%00%(upstream:track)%00%(upstream:remotename)%00%(upstream:remoteref) refs/heads/master refs/remotes/master [2ms]
2024-12-13 22:16:20.626 [warning] [Git][getBranch] No such branch: master
2024-12-13 22:16:20.638 [info] > git status -z -uall [9ms]
2024-12-13 22:16:20.647 [info] > git for-each-ref --sort -committerdate --format %(refname) %(objectname) %(*objectname) [9ms]
2024-12-13 22:16:21.771 [info] > git config --get commit.template [2ms]
2024-12-13 22:16:21.774 [info] [Git][getRemotes] No remotes found in the git config file
2024-12-13 22:16:21.775 [info] > git for-each-ref --format=%(refname)%00%(upstream:short)%00%(objectname)%00%(upstream:track)%00%(upstream:remotename)%00%(upstream:remoteref) refs/heads/master refs/remotes/master [2ms]
2024-12-13 22:16:21.775 [warning] [Git][getBranch] No such branch: master
2024-12-13 22:16:21.782 [info] > git status -z -uall [4ms]
2024-12-13 22:16:21.783 [info] > git for-each-ref --sort -committerdate --format %(refname) %(objectname) %(*objectname) [2ms]
2024-12-13 22:16:21.932 [info] > git ls-files --stage -- /home/ubuntu/react-frontend/src/pages/UploadReceipt.js [2ms]
2024-12-13 22:16:22.031 [info] > git show --textconv :src/pages/UploadReceipt.js [1ms]
2024-12-13 22:16:23.822 [info] > git check-ignore -v -z --stdin [2ms]
2024-12-13 22:16:46.593 [info] [Git][getRemotes] No remotes found in the git config file
2024-12-13 22:16:46.594 [info] > git config --get commit.template [10ms]
2024-12-13 22:16:46.595 [info] > git for-each-ref --format=%(refname)%00%(upstream:short)%00%(objectname)%00%(upstream:track)%00%(upstream:remotename)%00%(upstream:remoteref) refs/heads/master refs/remotes/master [2ms]
2024-12-13 22:16:46.596 [warning] [Git][getBranch] No such branch: master
2024-12-13 22:16:46.614 [info] > git status -z -uall [13ms]
2024-12-13 22:16:46.615 [info] > git for-each-ref --sort -committerdate --format %(refname) %(objectname) %(*objectname) [6ms]
2024-12-13 22:17:00.074 [info] > git check-ignore -v -z --stdin [4ms]
2024-12-13 22:17:16.417 [info] > git rev-parse --show-toplevel [2ms]
2024-12-13 22:17:16.417 [info] fatal: not a git repository (or any of the parent directories): .git
2024-12-13 22:17:17.841 [info] [Git][getRemotes] No remotes found in the git config file
2024-12-13 22:17:17.842 [info] > git config --get commit.template [5ms]
2024-12-13 22:17:17.843 [info] > git for-each-ref --format=%(refname)%00%(upstream:short)%00%(objectname)%00%(upstream:track)%00%(upstream:remotename)%00%(upstream:remoteref) refs/heads/master refs/remotes/master [1ms]
2024-12-13 22:17:17.843 [warning] [Git][getBranch] No such branch: master
2024-12-13 22:17:17.849 [info] > git status -z -uall [4ms]
2024-12-13 22:17:17.850 [info] > git for-each-ref --sort -committerdate --format %(refname) %(objectname) %(*objectname) [1ms]
2024-12-13 22:17:22.862 [info] [Git][getRemotes] No remotes found in the git config file
2024-12-13 22:17:22.863 [info] > git config --get commit.template [5ms]
2024-12-13 22:17:22.864 [info] > git for-each-ref --format=%(refname)%00%(upstream:short)%00%(objectname)%00%(upstream:track)%00%(upstream:remotename)%00%(upstream:remoteref) refs/heads/master refs/remotes/master [2ms]
2024-12-13 22:17:22.864 [warning] [Git][getBranch] No such branch: master
2024-12-13 22:17:22.874 [info] > git status -z -uall [6ms]
2024-12-13 22:17:22.875 [info] > git for-each-ref --sort -committerdate --format %(refname) %(objectname) %(*objectname) [2ms]
2024-12-13 22:17:24.603 [info] > git check-ignore -v -z --stdin [2ms]
2024-12-13 22:17:52.471 [info] [Git][getRemotes] No remotes found in the git config file
2024-12-13 22:17:52.472 [info] > git config --get commit.template [6ms]
2024-12-13 22:17:52.474 [info] > git for-each-ref --format=%(refname)%00%(upstream:short)%00%(objectname)%00%(upstream:track)%00%(upstream:remotename)%00%(upstream:remoteref) refs/heads/master refs/remotes/master [2ms]
2024-12-13 22:17:52.474 [warning] [Git][getBranch] No such branch: master
2024-12-13 22:17:52.483 [info] > git status -z -uall [6ms]
2024-12-13 22:17:52.485 [info] > git for-each-ref --sort -committerdate --format %(refname) %(objectname) %(*objectname) [3ms]
2024-12-13 22:17:57.497 [info] > git config --get commit.template [5ms]
2024-12-13 22:17:57.500 [info] [Git][getRemotes] No remotes found in the git config file
2024-12-13 22:17:57.503 [info] > git for-each-ref --format=%(refname)%00%(upstream:short)%00%(objectname)%00%(upstream:track)%00%(upstream:remotename)%00%(upstream:remoteref) refs/heads/master refs/remotes/master [3ms]
2024-12-13 22:17:57.503 [warning] [Git][getBranch] No such branch: master
2024-12-13 22:17:57.512 [info] > git status -z -uall [4ms]
2024-12-13 22:17:57.514 [info] > git for-each-ref --sort -committerdate --format %(refname) %(objectname) %(*objectname) [2ms]
2024-12-13 22:18:03.864 [info] [Git][getRemotes] No remotes found in the git config file
2024-12-13 22:18:03.864 [info] > git config --get commit.template [10ms]
2024-12-13 22:18:03.865 [info] > git for-each-ref --format=%(refname)%00%(upstream:short)%00%(objectname)%00%(upstream:track)%00%(upstream:remotename)%00%(upstream:remoteref) refs/heads/master refs/remotes/master [2ms]
2024-12-13 22:18:03.865 [warning] [Git][getBranch] No such branch: master
2024-12-13 22:18:03.886 [info] > git status -z -uall [11ms]
2024-12-13 22:18:03.886 [info] > git for-each-ref --sort -committerdate --format %(refname) %(objectname) %(*objectname) [3ms]
2024-12-13 22:18:08.907 [info] [Git][getRemotes] No remotes found in the git config file
2024-12-13 22:18:08.908 [info] > git config --get commit.template [15ms]
2024-12-13 22:18:08.909 [info] > git for-each-ref --format=%(refname)%00%(upstream:short)%00%(objectname)%00%(upstream:track)%00%(upstream:remotename)%00%(upstream:remoteref) refs/heads/master refs/remotes/master [4ms]
2024-12-13 22:18:08.912 [warning] [Git][getBranch] No such branch: master
2024-12-13 22:18:08.939 [info] > git status -z -uall [14ms]
2024-12-13 22:18:08.942 [info] > git for-each-ref --sort -committerdate --format %(refname) %(objectname) %(*objectname) [5ms]
2024-12-13 22:18:27.650 [info] > git show --textconv :package.json [15ms]
2024-12-13 22:18:27.651 [info] > git ls-files --stage -- /home/ubuntu/react-frontend/package.json [2ms]
2024-12-13 22:19:00.841 [info] [Git][getRemotes] No remotes found in the git config file
2024-12-13 22:19:00.845 [info] > git config --get commit.template [4ms]
2024-12-13 22:19:00.847 [info] > git for-each-ref --format=%(refname)%00%(upstream:short)%00%(objectname)%00%(upstream:track)%00%(upstream:remotename)%00%(upstream:remoteref) refs/heads/master refs/remotes/master [2ms]
2024-12-13 22:19:00.847 [warning] [Git][getBranch] No such branch: master
2024-12-13 22:19:00.858 [info] > git status -z -uall [8ms]
2024-12-13 22:19:00.860 [info] > git for-each-ref --sort -committerdate --format %(refname) %(objectname) %(*objectname) [3ms]
2024-12-13 22:19:09.843 [info] [Git][getRemotes] No remotes found in the git config file
2024-12-13 22:19:09.843 [info] > git config --get commit.template [6ms]
2024-12-13 22:19:09.845 [info] > git for-each-ref --format=%(refname)%00%(upstream:short)%00%(objectname)%00%(upstream:track)%00%(upstream:remotename)%00%(upstream:remoteref) refs/heads/master refs/remotes/master [3ms]
2024-12-13 22:19:09.845 [warning] [Git][getBranch] No such branch: master
2024-12-13 22:19:09.859 [info] > git status -z -uall [8ms]
2024-12-13 22:19:09.861 [info] > git for-each-ref --sort -committerdate --format %(refname) %(objectname) %(*objectname) [4ms]
2024-12-13 22:19:20.676 [info] > git fetch [5ms]
2024-12-13 22:19:20.699 [info] [Git][getRemotes] No remotes found in the git config file
2024-12-13 22:19:20.700 [info] > git config --get commit.template [12ms]
2024-12-13 22:19:20.705 [info] > git for-each-ref --format=%(refname)%00%(upstream:short)%00%(objectname)%00%(upstream:track)%00%(upstream:remotename)%00%(upstream:remoteref) refs/heads/master refs/remotes/master [6ms]
2024-12-13 22:19:20.706 [warning] [Git][getBranch] No such branch: master
2024-12-13 22:19:20.738 [info] > git status -z -uall [18ms]
2024-12-13 22:19:20.738 [info] > git for-each-ref --sort -committerdate --format %(refname) %(objectname) %(*objectname) [1ms]
2024-12-13 22:19:22.105 [info] > git ls-files --stage -- /home/ubuntu/react-frontend/package.json [0ms]
2024-12-13 22:19:22.188 [info] > git show --textconv :package.json [0ms]
2024-12-13 22:19:24.959 [info] > git config --get commit.template [1ms]
2024-12-13 22:19:24.964 [info] [Git][getRemotes] No remotes found in the git config file
2024-12-13 22:19:24.966 [info] > git for-each-ref --format=%(refname)%00%(upstream:short)%00%(objectname)%00%(upstream:track)%00%(upstream:remotename)%00%(upstream:remoteref) refs/heads/master refs/remotes/master [2ms]
2024-12-13 22:19:24.966 [warning] [Git][getBranch] No such branch: master
2024-12-13 22:19:24.984 [info] > git status -z -uall [11ms]
2024-12-13 22:19:24.988 [info] > git for-each-ref --sort -committerdate --format %(refname) %(objectname) %(*objectname) [6ms]
2024-12-13 22:19:30.031 [info] [Git][getRemotes] No remotes found in the git config file
2024-12-13 22:19:30.035 [info] > git for-each-ref --format=%(refname)%00%(upstream:short)%00%(objectname)%00%(upstream:track)%00%(upstream:remotename)%00%(upstream:remoteref) refs/heads/master refs/remotes/master [12ms]
2024-12-13 22:19:30.035 [warning] [Git][getBranch] No such branch: master
2024-12-13 22:19:30.036 [info] > git config --get commit.template [30ms]
2024-12-13 22:19:30.060 [info] > git status -z -uall [15ms]
2024-12-13 22:19:30.065 [info] > git for-each-ref --sort -committerdate --format %(refname) %(objectname) %(*objectname) [6ms]
2024-12-13 22:19:50.815 [info] [Git][getRemotes] No remotes found in the git config file
2024-12-13 22:19:50.816 [info] > git config --get commit.template [18ms]
2024-12-13 22:19:50.822 [info] > git for-each-ref --format=%(refname)%00%(upstream:short)%00%(objectname)%00%(upstream:track)%00%(upstream:remotename)%00%(upstream:remoteref) refs/heads/master refs/remotes/master [7ms]
2024-12-13 22:19:50.822 [warning] [Git][getBranch] No such branch: master
2024-12-13 22:19:50.832 [info] > git status -z -uall [5ms]
2024-12-13 22:19:50.833 [info] > git for-each-ref --sort -committerdate --format %(refname) %(objectname) %(*objectname) [2ms]
2024-12-13 22:25:46.221 [info] > git fetch [13ms]
2024-12-13 22:25:46.240 [info] [Git][getRemotes] No remotes found in the git config file
2024-12-13 22:25:46.240 [info] > git config --get commit.template [9ms]
2024-12-13 22:25:46.250 [info] > git for-each-ref --format=%(refname)%00%(upstream:short)%00%(objectname)%00%(upstream:track)%00%(upstream:remotename)%00%(upstream:remoteref) refs/heads/master refs/remotes/master [13ms]
2024-12-13 22:25:46.250 [warning] [Git][getBranch] No such branch: master
2024-12-13 22:25:46.285 [info] > git status -z -uall [20ms]
2024-12-13 22:25:46.291 [info] > git for-each-ref --sort -committerdate --format %(refname) %(objectname) %(*objectname) [2ms]
2024-12-13 22:25:47.364 [info] [Git][getRemotes] No remotes found in the git config file
2024-12-13 22:25:47.371 [info] > git config --get commit.template [18ms]
2024-12-13 22:25:47.372 [info] > git for-each-ref --format=%(refname)%00%(upstream:short)%00%(objectname)%00%(upstream:track)%00%(upstream:remotename)%00%(upstream:remoteref) refs/heads/master refs/remotes/master [8ms]
2024-12-13 22:25:47.372 [warning] [Git][getBranch] No such branch: master
2024-12-13 22:25:47.382 [info] > git status -z -uall [6ms]
2024-12-13 22:25:47.384 [info] > git for-each-ref --sort -committerdate --format %(refname) %(objectname) %(*objectname) [3ms]
2024-12-13 22:25:47.521 [info] > git ls-files --stage -- /home/ubuntu/react-frontend/package.json [1ms]
2024-12-13 22:25:47.624 [info] > git show --textconv :package.json [2ms]
2024-12-13 23:09:50.091 [info] > git fetch [5ms]
2024-12-13 23:09:50.099 [info] [Git][getRemotes] No remotes found in the git config file
2024-12-13 23:09:50.099 [info] > git config --get commit.template [4ms]
2024-12-13 23:09:50.100 [info] > git for-each-ref --format=%(refname)%00%(upstream:short)%00%(objectname)%00%(upstream:track)%00%(upstream:remotename)%00%(upstream:remoteref) refs/heads/master refs/remotes/master [2ms]
2024-12-13 23:09:50.100 [warning] [Git][getBranch] No such branch: master
2024-12-13 23:09:50.108 [info] > git status -z -uall [4ms]
2024-12-13 23:09:50.110 [info] > git for-each-ref --sort -committerdate --format %(refname) %(objectname) %(*objectname) [3ms]
2024-12-13 23:09:51.315 [info] [Git][getRemotes] No remotes found in the git config file
2024-12-13 23:09:51.315 [info] > git config --get commit.template [5ms]
2024-12-13 23:09:51.316 [info] > git for-each-ref --format=%(refname)%00%(upstream:short)%00%(objectname)%00%(upstream:track)%00%(upstream:remotename)%00%(upstream:remoteref) refs/heads/master refs/remotes/master [2ms]
2024-12-13 23:09:51.316 [warning] [Git][getBranch] No such branch: master
2024-12-13 23:09:51.323 [info] > git status -z -uall [4ms]
2024-12-13 23:09:51.325 [info] > git for-each-ref --sort -committerdate --format %(refname) %(objectname) %(*objectname) [2ms]
2024-12-13 23:09:51.550 [info] > git rev-parse --show-toplevel [2ms]
2024-12-13 23:09:51.550 [info] fatal: not a git repository (or any of the parent directories): .git
2024-12-13 23:11:08.665 [info] > git check-ignore -v -z --stdin [2ms]
2024-12-13 23:35:32.661 [info] > git fetch [6ms]
2024-12-13 23:35:32.669 [info] > git config --get commit.template [4ms]
2024-12-13 23:35:32.673 [info] [Git][getRemotes] No remotes found in the git config file
2024-12-13 23:35:32.675 [info] > git for-each-ref --format=%(refname)%00%(upstream:short)%00%(objectname)%00%(upstream:track)%00%(upstream:remotename)%00%(upstream:remoteref) refs/heads/master refs/remotes/master [2ms]
2024-12-13 23:35:32.675 [warning] [Git][getBranch] No such branch: master
2024-12-13 23:35:32.684 [info] > git status -z -uall [6ms]
2024-12-13 23:35:32.685 [info] > git for-each-ref --sort -committerdate --format %(refname) %(objectname) %(*objectname) [2ms]
2024-12-13 23:35:33.888 [info] > git config --get commit.template [2ms]
2024-12-13 23:35:33.891 [info] [Git][getRemotes] No remotes found in the git config file
2024-12-13 23:35:33.892 [info] > git for-each-ref --format=%(refname)%00%(upstream:short)%00%(objectname)%00%(upstream:track)%00%(upstream:remotename)%00%(upstream:remoteref) refs/heads/master refs/remotes/master [1ms]
2024-12-13 23:35:33.893 [warning] [Git][getBranch] No such branch: master
2024-12-13 23:35:33.900 [info] > git status -z -uall [5ms]
2024-12-13 23:35:33.901 [info] > git for-each-ref --sort -committerdate --format %(refname) %(objectname) %(*objectname) [2ms]
2024-12-14 02:20:26.698 [info] > git fetch [4ms]
2024-12-14 02:20:26.706 [info] [Git][getRemotes] No remotes found in the git config file
2024-12-14 02:20:26.707 [info] > git config --get commit.template [5ms]
2024-12-14 02:20:26.708 [info] > git for-each-ref --format=%(refname)%00%(upstream:short)%00%(objectname)%00%(upstream:track)%00%(upstream:remotename)%00%(upstream:remoteref) refs/heads/master refs/remotes/master [2ms]
2024-12-14 02:20:26.708 [warning] [Git][getBranch] No such branch: master
2024-12-14 02:20:26.716 [info] > git status -z -uall [5ms]
2024-12-14 02:20:26.717 [info] > git for-each-ref --sort -committerdate --format %(refname) %(objectname) %(*objectname) [2ms]
2024-12-14 02:20:27.833 [info] [Git][getRemotes] No remotes found in the git config file
2024-12-14 02:20:27.834 [info] > git config --get commit.template [4ms]
2024-12-14 02:20:27.834 [info] > git for-each-ref --format=%(refname)%00%(upstream:short)%00%(objectname)%00%(upstream:track)%00%(upstream:remotename)%00%(upstream:remoteref) refs/heads/master refs/remotes/master [1ms]
2024-12-14 02:20:27.834 [warning] [Git][getBranch] No such branch: master
2024-12-14 02:20:27.843 [info] > git status -z -uall [6ms]
2024-12-14 02:20:27.844 [info] > git for-each-ref --sort -committerdate --format %(refname) %(objectname) %(*objectname) [2ms]
2024-12-14 02:25:00.307 [info] > git fetch [5ms]
2024-12-14 02:25:00.315 [info] [Git][getRemotes] No remotes found in the git config file
2024-12-14 02:25:00.316 [info] > git config --get commit.template [5ms]
2024-12-14 02:25:00.317 [info] > git for-each-ref --format=%(refname)%00%(upstream:short)%00%(objectname)%00%(upstream:track)%00%(upstream:remotename)%00%(upstream:remoteref) refs/heads/master refs/remotes/master [2ms]
2024-12-14 02:25:00.317 [warning] [Git][getBranch] No such branch: master
2024-12-14 02:25:00.328 [info] > git status -z -uall [7ms]
2024-12-14 02:25:00.329 [info] > git for-each-ref --sort -committerdate --format %(refname) %(objectname) %(*objectname) [3ms]
2024-12-14 02:25:01.512 [info] [Git][getRemotes] No remotes found in the git config file
2024-12-14 02:25:01.513 [info] > git config --get commit.template [7ms]
2024-12-14 02:25:01.521 [info] > git for-each-ref --format=%(refname)%00%(upstream:short)%00%(objectname)%00%(upstream:track)%00%(upstream:remotename)%00%(upstream:remoteref) refs/heads/master refs/remotes/master [8ms]
2024-12-14 02:25:01.521 [warning] [Git][getBranch] No such branch: master
2024-12-14 02:25:01.535 [info] > git status -z -uall [10ms]
2024-12-14 02:25:01.536 [info] > git for-each-ref --sort -committerdate --format %(refname) %(objectname) %(*objectname) [2ms]
2024-12-14 02:25:10.509 [info] > git check-ignore -v -z --stdin [7ms]
2024-12-14 02:25:33.416 [info] > git rev-parse --show-toplevel [3ms]
2024-12-14 02:25:33.416 [info] fatal: not a git repository (or any of the parent directories): .git
2024-12-14 02:25:35.549 [info] > git show --textconv :package.json [5ms]
2024-12-14 02:25:35.555 [info] > git ls-files --stage -- /home/ubuntu/react-frontend/package.json [6ms]
2024-12-14 02:34:00.523 [info] > git fetch [10ms]
2024-12-14 02:34:00.543 [info] [Git][getRemotes] No remotes found in the git config file
2024-12-14 02:34:00.547 [info] > git config --get commit.template [12ms]
2024-12-14 02:34:00.550 [info] > git for-each-ref --format=%(refname)%00%(upstream:short)%00%(objectname)%00%(upstream:track)%00%(upstream:remotename)%00%(upstream:remoteref) refs/heads/master refs/remotes/master [7ms]
2024-12-14 02:34:00.551 [warning] [Git][getBranch] No such branch: master
2024-12-14 02:34:00.562 [info] > git status -z -uall [4ms]
2024-12-14 02:34:00.563 [info] > git for-each-ref --sort -committerdate --format %(refname) %(objectname) %(*objectname) [1ms]
2024-12-14 02:34:01.709 [info] [Git][getRemotes] No remotes found in the git config file
2024-12-14 02:34:01.712 [info] > git config --get commit.template [20ms]
2024-12-14 02:34:01.726 [info] > git for-each-ref --format=%(refname)%00%(upstream:short)%00%(objectname)%00%(upstream:track)%00%(upstream:remotename)%00%(upstream:remoteref) refs/heads/master refs/remotes/master [19ms]
2024-12-14 02:34:01.726 [warning] [Git][getBranch] No such branch: master
2024-12-14 02:34:01.766 [info] > git status -z -uall [26ms]
2024-12-14 02:34:01.773 [info] > git for-each-ref --sort -committerdate --format %(refname) %(objectname) %(*objectname) [10ms]
2024-12-14 02:34:17.268 [info] > git rev-parse --show-toplevel [2ms]
2024-12-14 02:34:17.268 [info] fatal: not a git repository (or any of the parent directories): .git
2024-12-14 02:38:17.493 [info] > git fetch [3ms]
2024-12-14 02:38:17.508 [info] [Git][getRemotes] No remotes found in the git config file
2024-12-14 02:38:17.510 [info] > git config --get commit.template [11ms]
2024-12-14 02:38:17.517 [info] > git for-each-ref --format=%(refname)%00%(upstream:short)%00%(objectname)%00%(upstream:track)%00%(upstream:remotename)%00%(upstream:remoteref) refs/heads/master refs/remotes/master [10ms]
2024-12-14 02:38:17.517 [warning] [Git][getBranch] No such branch: master
2024-12-14 02:38:17.534 [info] > git status -z -uall [12ms]
2024-12-14 02:38:17.540 [info] > git for-each-ref --sort -committerdate --format %(refname) %(objectname) %(*objectname) [7ms]
2024-12-14 02:38:18.692 [info] [Git][getRemotes] No remotes found in the git config file
2024-12-14 02:38:18.693 [info] > git config --get commit.template [5ms]
2024-12-14 02:38:18.694 [info] > git for-each-ref --format=%(refname)%00%(upstream:short)%00%(objectname)%00%(upstream:track)%00%(upstream:remotename)%00%(upstream:remoteref) refs/heads/master refs/remotes/master [2ms]
2024-12-14 02:38:18.694 [warning] [Git][getBranch] No such branch: master
2024-12-14 02:38:18.701 [info] > git status -z -uall [4ms]
2024-12-14 02:38:18.702 [info] > git for-each-ref --sort -committerdate --format %(refname) %(objectname) %(*objectname) [1ms]
2024-12-14 02:38:30.781 [info] > git rev-parse --show-toplevel [2ms]
2024-12-14 02:38:30.781 [info] fatal: not a git repository (or any of the parent directories): .git
2024-12-14 02:43:27.299 [info] > git fetch [13ms]
2024-12-14 02:43:27.319 [info] > git config --get commit.template [4ms]
2024-12-14 02:43:27.319 [info] [Git][getRemotes] No remotes found in the git config file
2024-12-14 02:43:27.330 [info] > git for-each-ref --format=%(refname)%00%(upstream:short)%00%(objectname)%00%(upstream:track)%00%(upstream:remotename)%00%(upstream:remoteref) refs/heads/master refs/remotes/master [4ms]
2024-12-14 02:43:27.330 [warning] [Git][getBranch] No such branch: master
2024-12-14 02:43:27.362 [info] > git status -z -uall [26ms]
2024-12-14 02:43:27.364 [info] > git for-each-ref --sort -committerdate --format %(refname) %(objectname) %(*objectname) [10ms]
2024-12-14 02:43:28.589 [info] [Git][getRemotes] No remotes found in the git config file
2024-12-14 02:43:28.589 [info] > git config --get commit.template [5ms]
2024-12-14 02:43:28.590 [info] > git for-each-ref --format=%(refname)%00%(upstream:short)%00%(objectname)%00%(upstream:track)%00%(upstream:remotename)%00%(upstream:remoteref) refs/heads/master refs/remotes/master [2ms]
2024-12-14 02:43:28.590 [warning] [Git][getBranch] No such branch: master
2024-12-14 02:43:28.606 [info] > git status -z -uall [12ms]
2024-12-14 02:43:28.608 [info] > git for-each-ref --sort -committerdate --format %(refname) %(objectname) %(*objectname) [2ms]
2024-12-14 02:46:27.391 [info] > git fetch [10ms]
2024-12-14 02:46:27.416 [info] [Git][getRemotes] No remotes found in the git config file
2024-12-14 02:46:27.417 [info] > git config --get commit.template [13ms]
2024-12-14 02:46:27.420 [info] > git for-each-ref --format=%(refname)%00%(upstream:short)%00%(objectname)%00%(upstream:track)%00%(upstream:remotename)%00%(upstream:remoteref) refs/heads/master refs/remotes/master [5ms]
2024-12-14 02:46:27.420 [warning] [Git][getBranch] No such branch: master
2024-12-14 02:46:27.441 [info] > git status -z -uall [15ms]
2024-12-14 02:46:27.442 [info] > git for-each-ref --sort -committerdate --format %(refname) %(objectname) %(*objectname) [9ms]
2024-12-14 02:46:28.630 [info] [Git][getRemotes] No remotes found in the git config file
2024-12-14 02:46:28.632 [info] > git config --get commit.template [7ms]
2024-12-14 02:46:28.632 [info] > git for-each-ref --format=%(refname)%00%(upstream:short)%00%(objectname)%00%(upstream:track)%00%(upstream:remotename)%00%(upstream:remoteref) refs/heads/master refs/remotes/master [2ms]
2024-12-14 02:46:28.632 [warning] [Git][getBranch] No such branch: master
2024-12-14 02:46:28.647 [info] > git status -z -uall [9ms]
2024-12-14 02:46:28.648 [info] > git for-each-ref --sort -committerdate --format %(refname) %(objectname) %(*objectname) [3ms]
2024-12-14 02:49:27.454 [info] > git fetch [5ms]
2024-12-14 02:49:27.469 [info] [Git][getRemotes] No remotes found in the git config file
2024-12-14 02:49:27.470 [info] > git config --get commit.template [8ms]
2024-12-14 02:49:27.470 [info] > git for-each-ref --format=%(refname)%00%(upstream:short)%00%(objectname)%00%(upstream:track)%00%(upstream:remotename)%00%(upstream:remoteref) refs/heads/master refs/remotes/master [2ms]
2024-12-14 02:49:27.471 [warning] [Git][getBranch] No such branch: master
2024-12-14 02:49:27.485 [info] > git status -z -uall [9ms]
2024-12-14 02:49:27.487 [info] > git for-each-ref --sort -committerdate --format %(refname) %(objectname) %(*objectname) [3ms]
2024-12-14 02:49:28.699 [info] [Git][getRemotes] No remotes found in the git config file
2024-12-14 02:49:28.700 [info] > git config --get commit.template [6ms]
2024-12-14 02:49:28.701 [info] > git for-each-ref --format=%(refname)%00%(upstream:short)%00%(objectname)%00%(upstream:track)%00%(upstream:remotename)%00%(upstream:remoteref) refs/heads/master refs/remotes/master [3ms]
2024-12-14 02:49:28.703 [warning] [Git][getBranch] No such branch: master
2024-12-14 02:49:28.716 [info] > git status -z -uall [9ms]
2024-12-14 02:49:28.719 [info] > git for-each-ref --sort -committerdate --format %(refname) %(objectname) %(*objectname) [4ms]
2024-12-14 02:52:27.509 [info] > git fetch [12ms]
2024-12-14 02:52:27.539 [info] [Git][getRemotes] No remotes found in the git config file
2024-12-14 02:52:27.540 [info] > git config --get commit.template [15ms]
2024-12-14 02:52:27.541 [info] > git for-each-ref --format=%(refname)%00%(upstream:short)%00%(objectname)%00%(upstream:track)%00%(upstream:remotename)%00%(upstream:remoteref) refs/heads/master refs/remotes/master [3ms]
2024-12-14 02:52:27.541 [warning] [Git][getBranch] No such branch: master
2024-12-14 02:52:27.560 [info] > git status -z -uall [8ms]
2024-12-14 02:52:27.561 [info] > git for-each-ref --sort -committerdate --format %(refname) %(objectname) %(*objectname) [2ms]
2024-12-14 02:52:28.764 [info] [Git][getRemotes] No remotes found in the git config file
2024-12-14 02:52:28.768 [info] > git config --get commit.template [12ms]
2024-12-14 02:52:28.768 [info] > git for-each-ref --format=%(refname)%00%(upstream:short)%00%(objectname)%00%(upstream:track)%00%(upstream:remotename)%00%(upstream:remoteref) refs/heads/master refs/remotes/master [4ms]
2024-12-14 02:52:28.768 [warning] [Git][getBranch] No such branch: master
2024-12-14 02:52:28.787 [info] > git status -z -uall [12ms]
2024-12-14 02:52:28.789 [info] > git for-each-ref --sort -committerdate --format %(refname) %(objectname) %(*objectname) [3ms]
2024-12-14 02:55:27.584 [info] > git fetch [16ms]
2024-12-14 02:55:27.605 [info] [Git][getRemotes] No remotes found in the git config file
2024-12-14 02:55:27.605 [info] > git config --get commit.template [8ms]
2024-12-14 02:55:27.606 [info] > git for-each-ref --format=%(refname)%00%(upstream:short)%00%(objectname)%00%(upstream:track)%00%(upstream:remotename)%00%(upstream:remoteref) refs/heads/master refs/remotes/master [2ms]
2024-12-14 02:55:27.606 [warning] [Git][getBranch] No such branch: master
2024-12-14 02:55:27.625 [info] > git status -z -uall [16ms]
2024-12-14 02:55:27.630 [info] > git for-each-ref --sort -committerdate --format %(refname) %(objectname) %(*objectname) [2ms]
2024-12-14 02:55:28.838 [info] [Git][getRemotes] No remotes found in the git config file
2024-12-14 02:55:28.838 [info] > git config --get commit.template [14ms]
2024-12-14 02:55:28.841 [info] > git for-each-ref --format=%(refname)%00%(upstream:short)%00%(objectname)%00%(upstream:track)%00%(upstream:remotename)%00%(upstream:remoteref) refs/heads/master refs/remotes/master [4ms]
2024-12-14 02:55:28.841 [warning] [Git][getBranch] No such branch: master
2024-12-14 02:55:28.859 [info] > git status -z -uall [13ms]
2024-12-14 02:55:28.860 [info] > git for-each-ref --sort -committerdate --format %(refname) %(objectname) %(*objectname) [2ms]
2024-12-14 02:57:07.511 [info] > git rev-parse --show-toplevel [2ms]
2024-12-14 02:57:07.511 [info] fatal: not a git repository (or any of the parent directories): .git
2024-12-14 02:57:57.607 [info] > git rev-parse --show-toplevel [4ms]
2024-12-14 02:57:57.607 [info] fatal: not a git repository (or any of the parent directories): .git
2024-12-14 02:58:27.647 [info] > git fetch [5ms]
2024-12-14 02:58:27.657 [info] [Git][getRemotes] No remotes found in the git config file
2024-12-14 02:58:27.657 [info] > git config --get commit.template [5ms]
2024-12-14 02:58:27.658 [info] > git for-each-ref --format=%(refname)%00%(upstream:short)%00%(objectname)%00%(upstream:track)%00%(upstream:remotename)%00%(upstream:remoteref) refs/heads/master refs/remotes/master [2ms]
2024-12-14 02:58:27.658 [warning] [Git][getBranch] No such branch: master
2024-12-14 02:58:27.667 [info] > git status -z -uall [5ms]
2024-12-14 02:58:27.668 [info] > git for-each-ref --sort -committerdate --format %(refname) %(objectname) %(*objectname) [2ms]
2024-12-14 02:58:28.853 [info] [Git][getRemotes] No remotes found in the git config file
2024-12-14 02:58:28.857 [info] > git config --get commit.template [5ms]
2024-12-14 02:58:28.858 [info] > git for-each-ref --format=%(refname)%00%(upstream:short)%00%(objectname)%00%(upstream:track)%00%(upstream:remotename)%00%(upstream:remoteref) refs/heads/master refs/remotes/master [2ms]
2024-12-14 02:58:28.858 [warning] [Git][getBranch] No such branch: master
2024-12-14 02:58:28.867 [info] > git status -z -uall [4ms]
2024-12-14 02:58:28.868 [info] > git for-each-ref --sort -committerdate --format %(refname) %(objectname) %(*objectname) [2ms]
2024-12-14 03:01:27.679 [info] > git fetch [4ms]
2024-12-14 03:01:27.689 [info] [Git][getRemotes] No remotes found in the git config file
2024-12-14 03:01:27.690 [info] > git config --get commit.template [7ms]
2024-12-14 03:01:27.691 [info] > git for-each-ref --format=%(refname)%00%(upstream:short)%00%(objectname)%00%(upstream:track)%00%(upstream:remotename)%00%(upstream:remoteref) refs/heads/master refs/remotes/master [2ms]
2024-12-14 03:01:27.691 [warning] [Git][getBranch] No such branch: master
2024-12-14 03:01:27.701 [info] > git status -z -uall [6ms]
2024-12-14 03:01:27.702 [info] > git for-each-ref --sort -committerdate --format %(refname) %(objectname) %(*objectname) [2ms]
2024-12-14 03:01:28.898 [info] [Git][getRemotes] No remotes found in the git config file
2024-12-14 03:01:28.900 [info] > git config --get commit.template [16ms]
2024-12-14 03:01:28.901 [info] > git for-each-ref --format=%(refname)%00%(upstream:short)%00%(objectname)%00%(upstream:track)%00%(upstream:remotename)%00%(upstream:remoteref) refs/heads/master refs/remotes/master [3ms]
2024-12-14 03:01:28.901 [warning] [Git][getBranch] No such branch: master
2024-12-14 03:01:28.912 [info] > git status -z -uall [6ms]
2024-12-14 03:01:28.914 [info] > git for-each-ref --sort -committerdate --format %(refname) %(objectname) %(*objectname) [2ms]
2024-12-14 03:05:01.509 [info] > git fetch [14ms]
2024-12-14 03:05:01.530 [info] [Git][getRemotes] No remotes found in the git config file
2024-12-14 03:05:01.531 [info] > git config --get commit.template [6ms]
2024-12-14 03:05:01.537 [info] > git for-each-ref --format=%(refname)%00%(upstream:short)%00%(objectname)%00%(upstream:track)%00%(upstream:remotename)%00%(upstream:remoteref) refs/heads/master refs/remotes/master [1ms]
2024-12-14 03:05:01.538 [warning] [Git][getBranch] No such branch: master
2024-12-14 03:05:01.570 [info] > git status -z -uall [20ms]
2024-12-14 03:05:01.571 [info] > git for-each-ref --sort -committerdate --format %(refname) %(objectname) %(*objectname) [6ms]
2024-12-14 03:05:02.669 [info] [Git][getRemotes] No remotes found in the git config file
2024-12-14 03:05:02.671 [info] > git config --get commit.template [10ms]
2024-12-14 03:05:02.673 [info] > git for-each-ref --format=%(refname)%00%(upstream:short)%00%(objectname)%00%(upstream:track)%00%(upstream:remotename)%00%(upstream:remoteref) refs/heads/master refs/remotes/master [2ms]
2024-12-14 03:05:02.673 [warning] [Git][getBranch] No such branch: master
2024-12-14 03:05:02.697 [info] > git status -z -uall [15ms]
2024-12-14 03:05:02.698 [info] > git for-each-ref --sort -committerdate --format %(refname) %(objectname) %(*objectname) [3ms]
2024-12-14 03:05:57.608 [info] > git rev-parse --show-toplevel [2ms]
2024-12-14 03:05:57.622 [info] > git rev-parse --git-dir --git-common-dir [9ms]
2024-12-14 03:05:57.650 [info] [Model][openRepository] Opened repository: /home/ubuntu
2024-12-14 03:05:57.672 [info] > git fetch [23ms]
2024-12-14 03:05:57.677 [info] > git config --get commit.template [6ms]
2024-12-14 03:05:57.685 [info] [Git][getRemotes] No remotes found in the git config file
2024-12-14 03:05:57.686 [info] > git config --get commit.template [9ms]
2024-12-14 03:05:57.690 [info] [Git][getRemotes] No remotes found in the git config file
2024-12-14 03:05:57.691 [info] > git for-each-ref --format=%(refname)%00%(upstream:short)%00%(objectname)%00%(upstream:track)%00%(upstream:remotename)%00%(upstream:remoteref) refs/heads/master refs/remotes/master [6ms]
2024-12-14 03:05:57.691 [warning] [Git][getBranch] No such branch: master
2024-12-14 03:05:57.703 [info] > git for-each-ref --format=%(refname)%00%(upstream:short)%00%(objectname)%00%(upstream:track)%00%(upstream:remotename)%00%(upstream:remoteref) refs/heads/master refs/remotes/master [2ms]
2024-12-14 03:05:57.703 [warning] [Git][getBranch] No such branch: master
2024-12-14 03:05:57.704 [error] [GitHistoryProvider][resolveHEADMergeBase] Failed to resolve merge base for master: Error: No such branch: master.
2024-12-14 03:05:57.705 [info] > git for-each-ref --format=%(refname)%00%(upstream:short)%00%(objectname)%00%(upstream:track)%00%(upstream:remotename)%00%(upstream:remoteref) refs/heads/master refs/remotes/master [15ms]
2024-12-14 03:05:57.705 [warning] [Git][getBranch] No such branch: master
2024-12-14 03:05:57.713 [info] > git config --get commit.template [2ms]
2024-12-14 03:05:57.717 [info] [Git][getRemotes] No remotes found in the git config file
2024-12-14 03:05:57.719 [info] > git for-each-ref --format=%(refname)%00%(upstream:short)%00%(objectname)%00%(upstream:track)%00%(upstream:remotename)%00%(upstream:remoteref) refs/heads/master refs/remotes/master [2ms]
2024-12-14 03:05:57.719 [warning] [Git][getBranch] No such branch: master
2024-12-14 03:05:57.772 [info] > git for-each-ref --sort -committerdate --format %(refname) %(objectname) %(*objectname) [21ms]
2024-12-14 03:05:58.108 [info] > git show --textconv :README.md [17ms]
2024-12-14 03:05:58.117 [info] > git ls-files --stage -- /home/ubuntu/README.md [9ms]
2024-12-14 03:05:58.202 [info] > git status -z -uall [475ms] (cancelled)
2024-12-14 03:05:58.220 [info] > git check-ignore -v -z --stdin [5ms]
2024-12-14 03:05:58.285 [info] > git check-ignore -v -z --stdin [8ms]
2024-12-14 03:05:58.286 [info] > git check-ignore -v -z --stdin [3ms]
2024-12-14 03:05:59.066 [info] > git ls-files --stage -- /home/ubuntu/README.md [3ms]
2024-12-14 03:05:59.122 [info] > git show --textconv :README.md [2ms]
2024-12-14 03:06:08.839 [info] > git ls-files --stage -- /home/ubuntu/README.md [1ms]
2024-12-14 03:06:08.911 [info] > git show --textconv :README.md [4ms]
2024-12-14 03:06:28.330 [info] > git ls-files --stage -- /home/ubuntu/README.md [2ms]
2024-12-14 03:06:28.392 [info] > git show --textconv :README.md [5ms]
2024-12-14 03:08:01.595 [info] > git fetch [10ms]
2024-12-14 03:08:01.606 [info] [Git][getRemotes] No remotes found in the git config file
2024-12-14 03:08:01.622 [info] > git config --get commit.template [17ms]
2024-12-14 03:08:01.624 [info] > git for-each-ref --format=%(refname)%00%(upstream:short)%00%(objectname)%00%(upstream:track)%00%(upstream:remotename)%00%(upstream:remoteref) refs/heads/master refs/remotes/master [1ms]
2024-12-14 03:08:01.624 [warning] [Git][getBranch] No such branch: master
2024-12-14 03:08:01.638 [info] > git status -z -uall [8ms]
2024-12-14 03:08:01.640 [info] > git for-each-ref --sort -committerdate --format %(refname) %(objectname) %(*objectname) [3ms]
2024-12-14 03:08:02.732 [info] [Git][getRemotes] No remotes found in the git config file
2024-12-14 03:08:02.732 [info] > git config --get commit.template [5ms]
2024-12-14 03:08:02.733 [info] > git for-each-ref --format=%(refname)%00%(upstream:short)%00%(objectname)%00%(upstream:track)%00%(upstream:remotename)%00%(upstream:remoteref) refs/heads/master refs/remotes/master [1ms]
2024-12-14 03:08:02.733 [warning] [Git][getBranch] No such branch: master
2024-12-14 03:08:02.746 [info] > git status -z -uall [8ms]
2024-12-14 03:08:02.747 [info] > git for-each-ref --sort -committerdate --format %(refname) %(objectname) %(*objectname) [2ms]
2024-12-14 03:11:01.658 [info] > git fetch [11ms]
2024-12-14 03:11:01.688 [info] [Git][getRemotes] No remotes found in the git config file
2024-12-14 03:11:01.688 [info] > git config --get commit.template [7ms]
2024-12-14 03:11:01.692 [info] > git for-each-ref --format=%(refname)%00%(upstream:short)%00%(objectname)%00%(upstream:track)%00%(upstream:remotename)%00%(upstream:remoteref) refs/heads/master refs/remotes/master [5ms]
2024-12-14 03:11:01.692 [warning] [Git][getBranch] No such branch: master
2024-12-14 03:11:01.715 [info] > git status -z -uall [16ms]
2024-12-14 03:11:01.724 [info] > git for-each-ref --sort -committerdate --format %(refname) %(objectname) %(*objectname) [10ms]
2024-12-14 03:11:02.825 [info] [Git][getRemotes] No remotes found in the git config file
2024-12-14 03:11:02.840 [info] > git config --get commit.template [17ms]
2024-12-14 03:11:02.844 [info] > git for-each-ref --format=%(refname)%00%(upstream:short)%00%(objectname)%00%(upstream:track)%00%(upstream:remotename)%00%(upstream:remoteref) refs/heads/master refs/remotes/master [5ms]
2024-12-14 03:11:02.845 [warning] [Git][getBranch] No such branch: master
2024-12-14 03:11:02.879 [info] > git status -z -uall [21ms]
2024-12-14 03:11:02.883 [info] > git for-each-ref --sort -committerdate --format %(refname) %(objectname) %(*objectname) [10ms]
2024-12-14 03:14:01.751 [info] > git fetch [11ms]
2024-12-14 03:14:01.783 [info] [Git][getRemotes] No remotes found in the git config file
2024-12-14 03:14:01.783 [info] > git config --get commit.template [21ms]
2024-12-14 03:14:01.787 [info] > git for-each-ref --format=%(refname)%00%(upstream:short)%00%(objectname)%00%(upstream:track)%00%(upstream:remotename)%00%(upstream:remoteref) refs/heads/master refs/remotes/master [5ms]
2024-12-14 03:14:01.787 [warning] [Git][getBranch] No such branch: master
2024-12-14 03:14:01.838 [info] > git status -z -uall [32ms]
2024-12-14 03:14:01.856 [info] > git for-each-ref --sort -committerdate --format %(refname) %(objectname) %(*objectname) [18ms]
2024-12-14 03:14:03.001 [info] [Git][getRemotes] No remotes found in the git config file
2024-12-14 03:14:03.002 [info] > git config --get commit.template [10ms]
2024-12-14 03:14:03.003 [info] > git for-each-ref --format=%(refname)%00%(upstream:short)%00%(objectname)%00%(upstream:track)%00%(upstream:remotename)%00%(upstream:remoteref) refs/heads/master refs/remotes/master [2ms]
2024-12-14 03:14:03.003 [warning] [Git][getBranch] No such branch: master
2024-12-14 03:14:03.019 [info] > git status -z -uall [7ms]
2024-12-14 03:14:03.020 [info] > git for-each-ref --sort -committerdate --format %(refname) %(objectname) %(*objectname) [2ms]
2024-12-14 03:17:01.882 [info] > git fetch [10ms]
2024-12-14 03:17:01.921 [info] [Git][getRemotes] No remotes found in the git config file
2024-12-14 03:17:01.925 [info] > git for-each-ref --format=%(refname)%00%(upstream:short)%00%(objectname)%00%(upstream:track)%00%(upstream:remotename)%00%(upstream:remoteref) refs/heads/master refs/remotes/master [5ms]
2024-12-14 03:17:01.925 [warning] [Git][getBranch] No such branch: master
2024-12-14 03:17:01.928 [info] > git config --get commit.template [26ms]
2024-12-14 03:17:01.978 [info] > git status -z -uall [23ms]
2024-12-14 03:17:01.987 [info] > git for-each-ref --sort -committerdate --format %(refname) %(objectname) %(*objectname) [11ms]
2024-12-14 03:17:03.159 [info] [Git][getRemotes] No remotes found in the git config file
2024-12-14 03:17:03.159 [info] > git config --get commit.template [11ms]
2024-12-14 03:17:03.167 [info] > git for-each-ref --format=%(refname)%00%(upstream:short)%00%(objectname)%00%(upstream:track)%00%(upstream:remotename)%00%(upstream:remoteref) refs/heads/master refs/remotes/master [9ms]
2024-12-14 03:17:03.167 [warning] [Git][getBranch] No such branch: master
2024-12-14 03:17:03.192 [info] > git status -z -uall [10ms]
2024-12-14 03:17:03.196 [info] > git for-each-ref --sort -committerdate --format %(refname) %(objectname) %(*objectname) [6ms]
2024-12-14 03:20:02.021 [info] > git fetch [19ms]
2024-12-14 03:20:02.051 [info] [Git][getRemotes] No remotes found in the git config file
2024-12-14 03:20:02.053 [info] > git for-each-ref --format=%(refname)%00%(upstream:short)%00%(objectname)%00%(upstream:track)%00%(upstream:remotename)%00%(upstream:remoteref) refs/heads/master refs/remotes/master [2ms]
2024-12-14 03:20:02.054 [warning] [Git][getBranch] No such branch: master
2024-12-14 03:20:02.054 [info] > git config --get commit.template [16ms]
2024-12-14 03:20:02.097 [info] > git status -z -uall [26ms]
2024-12-14 03:20:02.104 [info] > git for-each-ref --sort -committerdate --format %(refname) %(objectname) %(*objectname) [8ms]
2024-12-14 03:20:03.298 [info] [Git][getRemotes] No remotes found in the git config file
2024-12-14 03:20:03.315 [info] > git config --get commit.template [17ms]
2024-12-14 03:20:03.315 [info] > git for-each-ref --format=%(refname)%00%(upstream:short)%00%(objectname)%00%(upstream:track)%00%(upstream:remotename)%00%(upstream:remoteref) refs/heads/master refs/remotes/master [1ms]
2024-12-14 03:20:03.316 [warning] [Git][getBranch] No such branch: master
2024-12-14 03:20:03.325 [info] > git status -z -uall [6ms]
2024-12-14 03:20:03.330 [info] > git for-each-ref --sort -committerdate --format %(refname) %(objectname) %(*objectname) [6ms]
2024-12-14 03:23:02.132 [info] > git fetch [13ms]
2024-12-14 03:23:02.150 [info] > git config --get commit.template [6ms]
2024-12-14 03:23:02.162 [info] [Git][getRemotes] No remotes found in the git config file
2024-12-14 03:23:02.164 [info] > git for-each-ref --format=%(refname)%00%(upstream:short)%00%(objectname)%00%(upstream:track)%00%(upstream:remotename)%00%(upstream:remoteref) refs/heads/master refs/remotes/master [2ms]
2024-12-14 03:23:02.164 [warning] [Git][getBranch] No such branch: master
2024-12-14 03:23:02.186 [info] > git status -z -uall [14ms]
2024-12-14 03:23:02.187 [info] > git for-each-ref --sort -committerdate --format %(refname) %(objectname) %(*objectname) [5ms]
2024-12-14 03:23:03.403 [info] [Git][getRemotes] No remotes found in the git config file
2024-12-14 03:23:03.404 [info] > git config --get commit.template [17ms]
2024-12-14 03:23:03.407 [info] > git for-each-ref --format=%(refname)%00%(upstream:short)%00%(objectname)%00%(upstream:track)%00%(upstream:remotename)%00%(upstream:remoteref) refs/heads/master refs/remotes/master [5ms]
2024-12-14 03:23:03.407 [warning] [Git][getBranch] No such branch: master
2024-12-14 03:23:03.438 [info] > git status -z -uall [21ms]
2024-12-14 03:23:03.442 [info] > git for-each-ref --sort -committerdate --format %(refname) %(objectname) %(*objectname) [9ms]
2024-12-14 03:26:02.206 [info] > git fetch [4ms]
2024-12-14 03:26:02.217 [info] [Git][getRemotes] No remotes found in the git config file
2024-12-14 03:26:02.218 [info] > git config --get commit.template [6ms]
2024-12-14 03:26:02.218 [info] > git for-each-ref --format=%(refname)%00%(upstream:short)%00%(objectname)%00%(upstream:track)%00%(upstream:remotename)%00%(upstream:remoteref) refs/heads/master refs/remotes/master [2ms]
2024-12-14 03:26:02.218 [warning] [Git][getBranch] No such branch: master
2024-12-14 03:26:02.232 [info] > git status -z -uall [8ms]
2024-12-14 03:26:02.232 [info] > git for-each-ref --sort -committerdate --format %(refname) %(objectname) %(*objectname) [3ms]
2024-12-14 03:26:03.431 [info] [Git][getRemotes] No remotes found in the git config file
2024-12-14 03:26:03.433 [info] > git config --get commit.template [17ms]
2024-12-14 03:26:03.435 [info] > git for-each-ref --format=%(refname)%00%(upstream:short)%00%(objectname)%00%(upstream:track)%00%(upstream:remotename)%00%(upstream:remoteref) refs/heads/master refs/remotes/master [4ms]
2024-12-14 03:26:03.435 [warning] [Git][getBranch] No such branch: master
2024-12-14 03:26:03.465 [info] > git status -z -uall [21ms]
2024-12-14 03:26:03.466 [info] > git for-each-ref --sort -committerdate --format %(refname) %(objectname) %(*objectname) [6ms]
2024-12-14 03:29:13.783 [info] > git fetch [4ms]
2024-12-14 03:29:13.792 [info] [Git][getRemotes] No remotes found in the git config file
2024-12-14 03:29:13.793 [info] > git config --get commit.template [5ms]
2024-12-14 03:29:13.793 [info] > git for-each-ref --format=%(refname)%00%(upstream:short)%00%(objectname)%00%(upstream:track)%00%(upstream:remotename)%00%(upstream:remoteref) refs/heads/master refs/remotes/master [1ms]
2024-12-14 03:29:13.793 [warning] [Git][getBranch] No such branch: master
2024-12-14 03:29:13.804 [info] > git status -z -uall [7ms]
2024-12-14 03:29:13.805 [info] > git for-each-ref --sort -committerdate --format %(refname) %(objectname) %(*objectname) [3ms]
2024-12-14 03:29:14.962 [info] [Git][getRemotes] No remotes found in the git config file
2024-12-14 03:29:14.965 [info] > git for-each-ref --format=%(refname)%00%(upstream:short)%00%(objectname)%00%(upstream:track)%00%(upstream:remotename)%00%(upstream:remoteref) refs/heads/master refs/remotes/master [4ms]
2024-12-14 03:29:14.965 [warning] [Git][getBranch] No such branch: master
2024-12-14 03:29:14.965 [info] > git config --get commit.template [9ms]
2024-12-14 03:29:14.977 [info] > git status -z -uall [7ms]
2024-12-14 03:29:14.978 [info] > git for-each-ref --sort -committerdate --format %(refname) %(objectname) %(*objectname) [3ms]
2024-12-14 03:32:12.066 [info] > git check-ignore -v -z --stdin [5ms]
2024-12-14 03:32:13.770 [info] > git check-ignore -v -z --stdin [1ms]
2024-12-14 03:32:13.816 [info] > git fetch [5ms]
2024-12-14 03:32:13.830 [info] > git config --get commit.template [9ms]
2024-12-14 03:32:13.839 [info] [Git][getRemotes] No remotes found in the git config file
2024-12-14 03:32:13.843 [info] > git for-each-ref --format=%(refname)%00%(upstream:short)%00%(objectname)%00%(upstream:track)%00%(upstream:remotename)%00%(upstream:remoteref) refs/heads/master refs/remotes/master [4ms]
2024-12-14 03:32:13.843 [warning] [Git][getBranch] No such branch: master
2024-12-14 03:32:13.868 [info] > git status -z -uall [17ms]
2024-12-14 03:32:13.873 [info] > git for-each-ref --sort -committerdate --format %(refname) %(objectname) %(*objectname) [6ms]
2024-12-14 03:32:15.093 [info] [Git][getRemotes] No remotes found in the git config file
2024-12-14 03:32:15.094 [info] > git config --get commit.template [9ms]
2024-12-14 03:32:15.095 [info] > git for-each-ref --format=%(refname)%00%(upstream:short)%00%(objectname)%00%(upstream:track)%00%(upstream:remotename)%00%(upstream:remoteref) refs/heads/master refs/remotes/master [2ms]
2024-12-14 03:32:15.097 [warning] [Git][getBranch] No such branch: master
2024-12-14 03:32:15.109 [info] > git status -z -uall [7ms]
2024-12-14 03:32:15.110 [info] > git for-each-ref --sort -committerdate --format %(refname) %(objectname) %(*objectname) [2ms]
2024-12-14 03:32:19.452 [info] > git show --textconv :react-frontend/package.json [41ms]
2024-12-14 03:32:19.453 [info] > git ls-files --stage -- /home/ubuntu/react-frontend/react-frontend/package.json [37ms]
2024-12-14 03:32:38.165 [info] [Git][getRemotes] No remotes found in the git config file
2024-12-14 03:32:38.175 [info] > git for-each-ref --format=%(refname)%00%(upstream:short)%00%(objectname)%00%(upstream:track)%00%(upstream:remotename)%00%(upstream:remoteref) refs/heads/master refs/remotes/master [5ms]
2024-12-14 03:32:38.179 [warning] [Git][getBranch] No such branch: master
2024-12-14 03:32:38.179 [info] > git config --get commit.template [15ms]
2024-12-14 03:32:38.206 [info] > git status -z -uall [17ms]
2024-12-14 03:32:38.209 [info] > git for-each-ref --sort -committerdate --format %(refname) %(objectname) %(*objectname) [5ms]
2024-12-14 03:35:14.175 [info] > git fetch [10ms]
2024-12-14 03:35:14.192 [info] [Git][getRemotes] No remotes found in the git config file
2024-12-14 03:35:14.193 [info] > git config --get commit.template [10ms]
2024-12-14 03:35:14.195 [info] > git for-each-ref --format=%(refname)%00%(upstream:short)%00%(objectname)%00%(upstream:track)%00%(upstream:remotename)%00%(upstream:remoteref) refs/heads/master refs/remotes/master [4ms]
2024-12-14 03:35:14.195 [warning] [Git][getBranch] No such branch: master
2024-12-14 03:35:14.210 [info] > git status -z -uall [7ms]
2024-12-14 03:35:14.211 [info] > git for-each-ref --sort -committerdate --format %(refname) %(objectname) %(*objectname) [3ms]
2024-12-14 03:35:15.374 [info] [Git][getRemotes] No remotes found in the git config file
2024-12-14 03:35:15.375 [info] > git config --get commit.template [9ms]
2024-12-14 03:35:15.378 [info] > git for-each-ref --format=%(refname)%00%(upstream:short)%00%(objectname)%00%(upstream:track)%00%(upstream:remotename)%00%(upstream:remoteref) refs/heads/master refs/remotes/master [2ms]
2024-12-14 03:35:15.378 [warning] [Git][getBranch] No such branch: master
2024-12-14 03:35:15.410 [info] > git status -z -uall [15ms]
2024-12-14 03:35:15.417 [info] > git for-each-ref --sort -committerdate --format %(refname) %(objectname) %(*objectname) [8ms]
2024-12-14 03:38:15.374 [info] > git fetch [457ms]
2024-12-14 03:38:15.374 [info] Missing or invalid credentials.
Skip silent fetch commands
Missing or invalid credentials.
Skip silent fetch commands
remote: Repository not found.
fatal: Authentication failed for 'https://github.com/cu-csci-4253-datacenter-fall-2024/finalproject-real-time-expense-tracker.git/'
2024-12-14 03:38:15.378 [warning] [Git][getHEAD] Failed to parse HEAD file: ENOENT: no such file or directory, open '/home/ubuntu/react-frontend/.git/HEAD'
2024-12-14 03:38:15.383 [warning] [Git][getRemotes] Error: ENOENT: no such file or directory, open '/home/ubuntu/react-frontend/.git/config'
2024-12-14 03:38:15.387 [info] > git remote --verbose [5ms]
2024-12-14 03:38:15.388 [info] > git symbolic-ref --short HEAD [10ms]
2024-12-14 03:38:15.391 [info] > git config --get commit.template [5ms]
2024-12-14 03:38:15.393 [info] > git for-each-ref --format=%(refname)%00%(upstream:short)%00%(objectname)%00%(upstream:track)%00%(upstream:remotename)%00%(upstream:remoteref) refs/heads/main refs/remotes/main [1ms]
2024-12-14 03:38:15.407 [info] > git for-each-ref --sort -committerdate --format %(refname) %(objectname) %(*objectname) [5ms]
2024-12-14 03:38:15.668 [info] > git status -z -uall [272ms]
2024-12-14 03:38:15.681 [info] > git for-each-ref --format=%(refname)%00%(upstream:short)%00%(objectname)%00%(upstream:track)%00%(upstream:remotename)%00%(upstream:remoteref) refs/heads/main refs/remotes/main [2ms]
2024-12-14 03:38:15.687 [info] > git config --local branch.main.vscode-merge-base [2ms]
2024-12-14 03:38:15.687 [warning] [Git][config] git config failed: Failed to execute git
2024-12-14 03:38:15.693 [info] > git reflog main --grep-reflog=branch: Created from *. [2ms]
2024-12-14 03:38:15.698 [info] > git symbolic-ref --short refs/remotes/origin/HEAD [1ms]
2024-12-14 03:38:15.698 [info] fatal: ref refs/remotes/origin/HEAD is not a symbolic ref
2024-12-14 03:38:15.698 [warning] [Repository][getDefaultBranch] Failed to get default branch details: Failed to execute git.
2024-12-14 03:40:52.981 [warning] [Git][getHEAD] Failed to parse HEAD file: ENOENT: no such file or directory, open '/home/ubuntu/react-frontend/.git/HEAD'
2024-12-14 03:40:52.994 [warning] [Git][getRemotes] Error: ENOENT: no such file or directory, open '/home/ubuntu/react-frontend/.git/config'
2024-12-14 03:40:53.008 [info] > git remote --verbose [12ms]
2024-12-14 03:40:53.008 [info] > git symbolic-ref --short HEAD [27ms]
2024-12-14 03:40:53.021 [info] > git config --get commit.template [16ms]
2024-12-14 03:40:53.022 [info] > git for-each-ref --format=%(refname)%00%(upstream:short)%00%(objectname)%00%(upstream:track)%00%(upstream:remotename)%00%(upstream:remoteref) refs/heads/main refs/remotes/main [4ms]
2024-12-14 03:40:53.031 [warning] [Git][revParse] Unable to read file: ENOENT: no such file or directory, open '/home/ubuntu/react-frontend/.git/refs/remotes/origin/main'
2024-12-14 03:40:53.032 [info] > git rev-parse refs/remotes/origin/main [1ms]
2024-12-14 03:40:53.060 [info] > git for-each-ref --sort -committerdate --format %(refname) %(objectname) %(*objectname) [2ms]
2024-12-14 03:40:53.391 [info] > git status -z -uall [352ms]
2024-12-14 03:40:53.407 [info] > git merge-base refs/heads/main refs/remotes/origin/main [3ms]
2024-12-14 03:40:53.418 [info] > git diff --name-status -z --diff-filter=ADMR 592442360c3a8472f067a9fcb5a5ffa36bded84f...refs/remotes/origin/main [2ms]
2024-12-14 03:41:01.387 [warning] [Git][getHEAD] Failed to parse HEAD file: ENOENT: no such file or directory, open '/home/ubuntu/react-frontend/.git/HEAD'
2024-12-14 03:41:01.396 [warning] [Git][getRemotes] Error: ENOENT: no such file or directory, open '/home/ubuntu/react-frontend/.git/config'
2024-12-14 03:41:01.411 [info] > git config --get commit.template [4ms]
2024-12-14 03:41:01.412 [info] > git remote --verbose [16ms]
2024-12-14 03:41:01.413 [info] > git symbolic-ref --short HEAD [26ms]
2024-12-14 03:41:01.429 [info] > git for-each-ref --format=%(refname)%00%(upstream:short)%00%(objectname)%00%(upstream:track)%00%(upstream:remotename)%00%(upstream:remoteref) refs/heads/main refs/remotes/main [1ms]
2024-12-14 03:41:01.443 [warning] [Git][revParse] Unable to read file: ENOENT: no such file or directory, open '/home/ubuntu/react-frontend/.git/refs/remotes/origin/main'
2024-12-14 03:41:01.447 [info] > git rev-parse refs/remotes/origin/main [4ms]
2024-12-14 03:41:01.485 [info] > git for-each-ref --sort -committerdate --format %(refname) %(objectname) %(*objectname) [7ms]
2024-12-14 03:41:02.013 [info] > git status -z -uall [557ms]
2024-12-14 03:41:18.932 [warning] [Git][getHEAD] Failed to parse HEAD file: ENOENT: no such file or directory, open '/home/ubuntu/react-frontend/.git/HEAD'
2024-12-14 03:41:18.936 [warning] [Git][getRemotes] Error: ENOENT: no such file or directory, open '/home/ubuntu/react-frontend/.git/config'
2024-12-14 03:41:18.941 [info] > git remote --verbose [5ms]
2024-12-14 03:41:18.941 [info] > git symbolic-ref --short HEAD [9ms]
2024-12-14 03:41:18.948 [info] > git for-each-ref --format=%(refname)%00%(upstream:short)%00%(objectname)%00%(upstream:track)%00%(upstream:remotename)%00%(upstream:remoteref) refs/heads/main refs/remotes/main [2ms]
2024-12-14 03:41:18.948 [info] > git config --get commit.template [8ms]
2024-12-14 03:41:18.952 [warning] [Git][revParse] Unable to read file: ENOENT: no such file or directory, open '/home/ubuntu/react-frontend/.git/refs/remotes/origin/main'
2024-12-14 03:41:18.953 [info] > git rev-parse refs/remotes/origin/main [1ms]
2024-12-14 03:41:18.965 [info] > git for-each-ref --sort -committerdate --format %(refname) %(objectname) %(*objectname) [2ms]
2024-12-14 03:41:19.195 [info] > git status -z -uall [238ms]
2024-12-14 03:42:44.247 [info] > git show --textconv :README.md [28ms]
2024-12-14 03:42:44.255 [info] > git ls-files --stage -- /home/ubuntu/README.md [19ms]
2024-12-14 03:42:44.262 [info] > git cat-file -s 93ee53ed135a925a360d8fdd18075543ba92591b [2ms]
2024-12-14 03:46:29.219 [info] > git ls-files --stage -- /home/ubuntu/README.md [11ms]
2024-12-14 03:46:29.226 [info] > git cat-file -s c5aa7bca7161178f61289b293e8828a93f6f8847 [2ms]
2024-12-14 03:46:29.298 [info] > git show --textconv :README.md [11ms]
2024-12-14 03:46:35.140 [info] > git ls-files --stage -- /home/ubuntu/README.md [16ms]
2024-12-14 03:46:35.154 [info] > git cat-file -s c5aa7bca7161178f61289b293e8828a93f6f8847 [2ms]
2024-12-14 03:46:35.248 [info] > git show --textconv :README.md [19ms]
2024-12-14 03:47:57.102 [info] > git ls-files --stage -- /home/ubuntu/README.md [21ms]
2024-12-14 03:47:57.116 [info] > git cat-file -s 5edbe6fd0e341603e388a1565de487b5b5e4e29b [5ms]
2024-12-14 03:47:57.193 [info] > git show --textconv :README.md [22ms]
2024-12-14 03:48:00.178 [info] > git ls-files --stage -- /home/ubuntu/README.md [54ms]
2024-12-14 03:48:00.210 [info] > git cat-file -s 5edbe6fd0e341603e388a1565de487b5b5e4e29b [19ms]
2024-12-14 03:48:00.347 [info] > git show --textconv :README.md [17ms]
2024-12-14 03:49:50.030 [info] > git ls-files --stage -- /home/ubuntu/README.md [11ms]
2024-12-14 03:49:50.037 [info] > git cat-file -s 59d483dea34b43024c358271b684ce8acbbce4b4 [2ms]
2024-12-14 03:49:50.118 [info] > git show --textconv :README.md [22ms]
2024-12-14 03:50:32.408 [info] > git ls-files --stage -- /home/ubuntu/README.md [12ms]
2024-12-14 03:50:32.416 [info] > git cat-file -s 59d483dea34b43024c358271b684ce8acbbce4b4 [3ms]
2024-12-14 03:50:32.504 [info] > git show --textconv :README.md [10ms]
2024-12-14 03:55:32.496 [info] > git ls-files --stage -- /home/ubuntu/README.md [12ms]
2024-12-14 03:55:32.501 [info] > git cat-file -s 33d9debf6484005cb5a34c61cc547d724fa25f35 [1ms]
2024-12-14 03:55:32.567 [info] > git show --textconv :README.md [10ms]
2024-12-14 03:55:52.167 [info] > git ls-files --stage -- /home/ubuntu/README.md [14ms]
2024-12-14 03:55:52.174 [info] > git cat-file -s 33d9debf6484005cb5a34c61cc547d724fa25f35 [2ms]
2024-12-14 03:55:52.264 [info] > git show --textconv :README.md [11ms]
2024-12-14 07:03:09.751 [info] > git check-ignore -v -z --stdin [21ms]
2024-12-14 07:03:15.447 [info] > git show --textconv :README.md [18ms]
2024-12-14 07:03:15.456 [info] > git ls-files --stage -- /home/ubuntu/README.md [17ms]
2024-12-14 07:03:15.462 [info] > git cat-file -s 33d9debf6484005cb5a34c61cc547d724fa25f35 [2ms]
2024-12-14 07:03:32.249 [info] > git ls-files --stage -- /home/ubuntu/README.md [10ms]
2024-12-14 07:03:32.255 [info] > git cat-file -s 62ad0adb76a610cf8ac387a21016385a961b9276 [2ms]
2024-12-14 07:03:32.332 [info] > git show --textconv :README.md [10ms]
2024-12-14 07:03:50.331 [info] > git ls-files --stage -- /home/ubuntu/README.md [19ms]
2024-12-14 07:03:50.352 [info] > git cat-file -s 62ad0adb76a610cf8ac387a21016385a961b9276 [8ms]
2024-12-14 07:03:50.421 [info] > git show --textconv :README.md [10ms]
