2024-12-12 09:44:46.871 [info] [main] Log level: Info
2024-12-12 09:44:46.871 [info] [main] Validating found git in: "git"
2024-12-12 09:44:46.871 [info] [main] Using git "2.34.1" from "git"
2024-12-12 09:44:46.871 [info] [Model][doInitialScan] Initial repository scan started
2024-12-12 09:44:46.871 [info] > git rev-parse --show-toplevel [51ms]
2024-12-12 09:44:46.871 [info] fatal: not a git repository (or any of the parent directories): .git
2024-12-12 09:44:46.871 [info] > git rev-parse --show-toplevel [21ms]
2024-12-12 09:44:46.871 [info] fatal: not a git repository (or any of the parent directories): .git
2024-12-12 09:44:46.878 [info] > git rev-parse --show-toplevel [3ms]
2024-12-12 09:44:46.878 [info] fatal: not a git repository (or any of the parent directories): .git
2024-12-12 09:44:46.886 [info] > git rev-parse --show-toplevel [3ms]
2024-12-12 09:44:46.886 [info] fatal: not a git repository (or any of the parent directories): .git
2024-12-12 09:44:46.978 [info] > git rev-parse --show-toplevel [86ms]
2024-12-12 09:44:46.979 [info] fatal: not a git repository (or any of the parent directories): .git
2024-12-12 09:44:46.987 [info] > git rev-parse --show-toplevel [5ms]
2024-12-12 09:44:46.987 [info] fatal: not a git repository (or any of the parent directories): .git
2024-12-12 09:44:46.991 [info] > git rev-parse --show-toplevel [0ms]
2024-12-12 09:44:46.991 [info] fatal: not a git repository (or any of the parent directories): .git
2024-12-12 09:44:46.995 [info] > git rev-parse --show-toplevel [2ms]
2024-12-12 09:44:46.995 [info] fatal: not a git repository (or any of the parent directories): .git
2024-12-12 09:44:47.008 [info] > git rev-parse --show-toplevel [11ms]
2024-12-12 09:44:47.016 [info] > git rev-parse --git-dir --git-common-dir [0ms]
2024-12-12 09:44:47.038 [info] [Model][openRepository] Opened repository: /home/ubuntu/react-frontend
2024-12-12 09:44:47.047 [info] [Model][doInitialScan] Initial repository scan completed - repositories (1), closed repositories (0), parent repositories (0), unsafe repositories (0)
2024-12-12 09:44:47.062 [info] > git config --get commit.template [10ms]
2024-12-12 09:44:47.067 [info] [Git][getRemotes] No remotes found in the git config file
2024-12-12 09:44:47.067 [info] > git for-each-ref --format=%(refname)%00%(upstream:short)%00%(objectname)%00%(upstream:track)%00%(upstream:remotename)%00%(upstream:remoteref) refs/heads/master refs/remotes/master [1ms]
2024-12-12 09:44:47.068 [warning] [Git][getBranch] No such branch: master
2024-12-12 09:44:47.078 [info] > git for-each-ref --sort -committerdate --format %(refname) %(objectname) %(*objectname) [3ms]
2024-12-12 09:44:47.082 [info] > git fetch [45ms]
2024-12-12 09:44:47.090 [info] > git status -z -uall [18ms]
2024-12-12 09:44:47.096 [info] > git for-each-ref --format=%(refname)%00%(upstream:short)%00%(objectname)%00%(upstream:track)%00%(upstream:remotename)%00%(upstream:remoteref) refs/heads/master refs/remotes/master [10ms]
2024-12-12 09:44:47.096 [warning] [Git][getBranch] No such branch: master
2024-12-12 09:44:47.096 [error] [GitHistoryProvider][resolveHEADMergeBase] Failed to resolve merge base for master: Error: No such branch: master.
2024-12-12 09:44:47.100 [info] > git config --get commit.template [4ms]
2024-12-12 09:44:47.100 [info] > git config --get commit.template [7ms]
2024-12-12 09:44:47.103 [info] [Git][getRemotes] No remotes found in the git config file
2024-12-12 09:44:47.105 [info] [Git][getRemotes] No remotes found in the git config file
2024-12-12 09:44:47.106 [info] > git for-each-ref --format=%(refname)%00%(upstream:short)%00%(objectname)%00%(upstream:track)%00%(upstream:remotename)%00%(upstream:remoteref) refs/heads/master refs/remotes/master [3ms]
2024-12-12 09:44:47.106 [warning] [Git][getBranch] No such branch: master
2024-12-12 09:44:47.110 [info] > git for-each-ref --format=%(refname)%00%(upstream:short)%00%(objectname)%00%(upstream:track)%00%(upstream:remotename)%00%(upstream:remoteref) refs/heads/master refs/remotes/master [5ms]
2024-12-12 09:44:47.111 [warning] [Git][getBranch] No such branch: master
2024-12-12 09:44:47.125 [info] > git status -z -uall [11ms]
2024-12-12 09:44:47.130 [info] > git for-each-ref --sort -committerdate --format %(refname) %(objectname) %(*objectname) [12ms]
2024-12-12 09:44:47.634 [info] > git check-ignore -v -z --stdin [2ms]
2024-12-12 09:45:14.685 [info] > git rev-parse --show-toplevel [1ms]
2024-12-12 09:45:14.685 [info] fatal: not a git repository (or any of the parent directories): .git
2024-12-12 09:47:14.103 [info] [Git][getRemotes] No remotes found in the git config file
2024-12-12 09:47:14.111 [info] > git config --get commit.template [9ms]
2024-12-12 09:47:14.113 [info] > git for-each-ref --format=%(refname)%00%(upstream:short)%00%(objectname)%00%(upstream:track)%00%(upstream:remotename)%00%(upstream:remoteref) refs/heads/master refs/remotes/master [3ms]
2024-12-12 09:47:14.113 [warning] [Git][getBranch] No such branch: master
2024-12-12 09:47:14.124 [info] > git for-each-ref --sort -committerdate --format %(refname) %(objectname) %(*objectname) [1ms]
2024-12-12 09:47:14.128 [info] > git status -z -uall [9ms]
2024-12-12 09:47:19.135 [info] > git config --get commit.template [1ms]
2024-12-12 09:47:19.137 [info] [Git][getRemotes] No remotes found in the git config file
2024-12-12 09:47:19.142 [info] > git for-each-ref --format=%(refname)%00%(upstream:short)%00%(objectname)%00%(upstream:track)%00%(upstream:remotename)%00%(upstream:remoteref) refs/heads/master refs/remotes/master [2ms]
2024-12-12 09:47:19.142 [warning] [Git][getBranch] No such branch: master
2024-12-12 09:47:19.150 [info] > git status -z -uall [6ms]
2024-12-12 09:47:19.150 [info] > git for-each-ref --sort -committerdate --format %(refname) %(objectname) %(*objectname) [1ms]
2024-12-12 09:47:47.121 [info] > git fetch [9ms]
2024-12-12 09:47:47.127 [info] > git config --get commit.template [4ms]
2024-12-12 09:47:47.127 [info] [Git][getRemotes] No remotes found in the git config file
2024-12-12 09:47:47.128 [info] > git for-each-ref --format=%(refname)%00%(upstream:short)%00%(objectname)%00%(upstream:track)%00%(upstream:remotename)%00%(upstream:remoteref) refs/heads/master refs/remotes/master [2ms]
2024-12-12 09:47:47.128 [warning] [Git][getBranch] No such branch: master
2024-12-12 09:47:47.133 [info] > git status -z -uall [4ms]
2024-12-12 09:47:47.134 [info] > git for-each-ref --sort -committerdate --format %(refname) %(objectname) %(*objectname) [1ms]
2024-12-12 09:47:48.294 [info] [Git][getRemotes] No remotes found in the git config file
2024-12-12 09:47:48.295 [info] > git for-each-ref --format=%(refname)%00%(upstream:short)%00%(objectname)%00%(upstream:track)%00%(upstream:remotename)%00%(upstream:remoteref) refs/heads/master refs/remotes/master [1ms]
2024-12-12 09:47:48.295 [warning] [Git][getBranch] No such branch: master
2024-12-12 09:47:48.295 [info] > git config --get commit.template [5ms]
2024-12-12 09:47:48.301 [info] > git status -z -uall [4ms]
2024-12-12 09:47:48.303 [info] > git for-each-ref --sort -committerdate --format %(refname) %(objectname) %(*objectname) [2ms]
2024-12-12 09:47:53.319 [info] [Git][getRemotes] No remotes found in the git config file
2024-12-12 09:47:53.321 [info] > git config --get commit.template [6ms]
2024-12-12 09:47:53.324 [info] > git for-each-ref --format=%(refname)%00%(upstream:short)%00%(objectname)%00%(upstream:track)%00%(upstream:remotename)%00%(upstream:remoteref) refs/heads/master refs/remotes/master [5ms]
2024-12-12 09:47:53.324 [warning] [Git][getBranch] No such branch: master
2024-12-12 09:47:53.340 [info] > git status -z -uall [11ms]
2024-12-12 09:47:53.341 [info] > git for-each-ref --sort -committerdate --format %(refname) %(objectname) %(*objectname) [1ms]
2024-12-12 09:47:59.753 [info] [Git][getRemotes] No remotes found in the git config file
2024-12-12 09:47:59.753 [info] > git config --get commit.template [8ms]
2024-12-12 09:47:59.760 [info] > git for-each-ref --format=%(refname)%00%(upstream:short)%00%(objectname)%00%(upstream:track)%00%(upstream:remotename)%00%(upstream:remoteref) refs/heads/master refs/remotes/master [8ms]
2024-12-12 09:47:59.760 [warning] [Git][getBranch] No such branch: master
2024-12-12 09:47:59.777 [info] > git status -z -uall [9ms]
2024-12-12 09:47:59.780 [info] > git for-each-ref --sort -committerdate --format %(refname) %(objectname) %(*objectname) [5ms]
2024-12-12 09:50:02.064 [info] [Git][getRemotes] No remotes found in the git config file
2024-12-12 09:50:02.092 [info] > git config --get commit.template [29ms]
2024-12-12 09:50:02.093 [info] > git for-each-ref --format=%(refname)%00%(upstream:short)%00%(objectname)%00%(upstream:track)%00%(upstream:remotename)%00%(upstream:remoteref) refs/heads/master refs/remotes/master [15ms]
2024-12-12 09:50:02.093 [warning] [Git][getBranch] No such branch: master
2024-12-12 09:50:02.101 [info] > git for-each-ref --sort -committerdate --format %(refname) %(objectname) %(*objectname) [3ms]
2024-12-12 09:50:02.107 [info] > git status -z -uall [11ms]
2024-12-12 09:50:07.115 [info] > git config --get commit.template [1ms]
2024-12-12 09:50:07.118 [info] [Git][getRemotes] No remotes found in the git config file
2024-12-12 09:50:07.120 [info] > git for-each-ref --format=%(refname)%00%(upstream:short)%00%(objectname)%00%(upstream:track)%00%(upstream:remotename)%00%(upstream:remoteref) refs/heads/master refs/remotes/master [2ms]
2024-12-12 09:50:07.120 [warning] [Git][getBranch] No such branch: master
2024-12-12 09:50:07.126 [info] > git status -z -uall [4ms]
2024-12-12 09:50:07.127 [info] > git for-each-ref --sort -committerdate --format %(refname) %(objectname) %(*objectname) [1ms]
