2024-12-12 23:18:30.683 [info] [main] Log level: Info
2024-12-12 23:18:30.684 [info] [main] Validating found git in: "git"
2024-12-12 23:18:30.684 [info] [main] Using git "2.34.1" from "git"
2024-12-12 23:18:30.684 [info] [Model][doInitialScan] Initial repository scan started
2024-12-12 23:18:30.690 [info] > git rev-parse --show-toplevel [10ms]
2024-12-12 23:18:30.690 [info] fatal: not a git repository (or any of the parent directories): .git
2024-12-12 23:18:30.695 [info] > git rev-parse --show-toplevel [1ms]
2024-12-12 23:18:30.695 [info] fatal: not a git repository (or any of the parent directories): .git
2024-12-12 23:18:30.700 [info] > git rev-parse --show-toplevel [2ms]
2024-12-12 23:18:30.700 [info] fatal: not a git repository (or any of the parent directories): .git
2024-12-12 23:18:30.707 [info] > git rev-parse --show-toplevel [4ms]
2024-12-12 23:18:30.707 [info] fatal: not a git repository (or any of the parent directories): .git
2024-12-12 23:18:30.711 [info] > git rev-parse --show-toplevel [1ms]
2024-12-12 23:18:30.711 [info] fatal: not a git repository (or any of the parent directories): .git
2024-12-12 23:18:30.716 [info] > git rev-parse --show-toplevel [1ms]
2024-12-12 23:18:30.716 [info] fatal: not a git repository (or any of the parent directories): .git
2024-12-12 23:18:30.724 [info] > git rev-parse --show-toplevel [2ms]
2024-12-12 23:18:30.724 [info] fatal: not a git repository (or any of the parent directories): .git
2024-12-12 23:18:30.762 [info] > git rev-parse --show-toplevel [28ms]
2024-12-12 23:18:30.793 [info] > git rev-parse --git-dir --git-common-dir [20ms]
2024-12-12 23:18:30.809 [info] [Model][openRepository] Opened repository: /home/ubuntu/react-frontend
2024-12-12 23:18:30.816 [info] [Model][doInitialScan] Initial repository scan completed - repositories (1), closed repositories (0), parent repositories (0), unsafe repositories (0)
2024-12-12 23:18:30.825 [info] [Git][getRemotes] No remotes found in the git config file
2024-12-12 23:18:30.826 [info] > git for-each-ref --format=%(refname)%00%(upstream:short)%00%(objectname)%00%(upstream:track)%00%(upstream:remotename)%00%(upstream:remoteref) refs/heads/master refs/remotes/master [1ms]
2024-12-12 23:18:30.826 [warning] [Git][getBranch] No such branch: master
2024-12-12 23:18:30.827 [info] > git config --get commit.template [6ms]
2024-12-12 23:18:30.837 [info] > git status -z -uall [7ms]
2024-12-12 23:18:30.838 [info] > git for-each-ref --sort -committerdate --format %(refname) %(objectname) %(*objectname) [3ms]
2024-12-12 23:18:30.860 [info] > git for-each-ref --format=%(refname)%00%(upstream:short)%00%(objectname)%00%(upstream:track)%00%(upstream:remotename)%00%(upstream:remoteref) refs/heads/master refs/remotes/master [7ms]
2024-12-12 23:18:30.860 [warning] [Git][getBranch] No such branch: master
2024-12-12 23:18:30.861 [error] [GitHistoryProvider][resolveHEADMergeBase] Failed to resolve merge base for master: Error: No such branch: master.
2024-12-12 23:18:30.862 [info] > git fetch [54ms]
2024-12-12 23:18:30.866 [info] > git config --get commit.template [7ms]
2024-12-12 23:18:30.869 [info] [Git][getRemotes] No remotes found in the git config file
2024-12-12 23:18:30.870 [info] > git config --get commit.template [4ms]
2024-12-12 23:18:30.872 [info] > git for-each-ref --format=%(refname)%00%(upstream:short)%00%(objectname)%00%(upstream:track)%00%(upstream:remotename)%00%(upstream:remoteref) refs/heads/master refs/remotes/master [3ms]
2024-12-12 23:18:30.872 [warning] [Git][getBranch] No such branch: master
2024-12-12 23:18:30.875 [info] [Git][getRemotes] No remotes found in the git config file
2024-12-12 23:18:30.875 [info] > git for-each-ref --format=%(refname)%00%(upstream:short)%00%(objectname)%00%(upstream:track)%00%(upstream:remotename)%00%(upstream:remoteref) refs/heads/master refs/remotes/master [3ms]
2024-12-12 23:18:30.875 [warning] [Git][getBranch] No such branch: master
2024-12-12 23:18:30.881 [info] > git status -z -uall [4ms]
2024-12-12 23:18:30.882 [info] > git for-each-ref --sort -committerdate --format %(refname) %(objectname) %(*objectname) [2ms]
2024-12-12 23:18:31.392 [info] > git check-ignore -v -z --stdin [2ms]
2024-12-12 23:18:32.080 [info] [Git][getRemotes] No remotes found in the git config file
2024-12-12 23:18:32.080 [info] > git config --get commit.template [4ms]
2024-12-12 23:18:32.081 [info] > git for-each-ref --format=%(refname)%00%(upstream:short)%00%(objectname)%00%(upstream:track)%00%(upstream:remotename)%00%(upstream:remoteref) refs/heads/master refs/remotes/master [2ms]
2024-12-12 23:18:32.081 [warning] [Git][getBranch] No such branch: master
2024-12-12 23:18:32.098 [info] > git status -z -uall [10ms]
2024-12-12 23:18:32.099 [info] > git for-each-ref --sort -committerdate --format %(refname) %(objectname) %(*objectname) [4ms]
2024-12-12 23:22:05.732 [info] > git fetch [12ms]
2024-12-12 23:22:05.761 [info] [Git][getRemotes] No remotes found in the git config file
2024-12-12 23:22:05.762 [info] > git config --get commit.template [17ms]
2024-12-12 23:22:05.765 [info] > git for-each-ref --format=%(refname)%00%(upstream:short)%00%(objectname)%00%(upstream:track)%00%(upstream:remotename)%00%(upstream:remoteref) refs/heads/master refs/remotes/master [5ms]
2024-12-12 23:22:05.766 [warning] [Git][getBranch] No such branch: master
2024-12-12 23:22:05.779 [info] > git status -z -uall [5ms]
2024-12-12 23:22:05.780 [info] > git for-each-ref --sort -committerdate --format %(refname) %(objectname) %(*objectname) [2ms]
2024-12-12 23:22:06.971 [info] [Git][getRemotes] No remotes found in the git config file
2024-12-12 23:22:06.973 [info] > git config --get commit.template [10ms]
2024-12-12 23:22:06.974 [info] > git for-each-ref --format=%(refname)%00%(upstream:short)%00%(objectname)%00%(upstream:track)%00%(upstream:remotename)%00%(upstream:remoteref) refs/heads/master refs/remotes/master [7ms]
2024-12-12 23:22:06.974 [warning] [Git][getBranch] No such branch: master
2024-12-12 23:22:06.981 [info] > git status -z -uall [4ms]
2024-12-12 23:22:06.982 [info] > git for-each-ref --sort -committerdate --format %(refname) %(objectname) %(*objectname) [2ms]
2024-12-12 23:22:59.130 [info] > git config --get commit.template [10ms]
2024-12-12 23:22:59.152 [info] [Git][getRemotes] No remotes found in the git config file
2024-12-12 23:22:59.154 [info] > git for-each-ref --format=%(refname)%00%(upstream:short)%00%(objectname)%00%(upstream:track)%00%(upstream:remotename)%00%(upstream:remoteref) refs/heads/master refs/remotes/master [2ms]
2024-12-12 23:22:59.154 [warning] [Git][getBranch] No such branch: master
2024-12-12 23:22:59.175 [info] > git status -z -uall [12ms]
2024-12-12 23:22:59.177 [info] > git for-each-ref --sort -committerdate --format %(refname) %(objectname) %(*objectname) [3ms]
2024-12-12 23:23:07.631 [info] > git config --get commit.template [2ms]
2024-12-12 23:23:07.638 [info] [Git][getRemotes] No remotes found in the git config file
2024-12-12 23:23:07.643 [info] > git for-each-ref --format=%(refname)%00%(upstream:short)%00%(objectname)%00%(upstream:track)%00%(upstream:remotename)%00%(upstream:remoteref) refs/heads/master refs/remotes/master [5ms]
2024-12-12 23:23:07.643 [warning] [Git][getBranch] No such branch: master
2024-12-12 23:23:07.668 [info] > git status -z -uall [17ms]
2024-12-12 23:23:07.675 [info] > git for-each-ref --sort -committerdate --format %(refname) %(objectname) %(*objectname) [8ms]
2024-12-12 23:23:36.859 [info] > git config --get commit.template [11ms]
2024-12-12 23:23:36.859 [info] [Git][getRemotes] No remotes found in the git config file
2024-12-12 23:23:36.860 [info] > git for-each-ref --format=%(refname)%00%(upstream:short)%00%(objectname)%00%(upstream:track)%00%(upstream:remotename)%00%(upstream:remoteref) refs/heads/master refs/remotes/master [2ms]
2024-12-12 23:23:36.860 [warning] [Git][getBranch] No such branch: master
2024-12-12 23:23:36.874 [info] > git status -z -uall [8ms]
2024-12-12 23:23:36.876 [info] > git for-each-ref --sort -committerdate --format %(refname) %(objectname) %(*objectname) [3ms]
2024-12-12 23:25:05.795 [info] > git fetch [8ms]
2024-12-12 23:25:05.810 [info] [Git][getRemotes] No remotes found in the git config file
2024-12-12 23:25:05.811 [info] > git config --get commit.template [8ms]
2024-12-12 23:25:05.814 [info] > git for-each-ref --format=%(refname)%00%(upstream:short)%00%(objectname)%00%(upstream:track)%00%(upstream:remotename)%00%(upstream:remoteref) refs/heads/master refs/remotes/master [4ms]
2024-12-12 23:25:05.814 [warning] [Git][getBranch] No such branch: master
2024-12-12 23:25:05.844 [info] > git status -z -uall [19ms]
2024-12-12 23:25:05.845 [info] > git for-each-ref --sort -committerdate --format %(refname) %(objectname) %(*objectname) [4ms]
2024-12-12 23:25:07.062 [info] [Git][getRemotes] No remotes found in the git config file
2024-12-12 23:25:07.064 [info] > git for-each-ref --format=%(refname)%00%(upstream:short)%00%(objectname)%00%(upstream:track)%00%(upstream:remotename)%00%(upstream:remoteref) refs/heads/master refs/remotes/master [2ms]
2024-12-12 23:25:07.065 [warning] [Git][getBranch] No such branch: master
2024-12-12 23:25:07.065 [info] > git config --get commit.template [8ms]
2024-12-12 23:25:07.075 [info] > git status -z -uall [7ms]
2024-12-12 23:25:07.078 [info] > git for-each-ref --sort -committerdate --format %(refname) %(objectname) %(*objectname) [4ms]
2024-12-12 23:28:05.860 [info] > git fetch [8ms]
2024-12-12 23:28:05.875 [info] [Git][getRemotes] No remotes found in the git config file
2024-12-12 23:28:05.878 [info] > git config --get commit.template [9ms]
2024-12-12 23:28:05.886 [info] > git for-each-ref --format=%(refname)%00%(upstream:short)%00%(objectname)%00%(upstream:track)%00%(upstream:remotename)%00%(upstream:remoteref) refs/heads/master refs/remotes/master [11ms]
2024-12-12 23:28:05.886 [warning] [Git][getBranch] No such branch: master
2024-12-12 23:28:05.898 [info] > git status -z -uall [9ms]
2024-12-12 23:28:05.901 [info] > git for-each-ref --sort -committerdate --format %(refname) %(objectname) %(*objectname) [4ms]
2024-12-12 23:28:07.112 [info] [Git][getRemotes] No remotes found in the git config file
2024-12-12 23:28:07.113 [info] > git config --get commit.template [7ms]
2024-12-12 23:28:07.114 [info] > git for-each-ref --format=%(refname)%00%(upstream:short)%00%(objectname)%00%(upstream:track)%00%(upstream:remotename)%00%(upstream:remoteref) refs/heads/master refs/remotes/master [2ms]
2024-12-12 23:28:07.114 [warning] [Git][getBranch] No such branch: master
2024-12-12 23:28:07.140 [info] > git status -z -uall [13ms]
2024-12-12 23:28:07.142 [info] > git for-each-ref --sort -committerdate --format %(refname) %(objectname) %(*objectname) [4ms]
2024-12-12 23:31:11.016 [info] > git fetch [4ms]
2024-12-12 23:31:11.023 [info] > git config --get commit.template [1ms]
2024-12-12 23:31:11.027 [info] [Git][getRemotes] No remotes found in the git config file
2024-12-12 23:31:11.028 [info] > git for-each-ref --format=%(refname)%00%(upstream:short)%00%(objectname)%00%(upstream:track)%00%(upstream:remotename)%00%(upstream:remoteref) refs/heads/master refs/remotes/master [1ms]
2024-12-12 23:31:11.028 [warning] [Git][getBranch] No such branch: master
2024-12-12 23:31:11.047 [info] > git status -z -uall [9ms]
2024-12-12 23:31:11.053 [info] > git for-each-ref --sort -committerdate --format %(refname) %(objectname) %(*objectname) [7ms]
2024-12-12 23:31:12.320 [info] [Git][getRemotes] No remotes found in the git config file
2024-12-12 23:31:12.331 [info] > git config --get commit.template [13ms]
2024-12-12 23:31:12.332 [info] > git for-each-ref --format=%(refname)%00%(upstream:short)%00%(objectname)%00%(upstream:track)%00%(upstream:remotename)%00%(upstream:remoteref) refs/heads/master refs/remotes/master [2ms]
2024-12-12 23:31:12.333 [warning] [Git][getBranch] No such branch: master
2024-12-12 23:31:12.342 [info] > git status -z -uall [6ms]
2024-12-12 23:31:12.343 [info] > git for-each-ref --sort -committerdate --format %(refname) %(objectname) %(*objectname) [2ms]
